========================================================================================================================
Fold 0 Training
========================================================================================================================
========================================================================================================================
Fold 0 Training
========================================================================================================================
Starting 1 epoch...
========================================================================================================================
Fold 0 Training
========================================================================================================================
Starting 1 epoch...
========================================================================================================================
Fold 0 Training
========================================================================================================================
Starting 1 epoch...
========================================================================================================================
Fold 0 Training
========================================================================================================================
Starting 1 epoch...
========================================================================================================================
Fold 0 Training
========================================================================================================================
Starting 1 epoch...
========================================================================================================================
Fold 0 Training
========================================================================================================================
Starting 1 epoch...
Epoch 1 - avg_train_loss: 0.69730  avg_val_loss: 0.69322  time: 140s
Epoch 1 - train_rmse:1.41034  valid_rmse:1.41647
>>>>>>>> Model Improved From inf ----> 1.416474090320741
Starting 2 epoch...
Epoch 2 - avg_train_loss: 0.69348  avg_val_loss: 0.69318  time: 142s
Epoch 2 - train_rmse:1.40861  valid_rmse:1.41645
>>>>>>>> Model Improved From 1.416474090320741 ----> 1.4164530715323254
Starting 3 epoch...
Epoch 3 - avg_train_loss: 0.69320  avg_val_loss: 0.69316  time: 143s
Epoch 3 - train_rmse:1.40846  valid_rmse:1.41645
>>>>>>>> Model Improved From 1.4164530715323254 ----> 1.4164469552988905
========================================================================================================================
Fold 1 Training
========================================================================================================================
========================================================================================================================
Fold 0 Training
========================================================================================================================
========================================================================================================================
Fold 0 Training
========================================================================================================================
========================================================================================================================
Fold 0 Training
========================================================================================================================
Starting 1 epoch...
Epoch 1 - avg_train_loss: 0.69649  avg_val_loss: 0.69317  time: 140s
Epoch 1 - train_rmse:1.40993  valid_rmse:1.41645
>>>>>>>> Model Improved From inf ----> 1.4164516320638787
Starting 2 epoch...
Epoch 2 - avg_train_loss: 0.69318  avg_val_loss: 0.69316  time: 142s
Epoch 2 - train_rmse:1.40844  valid_rmse:1.41645
>>>>>>>> Model Improved From 1.4164516320638787 ----> 1.4164468659349911
Starting 3 epoch...
Epoch 3 - avg_train_loss: 0.69317  avg_val_loss: 0.69316  time: 143s
Epoch 3 - train_rmse:1.40844  valid_rmse:1.41645
>>>>>>>> Model Improved From 1.4164468659349911 ----> 1.4164459165770051
========================================================================================================================
Fold 0 Training
========================================================================================================================
Starting 1 epoch...
Epoch 1 - avg_train_loss: 0.69861  avg_val_loss: 0.69315  time: 143s
Epoch 1 - train_rmse:1.41130  valid_rmse:1.41644
>>>>>>>> Model Improved From inf ----> 1.4164402782368797
Starting 2 epoch...
========================================================================================================================
Fold 0 Training
========================================================================================================================
Starting 1 epoch...
========================================================================================================================
Fold 0 Training
========================================================================================================================
Starting 1 epoch...
========================================================================================================================
Fold 0 Training
========================================================================================================================
Starting 1 epoch...
========================================================================================================================
Fold 0 Training
========================================================================================================================
Starting 1 epoch...
Epoch 1 - avg_train_loss: 1.10740  avg_val_loss: 1.02668  time: 140s
Epoch 1 - train_rmse:1.62822  valid_rmse:1.61861
>>>>>>>> Model Improved From inf ----> 1.6186064573789345
Starting 2 epoch...
Epoch 2 - avg_train_loss: 1.03340  avg_val_loss: 1.02980  time: 142s
Epoch 2 - train_rmse:1.61548  valid_rmse:1.63025
Starting 3 epoch...
========================================================================================================================
Fold 0 Training
========================================================================================================================
Starting 1 epoch...
Epoch 1 - avg_train_loss: 1.38251  avg_val_loss: 1.40078  time: 142s
Epoch 1 - train_rmse:1.41143  valid_rmse:1.41644
>>>>>>>> Model Improved From inf ----> 1.416440683853431
Starting 2 epoch...
Epoch 2 - avg_train_loss: 1.37277  avg_val_loss: 1.40078  time: 143s
Epoch 2 - train_rmse:1.40843  valid_rmse:1.41644
>>>>>>>> Model Improved From 1.416440683853431 ----> 1.4164398885341427
Starting 3 epoch...
========================================================================================================================
Fold 0 Training
========================================================================================================================
Starting 1 epoch...
Epoch 1 - avg_train_loss: 1.99165  avg_val_loss: 2.00630  time: 143s
Epoch 1 - train_rmse:1.41126  valid_rmse:1.41644
>>>>>>>> Model Improved From inf ----> 1.4164405237423758
Starting 2 epoch...
Epoch 2 - avg_train_loss: 1.98368  avg_val_loss: 2.00630  time: 144s
Epoch 2 - train_rmse:1.40843  valid_rmse:1.41644
>>>>>>>> Model Improved From 1.4164405237423758 ----> 1.4164397896876435
Starting 3 epoch...
Epoch 3 - avg_train_loss: 1.98368  avg_val_loss: 2.00630  time: 144s
Epoch 3 - train_rmse:1.40843  valid_rmse:1.41644
>>>>>>>> Model Improved From 1.4164397896876435 ----> 1.416439652789817
========================================================================================================================
Fold 0 Training
========================================================================================================================
Starting 1 epoch...
Epoch 1 - avg_train_loss: 1.16232  avg_val_loss: 1.02694  time: 141s
Epoch 1 - train_rmse:1.20482  valid_rmse:1.04137
>>>>>>>> Model Improved From inf ----> 1.0413721820242638
Starting 2 epoch...
Epoch 2 - avg_train_loss: 1.06026  avg_val_loss: 1.03091  time: 143s
Epoch 2 - train_rmse:1.08740  valid_rmse:1.04562
Starting 3 epoch...
Epoch 3 - avg_train_loss: 1.04772  avg_val_loss: 1.02753  time: 144s
Epoch 3 - train_rmse:1.07542  valid_rmse:1.04171
========================================================================================================================
Fold 0 Training
========================================================================================================================
Starting 1 epoch...
Epoch 1 - avg_train_loss: 1.05210  avg_val_loss: 1.02676  time: 140s
Epoch 1 - train_rmse:1.08853  valid_rmse:1.04115
>>>>>>>> Model Improved From inf ----> 1.0411529069800283
Starting 2 epoch...
Epoch 2 - avg_train_loss: 1.02195  avg_val_loss: 1.03107  time: 142s
Epoch 2 - train_rmse:1.04945  valid_rmse:1.04579
Starting 3 epoch...
Epoch 3 - avg_train_loss: 1.04008  avg_val_loss: 1.02702  time: 143s
Epoch 3 - train_rmse:1.06708  valid_rmse:1.04126
========================================================================================================================
Fold 0 Training
========================================================================================================================
Starting 1 epoch...
Epoch 1 - avg_train_loss: 0.77144  avg_val_loss: 0.73360  time: 140s
Epoch 1 - train_rmse:0.81808  valid_rmse:0.74654
>>>>>>>> Model Improved From inf ----> 0.7465374179412472
Starting 2 epoch...
Epoch 2 - avg_train_loss: 0.61858  avg_val_loss: 0.63608  time: 142s
Epoch 2 - train_rmse:0.64342  valid_rmse:0.64543
>>>>>>>> Model Improved From 0.7465374179412472 ----> 0.6454276425371743
Starting 3 epoch...
Epoch 3 - avg_train_loss: 0.53146  avg_val_loss: 0.50697  time: 143s
Epoch 3 - train_rmse:0.55354  valid_rmse:0.51706
>>>>>>>> Model Improved From 0.6454276425371743 ----> 0.5170608846191513
Starting 4 epoch...
Epoch 4 - avg_train_loss: 0.43807  avg_val_loss: 0.59699  time: 143s
Epoch 4 - train_rmse:0.45598  valid_rmse:0.60768
Starting 5 epoch...
Epoch 5 - avg_train_loss: 0.40240  avg_val_loss: 0.69517  time: 144s
Epoch 5 - train_rmse:0.41716  valid_rmse:0.70230
Starting 6 epoch...
Epoch 6 - avg_train_loss: 0.37067  avg_val_loss: 0.57449  time: 144s
Epoch 6 - train_rmse:0.38571  valid_rmse:0.58213
Starting 7 epoch...
Epoch 7 - avg_train_loss: 0.35190  avg_val_loss: 0.55809  time: 144s
Epoch 7 - train_rmse:0.36802  valid_rmse:0.56557
Starting 8 epoch...
Epoch 8 - avg_train_loss: 0.35408  avg_val_loss: 0.52490  time: 144s
Epoch 8 - train_rmse:0.37045  valid_rmse:0.53343
Starting 9 epoch...
Epoch 9 - avg_train_loss: 0.33687  avg_val_loss: 0.76990  time: 144s
Epoch 9 - train_rmse:0.34858  valid_rmse:0.77655
Starting 10 epoch...
Epoch 10 - avg_train_loss: 0.29402  avg_val_loss: 0.59033  time: 144s
Epoch 10 - train_rmse:0.30815  valid_rmse:0.59808
