========================================================================================================================
Fold 0 Training
========================================================================================================================
load itpt model
Starting 1 epoch...
Epoch 1, Step 10 - valid_rmse:0.98656
>>>>>>>> Model Improved From inf ----> 0.9865630947372656
Epoch 1, Step 20 - valid_rmse:0.81546
>>>>>>>> Model Improved From 0.9865630947372656 ----> 0.8154565787755536
Epoch 1, Step 30 - valid_rmse:0.71702
>>>>>>>> Model Improved From 0.8154565787755536 ----> 0.7170176190698153
Epoch 1, Step 40 - valid_rmse:0.88303
Epoch 1, Step 50 - valid_rmse:0.66953
>>>>>>>> Model Improved From 0.7170176190698153 ----> 0.6695280308283026
Epoch 1, Step 60 - valid_rmse:0.82823
Epoch 1, Step 70 - valid_rmse:0.69053
Epoch 1, Step 80 - valid_rmse:0.60662
>>>>>>>> Model Improved From 0.6695280308283026 ----> 0.6066216602444204
Epoch 1, Step 90 - valid_rmse:0.58628
>>>>>>>> Model Improved From 0.6066216602444204 ----> 0.5862810761627261
Epoch 1, Step 100 - valid_rmse:0.62108
Epoch 1, Step 110 - valid_rmse:0.56734
>>>>>>>> Model Improved From 0.5862810761627261 ----> 0.5673413670320978
Epoch 1, Step 120 - valid_rmse:0.58797
Epoch 1, Step 130 - valid_rmse:0.53191
>>>>>>>> Model Improved From 0.5673413670320978 ----> 0.5319117367193466
Epoch 1, Step 140 - valid_rmse:0.64601
Epoch 1 - avg_train_loss: 0.69214  avg_val_loss: 0.63932  time: 369s
Epoch 1 - train_rmse:0.71833  valid_rmse:0.64601
Starting 2 epoch...
Epoch 2, Step 10 - valid_rmse:0.58096
Epoch 2, Step 20 - valid_rmse:0.62023
Epoch 2, Step 30 - valid_rmse:0.53010
>>>>>>>> Model Improved From 0.5319117367193466 ----> 0.5301016130184454
Epoch 2, Step 40 - valid_rmse:0.56597
Epoch 2, Step 50 - valid_rmse:0.61996
Epoch 2, Step 60 - valid_rmse:0.63438
Epoch 2, Step 70 - valid_rmse:0.59632
Epoch 2, Step 80 - valid_rmse:0.70575
Epoch 2, Step 90 - valid_rmse:0.60740
Epoch 2, Step 100 - valid_rmse:0.58763
Epoch 2, Step 110 - valid_rmse:0.52786
>>>>>>>> Model Improved From 0.5301016130184454 ----> 0.5278591062724377
Epoch 2, Step 120 - valid_rmse:0.56150
Epoch 2, Step 130 - valid_rmse:0.50522
>>>>>>>> Model Improved From 0.5278591062724377 ----> 0.5052151085238726
Epoch 2, Step 140 - valid_rmse:0.68858
Epoch 2 - avg_train_loss: 0.48656  avg_val_loss: 0.68217  time: 346s
Epoch 2 - train_rmse:0.49707  valid_rmse:0.68858
Starting 3 epoch...
Epoch 3, Step 10 - valid_rmse:0.67957
Epoch 3, Step 20 - valid_rmse:0.64867
Epoch 3, Step 30 - valid_rmse:0.54242
Epoch 3, Step 40 - valid_rmse:0.55012
Epoch 3, Step 50 - valid_rmse:0.54654
Epoch 3, Step 60 - valid_rmse:0.57563
Epoch 3, Step 70 - valid_rmse:0.53542
Epoch 3, Step 80 - valid_rmse:0.52884
Epoch 3, Step 90 - valid_rmse:0.53727
Epoch 3, Step 100 - valid_rmse:0.54002
Epoch 3, Step 110 - valid_rmse:0.68262
Epoch 3, Step 120 - valid_rmse:0.59301
Epoch 3, Step 130 - valid_rmse:0.53916
Epoch 3, Step 140 - valid_rmse:0.53435
Epoch 3 - avg_train_loss: 0.38087  avg_val_loss: 0.53074  time: 327s
Epoch 3 - train_rmse:0.39270  valid_rmse:0.53435
Starting 4 epoch...
Epoch 4, Step 10 - valid_rmse:0.56730
Epoch 4, Step 20 - valid_rmse:0.54275
Epoch 4, Step 30 - valid_rmse:0.52574
Epoch 4, Step 40 - valid_rmse:0.54759
Epoch 4, Step 50 - valid_rmse:0.57887
Epoch 4, Step 60 - valid_rmse:0.54455
Epoch 4, Step 70 - valid_rmse:0.53192
Epoch 4, Step 80 - valid_rmse:0.52530
Epoch 4, Step 90 - valid_rmse:0.54465
Epoch 4, Step 100 - valid_rmse:0.51811
Epoch 4, Step 110 - valid_rmse:0.52978
Epoch 4, Step 120 - valid_rmse:0.51824
Epoch 4, Step 130 - valid_rmse:0.50358
>>>>>>>> Model Improved From 0.5052151085238726 ----> 0.5035765298832318
Epoch 4, Step 140 - valid_rmse:0.52465
Epoch 4 - avg_train_loss: 0.30506  avg_val_loss: 0.51907  time: 335s
Epoch 4 - train_rmse:0.31150  valid_rmse:0.52465
Starting 5 epoch...
Epoch 5, Step 10 - valid_rmse:0.67535
Epoch 5, Step 20 - valid_rmse:0.56442
Epoch 5, Step 30 - valid_rmse:0.55445
Epoch 5, Step 40 - valid_rmse:0.52610
Epoch 5, Step 50 - valid_rmse:0.55720
Epoch 5, Step 60 - valid_rmse:0.51154
Epoch 5, Step 70 - valid_rmse:0.52592
Epoch 5, Step 80 - valid_rmse:0.51454
Epoch 5, Step 90 - valid_rmse:0.52069
Epoch 5, Step 100 - valid_rmse:0.57010
Epoch 5, Step 110 - valid_rmse:0.56656
Epoch 5, Step 120 - valid_rmse:0.53267
Epoch 5, Step 130 - valid_rmse:0.52731
Epoch 5, Step 140 - valid_rmse:0.51892
Epoch 5 - avg_train_loss: 0.28768  avg_val_loss: 0.51471  time: 328s
Epoch 5 - train_rmse:0.29663  valid_rmse:0.51892
Starting 6 epoch...
Epoch 6, Step 10 - valid_rmse:0.62245
Epoch 6, Step 20 - valid_rmse:0.61189
Epoch 6, Step 30 - valid_rmse:0.55714
Epoch 6, Step 40 - valid_rmse:0.57138
Epoch 6, Step 50 - valid_rmse:0.52052
Epoch 6, Step 60 - valid_rmse:0.50496
Epoch 6, Step 70 - valid_rmse:0.51271
Epoch 6, Step 80 - valid_rmse:0.51184
Epoch 6, Step 90 - valid_rmse:0.51097
Epoch 6, Step 100 - valid_rmse:0.51377
Epoch 6, Step 110 - valid_rmse:0.52042
Epoch 6, Step 120 - valid_rmse:0.56949
Epoch 6, Step 130 - valid_rmse:0.51122
Epoch 6, Step 140 - valid_rmse:0.51312
Epoch 6 - avg_train_loss: 0.24767  avg_val_loss: 0.50957  time: 329s
Epoch 6 - train_rmse:0.25597  valid_rmse:0.51312
Starting 7 epoch...
Epoch 7, Step 10 - valid_rmse:0.55777
Epoch 7, Step 20 - valid_rmse:0.55750
Epoch 7, Step 30 - valid_rmse:0.52767
Epoch 7, Step 40 - valid_rmse:0.53546
Epoch 7, Step 50 - valid_rmse:0.53310
Epoch 7, Step 60 - valid_rmse:0.51401
Epoch 7, Step 70 - valid_rmse:0.52242
Epoch 7, Step 80 - valid_rmse:0.51608
Epoch 7, Step 90 - valid_rmse:0.51736
Epoch 7, Step 100 - valid_rmse:0.52225
Epoch 7, Step 110 - valid_rmse:0.51815
Epoch 7, Step 120 - valid_rmse:0.51710
Epoch 7, Step 130 - valid_rmse:0.53352
Epoch 7, Step 140 - valid_rmse:0.50861
Epoch 7 - avg_train_loss: 0.20219  avg_val_loss: 0.50474  time: 329s
Epoch 7 - train_rmse:0.20797  valid_rmse:0.50861
Starting 8 epoch...
Epoch 8, Step 10 - valid_rmse:0.51540
Epoch 8, Step 20 - valid_rmse:0.51139
Epoch 8, Step 30 - valid_rmse:0.52355
Epoch 8, Step 40 - valid_rmse:0.51805
Epoch 8, Step 50 - valid_rmse:0.51459
Epoch 8, Step 60 - valid_rmse:0.50352
>>>>>>>> Model Improved From 0.5035765298832318 ----> 0.5035196697369079
Epoch 8, Step 70 - valid_rmse:0.51213
Epoch 8, Step 80 - valid_rmse:0.53465
Epoch 8, Step 90 - valid_rmse:0.52006
Epoch 8, Step 100 - valid_rmse:0.52572
Epoch 8, Step 110 - valid_rmse:0.52837
Epoch 8, Step 120 - valid_rmse:0.51265
Epoch 8, Step 130 - valid_rmse:0.52714
Epoch 8, Step 140 - valid_rmse:0.51629
Epoch 8 - avg_train_loss: 0.19411  avg_val_loss: 0.51158  time: 336s
Epoch 8 - train_rmse:0.20068  valid_rmse:0.51629
Starting 9 epoch...
Epoch 9, Step 10 - valid_rmse:0.58484
Epoch 9, Step 20 - valid_rmse:0.59059
Epoch 9, Step 30 - valid_rmse:0.51375
Epoch 9, Step 40 - valid_rmse:0.54674
Epoch 9, Step 50 - valid_rmse:0.52122
Epoch 9, Step 60 - valid_rmse:0.51969
Epoch 9, Step 70 - valid_rmse:0.52328
Epoch 9, Step 80 - valid_rmse:0.54724
Epoch 9, Step 90 - valid_rmse:0.52380
Epoch 9, Step 100 - valid_rmse:0.51698
Epoch 9, Step 110 - valid_rmse:0.51076
Epoch 9, Step 120 - valid_rmse:0.53119
Epoch 9, Step 130 - valid_rmse:0.50214
>>>>>>>> Model Improved From 0.5035196697369079 ----> 0.5021379022760832
Epoch 9, Step 140 - valid_rmse:0.52098
Epoch 9 - avg_train_loss: 0.19624  avg_val_loss: 0.51711  time: 337s
Epoch 9 - train_rmse:0.20151  valid_rmse:0.52098
Starting 10 epoch...
========================================================================================================================
Fold 0 Training
========================================================================================================================
load itpt model
Starting 1 epoch...
Epoch 1, Step 10 - valid_rmse:0.95351
>>>>>>>> Model Improved From inf ----> 0.9535091271154982
Epoch 1, Step 20 - valid_rmse:0.77959
>>>>>>>> Model Improved From 0.9535091271154982 ----> 0.7795891635944664
Epoch 1, Step 30 - valid_rmse:0.68371
>>>>>>>> Model Improved From 0.7795891635944664 ----> 0.6837068838083852
Epoch 1, Step 40 - valid_rmse:1.12013
Epoch 1, Step 50 - valid_rmse:0.66740
>>>>>>>> Model Improved From 0.6837068838083852 ----> 0.6674030250460576
Epoch 1, Step 60 - valid_rmse:0.71902
Epoch 1, Step 70 - valid_rmse:0.63161
>>>>>>>> Model Improved From 0.6674030250460576 ----> 0.631608606111299
Epoch 1, Step 80 - valid_rmse:0.71204
Epoch 1, Step 90 - valid_rmse:0.61723
>>>>>>>> Model Improved From 0.631608606111299 ----> 0.61722720273586
Epoch 1, Step 100 - valid_rmse:0.56615
>>>>>>>> Model Improved From 0.61722720273586 ----> 0.5661496247402542
Epoch 1, Step 110 - valid_rmse:0.56025
>>>>>>>> Model Improved From 0.5661496247402542 ----> 0.5602539828349034
Epoch 1, Step 120 - valid_rmse:0.66140
Epoch 1, Step 130 - valid_rmse:0.55812
>>>>>>>> Model Improved From 0.5602539828349034 ----> 0.558118125335014
Epoch 1, Step 140 - valid_rmse:0.54855
>>>>>>>> Model Improved From 0.558118125335014 ----> 0.5485494429460264
Epoch 1 - avg_train_loss: 0.69733  avg_val_loss: 0.54196  time: 391s
Epoch 1 - train_rmse:0.72812  valid_rmse:0.54855
Starting 2 epoch...
Epoch 2, Step 10 - valid_rmse:0.58836
Epoch 2, Step 20 - valid_rmse:0.53004
>>>>>>>> Model Improved From 0.5485494429460264 ----> 0.530041205332775
Epoch 2, Step 30 - valid_rmse:0.51701
>>>>>>>> Model Improved From 0.530041205332775 ----> 0.5170127930241193
Epoch 2, Step 40 - valid_rmse:0.53764
Epoch 2, Step 50 - valid_rmse:0.52910
Epoch 2, Step 60 - valid_rmse:0.55621
Epoch 2, Step 70 - valid_rmse:0.68916
Epoch 2, Step 80 - valid_rmse:0.60967
Epoch 2, Step 90 - valid_rmse:0.57630
Epoch 2, Step 100 - valid_rmse:0.57812
Epoch 2, Step 110 - valid_rmse:0.56647
Epoch 2, Step 120 - valid_rmse:0.57558
Epoch 2, Step 130 - valid_rmse:0.53485
Epoch 2, Step 140 - valid_rmse:0.52731
Epoch 2 - avg_train_loss: 0.46398  avg_val_loss: 0.52336  time: 340s
Epoch 2 - train_rmse:0.47462  valid_rmse:0.52731
Starting 3 epoch...
Epoch 3, Step 10 - valid_rmse:0.51365
>>>>>>>> Model Improved From 0.5170127930241193 ----> 0.5136474409739503
Epoch 3, Step 20 - valid_rmse:0.51975
Epoch 3, Step 30 - valid_rmse:0.57891
Epoch 3, Step 40 - valid_rmse:0.61345
Epoch 3, Step 50 - valid_rmse:0.53217
Epoch 3, Step 60 - valid_rmse:0.55412
Epoch 3, Step 70 - valid_rmse:0.52586
Epoch 3, Step 80 - valid_rmse:0.55981
Epoch 3, Step 90 - valid_rmse:0.54300
Epoch 3, Step 100 - valid_rmse:0.53311
Epoch 3, Step 110 - valid_rmse:0.52911
Epoch 3, Step 120 - valid_rmse:0.52277
Epoch 3, Step 130 - valid_rmse:0.51669
Epoch 3, Step 140 - valid_rmse:0.55272
Epoch 3 - avg_train_loss: 0.35150  avg_val_loss: 0.54824  time: 338s
Epoch 3 - train_rmse:0.35857  valid_rmse:0.55272
Starting 4 epoch...
Epoch 4, Step 10 - valid_rmse:0.62116
Epoch 4, Step 20 - valid_rmse:0.51037
>>>>>>>> Model Improved From 0.5136474409739503 ----> 0.5103663919109305
Epoch 4, Step 30 - valid_rmse:0.56108
Epoch 4, Step 40 - valid_rmse:0.52242
Epoch 4, Step 50 - valid_rmse:0.53059
Epoch 4, Step 60 - valid_rmse:0.52808
Epoch 4, Step 70 - valid_rmse:0.53502
Epoch 4, Step 80 - valid_rmse:0.51950
Epoch 4, Step 90 - valid_rmse:0.55582
Epoch 4, Step 100 - valid_rmse:0.53907
Epoch 4, Step 110 - valid_rmse:0.60674
Epoch 4, Step 120 - valid_rmse:0.53460
Epoch 4, Step 130 - valid_rmse:0.59761
Epoch 4, Step 140 - valid_rmse:0.55998
Epoch 4 - avg_train_loss: 0.29432  avg_val_loss: 0.55530  time: 335s
Epoch 4 - train_rmse:0.30192  valid_rmse:0.55998
Starting 5 epoch...
Epoch 5, Step 10 - valid_rmse:0.61481
Epoch 5, Step 20 - valid_rmse:0.52139
Epoch 5, Step 30 - valid_rmse:0.54303
Epoch 5, Step 40 - valid_rmse:0.52795
Epoch 5, Step 50 - valid_rmse:0.58922
Epoch 5, Step 60 - valid_rmse:0.50561
>>>>>>>> Model Improved From 0.5103663919109305 ----> 0.5056094188803403
Epoch 5, Step 70 - valid_rmse:0.57530
Epoch 5, Step 80 - valid_rmse:0.50730
Epoch 5, Step 90 - valid_rmse:0.51643
Epoch 5, Step 100 - valid_rmse:0.52982
Epoch 5, Step 110 - valid_rmse:0.50384
>>>>>>>> Model Improved From 0.5056094188803403 ----> 0.5038402241351808
Epoch 5, Step 120 - valid_rmse:0.50909
Epoch 5, Step 130 - valid_rmse:0.51964
Epoch 5, Step 140 - valid_rmse:0.51433
Epoch 5 - avg_train_loss: 0.25987  avg_val_loss: 0.50991  time: 342s
Epoch 5 - train_rmse:0.26828  valid_rmse:0.51433
Starting 6 epoch...
Epoch 6, Step 10 - valid_rmse:0.58278
Epoch 6, Step 20 - valid_rmse:0.55696
Epoch 6, Step 30 - valid_rmse:0.55566
Epoch 6, Step 40 - valid_rmse:0.51681
Epoch 6, Step 50 - valid_rmse:0.51067
Epoch 6, Step 60 - valid_rmse:0.50349
>>>>>>>> Model Improved From 0.5038402241351808 ----> 0.5034876694306801
Epoch 6, Step 70 - valid_rmse:0.53904
Epoch 6, Step 80 - valid_rmse:0.51646
Epoch 6, Step 90 - valid_rmse:0.52267
Epoch 6, Step 100 - valid_rmse:0.51098
Epoch 6, Step 110 - valid_rmse:0.54417
Epoch 6, Step 120 - valid_rmse:0.50488
Epoch 6, Step 130 - valid_rmse:0.50739
Epoch 6, Step 140 - valid_rmse:0.51076
Epoch 6 - avg_train_loss: 0.22388  avg_val_loss: 0.50638  time: 335s
Epoch 6 - train_rmse:0.23260  valid_rmse:0.51076
Starting 7 epoch...
Epoch 7, Step 10 - valid_rmse:0.53869
Epoch 7, Step 20 - valid_rmse:0.52466
Epoch 7, Step 30 - valid_rmse:0.51953
Epoch 7, Step 40 - valid_rmse:0.51932
Epoch 7, Step 50 - valid_rmse:0.52030
Epoch 7, Step 60 - valid_rmse:0.51746
Epoch 7, Step 70 - valid_rmse:0.51219
Epoch 7, Step 80 - valid_rmse:0.52404
Epoch 7, Step 90 - valid_rmse:0.51302
Epoch 7, Step 100 - valid_rmse:0.49980
>>>>>>>> Model Improved From 0.5034876694306801 ----> 0.49980176480496286
Epoch 7, Step 110 - valid_rmse:0.50675
Epoch 7, Step 120 - valid_rmse:0.52368
Epoch 7, Step 130 - valid_rmse:0.50697
Epoch 7, Step 140 - valid_rmse:0.50933
Epoch 7 - avg_train_loss: 0.18965  avg_val_loss: 0.50548  time: 335s
Epoch 7 - train_rmse:0.19824  valid_rmse:0.50933
Starting 8 epoch...
Epoch 8, Step 10 - valid_rmse:0.53825
Epoch 8, Step 20 - valid_rmse:0.56855
Epoch 8, Step 30 - valid_rmse:0.51473
Epoch 8, Step 40 - valid_rmse:0.52209
Epoch 8, Step 50 - valid_rmse:0.53065
Epoch 8, Step 60 - valid_rmse:0.53386
Epoch 8, Step 70 - valid_rmse:0.51609
Epoch 8, Step 80 - valid_rmse:0.53421
Epoch 8, Step 90 - valid_rmse:0.50930
Epoch 8, Step 100 - valid_rmse:0.55034
Epoch 8, Step 110 - valid_rmse:0.50471
Epoch 8, Step 120 - valid_rmse:0.51470
Epoch 8, Step 130 - valid_rmse:0.51867
Epoch 8, Step 140 - valid_rmse:0.53044
Epoch 8 - avg_train_loss: 0.19671  avg_val_loss: 0.52696  time: 329s
Epoch 8 - train_rmse:0.20580  valid_rmse:0.53044
Starting 9 epoch...
Epoch 9, Step 10 - valid_rmse:0.58104
Epoch 9, Step 20 - valid_rmse:0.62969
Epoch 9, Step 30 - valid_rmse:0.51094
Epoch 9, Step 40 - valid_rmse:0.54799
Epoch 9, Step 50 - valid_rmse:0.51638
Epoch 9, Step 60 - valid_rmse:0.52714
Epoch 9, Step 70 - valid_rmse:0.53007
Epoch 9, Step 80 - valid_rmse:0.51528
Epoch 9, Step 90 - valid_rmse:0.51573
Epoch 9, Step 100 - valid_rmse:0.51472
Epoch 9, Step 110 - valid_rmse:0.52512
Epoch 9, Step 120 - valid_rmse:0.53176
Epoch 9, Step 130 - valid_rmse:0.51604
Epoch 9, Step 140 - valid_rmse:0.54270
Epoch 9 - avg_train_loss: 0.21502  avg_val_loss: 0.53708  time: 328s
Epoch 9 - train_rmse:0.22562  valid_rmse:0.54270
Starting 10 epoch...
Epoch 10, Step 10 - valid_rmse:0.72247
Epoch 10, Step 20 - valid_rmse:0.55276
Epoch 10, Step 30 - valid_rmse:0.54758
Epoch 10, Step 40 - valid_rmse:0.54451
Epoch 10, Step 50 - valid_rmse:0.52303
Epoch 10, Step 60 - valid_rmse:0.52271
Epoch 10, Step 70 - valid_rmse:0.52063
Epoch 10, Step 80 - valid_rmse:0.51398
Epoch 10, Step 90 - valid_rmse:0.51056
Epoch 10, Step 100 - valid_rmse:0.50037
Epoch 10, Step 110 - valid_rmse:0.50596
Epoch 10, Step 120 - valid_rmse:0.52893
Epoch 10, Step 130 - valid_rmse:0.50108
Epoch 10, Step 140 - valid_rmse:0.51823
Epoch 10 - avg_train_loss: 0.19401  avg_val_loss: 0.51466  time: 329s
Epoch 10 - train_rmse:0.20256  valid_rmse:0.51823
========================================================================================================================
Fold 1 Training
========================================================================================================================
load itpt model
Starting 1 epoch...
Epoch 1, Step 10 - valid_rmse:0.95515
>>>>>>>> Model Improved From inf ----> 0.9551506359503391
Epoch 1, Step 20 - valid_rmse:0.75856
>>>>>>>> Model Improved From 0.9551506359503391 ----> 0.7585624212383961
Epoch 1, Step 30 - valid_rmse:0.70673
>>>>>>>> Model Improved From 0.7585624212383961 ----> 0.7067255659856925
Epoch 1, Step 40 - valid_rmse:0.67961
>>>>>>>> Model Improved From 0.7067255659856925 ----> 0.6796117425049861
Epoch 1, Step 50 - valid_rmse:0.70179
Epoch 1, Step 60 - valid_rmse:0.77146
Epoch 1, Step 70 - valid_rmse:0.60064
>>>>>>>> Model Improved From 0.6796117425049861 ----> 0.6006373342995992
Epoch 1, Step 80 - valid_rmse:0.76820
Epoch 1, Step 90 - valid_rmse:0.60487
Epoch 1, Step 100 - valid_rmse:0.59486
>>>>>>>> Model Improved From 0.6006373342995992 ----> 0.5948637331129031
Epoch 1, Step 110 - valid_rmse:0.56892
>>>>>>>> Model Improved From 0.5948637331129031 ----> 0.5689224681103197
Epoch 1, Step 120 - valid_rmse:0.55761
>>>>>>>> Model Improved From 0.5689224681103197 ----> 0.5576055726268199
Epoch 1, Step 130 - valid_rmse:0.58782
Epoch 1, Step 140 - valid_rmse:0.67780
Epoch 1 - avg_train_loss: 0.73143  avg_val_loss: 0.66885  time: 378s
Epoch 1 - train_rmse:0.75479  valid_rmse:0.67780
Starting 2 epoch...
Epoch 2, Step 10 - valid_rmse:0.56183
Epoch 2, Step 20 - valid_rmse:0.56487
Epoch 2, Step 30 - valid_rmse:0.52193
>>>>>>>> Model Improved From 0.5576055726268199 ----> 0.5219316056227402
Epoch 2, Step 40 - valid_rmse:0.55241
Epoch 2, Step 50 - valid_rmse:0.50968
>>>>>>>> Model Improved From 0.5219316056227402 ----> 0.5096820103990087
Epoch 2, Step 60 - valid_rmse:0.54239
Epoch 2, Step 70 - valid_rmse:0.53303
Epoch 2, Step 80 - valid_rmse:0.58223
Epoch 2, Step 90 - valid_rmse:0.53877
Epoch 2, Step 100 - valid_rmse:0.56085
Epoch 2, Step 110 - valid_rmse:0.58187
Epoch 2, Step 120 - valid_rmse:0.52577
Epoch 2, Step 130 - valid_rmse:0.55857
Epoch 2, Step 140 - valid_rmse:0.62215
Epoch 2 - avg_train_loss: 0.50640  avg_val_loss: 0.61682  time: 342s
Epoch 2 - train_rmse:0.51819  valid_rmse:0.62215
Starting 3 epoch...
Epoch 3, Step 10 - valid_rmse:0.75005
Epoch 3, Step 20 - valid_rmse:0.72560
Epoch 3, Step 30 - valid_rmse:0.58389
Epoch 3, Step 40 - valid_rmse:0.58700
Epoch 3, Step 50 - valid_rmse:0.56067
Epoch 3, Step 60 - valid_rmse:0.53620
Epoch 3, Step 70 - valid_rmse:0.53280
Epoch 3, Step 80 - valid_rmse:0.52778
Epoch 3, Step 90 - valid_rmse:0.51490
Epoch 3, Step 100 - valid_rmse:0.51844
Epoch 3, Step 110 - valid_rmse:0.51797
Epoch 3, Step 120 - valid_rmse:0.52434
Epoch 3, Step 130 - valid_rmse:0.57423
Epoch 3, Step 140 - valid_rmse:0.52734
Epoch 3 - avg_train_loss: 0.39941  avg_val_loss: 0.52163  time: 330s
Epoch 3 - train_rmse:0.41172  valid_rmse:0.52734
Starting 4 epoch...
