========================================================================================================================
Fold 0 Training
========================================================================================================================
load itpt model
Starting 1 epoch...
Epoch 1, Step 10 - valid_rmse:0.85473
>>>>>>>> Model Improved From inf ----> 0.8547272360877106
Epoch 1, Step 20 - valid_rmse:0.92026
Epoch 1, Step 30 - valid_rmse:0.69754
>>>>>>>> Model Improved From 0.8547272360877106 ----> 0.6975354805082827
Epoch 1, Step 40 - valid_rmse:0.67975
>>>>>>>> Model Improved From 0.6975354805082827 ----> 0.6797469772628701
Epoch 1, Step 50 - valid_rmse:0.64320
>>>>>>>> Model Improved From 0.6797469772628701 ----> 0.6431970381780228
Epoch 1, Step 60 - valid_rmse:0.70783
Epoch 1, Step 70 - valid_rmse:0.59792
>>>>>>>> Model Improved From 0.6431970381780228 ----> 0.5979157943661311
Epoch 1, Step 80 - valid_rmse:0.60277
Epoch 1, Step 90 - valid_rmse:0.57162
>>>>>>>> Model Improved From 0.5979157943661311 ----> 0.571618555571772
Epoch 1, Step 100 - valid_rmse:0.62336
Epoch 1, Step 110 - valid_rmse:0.58705
Epoch 1, Step 120 - valid_rmse:0.68654
Epoch 1, Step 130 - valid_rmse:0.55818
>>>>>>>> Model Improved From 0.571618555571772 ----> 0.558178091396526
Epoch 1, Step 140 - valid_rmse:0.55918
Epoch 1 - avg_train_loss: 0.67243  avg_val_loss: 0.55497  time: 297s
Epoch 1 - train_rmse:0.69476  valid_rmse:0.55918
Starting 2 epoch...
Epoch 2, Step 10 - valid_rmse:0.70023
Epoch 2, Step 20 - valid_rmse:0.53273
>>>>>>>> Model Improved From 0.558178091396526 ----> 0.5327327345573711
Epoch 2, Step 30 - valid_rmse:0.53157
>>>>>>>> Model Improved From 0.5327327345573711 ----> 0.531569382211869
Epoch 2, Step 40 - valid_rmse:0.51697
>>>>>>>> Model Improved From 0.531569382211869 ----> 0.516971180451252
Epoch 2, Step 50 - valid_rmse:0.50812
>>>>>>>> Model Improved From 0.516971180451252 ----> 0.5081193448222924
Epoch 2, Step 60 - valid_rmse:0.54281
Epoch 2, Step 70 - valid_rmse:0.52006
Epoch 2, Step 80 - valid_rmse:0.60825
Epoch 2, Step 90 - valid_rmse:0.49674
>>>>>>>> Model Improved From 0.5081193448222924 ----> 0.4967360154132906
Epoch 2, Step 100 - valid_rmse:0.56080
Epoch 2, Step 110 - valid_rmse:0.59010
Epoch 2, Step 120 - valid_rmse:0.53503
Epoch 2, Step 130 - valid_rmse:0.52528
Epoch 2, Step 140 - valid_rmse:0.50740
Epoch 2 - avg_train_loss: 0.46290  avg_val_loss: 0.50373  time: 289s
Epoch 2 - train_rmse:0.47332  valid_rmse:0.50740
Starting 3 epoch...
Epoch 3, Step 10 - valid_rmse:0.51628
Epoch 3, Step 20 - valid_rmse:0.51915
Epoch 3, Step 30 - valid_rmse:0.49762
Epoch 3, Step 40 - valid_rmse:0.52611
Epoch 3, Step 50 - valid_rmse:0.52682
Epoch 3, Step 60 - valid_rmse:0.53276
Epoch 3, Step 70 - valid_rmse:0.55110
Epoch 3, Step 80 - valid_rmse:0.54002
Epoch 3, Step 90 - valid_rmse:0.53755
Epoch 3, Step 100 - valid_rmse:0.56483
Epoch 3, Step 110 - valid_rmse:0.56523
Epoch 3, Step 120 - valid_rmse:0.53577
Epoch 3, Step 130 - valid_rmse:0.51900
Epoch 3, Step 140 - valid_rmse:0.51594
Epoch 3 - avg_train_loss: 0.36927  avg_val_loss: 0.51024  time: 261s
Epoch 3 - train_rmse:0.37811  valid_rmse:0.51594
Starting 4 epoch...
Epoch 4, Step 10 - valid_rmse:0.59775
Epoch 4, Step 20 - valid_rmse:0.52530
Epoch 4, Step 30 - valid_rmse:0.51254
Epoch 4, Step 40 - valid_rmse:0.51628
Epoch 4, Step 50 - valid_rmse:0.50704
Epoch 4, Step 60 - valid_rmse:0.48617
>>>>>>>> Model Improved From 0.4967360154132906 ----> 0.48616902183676314
Epoch 4, Step 70 - valid_rmse:0.51819
Epoch 4, Step 80 - valid_rmse:0.53195
Epoch 4, Step 90 - valid_rmse:0.55803
Epoch 4, Step 100 - valid_rmse:0.53050
Epoch 4, Step 110 - valid_rmse:0.61057
Epoch 4, Step 120 - valid_rmse:0.51953
Epoch 4, Step 130 - valid_rmse:0.51924
Epoch 4, Step 140 - valid_rmse:0.50127
Epoch 4 - avg_train_loss: 0.35169  avg_val_loss: 0.49640  time: 265s
Epoch 4 - train_rmse:0.37261  valid_rmse:0.50127
Starting 5 epoch...
Epoch 5, Step 10 - valid_rmse:0.68392
Epoch 5, Step 20 - valid_rmse:0.50015
Epoch 5, Step 30 - valid_rmse:0.51338
Epoch 5, Step 40 - valid_rmse:0.49876
Epoch 5, Step 50 - valid_rmse:0.51013
Epoch 5, Step 60 - valid_rmse:0.49050
Epoch 5, Step 70 - valid_rmse:0.51552
Epoch 5, Step 80 - valid_rmse:0.49512
Epoch 5, Step 90 - valid_rmse:0.72816
Epoch 5, Step 100 - valid_rmse:0.48931
Epoch 5, Step 110 - valid_rmse:0.49753
Epoch 5, Step 120 - valid_rmse:0.49935
Epoch 5, Step 130 - valid_rmse:0.49403
Epoch 5, Step 140 - valid_rmse:0.51257
Epoch 5 - avg_train_loss: 0.29211  avg_val_loss: 0.50732  time: 259s
Epoch 5 - train_rmse:0.30760  valid_rmse:0.51257
Starting 6 epoch...
Epoch 6, Step 10 - valid_rmse:0.61138
Epoch 6, Step 20 - valid_rmse:0.50052
Epoch 6, Step 30 - valid_rmse:0.49335
Epoch 6, Step 40 - valid_rmse:0.48883
Epoch 6, Step 50 - valid_rmse:0.50296
Epoch 6, Step 60 - valid_rmse:0.48656
Epoch 6, Step 70 - valid_rmse:0.48978
Epoch 6, Step 80 - valid_rmse:0.52719
Epoch 6, Step 90 - valid_rmse:0.53747
Epoch 6, Step 100 - valid_rmse:0.51524
Epoch 6, Step 110 - valid_rmse:0.50215
Epoch 6, Step 120 - valid_rmse:0.50832
Epoch 6, Step 130 - valid_rmse:0.48899
Epoch 6, Step 140 - valid_rmse:0.49701
Epoch 6 - avg_train_loss: 0.24558  avg_val_loss: 0.49290  time: 259s
Epoch 6 - train_rmse:0.25941  valid_rmse:0.49701
Starting 7 epoch...
Epoch 7, Step 10 - valid_rmse:0.66767
Epoch 7, Step 20 - valid_rmse:0.51043
Epoch 7, Step 30 - valid_rmse:0.51432
Epoch 7, Step 40 - valid_rmse:0.50795
Epoch 7, Step 50 - valid_rmse:0.49917
Epoch 7, Step 60 - valid_rmse:0.48746
Epoch 7, Step 70 - valid_rmse:0.49582
Epoch 7, Step 80 - valid_rmse:0.50470
Epoch 7, Step 90 - valid_rmse:0.51176
Epoch 7, Step 100 - valid_rmse:0.55944
Epoch 7, Step 110 - valid_rmse:0.49667
Epoch 7, Step 120 - valid_rmse:0.54608
Epoch 7, Step 130 - valid_rmse:0.51368
Epoch 7, Step 140 - valid_rmse:0.50867
Epoch 7 - avg_train_loss: 0.24893  avg_val_loss: 0.50453  time: 259s
Epoch 7 - train_rmse:0.25993  valid_rmse:0.50867
Starting 8 epoch...
Epoch 8, Step 10 - valid_rmse:0.59673
Epoch 8, Step 20 - valid_rmse:0.52333
Epoch 8, Step 30 - valid_rmse:0.50139
Epoch 8, Step 40 - valid_rmse:0.51510
Epoch 8, Step 50 - valid_rmse:0.49985
Epoch 8, Step 60 - valid_rmse:0.48566
>>>>>>>> Model Improved From 0.48616902183676314 ----> 0.4856616094086342
Epoch 8, Step 70 - valid_rmse:0.48244
>>>>>>>> Model Improved From 0.4856616094086342 ----> 0.4824448585057097
Epoch 8, Step 80 - valid_rmse:0.48348
Epoch 8, Step 90 - valid_rmse:0.49171
Epoch 8, Step 100 - valid_rmse:0.48369
Epoch 8, Step 110 - valid_rmse:0.48595
Epoch 8, Step 120 - valid_rmse:0.51305
Epoch 8, Step 130 - valid_rmse:0.48851
Epoch 8, Step 140 - valid_rmse:0.48229
>>>>>>>> Model Improved From 0.4824448585057097 ----> 0.48228773161684924
Epoch 8 - avg_train_loss: 0.21615  avg_val_loss: 0.47809  time: 281s
Epoch 8 - train_rmse:0.22363  valid_rmse:0.48229
Starting 9 epoch...
Epoch 9, Step 10 - valid_rmse:0.54022
Epoch 9, Step 20 - valid_rmse:0.48641
Epoch 9, Step 30 - valid_rmse:0.49135
Epoch 9, Step 40 - valid_rmse:0.50378
Epoch 9, Step 50 - valid_rmse:0.49280
Epoch 9, Step 60 - valid_rmse:0.48694
Epoch 9, Step 70 - valid_rmse:0.49065
Epoch 9, Step 80 - valid_rmse:0.51189
Epoch 9, Step 90 - valid_rmse:0.48918
Epoch 9, Step 100 - valid_rmse:0.48209
>>>>>>>> Model Improved From 0.48228773161684924 ----> 0.4820893555708375
Epoch 9, Step 110 - valid_rmse:0.48154
>>>>>>>> Model Improved From 0.4820893555708375 ----> 0.4815400623295626
Epoch 9, Step 120 - valid_rmse:0.48131
>>>>>>>> Model Improved From 0.4815400623295626 ----> 0.4813071222471851
Epoch 9, Step 130 - valid_rmse:0.49112
Epoch 9, Step 140 - valid_rmse:0.48353
Epoch 9 - avg_train_loss: 0.18026  avg_val_loss: 0.47951  time: 279s
Epoch 9 - train_rmse:0.18714  valid_rmse:0.48353
========================================================================================================================
Fold 1 Training
========================================================================================================================
load itpt model
Starting 1 epoch...
Epoch 1, Step 10 - valid_rmse:0.95036
>>>>>>>> Model Improved From inf ----> 0.9503637750879503
Epoch 1, Step 20 - valid_rmse:0.82165
>>>>>>>> Model Improved From 0.9503637750879503 ----> 0.8216496202197946
Epoch 1, Step 30 - valid_rmse:0.67656
>>>>>>>> Model Improved From 0.8216496202197946 ----> 0.6765591580509301
Epoch 1, Step 40 - valid_rmse:0.66111
>>>>>>>> Model Improved From 0.6765591580509301 ----> 0.6611110042624974
Epoch 1, Step 50 - valid_rmse:0.65181
>>>>>>>> Model Improved From 0.6611110042624974 ----> 0.6518128710676862
Epoch 1, Step 60 - valid_rmse:0.61123
>>>>>>>> Model Improved From 0.6518128710676862 ----> 0.6112261005139067
Epoch 1, Step 70 - valid_rmse:0.55465
>>>>>>>> Model Improved From 0.6112261005139067 ----> 0.554648276047613
Epoch 1, Step 80 - valid_rmse:0.63259
Epoch 1, Step 90 - valid_rmse:0.55927
Epoch 1, Step 100 - valid_rmse:0.55221
>>>>>>>> Model Improved From 0.554648276047613 ----> 0.552213347128186
Epoch 1, Step 110 - valid_rmse:0.52089
>>>>>>>> Model Improved From 0.552213347128186 ----> 0.5208937697724602
Epoch 1, Step 120 - valid_rmse:0.64969
Epoch 1, Step 130 - valid_rmse:0.56365
Epoch 1, Step 140 - valid_rmse:0.56602
Epoch 1 - avg_train_loss: 0.67884  avg_val_loss: 0.55690  time: 310s
Epoch 1 - train_rmse:0.70348  valid_rmse:0.56602
Starting 2 epoch...
Epoch 2, Step 10 - valid_rmse:0.74395
Epoch 2, Step 20 - valid_rmse:0.58637
Epoch 2, Step 30 - valid_rmse:0.53124
Epoch 2, Step 40 - valid_rmse:0.54302
Epoch 2, Step 50 - valid_rmse:0.53297
Epoch 2, Step 60 - valid_rmse:0.51475
>>>>>>>> Model Improved From 0.5208937697724602 ----> 0.5147536630494453
Epoch 2, Step 70 - valid_rmse:0.48343
>>>>>>>> Model Improved From 0.5147536630494453 ----> 0.483433543538507
Epoch 2, Step 80 - valid_rmse:0.49582
Epoch 2, Step 90 - valid_rmse:0.49955
Epoch 2, Step 100 - valid_rmse:0.56143
Epoch 2, Step 110 - valid_rmse:0.51658
Epoch 2, Step 120 - valid_rmse:0.54863
Epoch 2, Step 130 - valid_rmse:0.49707
Epoch 2, Step 140 - valid_rmse:0.49572
Epoch 2 - avg_train_loss: 0.48862  avg_val_loss: 0.48661  time: 272s
Epoch 2 - train_rmse:0.50113  valid_rmse:0.49572
Starting 3 epoch...
Epoch 3, Step 10 - valid_rmse:0.48700
Epoch 3, Step 20 - valid_rmse:0.48999
Epoch 3, Step 30 - valid_rmse:0.48252
>>>>>>>> Model Improved From 0.483433543538507 ----> 0.4825227769070309
Epoch 3, Step 40 - valid_rmse:0.49525
Epoch 3, Step 50 - valid_rmse:0.49610
Epoch 3, Step 60 - valid_rmse:0.50477
Epoch 3, Step 70 - valid_rmse:0.51394
Epoch 3, Step 80 - valid_rmse:0.54754
Epoch 3, Step 90 - valid_rmse:0.50677
Epoch 3, Step 100 - valid_rmse:0.49716
Epoch 3, Step 110 - valid_rmse:0.50471
Epoch 3, Step 120 - valid_rmse:0.51461
Epoch 3, Step 130 - valid_rmse:0.52817
Epoch 3, Step 140 - valid_rmse:0.50086
Epoch 3 - avg_train_loss: 0.33902  avg_val_loss: 0.49458  time: 266s
Epoch 3 - train_rmse:0.34729  valid_rmse:0.50086
Starting 4 epoch...
Epoch 4, Step 10 - valid_rmse:0.50646
Epoch 4, Step 20 - valid_rmse:0.49557
Epoch 4, Step 30 - valid_rmse:0.47837
>>>>>>>> Model Improved From 0.4825227769070309 ----> 0.4783675784342395
Epoch 4, Step 40 - valid_rmse:0.48231
Epoch 4, Step 50 - valid_rmse:0.52103
Epoch 4, Step 60 - valid_rmse:0.48696
Epoch 4, Step 70 - valid_rmse:0.51851
Epoch 4, Step 80 - valid_rmse:0.49189
Epoch 4, Step 90 - valid_rmse:0.48454
Epoch 4, Step 100 - valid_rmse:0.48548
Epoch 4, Step 110 - valid_rmse:0.49594
Epoch 4, Step 120 - valid_rmse:0.49118
Epoch 4, Step 130 - valid_rmse:0.51059
Epoch 4, Step 140 - valid_rmse:0.48878
Epoch 4 - avg_train_loss: 0.26703  avg_val_loss: 0.48407  time: 266s
Epoch 4 - train_rmse:0.27358  valid_rmse:0.48878
Starting 5 epoch...
Epoch 5, Step 10 - valid_rmse:0.65080
Epoch 5, Step 20 - valid_rmse:0.50389
Epoch 5, Step 30 - valid_rmse:0.56179
Epoch 5, Step 40 - valid_rmse:0.50068
Epoch 5, Step 50 - valid_rmse:0.54610
Epoch 5, Step 60 - valid_rmse:0.49026
Epoch 5, Step 70 - valid_rmse:0.51959
Epoch 5, Step 80 - valid_rmse:0.49042
Epoch 5, Step 90 - valid_rmse:0.51608
Epoch 5, Step 100 - valid_rmse:0.48185
Epoch 5, Step 110 - valid_rmse:0.49947
Epoch 5, Step 120 - valid_rmse:0.48037
Epoch 5, Step 130 - valid_rmse:0.48515
Epoch 5, Step 140 - valid_rmse:0.48584
Epoch 5 - avg_train_loss: 0.27189  avg_val_loss: 0.48042  time: 259s
Epoch 5 - train_rmse:0.28248  valid_rmse:0.48584
Starting 6 epoch...
Epoch 6, Step 10 - valid_rmse:0.66337
Epoch 6, Step 20 - valid_rmse:0.54730
Epoch 6, Step 30 - valid_rmse:0.54915
Epoch 6, Step 40 - valid_rmse:0.52295
Epoch 6, Step 50 - valid_rmse:0.48689
Epoch 6, Step 60 - valid_rmse:0.48385
Epoch 6, Step 70 - valid_rmse:0.48456
Epoch 6, Step 80 - valid_rmse:0.47990
Epoch 6, Step 90 - valid_rmse:0.49595
Epoch 6, Step 100 - valid_rmse:0.48126
Epoch 6, Step 110 - valid_rmse:0.48373
Epoch 6, Step 120 - valid_rmse:0.48744
Epoch 6, Step 130 - valid_rmse:0.49017
Epoch 6, Step 140 - valid_rmse:0.48340
Epoch 6 - avg_train_loss: 0.23109  avg_val_loss: 0.47750  time: 259s
Epoch 6 - train_rmse:0.24213  valid_rmse:0.48340
Starting 7 epoch...
Epoch 7, Step 10 - valid_rmse:0.52605
Epoch 7, Step 20 - valid_rmse:0.47783
>>>>>>>> Model Improved From 0.4783675784342395 ----> 0.47783371707622496
Epoch 7, Step 30 - valid_rmse:0.49312
Epoch 7, Step 40 - valid_rmse:0.47571
>>>>>>>> Model Improved From 0.47783371707622496 ----> 0.4757060398965252
Epoch 7, Step 50 - valid_rmse:0.48726
Epoch 7, Step 60 - valid_rmse:0.46811
>>>>>>>> Model Improved From 0.4757060398965252 ----> 0.46811455432333515
Epoch 7, Step 70 - valid_rmse:0.48651
Epoch 7, Step 80 - valid_rmse:0.48130
Epoch 7, Step 90 - valid_rmse:0.49833
Epoch 7, Step 100 - valid_rmse:0.48490
Epoch 7, Step 110 - valid_rmse:0.48499
Epoch 7, Step 120 - valid_rmse:0.47188
Epoch 7, Step 130 - valid_rmse:0.48118
Epoch 7, Step 140 - valid_rmse:0.48451
Epoch 7 - avg_train_loss: 0.20874  avg_val_loss: 0.47760  time: 278s
Epoch 7 - train_rmse:0.21625  valid_rmse:0.48451
Starting 8 epoch...
Epoch 8, Step 10 - valid_rmse:0.49659
Epoch 8, Step 20 - valid_rmse:0.50235
Epoch 8, Step 30 - valid_rmse:0.48055
Epoch 8, Step 40 - valid_rmse:0.49759
Epoch 8, Step 50 - valid_rmse:0.47950
Epoch 8, Step 60 - valid_rmse:0.49037
Epoch 8, Step 70 - valid_rmse:0.47670
Epoch 8, Step 80 - valid_rmse:0.48179
Epoch 8, Step 90 - valid_rmse:0.48579
Epoch 8, Step 100 - valid_rmse:0.48162
Epoch 8, Step 110 - valid_rmse:0.48089
Epoch 8, Step 120 - valid_rmse:0.47834
Epoch 8, Step 130 - valid_rmse:0.48153
Epoch 8, Step 140 - valid_rmse:0.48498
Epoch 8 - avg_train_loss: 0.18028  avg_val_loss: 0.47786  time: 260s
Epoch 8 - train_rmse:0.18595  valid_rmse:0.48498
Starting 9 epoch...
Epoch 9, Step 10 - valid_rmse:0.52463
Epoch 9, Step 20 - valid_rmse:0.50233
Epoch 9, Step 30 - valid_rmse:0.48610
Epoch 9, Step 40 - valid_rmse:0.48600
Epoch 9, Step 50 - valid_rmse:0.51329
Epoch 9, Step 60 - valid_rmse:0.48720
Epoch 9, Step 70 - valid_rmse:0.49352
Epoch 9, Step 80 - valid_rmse:0.50236
Epoch 9, Step 90 - valid_rmse:0.50003
Epoch 9, Step 100 - valid_rmse:0.48664
Epoch 9, Step 110 - valid_rmse:0.48989
Epoch 9, Step 120 - valid_rmse:0.50456
Epoch 9, Step 130 - valid_rmse:0.48276
Epoch 9, Step 140 - valid_rmse:0.50233
Epoch 9 - avg_train_loss: 0.16878  avg_val_loss: 0.49474  time: 259s
Epoch 9 - train_rmse:0.17439  valid_rmse:0.50233
========================================================================================================================
Fold 2 Training
========================================================================================================================
load itpt model
Starting 1 epoch...
Epoch 1, Step 10 - valid_rmse:0.83105
>>>>>>>> Model Improved From inf ----> 0.8310450185729207
Epoch 1, Step 20 - valid_rmse:0.74952
>>>>>>>> Model Improved From 0.8310450185729207 ----> 0.7495150421011569
Epoch 1, Step 30 - valid_rmse:0.66027
>>>>>>>> Model Improved From 0.7495150421011569 ----> 0.6602707936983716
Epoch 1, Step 40 - valid_rmse:0.73343
Epoch 1, Step 50 - valid_rmse:0.65434
>>>>>>>> Model Improved From 0.6602707936983716 ----> 0.6543428282800485
Epoch 1, Step 60 - valid_rmse:0.76531
Epoch 1, Step 70 - valid_rmse:0.62433
>>>>>>>> Model Improved From 0.6543428282800485 ----> 0.6243327882333903
Epoch 1, Step 80 - valid_rmse:0.61146
>>>>>>>> Model Improved From 0.6243327882333903 ----> 0.6114554060075166
Epoch 1, Step 90 - valid_rmse:0.57784
>>>>>>>> Model Improved From 0.6114554060075166 ----> 0.5778393670280454
Epoch 1, Step 100 - valid_rmse:0.63706
Epoch 1, Step 110 - valid_rmse:0.58071
Epoch 1, Step 120 - valid_rmse:0.65109
Epoch 1, Step 130 - valid_rmse:0.64072
Epoch 1, Step 140 - valid_rmse:0.64579
Epoch 1 - avg_train_loss: 0.67365  avg_val_loss: 0.64004  time: 301s
Epoch 1 - train_rmse:0.69805  valid_rmse:0.64579
Starting 2 epoch...
Epoch 2, Step 10 - valid_rmse:0.56950
>>>>>>>> Model Improved From 0.5778393670280454 ----> 0.5694956079492816
Epoch 2, Step 20 - valid_rmse:0.55212
>>>>>>>> Model Improved From 0.5694956079492816 ----> 0.5521235257373465
Epoch 2, Step 30 - valid_rmse:0.63171
Epoch 2, Step 40 - valid_rmse:0.61527
Epoch 2, Step 50 - valid_rmse:0.57956
Epoch 2, Step 60 - valid_rmse:0.56377
Epoch 2, Step 70 - valid_rmse:0.51264
>>>>>>>> Model Improved From 0.5521235257373465 ----> 0.5126368006286991
Epoch 2, Step 80 - valid_rmse:0.53374
Epoch 2, Step 90 - valid_rmse:0.50760
>>>>>>>> Model Improved From 0.5126368006286991 ----> 0.5076003104557005
Epoch 2, Step 100 - valid_rmse:0.52043
Epoch 2, Step 110 - valid_rmse:0.53316
Epoch 2, Step 120 - valid_rmse:0.56525
Epoch 2, Step 130 - valid_rmse:0.54001
Epoch 2, Step 140 - valid_rmse:0.53647
Epoch 2 - avg_train_loss: 0.45881  avg_val_loss: 0.52763  time: 285s
Epoch 2 - train_rmse:0.46974  valid_rmse:0.53647
Starting 3 epoch...
Epoch 3, Step 10 - valid_rmse:0.57938
Epoch 3, Step 20 - valid_rmse:0.51856
Epoch 3, Step 30 - valid_rmse:0.56850
Epoch 3, Step 40 - valid_rmse:0.52381
Epoch 3, Step 50 - valid_rmse:0.53012
Epoch 3, Step 60 - valid_rmse:0.51815
Epoch 3, Step 70 - valid_rmse:0.55552
Epoch 3, Step 80 - valid_rmse:0.53101
Epoch 3, Step 90 - valid_rmse:0.52384
Epoch 3, Step 100 - valid_rmse:0.62590
Epoch 3, Step 110 - valid_rmse:0.51940
Epoch 3, Step 120 - valid_rmse:0.67623
Epoch 3, Step 130 - valid_rmse:0.56374
Epoch 3, Step 140 - valid_rmse:0.51720
Epoch 3 - avg_train_loss: 0.35112  avg_val_loss: 0.51065  time: 260s
Epoch 3 - train_rmse:0.36039  valid_rmse:0.51720
Starting 4 epoch...
Epoch 4, Step 10 - valid_rmse:0.51555
Epoch 4, Step 20 - valid_rmse:0.53038
Epoch 4, Step 30 - valid_rmse:0.54170
Epoch 4, Step 40 - valid_rmse:0.51399
Epoch 4, Step 50 - valid_rmse:0.58909
Epoch 4, Step 60 - valid_rmse:0.56287
Epoch 4, Step 70 - valid_rmse:0.54497
Epoch 4, Step 80 - valid_rmse:0.51260
Epoch 4, Step 90 - valid_rmse:0.54882
Epoch 4, Step 100 - valid_rmse:0.51501
Epoch 4, Step 110 - valid_rmse:0.51715
Epoch 4, Step 120 - valid_rmse:0.51648
Epoch 4, Step 130 - valid_rmse:0.51106
Epoch 4, Step 140 - valid_rmse:0.51663
Epoch 4 - avg_train_loss: 0.28315  avg_val_loss: 0.51064  time: 259s
Epoch 4 - train_rmse:0.28944  valid_rmse:0.51663
Starting 5 epoch...
Epoch 5, Step 10 - valid_rmse:0.76587
Epoch 5, Step 20 - valid_rmse:0.55126
Epoch 5, Step 30 - valid_rmse:0.70344
Epoch 5, Step 40 - valid_rmse:0.52094
Epoch 5, Step 50 - valid_rmse:0.52091
Epoch 5, Step 60 - valid_rmse:0.53229
Epoch 5, Step 70 - valid_rmse:0.56899
Epoch 5, Step 80 - valid_rmse:0.53151
Epoch 5, Step 90 - valid_rmse:0.54016
Epoch 5, Step 100 - valid_rmse:0.51031
Epoch 5, Step 110 - valid_rmse:0.51150
Epoch 5, Step 120 - valid_rmse:0.51660
Epoch 5, Step 130 - valid_rmse:0.51339
Epoch 5, Step 140 - valid_rmse:0.50749
>>>>>>>> Model Improved From 0.5076003104557005 ----> 0.5074854644463972
Epoch 5 - avg_train_loss: 0.27543  avg_val_loss: 0.49778  time: 266s
Epoch 5 - train_rmse:0.28607  valid_rmse:0.50749
Starting 6 epoch...
Epoch 6, Step 10 - valid_rmse:0.64659
Epoch 6, Step 20 - valid_rmse:0.53671
Epoch 6, Step 30 - valid_rmse:0.50964
Epoch 6, Step 40 - valid_rmse:0.53770
Epoch 6, Step 50 - valid_rmse:0.52789
Epoch 6, Step 60 - valid_rmse:0.51212
Epoch 6, Step 70 - valid_rmse:0.51415
Epoch 6, Step 80 - valid_rmse:0.50998
Epoch 6, Step 90 - valid_rmse:0.50477
>>>>>>>> Model Improved From 0.5074854644463972 ----> 0.5047681271727988
Epoch 6, Step 100 - valid_rmse:0.50660
Epoch 6, Step 110 - valid_rmse:0.51764
Epoch 6, Step 120 - valid_rmse:0.49771
>>>>>>>> Model Improved From 0.5047681271727988 ----> 0.49770793479431474
Epoch 6, Step 130 - valid_rmse:0.49370
>>>>>>>> Model Improved From 0.49770793479431474 ----> 0.4937038533931313
Epoch 6, Step 140 - valid_rmse:0.49287
>>>>>>>> Model Improved From 0.4937038533931313 ----> 0.4928653606345592
Epoch 6 - avg_train_loss: 0.22275  avg_val_loss: 0.48256  time: 290s
Epoch 6 - train_rmse:0.23175  valid_rmse:0.49287
Starting 7 epoch...
Epoch 7, Step 10 - valid_rmse:0.54139
Epoch 7, Step 20 - valid_rmse:0.56226
Epoch 7, Step 30 - valid_rmse:0.50454
Epoch 7, Step 40 - valid_rmse:0.50495
Epoch 7, Step 50 - valid_rmse:0.53234
Epoch 7, Step 60 - valid_rmse:0.52464
Epoch 7, Step 70 - valid_rmse:0.51755
Epoch 7, Step 80 - valid_rmse:0.51652
Epoch 7, Step 90 - valid_rmse:0.51474
Epoch 7, Step 100 - valid_rmse:0.52869
Epoch 7, Step 110 - valid_rmse:0.51230
Epoch 7, Step 120 - valid_rmse:0.51169
Epoch 7, Step 130 - valid_rmse:0.50813
Epoch 7, Step 140 - valid_rmse:0.50862
Epoch 7 - avg_train_loss: 0.19503  avg_val_loss: 0.50011  time: 260s
Epoch 7 - train_rmse:0.20516  valid_rmse:0.50862
Starting 8 epoch...
Epoch 8, Step 10 - valid_rmse:0.55594
Epoch 8, Step 20 - valid_rmse:0.55307
Epoch 8, Step 30 - valid_rmse:0.51600
Epoch 8, Step 40 - valid_rmse:0.52162
Epoch 8, Step 50 - valid_rmse:0.51544
Epoch 8, Step 60 - valid_rmse:0.51747
Epoch 8, Step 70 - valid_rmse:0.50830
Epoch 8, Step 80 - valid_rmse:0.50705
Epoch 8, Step 90 - valid_rmse:0.50252
Epoch 8, Step 100 - valid_rmse:0.50583
Epoch 8, Step 110 - valid_rmse:0.50335
Epoch 8, Step 120 - valid_rmse:0.50721
Epoch 8, Step 130 - valid_rmse:0.50201
Epoch 8, Step 140 - valid_rmse:0.51178
Epoch 8 - avg_train_loss: 0.17357  avg_val_loss: 0.50234  time: 259s
Epoch 8 - train_rmse:0.18248  valid_rmse:0.51178
Starting 9 epoch...
Epoch 9, Step 10 - valid_rmse:0.51245
Epoch 9, Step 20 - valid_rmse:0.51830
Epoch 9, Step 30 - valid_rmse:0.51452
Epoch 9, Step 40 - valid_rmse:0.51503
Epoch 9, Step 50 - valid_rmse:0.51360
Epoch 9, Step 60 - valid_rmse:0.51723
Epoch 9, Step 70 - valid_rmse:0.51876
Epoch 9, Step 80 - valid_rmse:0.52913
Epoch 9, Step 90 - valid_rmse:0.53144
Epoch 9, Step 100 - valid_rmse:0.52895
Epoch 9, Step 110 - valid_rmse:0.50582
Epoch 9, Step 120 - valid_rmse:0.53267
Epoch 9, Step 130 - valid_rmse:0.51663
Epoch 9, Step 140 - valid_rmse:0.50797
Epoch 9 - avg_train_loss: 0.16635  avg_val_loss: 0.49878  time: 259s
Epoch 9 - train_rmse:0.17325  valid_rmse:0.50797
========================================================================================================================
Fold 3 Training
========================================================================================================================
load itpt model
Starting 1 epoch...
Epoch 1, Step 10 - valid_rmse:0.81492
>>>>>>>> Model Improved From inf ----> 0.8149216029552749
Epoch 1, Step 20 - valid_rmse:0.81110
>>>>>>>> Model Improved From 0.8149216029552749 ----> 0.8110959499741551
Epoch 1, Step 30 - valid_rmse:0.67113
>>>>>>>> Model Improved From 0.8110959499741551 ----> 0.6711338292332258
Epoch 1, Step 40 - valid_rmse:0.70170
Epoch 1, Step 50 - valid_rmse:0.62596
>>>>>>>> Model Improved From 0.6711338292332258 ----> 0.6259595449681683
Epoch 1, Step 60 - valid_rmse:0.63585
Epoch 1, Step 70 - valid_rmse:0.61289
>>>>>>>> Model Improved From 0.6259595449681683 ----> 0.6128908203032251
Epoch 1, Step 80 - valid_rmse:0.58037
>>>>>>>> Model Improved From 0.6128908203032251 ----> 0.5803737789812629
Epoch 1, Step 90 - valid_rmse:0.63001
Epoch 1, Step 100 - valid_rmse:0.56591
>>>>>>>> Model Improved From 0.5803737789812629 ----> 0.5659088159960912
Epoch 1, Step 110 - valid_rmse:0.58689
Epoch 1, Step 120 - valid_rmse:0.54421
>>>>>>>> Model Improved From 0.5659088159960912 ----> 0.5442064890060234
Epoch 1, Step 130 - valid_rmse:0.57496
Epoch 1, Step 140 - valid_rmse:0.61475
Epoch 1 - avg_train_loss: 0.66053  avg_val_loss: 0.60834  time: 307s
Epoch 1 - train_rmse:0.68229  valid_rmse:0.61475
Starting 2 epoch...
Epoch 2, Step 10 - valid_rmse:0.61611
Epoch 2, Step 20 - valid_rmse:0.64196
Epoch 2, Step 30 - valid_rmse:0.57616
Epoch 2, Step 40 - valid_rmse:0.56359
Epoch 2, Step 50 - valid_rmse:0.52234
>>>>>>>> Model Improved From 0.5442064890060234 ----> 0.5223435930884713
Epoch 2, Step 60 - valid_rmse:0.53277
Epoch 2, Step 70 - valid_rmse:0.52710
Epoch 2, Step 80 - valid_rmse:0.53910
Epoch 2, Step 90 - valid_rmse:0.53651
Epoch 2, Step 100 - valid_rmse:0.52248
Epoch 2, Step 110 - valid_rmse:0.51853
>>>>>>>> Model Improved From 0.5223435930884713 ----> 0.518532935240238
Epoch 2, Step 120 - valid_rmse:0.56544
Epoch 2, Step 130 - valid_rmse:0.52356
Epoch 2, Step 140 - valid_rmse:0.66890
Epoch 2 - avg_train_loss: 0.43386  avg_val_loss: 0.66547  time: 273s
Epoch 2 - train_rmse:0.44401  valid_rmse:0.66890
Starting 3 epoch...
Epoch 3, Step 10 - valid_rmse:0.58430
Epoch 3, Step 20 - valid_rmse:0.57790
Epoch 3, Step 30 - valid_rmse:0.51877
Epoch 3, Step 40 - valid_rmse:0.50734
>>>>>>>> Model Improved From 0.518532935240238 ----> 0.5073432526690008
Epoch 3, Step 50 - valid_rmse:0.51337
Epoch 3, Step 60 - valid_rmse:0.52636
Epoch 3, Step 70 - valid_rmse:0.52693
Epoch 3, Step 80 - valid_rmse:0.52643
Epoch 3, Step 90 - valid_rmse:0.54755
Epoch 3, Step 100 - valid_rmse:0.51351
Epoch 3, Step 110 - valid_rmse:0.51400
Epoch 3, Step 120 - valid_rmse:0.52778
Epoch 3, Step 130 - valid_rmse:0.53331
Epoch 3, Step 140 - valid_rmse:0.52207
Epoch 3 - avg_train_loss: 0.32556  avg_val_loss: 0.51624  time: 267s
Epoch 3 - train_rmse:0.34060  valid_rmse:0.52207
Starting 4 epoch...
Epoch 4, Step 10 - valid_rmse:0.54353
Epoch 4, Step 20 - valid_rmse:0.52524
Epoch 4, Step 30 - valid_rmse:0.56555
Epoch 4, Step 40 - valid_rmse:0.53473
Epoch 4, Step 50 - valid_rmse:0.52306
Epoch 4, Step 60 - valid_rmse:0.51668
Epoch 4, Step 70 - valid_rmse:0.50563
>>>>>>>> Model Improved From 0.5073432526690008 ----> 0.5056318585515924
Epoch 4, Step 80 - valid_rmse:0.51505
Epoch 4, Step 90 - valid_rmse:0.50777
Epoch 4, Step 100 - valid_rmse:0.51562
Epoch 4, Step 110 - valid_rmse:0.56277
Epoch 4, Step 120 - valid_rmse:0.52797
Epoch 4, Step 130 - valid_rmse:0.52824
Epoch 4, Step 140 - valid_rmse:0.50800
Epoch 4 - avg_train_loss: 0.25123  avg_val_loss: 0.50449  time: 265s
Epoch 4 - train_rmse:0.25822  valid_rmse:0.50800
Starting 5 epoch...
Epoch 5, Step 10 - valid_rmse:0.58540
Epoch 5, Step 20 - valid_rmse:0.53074
Epoch 5, Step 30 - valid_rmse:0.51319
Epoch 5, Step 40 - valid_rmse:0.53364
Epoch 5, Step 50 - valid_rmse:0.53356
Epoch 5, Step 60 - valid_rmse:0.52857
Epoch 5, Step 70 - valid_rmse:0.54854
Epoch 5, Step 80 - valid_rmse:0.53146
Epoch 5, Step 90 - valid_rmse:0.53257
Epoch 5, Step 100 - valid_rmse:0.51456
Epoch 5, Step 110 - valid_rmse:0.56467
Epoch 5, Step 120 - valid_rmse:0.52227
Epoch 5, Step 130 - valid_rmse:0.52053
Epoch 5, Step 140 - valid_rmse:0.51745
Epoch 5 - avg_train_loss: 0.23294  avg_val_loss: 0.51479  time: 259s
Epoch 5 - train_rmse:0.24015  valid_rmse:0.51745
Starting 6 epoch...
Epoch 6, Step 10 - valid_rmse:0.56169
Epoch 6, Step 20 - valid_rmse:0.53505
Epoch 6, Step 30 - valid_rmse:0.54790
Epoch 6, Step 40 - valid_rmse:0.51936
Epoch 6, Step 50 - valid_rmse:0.52615
Epoch 6, Step 60 - valid_rmse:0.51766
Epoch 6, Step 70 - valid_rmse:0.52061
Epoch 6, Step 80 - valid_rmse:0.51755
Epoch 6, Step 90 - valid_rmse:0.52547
Epoch 6, Step 100 - valid_rmse:0.50562
>>>>>>>> Model Improved From 0.5056318585515924 ----> 0.5056204100683259
Epoch 6, Step 110 - valid_rmse:0.51311
Epoch 6, Step 120 - valid_rmse:0.50651
Epoch 6, Step 130 - valid_rmse:0.53064
Epoch 6, Step 140 - valid_rmse:0.51556
Epoch 6 - avg_train_loss: 0.18860  avg_val_loss: 0.51188  time: 265s
Epoch 6 - train_rmse:0.19344  valid_rmse:0.51556
Starting 7 epoch...
Epoch 7, Step 10 - valid_rmse:0.59702
Epoch 7, Step 20 - valid_rmse:0.57090
Epoch 7, Step 30 - valid_rmse:0.52316
Epoch 7, Step 40 - valid_rmse:0.52304
Epoch 7, Step 50 - valid_rmse:0.53805
Epoch 7, Step 60 - valid_rmse:0.52792
Epoch 7, Step 70 - valid_rmse:0.52290
Epoch 7, Step 80 - valid_rmse:0.52551
Epoch 7, Step 90 - valid_rmse:0.53536
Epoch 7, Step 100 - valid_rmse:0.52440
Epoch 7, Step 110 - valid_rmse:0.51748
Epoch 7, Step 120 - valid_rmse:0.52111
Epoch 7, Step 130 - valid_rmse:0.52408
Epoch 7, Step 140 - valid_rmse:0.51670
Epoch 7 - avg_train_loss: 0.18970  avg_val_loss: 0.51293  time: 259s
Epoch 7 - train_rmse:0.19689  valid_rmse:0.51670
Starting 8 epoch...
Epoch 8, Step 10 - valid_rmse:0.53738
Epoch 8, Step 20 - valid_rmse:0.53384
Epoch 8, Step 30 - valid_rmse:0.52119
Epoch 8, Step 40 - valid_rmse:0.51827
Epoch 8, Step 50 - valid_rmse:0.51775
Epoch 8, Step 60 - valid_rmse:0.53063
Epoch 8, Step 70 - valid_rmse:0.52865
Epoch 8, Step 80 - valid_rmse:0.51431
Epoch 8, Step 90 - valid_rmse:0.51726
Epoch 8, Step 100 - valid_rmse:0.52682
Epoch 8, Step 110 - valid_rmse:0.51419
Epoch 8, Step 120 - valid_rmse:0.52754
Epoch 8, Step 130 - valid_rmse:0.51578
Epoch 8, Step 140 - valid_rmse:0.51368
Epoch 8 - avg_train_loss: 0.18484  avg_val_loss: 0.51021  time: 259s
Epoch 8 - train_rmse:0.20019  valid_rmse:0.51368
Starting 9 epoch...
Epoch 9, Step 10 - valid_rmse:0.52384
Epoch 9, Step 20 - valid_rmse:0.52397
Epoch 9, Step 30 - valid_rmse:0.52353
Epoch 9, Step 40 - valid_rmse:0.53427
Epoch 9, Step 50 - valid_rmse:0.52291
Epoch 9, Step 60 - valid_rmse:0.55465
Epoch 9, Step 70 - valid_rmse:0.51271
Epoch 9, Step 80 - valid_rmse:0.54491
Epoch 9, Step 90 - valid_rmse:0.52011
Epoch 9, Step 100 - valid_rmse:0.53143
Epoch 9, Step 110 - valid_rmse:0.52009
Epoch 9, Step 120 - valid_rmse:0.53760
Epoch 9, Step 130 - valid_rmse:0.53180
Epoch 9, Step 140 - valid_rmse:0.53661
Epoch 9 - avg_train_loss: 0.16674  avg_val_loss: 0.53289  time: 259s
Epoch 9 - train_rmse:0.17316  valid_rmse:0.53661
========================================================================================================================
Fold 4 Training
========================================================================================================================
load itpt model
Starting 1 epoch...
Epoch 1, Step 10 - valid_rmse:0.82712
>>>>>>>> Model Improved From inf ----> 0.8271192498578118
Epoch 1, Step 20 - valid_rmse:0.82523
>>>>>>>> Model Improved From 0.8271192498578118 ----> 0.8252313638714113
Epoch 1, Step 30 - valid_rmse:0.66206
>>>>>>>> Model Improved From 0.8252313638714113 ----> 0.6620635119787367
Epoch 1, Step 40 - valid_rmse:0.87293
Epoch 1, Step 50 - valid_rmse:0.67715
Epoch 1, Step 60 - valid_rmse:0.62332
>>>>>>>> Model Improved From 0.6620635119787367 ----> 0.6233153467548173
Epoch 1, Step 70 - valid_rmse:0.91633
Epoch 1, Step 80 - valid_rmse:1.12338
Epoch 1, Step 90 - valid_rmse:1.03401
Epoch 1, Step 100 - valid_rmse:1.02785
Epoch 1, Step 110 - valid_rmse:1.03456
Epoch 1, Step 120 - valid_rmse:1.04396
Epoch 1, Step 130 - valid_rmse:1.04140
Epoch 1, Step 140 - valid_rmse:1.05468
Epoch 1 - avg_train_loss: 0.91584  avg_val_loss: 1.05034  time: 282s
Epoch 1 - train_rmse:0.94327  valid_rmse:1.05468
Starting 2 epoch...
Epoch 2, Step 10 - valid_rmse:1.02529
Epoch 2, Step 20 - valid_rmse:1.16981
Epoch 2, Step 30 - valid_rmse:1.09323
Epoch 2, Step 40 - valid_rmse:0.95355
Epoch 2, Step 50 - valid_rmse:0.91611
Epoch 2, Step 60 - valid_rmse:0.88631
Epoch 2, Step 70 - valid_rmse:0.78351
Epoch 2, Step 80 - valid_rmse:0.96753
Epoch 2, Step 90 - valid_rmse:0.81857
Epoch 2, Step 100 - valid_rmse:0.79422
Epoch 2, Step 110 - valid_rmse:0.74592
Epoch 2, Step 120 - valid_rmse:0.68717
Epoch 2, Step 130 - valid_rmse:0.69753
Epoch 2, Step 140 - valid_rmse:0.81120
Epoch 2 - avg_train_loss: 0.86546  avg_val_loss: 0.80641  time: 259s
Epoch 2 - train_rmse:0.88584  valid_rmse:0.81120
Starting 3 epoch...
Epoch 3, Step 10 - valid_rmse:0.81799
Epoch 3, Step 20 - valid_rmse:0.77517
Epoch 3, Step 30 - valid_rmse:0.97595
Epoch 3, Step 40 - valid_rmse:0.72699
Epoch 3, Step 50 - valid_rmse:0.78388
Epoch 3, Step 60 - valid_rmse:0.79108
Epoch 3, Step 70 - valid_rmse:0.77760
Epoch 3, Step 80 - valid_rmse:0.68250
Epoch 3, Step 90 - valid_rmse:0.65101
Epoch 3, Step 100 - valid_rmse:0.69435
Epoch 3, Step 110 - valid_rmse:0.67788
Epoch 3, Step 120 - valid_rmse:0.67838
Epoch 3, Step 130 - valid_rmse:0.66782
Epoch 3, Step 140 - valid_rmse:0.62659
Epoch 3 - avg_train_loss: 0.73312  avg_val_loss: 0.61943  time: 258s
Epoch 3 - train_rmse:0.74967  valid_rmse:0.62659
Starting 4 epoch...
Epoch 4, Step 10 - valid_rmse:0.73051
Epoch 4, Step 20 - valid_rmse:0.72130
Epoch 4, Step 30 - valid_rmse:0.69707
Epoch 4, Step 40 - valid_rmse:0.66593
Epoch 4, Step 50 - valid_rmse:0.65395
Epoch 4, Step 60 - valid_rmse:0.62846
Epoch 4, Step 70 - valid_rmse:0.75693
Epoch 4, Step 80 - valid_rmse:0.56758
>>>>>>>> Model Improved From 0.6233153467548173 ----> 0.5675772835069915
Epoch 4, Step 90 - valid_rmse:0.59305
Epoch 4, Step 100 - valid_rmse:0.59175
Epoch 4, Step 110 - valid_rmse:0.63050
Epoch 4, Step 120 - valid_rmse:0.56015
>>>>>>>> Model Improved From 0.5675772835069915 ----> 0.5601485097899732
Epoch 4, Step 130 - valid_rmse:0.59771
Epoch 4, Step 140 - valid_rmse:0.54498
>>>>>>>> Model Improved From 0.5601485097899732 ----> 0.5449789092440598
Epoch 4 - avg_train_loss: 0.62434  avg_val_loss: 0.54044  time: 280s
Epoch 4 - train_rmse:0.63701  valid_rmse:0.54498
Starting 5 epoch...
Epoch 5, Step 10 - valid_rmse:0.74546
Epoch 5, Step 20 - valid_rmse:0.60682
Epoch 5, Step 30 - valid_rmse:0.68276
Epoch 5, Step 40 - valid_rmse:0.67247
Epoch 5, Step 50 - valid_rmse:0.60684
Epoch 5, Step 60 - valid_rmse:0.62299
Epoch 5, Step 70 - valid_rmse:0.58223
Epoch 5, Step 80 - valid_rmse:0.56939
Epoch 5, Step 90 - valid_rmse:0.65504
Epoch 5, Step 100 - valid_rmse:0.59465
Epoch 5, Step 110 - valid_rmse:0.63091
Epoch 5, Step 120 - valid_rmse:0.57164
Epoch 5, Step 130 - valid_rmse:0.65377
Epoch 5, Step 140 - valid_rmse:0.54025
>>>>>>>> Model Improved From 0.5449789092440598 ----> 0.5402454395041419
Epoch 5 - avg_train_loss: 0.54301  avg_val_loss: 0.53665  time: 265s
Epoch 5 - train_rmse:0.55378  valid_rmse:0.54025
Starting 6 epoch...
Epoch 6, Step 10 - valid_rmse:1.02332
Epoch 6, Step 20 - valid_rmse:0.91202
Epoch 6, Step 30 - valid_rmse:0.79540
Epoch 6, Step 40 - valid_rmse:0.62611
Epoch 6, Step 50 - valid_rmse:0.58131
Epoch 6, Step 60 - valid_rmse:0.55237
Epoch 6, Step 70 - valid_rmse:0.67581
Epoch 6, Step 80 - valid_rmse:0.55952
Epoch 6, Step 90 - valid_rmse:0.61818
Epoch 6, Step 100 - valid_rmse:0.54103
Epoch 6, Step 110 - valid_rmse:0.54440
Epoch 6, Step 120 - valid_rmse:0.54872
Epoch 6, Step 130 - valid_rmse:0.60525
Epoch 6, Step 140 - valid_rmse:0.52887
>>>>>>>> Model Improved From 0.5402454395041419 ----> 0.5288677186698202
Epoch 6 - avg_train_loss: 0.51314  avg_val_loss: 0.52514  time: 265s
Epoch 6 - train_rmse:0.53538  valid_rmse:0.52887
Starting 7 epoch...
Epoch 7, Step 10 - valid_rmse:0.79081
Epoch 7, Step 20 - valid_rmse:0.57034
Epoch 7, Step 30 - valid_rmse:0.66243
Epoch 7, Step 40 - valid_rmse:0.65749
Epoch 7, Step 50 - valid_rmse:0.56139
Epoch 7, Step 60 - valid_rmse:0.59004
Epoch 7, Step 70 - valid_rmse:0.56148
Epoch 7, Step 80 - valid_rmse:0.54944
Epoch 7, Step 90 - valid_rmse:0.53692
Epoch 7, Step 100 - valid_rmse:0.52623
>>>>>>>> Model Improved From 0.5288677186698202 ----> 0.5262250495349884
Epoch 7, Step 110 - valid_rmse:0.52262
>>>>>>>> Model Improved From 0.5262250495349884 ----> 0.5226240209078024
Epoch 7, Step 120 - valid_rmse:0.55803
Epoch 7, Step 130 - valid_rmse:0.57496
Epoch 7, Step 140 - valid_rmse:0.54703
Epoch 7 - avg_train_loss: 0.44137  avg_val_loss: 0.54192  time: 272s
Epoch 7 - train_rmse:0.45746  valid_rmse:0.54703
Starting 8 epoch...
Epoch 8, Step 10 - valid_rmse:0.57805
Epoch 8, Step 20 - valid_rmse:0.59216
Epoch 8, Step 30 - valid_rmse:0.54082
Epoch 8, Step 40 - valid_rmse:0.58725
Epoch 8, Step 50 - valid_rmse:0.52397
Epoch 8, Step 60 - valid_rmse:0.55831
Epoch 8, Step 70 - valid_rmse:0.53530
Epoch 8, Step 80 - valid_rmse:0.52693
Epoch 8, Step 90 - valid_rmse:0.53824
Epoch 8, Step 100 - valid_rmse:0.53277
Epoch 8, Step 110 - valid_rmse:0.54693
Epoch 8, Step 120 - valid_rmse:0.53142
Epoch 8, Step 130 - valid_rmse:0.53506
Epoch 8, Step 140 - valid_rmse:0.53391
Epoch 8 - avg_train_loss: 0.35258  avg_val_loss: 0.52926  time: 259s
Epoch 8 - train_rmse:0.36169  valid_rmse:0.53391
Starting 9 epoch...
Epoch 9, Step 10 - valid_rmse:0.59640
Epoch 9, Step 20 - valid_rmse:0.58581
Epoch 9, Step 30 - valid_rmse:0.54440
Epoch 9, Step 40 - valid_rmse:0.52459
Epoch 9, Step 50 - valid_rmse:0.51486
>>>>>>>> Model Improved From 0.5226240209078024 ----> 0.5148613864065615
Epoch 9, Step 60 - valid_rmse:0.52484
Epoch 9, Step 70 - valid_rmse:0.52241
Epoch 9, Step 80 - valid_rmse:0.56682
Epoch 9, Step 90 - valid_rmse:0.52408
Epoch 9, Step 100 - valid_rmse:0.54173
Epoch 9, Step 110 - valid_rmse:0.63123
Epoch 9, Step 120 - valid_rmse:0.52215
Epoch 9, Step 130 - valid_rmse:0.52910
Epoch 9, Step 140 - valid_rmse:0.54445
Epoch 9 - avg_train_loss: 0.33068  avg_val_loss: 0.53721  time: 265s
Epoch 9 - train_rmse:0.34129  valid_rmse:0.54445
load itpt model
load itpt model
load itpt model
load itpt model
load itpt model
0.48130712653071794
0.46811455398842855
0.4928653597270727
0.5056204114506951
0.5148613882203039
cv score 0.49282839617267227
