========================================================================================================================
Fold 0 Training
========================================================================================================================
load itpt model
Starting 1 epoch...
Epoch 1, Step 10 - valid_rmse:0.83690
>>>>>>>> Model Improved From inf ----> 0.8368967576827658
Epoch 1, Step 20 - valid_rmse:1.17069
Epoch 1, Step 30 - valid_rmse:0.71070
>>>>>>>> Model Improved From 0.8368967576827658 ----> 0.7106984848740635
Epoch 1, Step 40 - valid_rmse:0.88436
Epoch 1, Step 50 - valid_rmse:0.61176
>>>>>>>> Model Improved From 0.7106984848740635 ----> 0.6117634354737774
Epoch 1, Step 60 - valid_rmse:0.60660
>>>>>>>> Model Improved From 0.6117634354737774 ----> 0.6066008612748909
Epoch 1, Step 70 - valid_rmse:0.58975
>>>>>>>> Model Improved From 0.6066008612748909 ----> 0.5897474302639373
Epoch 1, Step 80 - valid_rmse:0.60656
Epoch 1, Step 90 - valid_rmse:0.56486
>>>>>>>> Model Improved From 0.5897474302639373 ----> 0.5648556551899064
Epoch 1, Step 100 - valid_rmse:0.91324
Epoch 1, Step 110 - valid_rmse:0.63694
Epoch 1, Step 120 - valid_rmse:0.61908
Epoch 1, Step 130 - valid_rmse:0.56378
>>>>>>>> Model Improved From 0.5648556551899064 ----> 0.5637814587290984
Epoch 1, Step 140 - valid_rmse:0.57978
Epoch 1 - avg_train_loss: 0.68309  avg_val_loss: 0.57466  time: 295s
Epoch 1 - train_rmse:0.70859  valid_rmse:0.57978
Starting 2 epoch...
Epoch 2, Step 10 - valid_rmse:0.56080
>>>>>>>> Model Improved From 0.5637814587290984 ----> 0.5608037350857121
Epoch 2, Step 20 - valid_rmse:0.57737
Epoch 2, Step 30 - valid_rmse:0.54258
>>>>>>>> Model Improved From 0.5608037350857121 ----> 0.5425761380326133
Epoch 2, Step 40 - valid_rmse:0.55727
Epoch 2, Step 50 - valid_rmse:0.52245
>>>>>>>> Model Improved From 0.5425761380326133 ----> 0.5224549118871555
Epoch 2, Step 60 - valid_rmse:0.54108
Epoch 2, Step 70 - valid_rmse:0.53591
Epoch 2, Step 80 - valid_rmse:0.63248
Epoch 2, Step 90 - valid_rmse:0.53651
Epoch 2, Step 100 - valid_rmse:0.51511
>>>>>>>> Model Improved From 0.5224549118871555 ----> 0.5151061745059311
Epoch 2, Step 110 - valid_rmse:0.66752
Epoch 2, Step 120 - valid_rmse:0.52997
Epoch 2, Step 130 - valid_rmse:0.52362
Epoch 2, Step 140 - valid_rmse:0.50981
>>>>>>>> Model Improved From 0.5151061745059311 ----> 0.5098099577093465
Epoch 2 - avg_train_loss: 0.46563  avg_val_loss: 0.50722  time: 281s
Epoch 2 - train_rmse:0.47410  valid_rmse:0.50981
Starting 3 epoch...
Epoch 3, Step 10 - valid_rmse:0.50894
>>>>>>>> Model Improved From 0.5098099577093465 ----> 0.5089353073978111
Epoch 3, Step 20 - valid_rmse:0.50105
>>>>>>>> Model Improved From 0.5089353073978111 ----> 0.5010513927314918
Epoch 3, Step 30 - valid_rmse:0.50603
Epoch 3, Step 40 - valid_rmse:0.55228
Epoch 3, Step 50 - valid_rmse:0.49995
>>>>>>>> Model Improved From 0.5010513927314918 ----> 0.4999476059450741
Epoch 3, Step 60 - valid_rmse:0.52715
Epoch 3, Step 70 - valid_rmse:0.49986
>>>>>>>> Model Improved From 0.4999476059450741 ----> 0.499860883023297
Epoch 3, Step 80 - valid_rmse:0.51002
Epoch 3, Step 90 - valid_rmse:0.51599
Epoch 3, Step 100 - valid_rmse:0.50944
Epoch 3, Step 110 - valid_rmse:0.49051
>>>>>>>> Model Improved From 0.499860883023297 ----> 0.4905145366443006
Epoch 3, Step 120 - valid_rmse:0.51898
Epoch 3, Step 130 - valid_rmse:0.52710
Epoch 3, Step 140 - valid_rmse:0.50717
Epoch 3 - avg_train_loss: 0.33966  avg_val_loss: 0.50361  time: 279s
Epoch 3 - train_rmse:0.34907  valid_rmse:0.50717
Starting 4 epoch...
Epoch 4, Step 10 - valid_rmse:0.55447
Epoch 4, Step 20 - valid_rmse:0.52933
Epoch 4, Step 30 - valid_rmse:0.50915
Epoch 4, Step 40 - valid_rmse:0.50993
Epoch 4, Step 50 - valid_rmse:0.51945
Epoch 4, Step 60 - valid_rmse:0.49876
Epoch 4, Step 70 - valid_rmse:0.57081
Epoch 4, Step 80 - valid_rmse:0.49113
Epoch 4, Step 90 - valid_rmse:0.52259
Epoch 4, Step 100 - valid_rmse:0.51821
Epoch 4, Step 110 - valid_rmse:0.51501
Epoch 4, Step 120 - valid_rmse:0.50244
Epoch 4, Step 130 - valid_rmse:0.57852
Epoch 4, Step 140 - valid_rmse:0.50314
Epoch 4 - avg_train_loss: 0.30364  avg_val_loss: 0.49925  time: 250s
Epoch 4 - train_rmse:0.31206  valid_rmse:0.50314
Starting 5 epoch...
Epoch 5, Step 10 - valid_rmse:0.66033
Epoch 5, Step 20 - valid_rmse:0.50708
Epoch 5, Step 30 - valid_rmse:0.52216
Epoch 5, Step 40 - valid_rmse:0.51249
Epoch 5, Step 50 - valid_rmse:0.51361
Epoch 5, Step 60 - valid_rmse:0.51849
Epoch 5, Step 70 - valid_rmse:0.51209
Epoch 5, Step 80 - valid_rmse:0.49633
Epoch 5, Step 90 - valid_rmse:0.49318
Epoch 5, Step 100 - valid_rmse:0.49023
>>>>>>>> Model Improved From 0.4905145366443006 ----> 0.49023151256497893
Epoch 5, Step 110 - valid_rmse:0.53916
Epoch 5, Step 120 - valid_rmse:0.49024
Epoch 5, Step 130 - valid_rmse:0.48981
>>>>>>>> Model Improved From 0.49023151256497893 ----> 0.48980512413994276
Epoch 5, Step 140 - valid_rmse:0.49352
Epoch 5 - avg_train_loss: 0.25617  avg_val_loss: 0.49006  time: 262s
Epoch 5 - train_rmse:0.26824  valid_rmse:0.49352
Starting 6 epoch...
Epoch 6, Step 10 - valid_rmse:0.61840
Epoch 6, Step 20 - valid_rmse:0.51175
Epoch 6, Step 30 - valid_rmse:0.50547
Epoch 6, Step 40 - valid_rmse:0.49903
Epoch 6, Step 50 - valid_rmse:0.50284
Epoch 6, Step 60 - valid_rmse:0.50850
Epoch 6, Step 70 - valid_rmse:0.49299
Epoch 6, Step 80 - valid_rmse:0.48710
>>>>>>>> Model Improved From 0.48980512413994276 ----> 0.48710150389145895
Epoch 6, Step 90 - valid_rmse:0.51226
Epoch 6, Step 100 - valid_rmse:0.49535
Epoch 6, Step 110 - valid_rmse:0.51521
Epoch 6, Step 120 - valid_rmse:0.49585
Epoch 6, Step 130 - valid_rmse:0.59147
Epoch 6, Step 140 - valid_rmse:0.49667
Epoch 6 - avg_train_loss: 0.23161  avg_val_loss: 0.49306  time: 256s
Epoch 6 - train_rmse:0.24305  valid_rmse:0.49667
Starting 7 epoch...
Epoch 7, Step 10 - valid_rmse:0.66899
Epoch 7, Step 20 - valid_rmse:0.51625
Epoch 7, Step 30 - valid_rmse:0.49109
Epoch 7, Step 40 - valid_rmse:0.48111
>>>>>>>> Model Improved From 0.48710150389145895 ----> 0.4811082076231162
Epoch 7, Step 50 - valid_rmse:0.48636
Epoch 7, Step 60 - valid_rmse:0.48037
>>>>>>>> Model Improved From 0.4811082076231162 ----> 0.48036880412382776
Epoch 7, Step 70 - valid_rmse:0.48318
Epoch 7, Step 80 - valid_rmse:0.48432
Epoch 7, Step 90 - valid_rmse:0.49028
Epoch 7, Step 100 - valid_rmse:0.49769
Epoch 7, Step 110 - valid_rmse:0.48682
Epoch 7, Step 120 - valid_rmse:0.49011
Epoch 7, Step 130 - valid_rmse:0.48569
Epoch 7, Step 140 - valid_rmse:0.49866
Epoch 7 - avg_train_loss: 0.20896  avg_val_loss: 0.49497  time: 262s
Epoch 7 - train_rmse:0.22539  valid_rmse:0.49866
Starting 8 epoch...
Epoch 8, Step 10 - valid_rmse:0.56994
Epoch 8, Step 20 - valid_rmse:0.55785
Epoch 8, Step 30 - valid_rmse:0.49774
Epoch 8, Step 40 - valid_rmse:0.50458
Epoch 8, Step 50 - valid_rmse:0.48231
Epoch 8, Step 60 - valid_rmse:0.48842
Epoch 8, Step 70 - valid_rmse:0.48366
Epoch 8, Step 80 - valid_rmse:0.48549
Epoch 8, Step 90 - valid_rmse:0.48913
Epoch 8, Step 100 - valid_rmse:0.52357
Epoch 8, Step 110 - valid_rmse:0.48601
Epoch 8, Step 120 - valid_rmse:0.50008
Epoch 8, Step 130 - valid_rmse:0.48950
Epoch 8, Step 140 - valid_rmse:0.49208
Epoch 8 - avg_train_loss: 0.16855  avg_val_loss: 0.48768  time: 249s
Epoch 8 - train_rmse:0.17646  valid_rmse:0.49208
Starting 9 epoch...
Epoch 9, Step 10 - valid_rmse:0.50238
Epoch 9, Step 20 - valid_rmse:0.51319
Epoch 9, Step 30 - valid_rmse:0.49617
Epoch 9, Step 40 - valid_rmse:0.49367
Epoch 9, Step 50 - valid_rmse:0.49312
Epoch 9, Step 60 - valid_rmse:0.49329
Epoch 9, Step 70 - valid_rmse:0.49225
Epoch 9, Step 80 - valid_rmse:0.49460
Epoch 9, Step 90 - valid_rmse:0.48964
Epoch 9, Step 100 - valid_rmse:0.49028
Epoch 9, Step 110 - valid_rmse:0.48262
Epoch 9, Step 120 - valid_rmse:0.48893
Epoch 9, Step 130 - valid_rmse:0.49163
Epoch 9, Step 140 - valid_rmse:0.48067
Epoch 9 - avg_train_loss: 0.15614  avg_val_loss: 0.47640  time: 249s
Epoch 9 - train_rmse:0.16349  valid_rmse:0.48067
========================================================================================================================
Fold 1 Training
========================================================================================================================
load itpt model
Starting 1 epoch...
Epoch 1, Step 10 - valid_rmse:0.77542
>>>>>>>> Model Improved From inf ----> 0.7754243722582925
Epoch 1, Step 20 - valid_rmse:0.64506
>>>>>>>> Model Improved From 0.7754243722582925 ----> 0.6450565253433258
Epoch 1, Step 30 - valid_rmse:0.69340
Epoch 1, Step 40 - valid_rmse:0.65873
Epoch 1, Step 50 - valid_rmse:0.65401
Epoch 1, Step 60 - valid_rmse:0.66817
Epoch 1, Step 70 - valid_rmse:0.58595
>>>>>>>> Model Improved From 0.6450565253433258 ----> 0.5859500667380734
Epoch 1, Step 80 - valid_rmse:0.53147
>>>>>>>> Model Improved From 0.5859500667380734 ----> 0.5314674248613516
Epoch 1, Step 90 - valid_rmse:0.52891
>>>>>>>> Model Improved From 0.5314674248613516 ----> 0.5289117337841249
Epoch 1, Step 100 - valid_rmse:0.51285
>>>>>>>> Model Improved From 0.5289117337841249 ----> 0.5128457580694381
Epoch 1, Step 110 - valid_rmse:0.49550
>>>>>>>> Model Improved From 0.5128457580694381 ----> 0.4954975149807192
Epoch 1, Step 120 - valid_rmse:0.66510
Epoch 1, Step 130 - valid_rmse:0.55385
Epoch 1, Step 140 - valid_rmse:0.51550
Epoch 1 - avg_train_loss: 0.64932  avg_val_loss: 0.50752  time: 289s
Epoch 1 - train_rmse:0.67232  valid_rmse:0.51550
Starting 2 epoch...
Epoch 2, Step 10 - valid_rmse:0.63505
Epoch 2, Step 20 - valid_rmse:0.64430
Epoch 2, Step 30 - valid_rmse:0.56154
Epoch 2, Step 40 - valid_rmse:0.55385
Epoch 2, Step 50 - valid_rmse:0.53246
Epoch 2, Step 60 - valid_rmse:0.50634
Epoch 2, Step 70 - valid_rmse:0.48962
>>>>>>>> Model Improved From 0.4954975149807192 ----> 0.4896210487799773
Epoch 2, Step 80 - valid_rmse:0.50279
Epoch 2, Step 90 - valid_rmse:0.48837
>>>>>>>> Model Improved From 0.4896210487799773 ----> 0.4883720236736796
Epoch 2, Step 100 - valid_rmse:0.56064
Epoch 2, Step 110 - valid_rmse:0.52292
Epoch 2, Step 120 - valid_rmse:0.57934
Epoch 2, Step 130 - valid_rmse:0.49536
Epoch 2, Step 140 - valid_rmse:0.50588
Epoch 2 - avg_train_loss: 0.46585  avg_val_loss: 0.50097  time: 263s
Epoch 2 - train_rmse:0.47642  valid_rmse:0.50588
Starting 3 epoch...
Epoch 3, Step 10 - valid_rmse:0.64182
Epoch 3, Step 20 - valid_rmse:0.56397
Epoch 3, Step 30 - valid_rmse:0.53115
Epoch 3, Step 40 - valid_rmse:0.49033
Epoch 3, Step 50 - valid_rmse:0.50571
Epoch 3, Step 60 - valid_rmse:0.49198
Epoch 3, Step 70 - valid_rmse:0.50855
Epoch 3, Step 80 - valid_rmse:0.52157
Epoch 3, Step 90 - valid_rmse:0.51805
Epoch 3, Step 100 - valid_rmse:0.49715
Epoch 3, Step 110 - valid_rmse:0.51328
Epoch 3, Step 120 - valid_rmse:0.51977
Epoch 3, Step 130 - valid_rmse:0.51565
Epoch 3, Step 140 - valid_rmse:0.51811
Epoch 3 - avg_train_loss: 0.34915  avg_val_loss: 0.51108  time: 250s
Epoch 3 - train_rmse:0.35938  valid_rmse:0.51811
Starting 4 epoch...
Epoch 4, Step 10 - valid_rmse:0.50665
Epoch 4, Step 20 - valid_rmse:0.50256
Epoch 4, Step 30 - valid_rmse:0.49483
Epoch 4, Step 40 - valid_rmse:0.49430
Epoch 4, Step 50 - valid_rmse:0.55496
Epoch 4, Step 60 - valid_rmse:0.52129
Epoch 4, Step 70 - valid_rmse:0.64176
Epoch 4, Step 80 - valid_rmse:0.50747
Epoch 4, Step 90 - valid_rmse:0.48000
>>>>>>>> Model Improved From 0.4883720236736796 ----> 0.48000279367415855
Epoch 4, Step 100 - valid_rmse:0.50476
Epoch 4, Step 110 - valid_rmse:0.52833
Epoch 4, Step 120 - valid_rmse:0.53293
Epoch 4, Step 130 - valid_rmse:0.51672
Epoch 4, Step 140 - valid_rmse:0.48226
Epoch 4 - avg_train_loss: 0.31122  avg_val_loss: 0.47736  time: 255s
Epoch 4 - train_rmse:0.32298  valid_rmse:0.48226
Starting 5 epoch...
Epoch 5, Step 10 - valid_rmse:0.53257
Epoch 5, Step 20 - valid_rmse:0.48862
Epoch 5, Step 30 - valid_rmse:0.49690
Epoch 5, Step 40 - valid_rmse:0.47421
>>>>>>>> Model Improved From 0.48000279367415855 ----> 0.47421181213268454
Epoch 5, Step 50 - valid_rmse:0.49210
Epoch 5, Step 60 - valid_rmse:0.47953
Epoch 5, Step 70 - valid_rmse:0.56195
Epoch 5, Step 80 - valid_rmse:0.48591
Epoch 5, Step 90 - valid_rmse:0.52377
Epoch 5, Step 100 - valid_rmse:0.47694
Epoch 5, Step 110 - valid_rmse:0.47712
Epoch 5, Step 120 - valid_rmse:0.47155
>>>>>>>> Model Improved From 0.47421181213268454 ----> 0.47154520227366853
Epoch 5, Step 130 - valid_rmse:0.48879
Epoch 5, Step 140 - valid_rmse:0.48453
Epoch 5 - avg_train_loss: 0.28852  avg_val_loss: 0.47901  time: 263s
Epoch 5 - train_rmse:0.30361  valid_rmse:0.48453
Starting 6 epoch...
Epoch 6, Step 10 - valid_rmse:0.62679
Epoch 6, Step 20 - valid_rmse:0.56853
Epoch 6, Step 30 - valid_rmse:0.51243
Epoch 6, Step 40 - valid_rmse:0.51386
Epoch 6, Step 50 - valid_rmse:0.55910
Epoch 6, Step 60 - valid_rmse:0.51378
Epoch 6, Step 70 - valid_rmse:0.50636
Epoch 6, Step 80 - valid_rmse:0.47655
Epoch 6, Step 90 - valid_rmse:0.48909
Epoch 6, Step 100 - valid_rmse:0.48401
Epoch 6, Step 110 - valid_rmse:0.47484
Epoch 6, Step 120 - valid_rmse:0.47979
Epoch 6, Step 130 - valid_rmse:0.48891
Epoch 6, Step 140 - valid_rmse:0.50379
Epoch 6 - avg_train_loss: 0.24339  avg_val_loss: 0.49903  time: 250s
Epoch 6 - train_rmse:0.25474  valid_rmse:0.50379
Starting 7 epoch...
Epoch 7, Step 10 - valid_rmse:0.60789
Epoch 7, Step 20 - valid_rmse:0.54637
Epoch 7, Step 30 - valid_rmse:0.53481
Epoch 7, Step 40 - valid_rmse:0.51088
Epoch 7, Step 50 - valid_rmse:0.48175
Epoch 7, Step 60 - valid_rmse:0.50590
Epoch 7, Step 70 - valid_rmse:0.48369
Epoch 7, Step 80 - valid_rmse:0.47552
Epoch 7, Step 90 - valid_rmse:0.51850
Epoch 7, Step 100 - valid_rmse:0.47037
>>>>>>>> Model Improved From 0.47154520227366853 ----> 0.47036533337941866
Epoch 7, Step 110 - valid_rmse:0.47841
Epoch 7, Step 120 - valid_rmse:0.48073
Epoch 7, Step 130 - valid_rmse:0.47799
Epoch 7, Step 140 - valid_rmse:0.47710
Epoch 7 - avg_train_loss: 0.22146  avg_val_loss: 0.47179  time: 255s
Epoch 7 - train_rmse:0.23060  valid_rmse:0.47710
Starting 8 epoch...
Epoch 8, Step 10 - valid_rmse:0.52397
Epoch 8, Step 20 - valid_rmse:0.51174
Epoch 8, Step 30 - valid_rmse:0.48740
Epoch 8, Step 40 - valid_rmse:0.48601
Epoch 8, Step 50 - valid_rmse:0.48672
Epoch 8, Step 60 - valid_rmse:0.49077
Epoch 8, Step 70 - valid_rmse:0.49381
Epoch 8, Step 80 - valid_rmse:0.49469
Epoch 8, Step 90 - valid_rmse:0.48438
Epoch 8, Step 100 - valid_rmse:0.47602
Epoch 8, Step 110 - valid_rmse:0.48651
Epoch 8, Step 120 - valid_rmse:0.47421
Epoch 8, Step 130 - valid_rmse:0.47337
Epoch 8, Step 140 - valid_rmse:0.47583
Epoch 8 - avg_train_loss: 0.18360  avg_val_loss: 0.46972  time: 249s
Epoch 8 - train_rmse:0.18967  valid_rmse:0.47583
Starting 9 epoch...
Epoch 9, Step 10 - valid_rmse:0.51677
Epoch 9, Step 20 - valid_rmse:0.51065
Epoch 9, Step 30 - valid_rmse:0.48491
Epoch 9, Step 40 - valid_rmse:0.48691
Epoch 9, Step 50 - valid_rmse:0.50061
Epoch 9, Step 60 - valid_rmse:0.49899
Epoch 9, Step 70 - valid_rmse:0.49838
Epoch 9, Step 80 - valid_rmse:0.51777
Epoch 9, Step 90 - valid_rmse:0.48788
Epoch 9, Step 100 - valid_rmse:0.48137
Epoch 9, Step 110 - valid_rmse:0.48558
Epoch 9, Step 120 - valid_rmse:0.49332
Epoch 9, Step 130 - valid_rmse:0.47318
Epoch 9, Step 140 - valid_rmse:0.49653
Epoch 9 - avg_train_loss: 0.17971  avg_val_loss: 0.48982  time: 249s
Epoch 9 - train_rmse:0.18865  valid_rmse:0.49653
========================================================================================================================
Fold 2 Training
========================================================================================================================
load itpt model
Starting 1 epoch...
Epoch 1, Step 10 - valid_rmse:0.79766
>>>>>>>> Model Improved From inf ----> 0.7976587913298837
Epoch 1, Step 20 - valid_rmse:0.78744
>>>>>>>> Model Improved From 0.7976587913298837 ----> 0.787444764303483
Epoch 1, Step 30 - valid_rmse:0.75938
>>>>>>>> Model Improved From 0.787444764303483 ----> 0.7593808577881043
Epoch 1, Step 40 - valid_rmse:0.87768
Epoch 1, Step 50 - valid_rmse:0.71069
>>>>>>>> Model Improved From 0.7593808577881043 ----> 0.7106890774572567
Epoch 1, Step 60 - valid_rmse:0.71299
Epoch 1, Step 70 - valid_rmse:0.69734
>>>>>>>> Model Improved From 0.7106890774572567 ----> 0.697342089965068
Epoch 1, Step 80 - valid_rmse:0.67474
>>>>>>>> Model Improved From 0.697342089965068 ----> 0.6747435255407199
Epoch 1, Step 90 - valid_rmse:0.61984
>>>>>>>> Model Improved From 0.6747435255407199 ----> 0.6198354854971732
Epoch 1, Step 100 - valid_rmse:0.62471
Epoch 1, Step 110 - valid_rmse:0.58929
>>>>>>>> Model Improved From 0.6198354854971732 ----> 0.5892932018590304
Epoch 1, Step 120 - valid_rmse:0.62427
Epoch 1, Step 130 - valid_rmse:0.62199
Epoch 1, Step 140 - valid_rmse:0.57570
>>>>>>>> Model Improved From 0.5892932018590304 ----> 0.5757038295260205
Epoch 1 - avg_train_loss: 0.68791  avg_val_loss: 0.56878  time: 305s
Epoch 1 - train_rmse:0.71646  valid_rmse:0.57570
Starting 2 epoch...
Epoch 2, Step 10 - valid_rmse:0.59743
Epoch 2, Step 20 - valid_rmse:0.64476
Epoch 2, Step 30 - valid_rmse:0.56787
>>>>>>>> Model Improved From 0.5757038295260205 ----> 0.5678702961305403
Epoch 2, Step 40 - valid_rmse:0.58005
Epoch 2, Step 50 - valid_rmse:0.54300
>>>>>>>> Model Improved From 0.5678702961305403 ----> 0.5430041212847769
Epoch 2, Step 60 - valid_rmse:0.59698
Epoch 2, Step 70 - valid_rmse:0.56721
Epoch 2, Step 80 - valid_rmse:0.54580
Epoch 2, Step 90 - valid_rmse:0.53759
>>>>>>>> Model Improved From 0.5430041212847769 ----> 0.5375896514319741
Epoch 2, Step 100 - valid_rmse:0.54591
Epoch 2, Step 110 - valid_rmse:0.56538
Epoch 2, Step 120 - valid_rmse:0.59100
Epoch 2, Step 130 - valid_rmse:0.56187
Epoch 2, Step 140 - valid_rmse:0.57524
Epoch 2 - avg_train_loss: 0.44641  avg_val_loss: 0.56475  time: 270s
Epoch 2 - train_rmse:0.45708  valid_rmse:0.57524
Starting 3 epoch...
Epoch 3, Step 10 - valid_rmse:0.58267
Epoch 3, Step 20 - valid_rmse:0.57380
Epoch 3, Step 30 - valid_rmse:0.57330
Epoch 3, Step 40 - valid_rmse:0.56602
Epoch 3, Step 50 - valid_rmse:0.54283
Epoch 3, Step 60 - valid_rmse:0.53098
>>>>>>>> Model Improved From 0.5375896514319741 ----> 0.5309762324908855
Epoch 3, Step 70 - valid_rmse:0.53097
>>>>>>>> Model Improved From 0.5309762324908855 ----> 0.5309673082743492
Epoch 3, Step 80 - valid_rmse:0.57468
Epoch 3, Step 90 - valid_rmse:0.53245
Epoch 3, Step 100 - valid_rmse:0.57282
Epoch 3, Step 110 - valid_rmse:0.52253
>>>>>>>> Model Improved From 0.5309673082743492 ----> 0.5225266361473511
Epoch 3, Step 120 - valid_rmse:0.57388
Epoch 3, Step 130 - valid_rmse:0.56161
Epoch 3, Step 140 - valid_rmse:0.55421
Epoch 3 - avg_train_loss: 0.32890  avg_val_loss: 0.54309  time: 270s
Epoch 3 - train_rmse:0.33809  valid_rmse:0.55421
Starting 4 epoch...
Epoch 4, Step 10 - valid_rmse:0.56845
Epoch 4, Step 20 - valid_rmse:0.53537
Epoch 4, Step 30 - valid_rmse:0.53120
Epoch 4, Step 40 - valid_rmse:0.53275
Epoch 4, Step 50 - valid_rmse:0.55728
Epoch 4, Step 60 - valid_rmse:0.55392
Epoch 4, Step 70 - valid_rmse:0.52410
Epoch 4, Step 80 - valid_rmse:0.53803
Epoch 4, Step 90 - valid_rmse:0.53534
Epoch 4, Step 100 - valid_rmse:0.53486
Epoch 4, Step 110 - valid_rmse:0.52198
>>>>>>>> Model Improved From 0.5225266361473511 ----> 0.5219755773621353
Epoch 4, Step 120 - valid_rmse:0.53626
Epoch 4, Step 130 - valid_rmse:0.57999
Epoch 4, Step 140 - valid_rmse:0.58792
Epoch 4 - avg_train_loss: 0.28180  avg_val_loss: 0.57882  time: 257s
Epoch 4 - train_rmse:0.29036  valid_rmse:0.58792
Starting 5 epoch...
Epoch 5, Step 10 - valid_rmse:0.57796
Epoch 5, Step 20 - valid_rmse:0.52805
Epoch 5, Step 30 - valid_rmse:0.61467
Epoch 5, Step 40 - valid_rmse:0.54876
Epoch 5, Step 50 - valid_rmse:0.54292
Epoch 5, Step 60 - valid_rmse:0.52853
Epoch 5, Step 70 - valid_rmse:0.53152
Epoch 5, Step 80 - valid_rmse:0.53635
Epoch 5, Step 90 - valid_rmse:0.53818
Epoch 5, Step 100 - valid_rmse:0.53742
Epoch 5, Step 110 - valid_rmse:0.54047
Epoch 5, Step 120 - valid_rmse:0.52832
Epoch 5, Step 130 - valid_rmse:0.54020
Epoch 5, Step 140 - valid_rmse:0.52242
Epoch 5 - avg_train_loss: 0.25370  avg_val_loss: 0.51280  time: 250s
Epoch 5 - train_rmse:0.26620  valid_rmse:0.52242
Starting 6 epoch...
Epoch 6, Step 10 - valid_rmse:0.59546
Epoch 6, Step 20 - valid_rmse:0.53880
Epoch 6, Step 30 - valid_rmse:0.52108
>>>>>>>> Model Improved From 0.5219755773621353 ----> 0.5210836517351206
Epoch 6, Step 40 - valid_rmse:0.55918
Epoch 6, Step 50 - valid_rmse:0.52832
Epoch 6, Step 60 - valid_rmse:0.52538
Epoch 6, Step 70 - valid_rmse:0.54843
Epoch 6, Step 80 - valid_rmse:0.53228
Epoch 6, Step 90 - valid_rmse:0.52597
Epoch 6, Step 100 - valid_rmse:0.53581
Epoch 6, Step 110 - valid_rmse:0.54230
Epoch 6, Step 120 - valid_rmse:0.51840
>>>>>>>> Model Improved From 0.5210836517351206 ----> 0.5183962058205288
Epoch 6, Step 130 - valid_rmse:0.51674
>>>>>>>> Model Improved From 0.5183962058205288 ----> 0.5167370224634856
Epoch 6, Step 140 - valid_rmse:0.54352
Epoch 6 - avg_train_loss: 0.21384  avg_val_loss: 0.53318  time: 271s
Epoch 6 - train_rmse:0.21933  valid_rmse:0.54352
Starting 7 epoch...
Epoch 7, Step 10 - valid_rmse:0.56576
Epoch 7, Step 20 - valid_rmse:0.53604
Epoch 7, Step 30 - valid_rmse:0.52858
Epoch 7, Step 40 - valid_rmse:0.52568
Epoch 7, Step 50 - valid_rmse:0.52297
Epoch 7, Step 60 - valid_rmse:0.53326
Epoch 7, Step 70 - valid_rmse:0.52805
Epoch 7, Step 80 - valid_rmse:0.52442
Epoch 7, Step 90 - valid_rmse:0.52856
Epoch 7, Step 100 - valid_rmse:0.52865
Epoch 7, Step 110 - valid_rmse:0.52586
Epoch 7, Step 120 - valid_rmse:0.53267
Epoch 7, Step 130 - valid_rmse:0.52849
Epoch 7, Step 140 - valid_rmse:0.56107
Epoch 7 - avg_train_loss: 0.18716  avg_val_loss: 0.55499  time: 250s
Epoch 7 - train_rmse:0.19468  valid_rmse:0.56107
Starting 8 epoch...
Epoch 8, Step 10 - valid_rmse:0.60961
Epoch 8, Step 20 - valid_rmse:0.58340
Epoch 8, Step 30 - valid_rmse:0.53117
Epoch 8, Step 40 - valid_rmse:0.54668
Epoch 8, Step 50 - valid_rmse:0.52852
Epoch 8, Step 60 - valid_rmse:0.53943
Epoch 8, Step 70 - valid_rmse:0.53094
Epoch 8, Step 80 - valid_rmse:0.53107
Epoch 8, Step 90 - valid_rmse:0.52381
Epoch 8, Step 100 - valid_rmse:0.52110
Epoch 8, Step 110 - valid_rmse:0.52322
Epoch 8, Step 120 - valid_rmse:0.52459
Epoch 8, Step 130 - valid_rmse:0.52966
Epoch 8, Step 140 - valid_rmse:0.53472
Epoch 8 - avg_train_loss: 0.17520  avg_val_loss: 0.52610  time: 249s
Epoch 8 - train_rmse:0.18110  valid_rmse:0.53472
Starting 9 epoch...
Epoch 9, Step 10 - valid_rmse:0.54345
Epoch 9, Step 20 - valid_rmse:0.59524
Epoch 9, Step 30 - valid_rmse:0.55639
Epoch 9, Step 40 - valid_rmse:0.54538
Epoch 9, Step 50 - valid_rmse:0.52920
Epoch 9, Step 60 - valid_rmse:0.52247
Epoch 9, Step 70 - valid_rmse:0.51688
Epoch 9, Step 80 - valid_rmse:0.54947
Epoch 9, Step 90 - valid_rmse:0.52536
Epoch 9, Step 100 - valid_rmse:0.52002
Epoch 9, Step 110 - valid_rmse:0.52509
Epoch 9, Step 120 - valid_rmse:0.52269
Epoch 9, Step 130 - valid_rmse:0.52644
Epoch 9, Step 140 - valid_rmse:0.53161
Epoch 9 - avg_train_loss: 0.18981  avg_val_loss: 0.52321  time: 249s
Epoch 9 - train_rmse:0.19933  valid_rmse:0.53161
========================================================================================================================
Fold 3 Training
========================================================================================================================
load itpt model
Starting 1 epoch...
Epoch 1, Step 10 - valid_rmse:0.81618
>>>>>>>> Model Improved From inf ----> 0.8161802708269265
Epoch 1, Step 20 - valid_rmse:0.66077
>>>>>>>> Model Improved From 0.8161802708269265 ----> 0.6607686945859356
Epoch 1, Step 30 - valid_rmse:0.65396
>>>>>>>> Model Improved From 0.6607686945859356 ----> 0.6539605527048123
Epoch 1, Step 40 - valid_rmse:0.65133
>>>>>>>> Model Improved From 0.6539605527048123 ----> 0.6513273140006577
Epoch 1, Step 50 - valid_rmse:0.67814
Epoch 1, Step 60 - valid_rmse:0.69593
Epoch 1, Step 70 - valid_rmse:0.60714
>>>>>>>> Model Improved From 0.6513273140006577 ----> 0.6071437320284344
Epoch 1, Step 80 - valid_rmse:0.60486
>>>>>>>> Model Improved From 0.6071437320284344 ----> 0.6048597520092609
Epoch 1, Step 90 - valid_rmse:0.55174
>>>>>>>> Model Improved From 0.6048597520092609 ----> 0.5517442287113716
Epoch 1, Step 100 - valid_rmse:0.61365
Epoch 1, Step 110 - valid_rmse:0.55929
Epoch 1, Step 120 - valid_rmse:0.55961
Epoch 1, Step 130 - valid_rmse:0.57661
Epoch 1, Step 140 - valid_rmse:0.62662
Epoch 1 - avg_train_loss: 0.64603  avg_val_loss: 0.62357  time: 290s
Epoch 1 - train_rmse:0.66939  valid_rmse:0.62662
Starting 2 epoch...
Epoch 2, Step 10 - valid_rmse:0.64308
Epoch 2, Step 20 - valid_rmse:0.85771
Epoch 2, Step 30 - valid_rmse:0.52555
>>>>>>>> Model Improved From 0.5517442287113716 ----> 0.5255495974033623
Epoch 2, Step 40 - valid_rmse:0.63143
Epoch 2, Step 50 - valid_rmse:0.52502
>>>>>>>> Model Improved From 0.5255495974033623 ----> 0.5250168681044234
Epoch 2, Step 60 - valid_rmse:0.51361
>>>>>>>> Model Improved From 0.5250168681044234 ----> 0.513606142769026
Epoch 2, Step 70 - valid_rmse:0.50854
>>>>>>>> Model Improved From 0.513606142769026 ----> 0.5085399572828219
Epoch 2, Step 80 - valid_rmse:0.54080
Epoch 2, Step 90 - valid_rmse:0.52736
Epoch 2, Step 100 - valid_rmse:0.52991
Epoch 2, Step 110 - valid_rmse:0.54602
Epoch 2, Step 120 - valid_rmse:0.58244
Epoch 2, Step 130 - valid_rmse:0.51573
Epoch 2, Step 140 - valid_rmse:0.59757
Epoch 2 - avg_train_loss: 0.45423  avg_val_loss: 0.59416  time: 275s
Epoch 2 - train_rmse:0.46510  valid_rmse:0.59757
Starting 3 epoch...
Epoch 3, Step 10 - valid_rmse:0.52256
Epoch 3, Step 20 - valid_rmse:0.53255
Epoch 3, Step 30 - valid_rmse:0.50536
>>>>>>>> Model Improved From 0.5085399572828219 ----> 0.5053567954150193
Epoch 3, Step 40 - valid_rmse:0.50035
>>>>>>>> Model Improved From 0.5053567954150193 ----> 0.500351808725519
Epoch 3, Step 50 - valid_rmse:0.50037
Epoch 3, Step 60 - valid_rmse:0.52588
Epoch 3, Step 70 - valid_rmse:0.52638
Epoch 3, Step 80 - valid_rmse:0.52371
Epoch 3, Step 90 - valid_rmse:0.52145
Epoch 3, Step 100 - valid_rmse:0.49764
>>>>>>>> Model Improved From 0.500351808725519 ----> 0.49764309770923776
Epoch 3, Step 110 - valid_rmse:0.50122
Epoch 3, Step 120 - valid_rmse:0.55767
Epoch 3, Step 130 - valid_rmse:0.54271
Epoch 3, Step 140 - valid_rmse:0.53188
Epoch 3 - avg_train_loss: 0.33631  avg_val_loss: 0.52537  time: 269s
Epoch 3 - train_rmse:0.34554  valid_rmse:0.53188
Starting 4 epoch...
Epoch 4, Step 10 - valid_rmse:0.50624
Epoch 4, Step 20 - valid_rmse:0.51345
Epoch 4, Step 30 - valid_rmse:0.53995
Epoch 4, Step 40 - valid_rmse:0.52435
Epoch 4, Step 50 - valid_rmse:0.51540
Epoch 4, Step 60 - valid_rmse:0.53982
Epoch 4, Step 70 - valid_rmse:0.54150
Epoch 4, Step 80 - valid_rmse:0.50686
Epoch 4, Step 90 - valid_rmse:0.50832
Epoch 4, Step 100 - valid_rmse:0.51124
Epoch 4, Step 110 - valid_rmse:0.51757
Epoch 4, Step 120 - valid_rmse:0.50560
Epoch 4, Step 130 - valid_rmse:0.50445
Epoch 4, Step 140 - valid_rmse:0.52072
Epoch 4 - avg_train_loss: 0.25179  avg_val_loss: 0.51707  time: 250s
Epoch 4 - train_rmse:0.25865  valid_rmse:0.52072
Starting 5 epoch...
Epoch 5, Step 10 - valid_rmse:0.57122
Epoch 5, Step 20 - valid_rmse:0.51678
Epoch 5, Step 30 - valid_rmse:0.54268
Epoch 5, Step 40 - valid_rmse:0.50167
Epoch 5, Step 50 - valid_rmse:0.51645
Epoch 5, Step 60 - valid_rmse:0.50850
Epoch 5, Step 70 - valid_rmse:0.55141
Epoch 5, Step 80 - valid_rmse:0.50883
Epoch 5, Step 90 - valid_rmse:0.53416
Epoch 5, Step 100 - valid_rmse:0.50799
Epoch 5, Step 110 - valid_rmse:0.53645
Epoch 5, Step 120 - valid_rmse:0.51662
Epoch 5, Step 130 - valid_rmse:0.50444
Epoch 5, Step 140 - valid_rmse:0.50223
Epoch 5 - avg_train_loss: 0.23063  avg_val_loss: 0.49926  time: 249s
Epoch 5 - train_rmse:0.23704  valid_rmse:0.50223
Starting 6 epoch...
Epoch 6, Step 10 - valid_rmse:0.59023
Epoch 6, Step 20 - valid_rmse:0.51958
Epoch 6, Step 30 - valid_rmse:0.52456
Epoch 6, Step 40 - valid_rmse:0.51974
Epoch 6, Step 50 - valid_rmse:0.50559
Epoch 6, Step 60 - valid_rmse:0.50135
Epoch 6, Step 70 - valid_rmse:0.52495
Epoch 6, Step 80 - valid_rmse:0.50474
Epoch 6, Step 90 - valid_rmse:0.52199
Epoch 6, Step 100 - valid_rmse:0.49919
Epoch 6, Step 110 - valid_rmse:0.52972
Epoch 6, Step 120 - valid_rmse:0.50517
Epoch 6, Step 130 - valid_rmse:0.51752
Epoch 6, Step 140 - valid_rmse:0.52021
Epoch 6 - avg_train_loss: 0.19540  avg_val_loss: 0.51584  time: 249s
Epoch 6 - train_rmse:0.20095  valid_rmse:0.52021
Starting 7 epoch...
Epoch 7, Step 10 - valid_rmse:0.53621
Epoch 7, Step 20 - valid_rmse:0.52146
Epoch 7, Step 30 - valid_rmse:0.52303
Epoch 7, Step 40 - valid_rmse:0.53799
Epoch 7, Step 50 - valid_rmse:0.51592
Epoch 7, Step 60 - valid_rmse:0.51169
Epoch 7, Step 70 - valid_rmse:0.51409
Epoch 7, Step 80 - valid_rmse:0.53431
Epoch 7, Step 90 - valid_rmse:0.51217
Epoch 7, Step 100 - valid_rmse:0.52811
Epoch 7, Step 110 - valid_rmse:0.51797
Epoch 7, Step 120 - valid_rmse:0.51053
Epoch 7, Step 130 - valid_rmse:0.52721
Epoch 7, Step 140 - valid_rmse:0.51203
Epoch 7 - avg_train_loss: 0.18608  avg_val_loss: 0.50856  time: 250s
Epoch 7 - train_rmse:0.19783  valid_rmse:0.51203
Starting 8 epoch...
Epoch 8, Step 10 - valid_rmse:0.54156
Epoch 8, Step 20 - valid_rmse:0.53711
Epoch 8, Step 30 - valid_rmse:0.51213
Epoch 8, Step 40 - valid_rmse:0.54184
Epoch 8, Step 50 - valid_rmse:0.51076
Epoch 8, Step 60 - valid_rmse:0.51720
Epoch 8, Step 70 - valid_rmse:0.51413
Epoch 8, Step 80 - valid_rmse:0.51310
Epoch 8, Step 90 - valid_rmse:0.50752
Epoch 8, Step 100 - valid_rmse:0.51879
Epoch 8, Step 110 - valid_rmse:0.51656
Epoch 8, Step 120 - valid_rmse:0.51248
Epoch 8, Step 130 - valid_rmse:0.50714
Epoch 8, Step 140 - valid_rmse:0.50158
Epoch 8 - avg_train_loss: 0.17066  avg_val_loss: 0.49837  time: 250s
Epoch 8 - train_rmse:0.17483  valid_rmse:0.50158
Starting 9 epoch...
Epoch 9, Step 10 - valid_rmse:0.49742
>>>>>>>> Model Improved From 0.49764309770923776 ----> 0.497415461038063
Epoch 9, Step 20 - valid_rmse:0.51388
Epoch 9, Step 30 - valid_rmse:0.51211
Epoch 9, Step 40 - valid_rmse:0.53570
Epoch 9, Step 50 - valid_rmse:0.51029
Epoch 9, Step 60 - valid_rmse:0.52261
Epoch 9, Step 70 - valid_rmse:0.54278
Epoch 9, Step 80 - valid_rmse:0.52529
Epoch 9, Step 90 - valid_rmse:0.51384
Epoch 9, Step 100 - valid_rmse:0.52116
Epoch 9, Step 110 - valid_rmse:0.52389
Epoch 9, Step 120 - valid_rmse:0.51267
Epoch 9, Step 130 - valid_rmse:0.52371
Epoch 9, Step 140 - valid_rmse:0.53733
Epoch 9 - avg_train_loss: 0.16010  avg_val_loss: 0.53312  time: 256s
Epoch 9 - train_rmse:0.16396  valid_rmse:0.53733
========================================================================================================================
Fold 4 Training
========================================================================================================================
load itpt model
Starting 1 epoch...
Epoch 1, Step 10 - valid_rmse:0.78779
>>>>>>>> Model Improved From inf ----> 0.7877855009358092
Epoch 1, Step 20 - valid_rmse:0.75396
>>>>>>>> Model Improved From 0.7877855009358092 ----> 0.7539588856089506
Epoch 1, Step 30 - valid_rmse:0.68852
>>>>>>>> Model Improved From 0.7539588856089506 ----> 0.6885202946505593
Epoch 1, Step 40 - valid_rmse:0.80774
Epoch 1, Step 50 - valid_rmse:0.68192
>>>>>>>> Model Improved From 0.6885202946505593 ----> 0.6819166889855024
Epoch 1, Step 60 - valid_rmse:0.61007
>>>>>>>> Model Improved From 0.6819166889855024 ----> 0.6100660039592165
Epoch 1, Step 70 - valid_rmse:0.60612
>>>>>>>> Model Improved From 0.6100660039592165 ----> 0.6061151713373184
Epoch 1, Step 80 - valid_rmse:0.62989
Epoch 1, Step 90 - valid_rmse:0.63432
Epoch 1, Step 100 - valid_rmse:0.64164
Epoch 1, Step 110 - valid_rmse:0.56057
>>>>>>>> Model Improved From 0.6061151713373184 ----> 0.5605660115555177
Epoch 1, Step 120 - valid_rmse:0.61591
Epoch 1, Step 130 - valid_rmse:0.52379
>>>>>>>> Model Improved From 0.5605660115555177 ----> 0.5237935513365133
Epoch 1, Step 140 - valid_rmse:0.55007
Epoch 1 - avg_train_loss: 0.67011  avg_val_loss: 0.54352  time: 295s
Epoch 1 - train_rmse:0.69613  valid_rmse:0.55007
Starting 2 epoch...
Epoch 2, Step 10 - valid_rmse:0.57781
Epoch 2, Step 20 - valid_rmse:0.54697
Epoch 2, Step 30 - valid_rmse:0.54697
Epoch 2, Step 40 - valid_rmse:0.53287
Epoch 2, Step 50 - valid_rmse:0.52126
>>>>>>>> Model Improved From 0.5237935513365133 ----> 0.521258833861873
Epoch 2, Step 60 - valid_rmse:0.60007
Epoch 2, Step 70 - valid_rmse:0.53304
Epoch 2, Step 80 - valid_rmse:0.75435
Epoch 2, Step 90 - valid_rmse:0.54422
Epoch 2, Step 100 - valid_rmse:0.59959
Epoch 2, Step 110 - valid_rmse:0.52834
Epoch 2, Step 120 - valid_rmse:0.53535
Epoch 2, Step 130 - valid_rmse:0.51008
>>>>>>>> Model Improved From 0.521258833861873 ----> 0.5100844967998138
Epoch 2, Step 140 - valid_rmse:0.52946
Epoch 2 - avg_train_loss: 0.46607  avg_val_loss: 0.52191  time: 262s
Epoch 2 - train_rmse:0.47859  valid_rmse:0.52946
Starting 3 epoch...
Epoch 3, Step 10 - valid_rmse:0.57147
Epoch 3, Step 20 - valid_rmse:0.56693
Epoch 3, Step 30 - valid_rmse:0.51322
Epoch 3, Step 40 - valid_rmse:0.56761
Epoch 3, Step 50 - valid_rmse:0.52815
Epoch 3, Step 60 - valid_rmse:0.50079
>>>>>>>> Model Improved From 0.5100844967998138 ----> 0.5007909894998864
Epoch 3, Step 70 - valid_rmse:0.52081
Epoch 3, Step 80 - valid_rmse:0.51056
Epoch 3, Step 90 - valid_rmse:0.51136
Epoch 3, Step 100 - valid_rmse:0.51842
Epoch 3, Step 110 - valid_rmse:0.52210
Epoch 3, Step 120 - valid_rmse:0.50590
Epoch 3, Step 130 - valid_rmse:0.50261
Epoch 3, Step 140 - valid_rmse:0.50727
Epoch 3 - avg_train_loss: 0.33836  avg_val_loss: 0.50298  time: 256s
Epoch 3 - train_rmse:0.34687  valid_rmse:0.50727
Starting 4 epoch...
Epoch 4, Step 10 - valid_rmse:0.58641
Epoch 4, Step 20 - valid_rmse:0.56694
Epoch 4, Step 30 - valid_rmse:0.53945
Epoch 4, Step 40 - valid_rmse:0.51873
Epoch 4, Step 50 - valid_rmse:0.58074
Epoch 4, Step 60 - valid_rmse:0.52128
Epoch 4, Step 70 - valid_rmse:0.54072
Epoch 4, Step 80 - valid_rmse:0.50736
Epoch 4, Step 90 - valid_rmse:0.53407
Epoch 4, Step 100 - valid_rmse:0.51157
Epoch 4, Step 110 - valid_rmse:0.49749
>>>>>>>> Model Improved From 0.5007909894998864 ----> 0.49749357395843563
Epoch 4, Step 120 - valid_rmse:0.52748
Epoch 4, Step 130 - valid_rmse:0.49850
Epoch 4, Step 140 - valid_rmse:0.50803
Epoch 4 - avg_train_loss: 0.26117  avg_val_loss: 0.50150  time: 256s
Epoch 4 - train_rmse:0.26696  valid_rmse:0.50803
Starting 5 epoch...
Epoch 5, Step 10 - valid_rmse:0.57887
Epoch 5, Step 20 - valid_rmse:0.53040
Epoch 5, Step 30 - valid_rmse:0.52382
Epoch 5, Step 40 - valid_rmse:0.51828
Epoch 5, Step 50 - valid_rmse:0.52851
Epoch 5, Step 60 - valid_rmse:0.51461
Epoch 5, Step 70 - valid_rmse:0.51517
Epoch 5, Step 80 - valid_rmse:0.50243
Epoch 5, Step 90 - valid_rmse:0.51150
Epoch 5, Step 100 - valid_rmse:0.50007
Epoch 5, Step 110 - valid_rmse:0.49894
Epoch 5, Step 120 - valid_rmse:0.50682
Epoch 5, Step 130 - valid_rmse:0.50121
Epoch 5, Step 140 - valid_rmse:0.49834
Epoch 5 - avg_train_loss: 0.22368  avg_val_loss: 0.49349  time: 249s
Epoch 5 - train_rmse:0.23287  valid_rmse:0.49834
Starting 6 epoch...
Epoch 6, Step 10 - valid_rmse:0.57532
Epoch 6, Step 20 - valid_rmse:0.53337
Epoch 6, Step 30 - valid_rmse:0.50383
Epoch 6, Step 40 - valid_rmse:0.50121
Epoch 6, Step 50 - valid_rmse:0.50283
Epoch 6, Step 60 - valid_rmse:0.51716
Epoch 6, Step 70 - valid_rmse:0.53114
Epoch 6, Step 80 - valid_rmse:0.51853
Epoch 6, Step 90 - valid_rmse:0.52191
Epoch 6, Step 100 - valid_rmse:0.51348
Epoch 6, Step 110 - valid_rmse:0.56032
Epoch 6, Step 120 - valid_rmse:0.52361
Epoch 6, Step 130 - valid_rmse:0.58301
Epoch 6, Step 140 - valid_rmse:0.60484
Epoch 6 - avg_train_loss: 0.25932  avg_val_loss: 0.59913  time: 249s
Epoch 6 - train_rmse:0.30563  valid_rmse:0.60484
Starting 7 epoch...
Epoch 7, Step 10 - valid_rmse:0.54737
Epoch 7, Step 20 - valid_rmse:0.56932
Epoch 7, Step 30 - valid_rmse:0.57245
Epoch 7, Step 40 - valid_rmse:0.55735
Epoch 7, Step 50 - valid_rmse:0.57112
Epoch 7, Step 60 - valid_rmse:0.52018
Epoch 7, Step 70 - valid_rmse:0.51926
Epoch 7, Step 80 - valid_rmse:0.52803
Epoch 7, Step 90 - valid_rmse:0.52043
Epoch 7, Step 100 - valid_rmse:0.52773
Epoch 7, Step 110 - valid_rmse:0.52281
Epoch 7, Step 120 - valid_rmse:0.53653
Epoch 7, Step 130 - valid_rmse:0.51146
Epoch 7, Step 140 - valid_rmse:0.52131
Epoch 7 - avg_train_loss: 0.28439  avg_val_loss: 0.51596  time: 249s
Epoch 7 - train_rmse:0.31908  valid_rmse:0.52131
Starting 8 epoch...
Epoch 8, Step 10 - valid_rmse:0.63266
Epoch 8, Step 20 - valid_rmse:0.54568
Epoch 8, Step 30 - valid_rmse:0.51581
Epoch 8, Step 40 - valid_rmse:0.52509
Epoch 8, Step 50 - valid_rmse:0.50921
Epoch 8, Step 60 - valid_rmse:0.54034
Epoch 8, Step 70 - valid_rmse:0.50997
Epoch 8, Step 80 - valid_rmse:0.51828
Epoch 8, Step 90 - valid_rmse:0.51358
Epoch 8, Step 100 - valid_rmse:0.51418
Epoch 8, Step 110 - valid_rmse:0.50398
Epoch 8, Step 120 - valid_rmse:0.58899
Epoch 8, Step 130 - valid_rmse:0.51629
Epoch 8, Step 140 - valid_rmse:0.50977
Epoch 8 - avg_train_loss: 0.20796  avg_val_loss: 0.50450  time: 249s
Epoch 8 - train_rmse:0.21728  valid_rmse:0.50977
Starting 9 epoch...
Epoch 9, Step 10 - valid_rmse:0.52612
Epoch 9, Step 20 - valid_rmse:0.53557
Epoch 9, Step 30 - valid_rmse:0.52802
Epoch 9, Step 40 - valid_rmse:0.51877
Epoch 9, Step 50 - valid_rmse:0.51457
Epoch 9, Step 60 - valid_rmse:0.53010
Epoch 9, Step 70 - valid_rmse:0.52050
Epoch 9, Step 80 - valid_rmse:0.53161
Epoch 9, Step 90 - valid_rmse:0.50656
Epoch 9, Step 100 - valid_rmse:0.51101
Epoch 9, Step 110 - valid_rmse:0.50122
Epoch 9, Step 120 - valid_rmse:0.49666
>>>>>>>> Model Improved From 0.49749357395843563 ----> 0.4966555682448178
Epoch 9, Step 130 - valid_rmse:0.50074
Epoch 9, Step 140 - valid_rmse:0.51203
Epoch 9 - avg_train_loss: 0.19046  avg_val_loss: 0.50417  time: 255s
Epoch 9 - train_rmse:0.20351  valid_rmse:0.51203
load itpt model
load itpt model
load itpt model
load itpt model
load itpt model
0.48036880897966183
0.4703653334327533
0.5167370220141013
0.49741546305670226
0.4966555705520885
cv score 0.4925640364027944
