========================================================================================================================
Fold 0 Training
========================================================================================================================
load itpt model
Starting 1 epoch...
Epoch 1, Step 10 - valid_rmse:7.30745
>>>>>>>> Model Improved From inf ----> 7.307454079888834
Epoch 1, Step 20 - valid_rmse:9.46110
========================================================================================================================
Fold 0 Training
========================================================================================================================
load itpt model
Starting 1 epoch...
========================================================================================================================
Fold 0 Training
========================================================================================================================
load itpt model
Starting 1 epoch...
========================================================================================================================
Fold 0 Training
========================================================================================================================
load itpt model
Starting 1 epoch...
Epoch 1, Step 10 - valid_rmse:0.89709
>>>>>>>> Model Improved From inf ----> 0.8970859679205369
Epoch 1, Step 20 - valid_rmse:0.67465
>>>>>>>> Model Improved From 0.8970859679205369 ----> 0.6746468123318317
Epoch 1, Step 30 - valid_rmse:0.64014
>>>>>>>> Model Improved From 0.6746468123318317 ----> 0.6401415086114557
========================================================================================================================
Fold 0 Training
========================================================================================================================
load itpt model
Starting 1 epoch...
Epoch 1, Step 10 - valid_rmse:0.89709
>>>>>>>> Model Improved From inf ----> 0.8970859679205369
Epoch 1, Step 20 - valid_rmse:0.67465
>>>>>>>> Model Improved From 0.8970859679205369 ----> 0.6746468123318317
Epoch 1, Step 30 - valid_rmse:0.64014
>>>>>>>> Model Improved From 0.6746468123318317 ----> 0.6401415086114557
Epoch 1, Step 40 - valid_rmse:0.61770
>>>>>>>> Model Improved From 0.6401415086114557 ----> 0.6177015944767855
Epoch 1, Step 50 - valid_rmse:0.71781
Epoch 1, Step 60 - valid_rmse:0.68764
Epoch 1, Step 70 - valid_rmse:0.53879
>>>>>>>> Model Improved From 0.6177015944767855 ----> 0.5387896033575591
Epoch 1, Step 80 - valid_rmse:0.60921
Epoch 1, Step 90 - valid_rmse:0.63735
Epoch 1, Step 100 - valid_rmse:0.53775
>>>>>>>> Model Improved From 0.5387896033575591 ----> 0.5377483770954887
Epoch 1, Step 110 - valid_rmse:0.55889
Epoch 1, Step 120 - valid_rmse:0.63554
Epoch 1, Step 130 - valid_rmse:0.61202
Epoch 1, Step 140 - valid_rmse:0.53347
>>>>>>>> Model Improved From 0.5377483770954887 ----> 0.5334681192179178
Epoch 1 - avg_train_loss: 0.73097  avg_val_loss: 0.61843  time: 300s
Epoch 1 - train_rmse:0.71446  valid_rmse:0.53347
Starting 2 epoch...
Epoch 2, Step 10 - valid_rmse:0.65231
Epoch 2, Step 20 - valid_rmse:0.56751
Epoch 2, Step 30 - valid_rmse:0.50942
>>>>>>>> Model Improved From 0.5334681192179178 ----> 0.5094197317670824
Epoch 2, Step 40 - valid_rmse:0.53020
Epoch 2, Step 50 - valid_rmse:0.51138
Epoch 2, Step 60 - valid_rmse:0.57910
Epoch 2, Step 70 - valid_rmse:0.52557
Epoch 2, Step 80 - valid_rmse:0.49824
>>>>>>>> Model Improved From 0.5094197317670824 ----> 0.4982366581753405
Epoch 2, Step 90 - valid_rmse:0.51401
Epoch 2, Step 100 - valid_rmse:0.53010
Epoch 2, Step 110 - valid_rmse:0.51476
Epoch 2, Step 120 - valid_rmse:0.50890
Epoch 2, Step 130 - valid_rmse:0.52457
Epoch 2, Step 140 - valid_rmse:0.52732
Epoch 2 - avg_train_loss: 0.56929  avg_val_loss: 0.61071  time: 271s
Epoch 2 - train_rmse:0.44353  valid_rmse:0.52732
Starting 3 epoch...
Epoch 3, Step 10 - valid_rmse:0.65178
Epoch 3, Step 20 - valid_rmse:0.56298
Epoch 3, Step 30 - valid_rmse:0.53179
Epoch 3, Step 40 - valid_rmse:0.57879
Epoch 3, Step 50 - valid_rmse:0.50906
Epoch 3, Step 60 - valid_rmse:0.50535
Epoch 3, Step 70 - valid_rmse:0.49474
>>>>>>>> Model Improved From 0.4982366581753405 ----> 0.49474172330649674
Epoch 3, Step 80 - valid_rmse:0.51558
Epoch 3, Step 90 - valid_rmse:0.50372
Epoch 3, Step 100 - valid_rmse:0.54491
Epoch 3, Step 110 - valid_rmse:0.52019
Epoch 3, Step 120 - valid_rmse:0.49808
Epoch 3, Step 130 - valid_rmse:0.52349
Epoch 3, Step 140 - valid_rmse:0.55546
Epoch 3 - avg_train_loss: 0.52625  avg_val_loss: 0.62428  time: 267s
Epoch 3 - train_rmse:0.36257  valid_rmse:0.55546
Starting 4 epoch...
Epoch 4, Step 10 - valid_rmse:0.53979
Epoch 4, Step 20 - valid_rmse:0.57989
Epoch 4, Step 30 - valid_rmse:0.51604
Epoch 4, Step 40 - valid_rmse:0.52823
Epoch 4, Step 50 - valid_rmse:0.56448
Epoch 4, Step 60 - valid_rmse:0.52158
Epoch 4, Step 70 - valid_rmse:0.51612
Epoch 4, Step 80 - valid_rmse:0.50618
Epoch 4, Step 90 - valid_rmse:0.53431
Epoch 4, Step 100 - valid_rmse:0.49673
Epoch 4, Step 110 - valid_rmse:0.48930
>>>>>>>> Model Improved From 0.49474172330649674 ----> 0.4892977763578187
Epoch 4, Step 120 - valid_rmse:0.49634
Epoch 4, Step 130 - valid_rmse:0.49686
Epoch 4, Step 140 - valid_rmse:0.49577
Epoch 4 - avg_train_loss: 0.49663  avg_val_loss: 0.59529  time: 266s
Epoch 4 - train_rmse:0.30483  valid_rmse:0.49577
Starting 5 epoch...
Epoch 5, Step 10 - valid_rmse:0.74170
Epoch 5, Step 20 - valid_rmse:0.51831
Epoch 5, Step 30 - valid_rmse:0.63243
Epoch 5, Step 40 - valid_rmse:0.50504
Epoch 5, Step 50 - valid_rmse:0.52610
Epoch 5, Step 60 - valid_rmse:0.49154
Epoch 5, Step 70 - valid_rmse:0.50814
Epoch 5, Step 80 - valid_rmse:0.48280
>>>>>>>> Model Improved From 0.4892977763578187 ----> 0.4828001812866571
Epoch 5, Step 90 - valid_rmse:0.49420
Epoch 5, Step 100 - valid_rmse:0.49318
Epoch 5, Step 110 - valid_rmse:0.51923
Epoch 5, Step 120 - valid_rmse:0.49004
Epoch 5, Step 130 - valid_rmse:0.49569
Epoch 5, Step 140 - valid_rmse:0.51577
Epoch 5 - avg_train_loss: 0.47720  avg_val_loss: 0.60382  time: 266s
Epoch 5 - train_rmse:0.27215  valid_rmse:0.51577
Starting 6 epoch...
Epoch 6, Step 10 - valid_rmse:0.59093
Epoch 6, Step 20 - valid_rmse:0.51438
Epoch 6, Step 30 - valid_rmse:0.49792
Epoch 6, Step 40 - valid_rmse:0.49191
Epoch 6, Step 50 - valid_rmse:0.50196
Epoch 6, Step 60 - valid_rmse:0.48710
Epoch 6, Step 70 - valid_rmse:0.50284
Epoch 6, Step 80 - valid_rmse:0.48898
Epoch 6, Step 90 - valid_rmse:0.52643
Epoch 6, Step 100 - valid_rmse:0.48803
Epoch 6, Step 110 - valid_rmse:0.48959
Epoch 6, Step 120 - valid_rmse:0.49451
Epoch 6, Step 130 - valid_rmse:0.50005
Epoch 6, Step 140 - valid_rmse:0.48533
Epoch 6 - avg_train_loss: 0.45582  avg_val_loss: 0.58796  time: 259s
Epoch 6 - train_rmse:0.22781  valid_rmse:0.48533
Starting 7 epoch...
Epoch 7, Step 10 - valid_rmse:0.57054
Epoch 7, Step 20 - valid_rmse:0.58290
Epoch 7, Step 30 - valid_rmse:0.50283
Epoch 7, Step 40 - valid_rmse:0.49931
Epoch 7, Step 50 - valid_rmse:0.50380
Epoch 7, Step 60 - valid_rmse:0.49859
Epoch 7, Step 70 - valid_rmse:0.50301
Epoch 7, Step 80 - valid_rmse:0.48981
Epoch 7, Step 90 - valid_rmse:0.49693
Epoch 7, Step 100 - valid_rmse:0.49063
Epoch 7, Step 110 - valid_rmse:0.50649
Epoch 7, Step 120 - valid_rmse:0.48371
Epoch 7, Step 130 - valid_rmse:0.49937
Epoch 7, Step 140 - valid_rmse:0.51443
Epoch 7 - avg_train_loss: 0.44128  avg_val_loss: 0.60201  time: 259s
Epoch 7 - train_rmse:0.19562  valid_rmse:0.51443
========================================================================================================================
Fold 1 Training
========================================================================================================================
load itpt model
Starting 1 epoch...
Epoch 1, Step 10 - valid_rmse:0.84697
>>>>>>>> Model Improved From inf ----> 0.8469690396600517
Epoch 1, Step 20 - valid_rmse:0.74991
>>>>>>>> Model Improved From 0.8469690396600517 ----> 0.74991142462204
Epoch 1, Step 30 - valid_rmse:0.62159
>>>>>>>> Model Improved From 0.74991142462204 ----> 0.6215881503428592
Epoch 1, Step 40 - valid_rmse:0.81241
Epoch 1, Step 50 - valid_rmse:0.68662
Epoch 1, Step 60 - valid_rmse:0.93996
Epoch 1, Step 70 - valid_rmse:0.58193
>>>>>>>> Model Improved From 0.6215881503428592 ----> 0.5819341752348094
Epoch 1, Step 80 - valid_rmse:0.83545
Epoch 1, Step 90 - valid_rmse:0.55483
>>>>>>>> Model Improved From 0.5819341752348094 ----> 0.5548311423092616
Epoch 1, Step 100 - valid_rmse:0.62718
Epoch 1, Step 110 - valid_rmse:0.54230
>>>>>>>> Model Improved From 0.5548311423092616 ----> 0.542297339074485
Epoch 1, Step 120 - valid_rmse:0.81439
Epoch 1, Step 130 - valid_rmse:0.63880
Epoch 1, Step 140 - valid_rmse:0.59824
Epoch 1 - avg_train_loss: 0.74034  avg_val_loss: 0.64997  time: 294s
Epoch 1 - train_rmse:0.72974  valid_rmse:0.59824
Starting 2 epoch...
Epoch 2, Step 10 - valid_rmse:0.54850
Epoch 2, Step 20 - valid_rmse:0.62603
Epoch 2, Step 30 - valid_rmse:0.56835
Epoch 2, Step 40 - valid_rmse:0.50740
>>>>>>>> Model Improved From 0.542297339074485 ----> 0.5073965423180752
Epoch 2, Step 50 - valid_rmse:0.50187
>>>>>>>> Model Improved From 0.5073965423180752 ----> 0.5018669211863052
Epoch 2, Step 60 - valid_rmse:0.57245
Epoch 2, Step 70 - valid_rmse:0.52837
Epoch 2, Step 80 - valid_rmse:0.55049
Epoch 2, Step 90 - valid_rmse:0.53387
Epoch 2, Step 100 - valid_rmse:0.53307
Epoch 2, Step 110 - valid_rmse:0.51675
Epoch 2, Step 120 - valid_rmse:0.53533
Epoch 2, Step 130 - valid_rmse:0.49402
>>>>>>>> Model Improved From 0.5018669211863052 ----> 0.49402015220250217
Epoch 2, Step 140 - valid_rmse:0.59166
Epoch 2 - avg_train_loss: 0.58281  avg_val_loss: 0.64353  time: 280s
Epoch 2 - train_rmse:0.47465  valid_rmse:0.59166
Starting 3 epoch...
Epoch 3, Step 10 - valid_rmse:0.61570
Epoch 3, Step 20 - valid_rmse:0.57304
Epoch 3, Step 30 - valid_rmse:0.49588
Epoch 3, Step 40 - valid_rmse:0.50181
Epoch 3, Step 50 - valid_rmse:0.50413
Epoch 3, Step 60 - valid_rmse:0.53581
Epoch 3, Step 70 - valid_rmse:0.52943
Epoch 3, Step 80 - valid_rmse:0.48802
>>>>>>>> Model Improved From 0.49402015220250217 ----> 0.4880152733449215
Epoch 3, Step 90 - valid_rmse:0.49867
Epoch 3, Step 100 - valid_rmse:0.55510
Epoch 3, Step 110 - valid_rmse:0.59556
Epoch 3, Step 120 - valid_rmse:0.53707
Epoch 3, Step 130 - valid_rmse:0.50930
Epoch 3, Step 140 - valid_rmse:0.51226
Epoch 3 - avg_train_loss: 0.52640  avg_val_loss: 0.60131  time: 269s
Epoch 3 - train_rmse:0.36431  valid_rmse:0.51226
Starting 4 epoch...
Epoch 4, Step 10 - valid_rmse:0.55557
Epoch 4, Step 20 - valid_rmse:0.49120
Epoch 4, Step 30 - valid_rmse:0.51224
Epoch 4, Step 40 - valid_rmse:0.49840
Epoch 4, Step 50 - valid_rmse:0.48550
>>>>>>>> Model Improved From 0.4880152733449215 ----> 0.48549560063170677
Epoch 4, Step 60 - valid_rmse:0.49544
Epoch 4, Step 70 - valid_rmse:0.49228
Epoch 4, Step 80 - valid_rmse:0.48731
Epoch 4, Step 90 - valid_rmse:0.47949
>>>>>>>> Model Improved From 0.48549560063170677 ----> 0.47948785402099153
Epoch 4, Step 100 - valid_rmse:0.47669
>>>>>>>> Model Improved From 0.47948785402099153 ----> 0.47669332666700737
Epoch 4, Step 110 - valid_rmse:0.47434
>>>>>>>> Model Improved From 0.47669332666700737 ----> 0.47434381388804
Epoch 4, Step 120 - valid_rmse:0.48340
Epoch 4, Step 130 - valid_rmse:0.53010
Epoch 4, Step 140 - valid_rmse:0.50435
Epoch 4 - avg_train_loss: 0.48208  avg_val_loss: 0.59723  time: 286s
Epoch 4 - train_rmse:0.27647  valid_rmse:0.50435
Starting 5 epoch...
Epoch 5, Step 10 - valid_rmse:0.63866
Epoch 5, Step 20 - valid_rmse:0.52091
Epoch 5, Step 30 - valid_rmse:0.62308
Epoch 5, Step 40 - valid_rmse:0.51986
Epoch 5, Step 50 - valid_rmse:0.57771
Epoch 5, Step 60 - valid_rmse:0.50263
Epoch 5, Step 70 - valid_rmse:0.49414
Epoch 5, Step 80 - valid_rmse:0.48459
Epoch 5, Step 90 - valid_rmse:0.51120
Epoch 5, Step 100 - valid_rmse:0.47978
Epoch 5, Step 110 - valid_rmse:0.50394
Epoch 5, Step 120 - valid_rmse:0.48276
Epoch 5, Step 130 - valid_rmse:0.50419
Epoch 5, Step 140 - valid_rmse:0.48828
Epoch 5 - avg_train_loss: 0.48558  avg_val_loss: 0.58965  time: 260s
Epoch 5 - train_rmse:0.28515  valid_rmse:0.48828
Starting 6 epoch...
Epoch 6, Step 10 - valid_rmse:0.60854
Epoch 6, Step 20 - valid_rmse:0.48805
Epoch 6, Step 30 - valid_rmse:0.50512
Epoch 6, Step 40 - valid_rmse:0.50374
Epoch 6, Step 50 - valid_rmse:0.48706
Epoch 6, Step 60 - valid_rmse:0.50549
Epoch 6, Step 70 - valid_rmse:0.48773
Epoch 6, Step 80 - valid_rmse:0.48749
Epoch 6, Step 90 - valid_rmse:0.48723
Epoch 6, Step 100 - valid_rmse:0.49122
Epoch 6, Step 110 - valid_rmse:0.48645
Epoch 6, Step 120 - valid_rmse:0.48862
Epoch 6, Step 130 - valid_rmse:0.48615
Epoch 6, Step 140 - valid_rmse:0.48380
Epoch 6 - avg_train_loss: 0.45314  avg_val_loss: 0.58584  time: 260s
Epoch 6 - train_rmse:0.21720  valid_rmse:0.48380
Starting 7 epoch...
Epoch 7, Step 10 - valid_rmse:0.57424
Epoch 7, Step 20 - valid_rmse:0.54091
Epoch 7, Step 30 - valid_rmse:0.50162
Epoch 7, Step 40 - valid_rmse:0.51709
Epoch 7, Step 50 - valid_rmse:0.49318
Epoch 7, Step 60 - valid_rmse:0.48130
Epoch 7, Step 70 - valid_rmse:0.48962
Epoch 7, Step 80 - valid_rmse:0.49223
Epoch 7, Step 90 - valid_rmse:0.48550
Epoch 7, Step 100 - valid_rmse:0.49020
Epoch 7, Step 110 - valid_rmse:0.49486
Epoch 7, Step 120 - valid_rmse:0.51067
Epoch 7, Step 130 - valid_rmse:0.49513
Epoch 7, Step 140 - valid_rmse:0.51677
Epoch 7 - avg_train_loss: 0.44767  avg_val_loss: 0.60259  time: 259s
Epoch 7 - train_rmse:0.20832  valid_rmse:0.51677
========================================================================================================================
Fold 2 Training
========================================================================================================================
load itpt model
Starting 1 epoch...
Epoch 1, Step 10 - valid_rmse:1.01693
>>>>>>>> Model Improved From inf ----> 1.016929912940385
Epoch 1, Step 20 - valid_rmse:0.95192
>>>>>>>> Model Improved From 1.016929912940385 ----> 0.9519222355176244
Epoch 1, Step 30 - valid_rmse:0.84968
>>>>>>>> Model Improved From 0.9519222355176244 ----> 0.849678719791301
Epoch 1, Step 40 - valid_rmse:0.71006
>>>>>>>> Model Improved From 0.849678719791301 ----> 0.710063406426899
Epoch 1, Step 50 - valid_rmse:0.70559
>>>>>>>> Model Improved From 0.710063406426899 ----> 0.7055892643213544
Epoch 1, Step 60 - valid_rmse:1.09840
Epoch 1, Step 70 - valid_rmse:0.99194
Epoch 1, Step 80 - valid_rmse:1.06541
Epoch 1, Step 90 - valid_rmse:0.79140
Epoch 1, Step 100 - valid_rmse:1.09002
Epoch 1, Step 110 - valid_rmse:0.73375
Epoch 1, Step 120 - valid_rmse:0.72604
Epoch 1, Step 130 - valid_rmse:0.76528
Epoch 1, Step 140 - valid_rmse:0.75810
Epoch 1 - avg_train_loss: 0.81730  avg_val_loss: 0.72632  time: 287s
Epoch 1 - train_rmse:0.88267  valid_rmse:0.75810
Starting 2 epoch...
Epoch 2, Step 10 - valid_rmse:0.97159
Epoch 2, Step 20 - valid_rmse:0.66240
>>>>>>>> Model Improved From 0.7055892643213544 ----> 0.6624018423454157
Epoch 2, Step 30 - valid_rmse:0.65367
>>>>>>>> Model Improved From 0.6624018423454157 ----> 0.6536726875525236
Epoch 2, Step 40 - valid_rmse:0.66502
Epoch 2, Step 50 - valid_rmse:0.64016
>>>>>>>> Model Improved From 0.6536726875525236 ----> 0.640158200342419
Epoch 2, Step 60 - valid_rmse:0.65931
Epoch 2, Step 70 - valid_rmse:0.62896
>>>>>>>> Model Improved From 0.640158200342419 ----> 0.62895758398513
Epoch 2, Step 80 - valid_rmse:0.64857
Epoch 2, Step 90 - valid_rmse:0.60545
>>>>>>>> Model Improved From 0.62895758398513 ----> 0.6054522913727869
Epoch 2, Step 100 - valid_rmse:0.81547
Epoch 2, Step 110 - valid_rmse:0.59506
>>>>>>>> Model Improved From 0.6054522913727869 ----> 0.5950640298884659
Epoch 2, Step 120 - valid_rmse:0.66165
Epoch 2, Step 130 - valid_rmse:0.60093
Epoch 2, Step 140 - valid_rmse:0.64036
Epoch 2 - avg_train_loss: 0.67201  avg_val_loss: 0.66395  time: 297s
Epoch 2 - train_rmse:0.65713  valid_rmse:0.64036
Starting 3 epoch...
Epoch 3, Step 10 - valid_rmse:0.61176
Epoch 3, Step 20 - valid_rmse:0.59971
Epoch 3, Step 30 - valid_rmse:0.56287
>>>>>>>> Model Improved From 0.5950640298884659 ----> 0.5628677735677605
Epoch 3, Step 40 - valid_rmse:0.56501
Epoch 3, Step 50 - valid_rmse:0.56575
Epoch 3, Step 60 - valid_rmse:0.65940
Epoch 3, Step 70 - valid_rmse:0.62079
Epoch 3, Step 80 - valid_rmse:0.54146
>>>>>>>> Model Improved From 0.5628677735677605 ----> 0.5414550575819878
Epoch 3, Step 90 - valid_rmse:0.56986
Epoch 3, Step 100 - valid_rmse:0.62395
Epoch 3, Step 110 - valid_rmse:0.56467
Epoch 3, Step 120 - valid_rmse:0.60228
Epoch 3, Step 130 - valid_rmse:0.57006
Epoch 3, Step 140 - valid_rmse:0.54068
>>>>>>>> Model Improved From 0.5414550575819878 ----> 0.540682320738959
Epoch 3 - avg_train_loss: 0.60077  avg_val_loss: 0.61299  time: 279s
Epoch 3 - train_rmse:0.51441  valid_rmse:0.54068
Starting 4 epoch...
Epoch 4, Step 10 - valid_rmse:0.68078
Epoch 4, Step 20 - valid_rmse:0.55575
Epoch 4, Step 30 - valid_rmse:0.56832
Epoch 4, Step 40 - valid_rmse:0.57748
Epoch 4, Step 50 - valid_rmse:0.57674
Epoch 4, Step 60 - valid_rmse:0.55546
Epoch 4, Step 70 - valid_rmse:0.60275
Epoch 4, Step 80 - valid_rmse:0.55306
Epoch 4, Step 90 - valid_rmse:0.54044
>>>>>>>> Model Improved From 0.540682320738959 ----> 0.5404400409078663
Epoch 4, Step 100 - valid_rmse:0.56531
Epoch 4, Step 110 - valid_rmse:0.54373
Epoch 4, Step 120 - valid_rmse:0.59483
Epoch 4, Step 130 - valid_rmse:0.61680
Epoch 4, Step 140 - valid_rmse:0.57945
Epoch 4 - avg_train_loss: 0.56810  avg_val_loss: 0.63410  time: 266s
Epoch 4 - train_rmse:0.45353  valid_rmse:0.57945
Starting 5 epoch...
Epoch 5, Step 10 - valid_rmse:0.83378
Epoch 5, Step 20 - valid_rmse:0.58583
Epoch 5, Step 30 - valid_rmse:0.56903
Epoch 5, Step 40 - valid_rmse:0.53367
>>>>>>>> Model Improved From 0.5404400409078663 ----> 0.5336697186160567
Epoch 5, Step 50 - valid_rmse:0.57574
Epoch 5, Step 60 - valid_rmse:0.53868
Epoch 5, Step 70 - valid_rmse:0.58862
Epoch 5, Step 80 - valid_rmse:0.54568
Epoch 5, Step 90 - valid_rmse:0.54356
Epoch 5, Step 100 - valid_rmse:0.52046
>>>>>>>> Model Improved From 0.5336697186160567 ----> 0.5204601032079993
Epoch 5, Step 110 - valid_rmse:0.59808
Epoch 5, Step 120 - valid_rmse:0.53453
Epoch 5, Step 130 - valid_rmse:0.58169
Epoch 5, Step 140 - valid_rmse:0.52686
Epoch 5 - avg_train_loss: 0.54044  avg_val_loss: 0.60697  time: 272s
Epoch 5 - train_rmse:0.39946  valid_rmse:0.52686
Starting 6 epoch...
Epoch 6, Step 10 - valid_rmse:0.87121
Epoch 6, Step 20 - valid_rmse:0.57787
Epoch 6, Step 30 - valid_rmse:0.59272
Epoch 6, Step 40 - valid_rmse:0.54271
Epoch 6, Step 50 - valid_rmse:0.58242
Epoch 6, Step 60 - valid_rmse:0.55096
Epoch 6, Step 70 - valid_rmse:0.74038
Epoch 6, Step 80 - valid_rmse:0.53710
Epoch 6, Step 90 - valid_rmse:0.58061
Epoch 6, Step 100 - valid_rmse:0.55159
Epoch 6, Step 110 - valid_rmse:0.55529
Epoch 6, Step 120 - valid_rmse:0.57255
Epoch 6, Step 130 - valid_rmse:0.55997
Epoch 6, Step 140 - valid_rmse:0.53599
Epoch 6 - avg_train_loss: 0.52285  avg_val_loss: 0.61127  time: 260s
Epoch 6 - train_rmse:0.36456  valid_rmse:0.53599
Starting 7 epoch...
Epoch 7, Step 10 - valid_rmse:0.54663
Epoch 7, Step 20 - valid_rmse:0.53923
Epoch 7, Step 30 - valid_rmse:0.54477
Epoch 7, Step 40 - valid_rmse:0.59612
Epoch 7, Step 50 - valid_rmse:0.53142
Epoch 7, Step 60 - valid_rmse:0.56897
Epoch 7, Step 70 - valid_rmse:0.53198
Epoch 7, Step 80 - valid_rmse:0.53807
Epoch 7, Step 90 - valid_rmse:0.54009
Epoch 7, Step 100 - valid_rmse:0.55602
Epoch 7, Step 110 - valid_rmse:0.56977
Epoch 7, Step 120 - valid_rmse:0.57465
Epoch 7, Step 130 - valid_rmse:0.53369
Epoch 7, Step 140 - valid_rmse:0.53130
Epoch 7 - avg_train_loss: 0.50053  avg_val_loss: 0.60919  time: 259s
Epoch 7 - train_rmse:0.31950  valid_rmse:0.53130
========================================================================================================================
Fold 3 Training
========================================================================================================================
load itpt model
Starting 1 epoch...
Epoch 1, Step 10 - valid_rmse:0.93713
>>>>>>>> Model Improved From inf ----> 0.9371339473550487
Epoch 1, Step 20 - valid_rmse:0.76140
>>>>>>>> Model Improved From 0.9371339473550487 ----> 0.7613975043475799
Epoch 1, Step 30 - valid_rmse:0.67694
>>>>>>>> Model Improved From 0.7613975043475799 ----> 0.6769374442822125
Epoch 1, Step 40 - valid_rmse:0.78387
Epoch 1, Step 50 - valid_rmse:0.62087
>>>>>>>> Model Improved From 0.6769374442822125 ----> 0.620874604382002
Epoch 1, Step 60 - valid_rmse:1.53011
Epoch 1, Step 70 - valid_rmse:0.64259
Epoch 1, Step 80 - valid_rmse:0.75036
Epoch 1, Step 90 - valid_rmse:0.59437
>>>>>>>> Model Improved From 0.620874604382002 ----> 0.5943693348518236
Epoch 1, Step 100 - valid_rmse:0.61191
Epoch 1, Step 110 - valid_rmse:0.55911
>>>>>>>> Model Improved From 0.5943693348518236 ----> 0.5591065168161724
Epoch 1, Step 120 - valid_rmse:0.64182
Epoch 1, Step 130 - valid_rmse:0.57254
Epoch 1, Step 140 - valid_rmse:0.74779
Epoch 1 - avg_train_loss: 0.72855  avg_val_loss: 0.72519  time: 296s
Epoch 1 - train_rmse:0.71944  valid_rmse:0.74779
Starting 2 epoch...
Epoch 2, Step 10 - valid_rmse:0.68094
Epoch 2, Step 20 - valid_rmse:0.70319
Epoch 2, Step 30 - valid_rmse:0.61898
Epoch 2, Step 40 - valid_rmse:0.58218
Epoch 2, Step 50 - valid_rmse:0.61928
Epoch 2, Step 60 - valid_rmse:0.54951
>>>>>>>> Model Improved From 0.5591065168161724 ----> 0.5495071411117799
Epoch 2, Step 70 - valid_rmse:0.55120
Epoch 2, Step 80 - valid_rmse:0.53033
>>>>>>>> Model Improved From 0.5495071411117799 ----> 0.5303258918805684
Epoch 2, Step 90 - valid_rmse:0.54513
Epoch 2, Step 100 - valid_rmse:0.53301
Epoch 2, Step 110 - valid_rmse:0.52444
>>>>>>>> Model Improved From 0.5303258918805684 ----> 0.5244398624801784
Epoch 2, Step 120 - valid_rmse:0.50548
>>>>>>>> Model Improved From 0.5244398624801784 ----> 0.5054777435105985
Epoch 2, Step 130 - valid_rmse:0.49688
>>>>>>>> Model Improved From 0.5054777435105985 ----> 0.4968761325689527
Epoch 2, Step 140 - valid_rmse:0.69664
Epoch 2 - avg_train_loss: 0.58663  avg_val_loss: 0.69658  time: 294s
Epoch 2 - train_rmse:0.48237  valid_rmse:0.69664
Starting 3 epoch...
Epoch 3, Step 10 - valid_rmse:0.67665
Epoch 3, Step 20 - valid_rmse:0.57719
Epoch 3, Step 30 - valid_rmse:0.51241
Epoch 3, Step 40 - valid_rmse:0.50826
Epoch 3, Step 50 - valid_rmse:0.49901
Epoch 3, Step 60 - valid_rmse:0.54148
Epoch 3, Step 70 - valid_rmse:0.51174
Epoch 3, Step 80 - valid_rmse:0.51912
========================================================================================================================
Fold 0 Training
========================================================================================================================
load itpt model
Starting 1 epoch...
Epoch 1, Step 10 - valid_rmse:0.97302
>>>>>>>> Model Improved From inf ----> 0.9730185056041137
Epoch 1, Step 20 - valid_rmse:0.69736
>>>>>>>> Model Improved From 0.9730185056041137 ----> 0.6973577423264995
Epoch 1, Step 30 - valid_rmse:0.66263
>>>>>>>> Model Improved From 0.6973577423264995 ----> 0.662630488110785
Epoch 1, Step 40 - valid_rmse:0.64871
>>>>>>>> Model Improved From 0.662630488110785 ----> 0.6487083973790055
Epoch 1, Step 50 - valid_rmse:0.73803
Epoch 1, Step 60 - valid_rmse:0.67029
Epoch 1, Step 70 - valid_rmse:0.55450
>>>>>>>> Model Improved From 0.6487083973790055 ----> 0.5545000386224883
Epoch 1, Step 80 - valid_rmse:0.60499
Epoch 1, Step 90 - valid_rmse:0.57372
Epoch 1, Step 100 - valid_rmse:0.53696
>>>>>>>> Model Improved From 0.5545000386224883 ----> 0.5369558369057384
Epoch 1, Step 110 - valid_rmse:0.54811
Epoch 1, Step 120 - valid_rmse:0.54631
Epoch 1, Step 130 - valid_rmse:0.53684
>>>>>>>> Model Improved From 0.5369558369057384 ----> 0.536838249604927
Epoch 1, Step 140 - valid_rmse:0.56770
Epoch 1 - avg_train_loss: 0.72059  avg_val_loss: 0.63574  time: 303s
Epoch 1 - train_rmse:0.70493  valid_rmse:0.56770
Starting 2 epoch...
Epoch 2, Step 10 - valid_rmse:0.63181
Epoch 2, Step 20 - valid_rmse:0.58749
Epoch 2, Step 30 - valid_rmse:0.51558
>>>>>>>> Model Improved From 0.536838249604927 ----> 0.5155792210509872
Epoch 2, Step 40 - valid_rmse:0.55934
Epoch 2, Step 50 - valid_rmse:0.51793
Epoch 2, Step 60 - valid_rmse:0.48737
>>>>>>>> Model Improved From 0.5155792210509872 ----> 0.4873717870558759
Epoch 2, Step 70 - valid_rmse:0.48948
Epoch 2, Step 80 - valid_rmse:0.53127
Epoch 2, Step 90 - valid_rmse:0.55137
Epoch 2, Step 100 - valid_rmse:0.63100
Epoch 2, Step 110 - valid_rmse:0.50928
Epoch 2, Step 120 - valid_rmse:0.50808
Epoch 2, Step 130 - valid_rmse:0.54865
Epoch 2, Step 140 - valid_rmse:0.54158
Epoch 2 - avg_train_loss: 0.57406  avg_val_loss: 0.61883  time: 273s
Epoch 2 - train_rmse:0.45420  valid_rmse:0.54158
Starting 3 epoch...
Epoch 3, Step 10 - valid_rmse:0.57724
Epoch 3, Step 20 - valid_rmse:0.54690
Epoch 3, Step 30 - valid_rmse:0.53847
Epoch 3, Step 40 - valid_rmse:0.57914
Epoch 3, Step 50 - valid_rmse:0.49090
Epoch 3, Step 60 - valid_rmse:0.49440
Epoch 3, Step 70 - valid_rmse:0.52329
Epoch 3, Step 80 - valid_rmse:0.50723
Epoch 3, Step 90 - valid_rmse:0.50433
Epoch 3, Step 100 - valid_rmse:0.51197
Epoch 3, Step 110 - valid_rmse:0.49194
Epoch 3, Step 120 - valid_rmse:0.47537
>>>>>>>> Model Improved From 0.4873717870558759 ----> 0.4753709705700507
Epoch 3, Step 130 - valid_rmse:0.48733
Epoch 3, Step 140 - valid_rmse:0.53025
Epoch 3 - avg_train_loss: 0.51559  avg_val_loss: 0.61099  time: 267s
Epoch 3 - train_rmse:0.34163  valid_rmse:0.53025
Starting 4 epoch...
Epoch 4, Step 10 - valid_rmse:0.50030
Epoch 4, Step 20 - valid_rmse:0.51433
Epoch 4, Step 30 - valid_rmse:0.49418
Epoch 4, Step 40 - valid_rmse:0.51032
Epoch 4, Step 50 - valid_rmse:0.51063
Epoch 4, Step 60 - valid_rmse:0.48272
Epoch 4, Step 70 - valid_rmse:0.50481
Epoch 4, Step 80 - valid_rmse:0.49717
Epoch 4, Step 90 - valid_rmse:0.50266
Epoch 4, Step 100 - valid_rmse:0.49401
Epoch 4, Step 110 - valid_rmse:0.51521
Epoch 4, Step 120 - valid_rmse:0.51328
Epoch 4, Step 130 - valid_rmse:0.49373
Epoch 4, Step 140 - valid_rmse:0.51056
Epoch 4 - avg_train_loss: 0.48388  avg_val_loss: 0.60210  time: 260s
Epoch 4 - train_rmse:0.27728  valid_rmse:0.51056
Starting 5 epoch...
Epoch 5, Step 10 - valid_rmse:0.62709
Epoch 5, Step 20 - valid_rmse:0.51522
Epoch 5, Step 30 - valid_rmse:0.55162
Epoch 5, Step 40 - valid_rmse:0.53552
Epoch 5, Step 50 - valid_rmse:0.49959
Epoch 5, Step 60 - valid_rmse:0.48283
Epoch 5, Step 70 - valid_rmse:0.49688
Epoch 5, Step 80 - valid_rmse:0.47554
Epoch 5, Step 90 - valid_rmse:0.49005
Epoch 5, Step 100 - valid_rmse:0.49599
Epoch 5, Step 110 - valid_rmse:0.48576
Epoch 5, Step 120 - valid_rmse:0.47789
Epoch 5, Step 130 - valid_rmse:0.48514
Epoch 5, Step 140 - valid_rmse:0.48808
Epoch 5 - avg_train_loss: 0.46341  avg_val_loss: 0.58932  time: 259s
Epoch 5 - train_rmse:0.24411  valid_rmse:0.48808
Starting 6 epoch...
Epoch 6, Step 10 - valid_rmse:0.54677
Epoch 6, Step 20 - valid_rmse:0.49835
Epoch 6, Step 30 - valid_rmse:0.49562
Epoch 6, Step 40 - valid_rmse:0.49588
Epoch 6, Step 50 - valid_rmse:0.49499
Epoch 6, Step 60 - valid_rmse:0.50106
Epoch 6, Step 70 - valid_rmse:0.52388
Epoch 6, Step 80 - valid_rmse:0.49122
Epoch 6, Step 90 - valid_rmse:0.51235
Epoch 6, Step 100 - valid_rmse:0.47618
Epoch 6, Step 110 - valid_rmse:0.50645
Epoch 6, Step 120 - valid_rmse:0.48770
Epoch 6, Step 130 - valid_rmse:0.48851
Epoch 6, Step 140 - valid_rmse:0.55402
Epoch 6 - avg_train_loss: 0.45004  avg_val_loss: 0.62263  time: 260s
Epoch 6 - train_rmse:0.21021  valid_rmse:0.55402
Starting 7 epoch...
Epoch 7, Step 10 - valid_rmse:0.62965
Epoch 7, Step 20 - valid_rmse:0.55874
Epoch 7, Step 30 - valid_rmse:0.57523
Epoch 7, Step 40 - valid_rmse:0.49881
Epoch 7, Step 50 - valid_rmse:0.49636
Epoch 7, Step 60 - valid_rmse:0.51608
Epoch 7, Step 70 - valid_rmse:0.50402
Epoch 7, Step 80 - valid_rmse:0.52570
Epoch 7, Step 90 - valid_rmse:0.54270
Epoch 7, Step 100 - valid_rmse:0.53549
Epoch 7, Step 110 - valid_rmse:0.52277
Epoch 7, Step 120 - valid_rmse:0.48670
Epoch 7, Step 130 - valid_rmse:0.48663
Epoch 7, Step 140 - valid_rmse:0.47693
Epoch 7 - avg_train_loss: 0.47591  avg_val_loss: 0.58388  time: 259s
Epoch 7 - train_rmse:0.27324  valid_rmse:0.47693
========================================================================================================================
Fold 1 Training
========================================================================================================================
load itpt model
Starting 1 epoch...
Epoch 1, Step 10 - valid_rmse:0.82822
>>>>>>>> Model Improved From inf ----> 0.8282245247577951
Epoch 1, Step 20 - valid_rmse:0.74794
>>>>>>>> Model Improved From 0.8282245247577951 ----> 0.7479392182598382
Epoch 1, Step 30 - valid_rmse:0.63851
>>>>>>>> Model Improved From 0.7479392182598382 ----> 0.6385057087803822
Epoch 1, Step 40 - valid_rmse:0.66415
Epoch 1, Step 50 - valid_rmse:0.58581
>>>>>>>> Model Improved From 0.6385057087803822 ----> 0.5858059414418139
Epoch 1, Step 60 - valid_rmse:0.61436
Epoch 1, Step 70 - valid_rmse:0.55904
>>>>>>>> Model Improved From 0.5858059414418139 ----> 0.5590433177129608
Epoch 1, Step 80 - valid_rmse:0.61755
Epoch 1, Step 90 - valid_rmse:0.56268
Epoch 1, Step 100 - valid_rmse:0.53632
>>>>>>>> Model Improved From 0.5590433177129608 ----> 0.5363198426116147
Epoch 1, Step 110 - valid_rmse:0.54874
Epoch 1, Step 120 - valid_rmse:0.63867
Epoch 1, Step 130 - valid_rmse:0.54714
Epoch 1, Step 140 - valid_rmse:0.56716
Epoch 1 - avg_train_loss: 0.72408  avg_val_loss: 0.63161  time: 300s
Epoch 1 - train_rmse:0.71010  valid_rmse:0.56716
Starting 2 epoch...
Epoch 2, Step 10 - valid_rmse:0.54392
Epoch 2, Step 20 - valid_rmse:0.52515
>>>>>>>> Model Improved From 0.5363198426116147 ----> 0.5251533831646958
Epoch 2, Step 30 - valid_rmse:0.49980
>>>>>>>> Model Improved From 0.5251533831646958 ----> 0.4998017600792258
Epoch 2, Step 40 - valid_rmse:0.54033
Epoch 2, Step 50 - valid_rmse:0.50315
Epoch 2, Step 60 - valid_rmse:0.57060
Epoch 2, Step 70 - valid_rmse:0.58413
Epoch 2, Step 80 - valid_rmse:0.53347
Epoch 2, Step 90 - valid_rmse:0.50973
Epoch 2, Step 100 - valid_rmse:0.50946
Epoch 2, Step 110 - valid_rmse:0.52647
Epoch 2, Step 120 - valid_rmse:0.64054
Epoch 2, Step 130 - valid_rmse:0.53160
Epoch 2, Step 140 - valid_rmse:0.57294
Epoch 2 - avg_train_loss: 0.59201  avg_val_loss: 0.63340  time: 272s
Epoch 2 - train_rmse:0.49677  valid_rmse:0.57294
Starting 3 epoch...
Epoch 3, Step 10 - valid_rmse:0.53752
Epoch 3, Step 20 - valid_rmse:0.64022
Epoch 3, Step 30 - valid_rmse:0.67044
Epoch 3, Step 40 - valid_rmse:0.59229
Epoch 3, Step 50 - valid_rmse:0.53111
Epoch 3, Step 60 - valid_rmse:0.55225
Epoch 3, Step 70 - valid_rmse:0.52477
Epoch 3, Step 80 - valid_rmse:0.49244
>>>>>>>> Model Improved From 0.4998017600792258 ----> 0.4924419279520927
Epoch 3, Step 90 - valid_rmse:0.48483
>>>>>>>> Model Improved From 0.4924419279520927 ----> 0.48482717123050256
Epoch 3, Step 100 - valid_rmse:0.53239
Epoch 3, Step 110 - valid_rmse:0.55984
Epoch 3, Step 120 - valid_rmse:0.50075
Epoch 3, Step 130 - valid_rmse:0.50320
Epoch 3, Step 140 - valid_rmse:0.49997
Epoch 3 - avg_train_loss: 0.54403  avg_val_loss: 0.59596  time: 272s
Epoch 3 - train_rmse:0.39876  valid_rmse:0.49997
Starting 4 epoch...
Epoch 4, Step 10 - valid_rmse:0.52992
Epoch 4, Step 20 - valid_rmse:0.49237
Epoch 4, Step 30 - valid_rmse:0.50112
Epoch 4, Step 40 - valid_rmse:0.48039
>>>>>>>> Model Improved From 0.48482717123050256 ----> 0.4803899224003628
Epoch 4, Step 50 - valid_rmse:0.53222
Epoch 4, Step 60 - valid_rmse:0.47655
>>>>>>>> Model Improved From 0.4803899224003628 ----> 0.4765516800181504
Epoch 4, Step 70 - valid_rmse:0.50652
Epoch 4, Step 80 - valid_rmse:0.52085
Epoch 4, Step 90 - valid_rmse:0.49376
Epoch 4, Step 100 - valid_rmse:0.52734
Epoch 4, Step 110 - valid_rmse:0.48915
Epoch 4, Step 120 - valid_rmse:0.47717
Epoch 4, Step 130 - valid_rmse:0.48300
Epoch 4, Step 140 - valid_rmse:0.48642
Epoch 4 - avg_train_loss: 0.48749  avg_val_loss: 0.58858  time: 272s
Epoch 4 - train_rmse:0.29186  valid_rmse:0.48642
Starting 5 epoch...
Epoch 5, Step 10 - valid_rmse:0.62903
Epoch 5, Step 20 - valid_rmse:0.48633
Epoch 5, Step 30 - valid_rmse:0.53807
Epoch 5, Step 40 - valid_rmse:0.47048
>>>>>>>> Model Improved From 0.4765516800181504 ----> 0.4704760680076283
Epoch 5, Step 50 - valid_rmse:0.50043
Epoch 5, Step 60 - valid_rmse:0.52247
Epoch 5, Step 70 - valid_rmse:0.49370
Epoch 5, Step 80 - valid_rmse:0.47192
Epoch 5, Step 90 - valid_rmse:0.49237
Epoch 5, Step 100 - valid_rmse:0.49410
Epoch 5, Step 110 - valid_rmse:0.50276
Epoch 5, Step 120 - valid_rmse:0.48009
Epoch 5, Step 130 - valid_rmse:0.47896
Epoch 5, Step 140 - valid_rmse:0.48777
Epoch 5 - avg_train_loss: 0.47326  avg_val_loss: 0.58824  time: 266s
Epoch 5 - train_rmse:0.26074  valid_rmse:0.48777
Starting 6 epoch...
Epoch 6, Step 10 - valid_rmse:0.57393
Epoch 6, Step 20 - valid_rmse:0.48747
Epoch 6, Step 30 - valid_rmse:0.49511
Epoch 6, Step 40 - valid_rmse:0.47443
Epoch 6, Step 50 - valid_rmse:0.49770
Epoch 6, Step 60 - valid_rmse:0.47160
Epoch 6, Step 70 - valid_rmse:0.47826
Epoch 6, Step 80 - valid_rmse:0.46644
>>>>>>>> Model Improved From 0.4704760680076283 ----> 0.466442709603265
Epoch 6, Step 90 - valid_rmse:0.48720
Epoch 6, Step 100 - valid_rmse:0.47403
Epoch 6, Step 110 - valid_rmse:0.48529
Epoch 6, Step 120 - valid_rmse:0.47018
Epoch 6, Step 130 - valid_rmse:0.47850
Epoch 6, Step 140 - valid_rmse:0.48420
Epoch 6 - avg_train_loss: 0.46007  avg_val_loss: 0.58578  time: 266s
Epoch 6 - train_rmse:0.23980  valid_rmse:0.48420
Starting 7 epoch...
Epoch 7, Step 10 - valid_rmse:0.53753
Epoch 7, Step 20 - valid_rmse:0.55707
Epoch 7, Step 30 - valid_rmse:0.48016
Epoch 7, Step 40 - valid_rmse:0.48457
Epoch 7, Step 50 - valid_rmse:0.48621
Epoch 7, Step 60 - valid_rmse:0.49301
Epoch 7, Step 70 - valid_rmse:0.47852
Epoch 7, Step 80 - valid_rmse:0.47611
Epoch 7, Step 90 - valid_rmse:0.47701
Epoch 7, Step 100 - valid_rmse:0.47578
Epoch 7, Step 110 - valid_rmse:0.47314
Epoch 7, Step 120 - valid_rmse:0.47417
Epoch 7, Step 130 - valid_rmse:0.47952
Epoch 7, Step 140 - valid_rmse:0.49303
Epoch 7 - avg_train_loss: 0.44842  avg_val_loss: 0.59067  time: 260s
Epoch 7 - train_rmse:0.21216  valid_rmse:0.49303
========================================================================================================================
Fold 2 Training
========================================================================================================================
load itpt model
Starting 1 epoch...
Epoch 1, Step 10 - valid_rmse:1.01251
>>>>>>>> Model Improved From inf ----> 1.0125146442226405
Epoch 1, Step 20 - valid_rmse:1.01165
>>>>>>>> Model Improved From 1.0125146442226405 ----> 1.0116485014470205
Epoch 1, Step 30 - valid_rmse:0.81396
>>>>>>>> Model Improved From 1.0116485014470205 ----> 0.8139611172918985
Epoch 1, Step 40 - valid_rmse:0.73191
>>>>>>>> Model Improved From 0.8139611172918985 ----> 0.7319065708631888
Epoch 1, Step 50 - valid_rmse:0.73120
>>>>>>>> Model Improved From 0.7319065708631888 ----> 0.7311951666496194
Epoch 1, Step 60 - valid_rmse:0.75999
Epoch 1, Step 70 - valid_rmse:0.68470
>>>>>>>> Model Improved From 0.7311951666496194 ----> 0.6846958829421251
Epoch 1, Step 80 - valid_rmse:0.77434
Epoch 1, Step 90 - valid_rmse:0.61153
>>>>>>>> Model Improved From 0.6846958829421251 ----> 0.6115256171341557
Epoch 1, Step 100 - valid_rmse:0.75894
Epoch 1, Step 110 - valid_rmse:0.64185
Epoch 1, Step 120 - valid_rmse:0.68691
Epoch 1, Step 130 - valid_rmse:0.63617
Epoch 1, Step 140 - valid_rmse:0.69618
Epoch 1 - avg_train_loss: 0.77279  avg_val_loss: 0.70227  time: 308s
Epoch 1 - train_rmse:0.78126  valid_rmse:0.69618
Starting 2 epoch...
Epoch 2, Step 10 - valid_rmse:0.68076
Epoch 2, Step 20 - valid_rmse:0.58145
>>>>>>>> Model Improved From 0.6115256171341557 ----> 0.581446174992093
Epoch 2, Step 30 - valid_rmse:0.59382
Epoch 2, Step 40 - valid_rmse:0.62707
Epoch 2, Step 50 - valid_rmse:0.68008
Epoch 2, Step 60 - valid_rmse:0.59077
Epoch 2, Step 70 - valid_rmse:0.60656
Epoch 2, Step 80 - valid_rmse:0.59249
Epoch 2, Step 90 - valid_rmse:0.55603
>>>>>>>> Model Improved From 0.581446174992093 ----> 0.5560319934497482
Epoch 2, Step 100 - valid_rmse:0.76542
Epoch 2, Step 110 - valid_rmse:0.57400
Epoch 2, Step 120 - valid_rmse:0.67781
Epoch 2, Step 130 - valid_rmse:0.56746
Epoch 2, Step 140 - valid_rmse:0.57310
Epoch 2 - avg_train_loss: 0.62770  avg_val_loss: 0.63749  time: 273s
Epoch 2 - train_rmse:0.56564  valid_rmse:0.57310
Starting 3 epoch...
Epoch 3, Step 10 - valid_rmse:0.53553
>>>>>>>> Model Improved From 0.5560319934497482 ----> 0.5355321122663821
Epoch 3, Step 20 - valid_rmse:0.55874
Epoch 3, Step 30 - valid_rmse:0.58731
Epoch 3, Step 40 - valid_rmse:0.58568
Epoch 3, Step 50 - valid_rmse:0.54781
Epoch 3, Step 60 - valid_rmse:0.53739
Epoch 3, Step 70 - valid_rmse:0.55076
Epoch 3, Step 80 - valid_rmse:0.51996
>>>>>>>> Model Improved From 0.5355321122663821 ----> 0.5199631179498964
Epoch 3, Step 90 - valid_rmse:0.54239
Epoch 3, Step 100 - valid_rmse:0.54090
Epoch 3, Step 110 - valid_rmse:0.51928
>>>>>>>> Model Improved From 0.5199631179498964 ----> 0.5192801585035268
Epoch 3, Step 120 - valid_rmse:0.52670
Epoch 3, Step 130 - valid_rmse:0.53361
Epoch 3, Step 140 - valid_rmse:0.55451
Epoch 3 - avg_train_loss: 0.55635  avg_val_loss: 0.62276  time: 281s
Epoch 3 - train_rmse:0.42386  valid_rmse:0.55451
Starting 4 epoch...
Epoch 4, Step 10 - valid_rmse:0.59187
Epoch 4, Step 20 - valid_rmse:0.51877
>>>>>>>> Model Improved From 0.5192801585035268 ----> 0.5187744859635626
Epoch 4, Step 30 - valid_rmse:0.54823
Epoch 4, Step 40 - valid_rmse:0.52166
Epoch 4, Step 50 - valid_rmse:0.68625
Epoch 4, Step 60 - valid_rmse:0.53822
Epoch 4, Step 70 - valid_rmse:0.53453
Epoch 4, Step 80 - valid_rmse:0.52266
Epoch 4, Step 90 - valid_rmse:0.56440
Epoch 4, Step 100 - valid_rmse:0.56874
Epoch 4, Step 110 - valid_rmse:0.52412
Epoch 4, Step 120 - valid_rmse:0.52188
Epoch 4, Step 130 - valid_rmse:0.54128
Epoch 4, Step 140 - valid_rmse:0.53015
Epoch 4 - avg_train_loss: 0.51023  avg_val_loss: 0.61027  time: 267s
Epoch 4 - train_rmse:0.33495  valid_rmse:0.53015
Starting 5 epoch...
Epoch 5, Step 10 - valid_rmse:0.74200
Epoch 5, Step 20 - valid_rmse:0.56315
Epoch 5, Step 30 - valid_rmse:0.59819
Epoch 5, Step 40 - valid_rmse:0.53759
Epoch 5, Step 50 - valid_rmse:0.52878
Epoch 5, Step 60 - valid_rmse:0.52852
Epoch 5, Step 70 - valid_rmse:0.56039
Epoch 5, Step 80 - valid_rmse:0.54113
Epoch 5, Step 90 - valid_rmse:0.52889
Epoch 5, Step 100 - valid_rmse:0.52088
Epoch 5, Step 110 - valid_rmse:0.52446
Epoch 5, Step 120 - valid_rmse:0.51245
>>>>>>>> Model Improved From 0.5187744859635626 ----> 0.5124451207174145
Epoch 5, Step 130 - valid_rmse:0.53289
Epoch 5, Step 140 - valid_rmse:0.54882
Epoch 5 - avg_train_loss: 0.48673  avg_val_loss: 0.61929  time: 266s
Epoch 5 - train_rmse:0.28636  valid_rmse:0.54882
Starting 6 epoch...
Epoch 6, Step 10 - valid_rmse:0.70239
Epoch 6, Step 20 - valid_rmse:0.58226
Epoch 6, Step 30 - valid_rmse:0.55399
Epoch 6, Step 40 - valid_rmse:0.53337
Epoch 6, Step 50 - valid_rmse:0.51923
Epoch 6, Step 60 - valid_rmse:0.51980
Epoch 6, Step 70 - valid_rmse:0.52622
Epoch 6, Step 80 - valid_rmse:0.52338
Epoch 6, Step 90 - valid_rmse:0.51796
Epoch 6, Step 100 - valid_rmse:0.51457
Epoch 6, Step 110 - valid_rmse:0.53125
Epoch 6, Step 120 - valid_rmse:0.52618
Epoch 6, Step 130 - valid_rmse:0.51354
Epoch 6, Step 140 - valid_rmse:0.52055
Epoch 6 - avg_train_loss: 0.46540  avg_val_loss: 0.60476  time: 260s
Epoch 6 - train_rmse:0.24439  valid_rmse:0.52055
Starting 7 epoch...
Epoch 7, Step 10 - valid_rmse:0.65281
Epoch 7, Step 20 - valid_rmse:0.61442
Epoch 7, Step 30 - valid_rmse:0.54405
Epoch 7, Step 40 - valid_rmse:0.52660
Epoch 7, Step 50 - valid_rmse:0.51680
Epoch 7, Step 60 - valid_rmse:0.51393
Epoch 7, Step 70 - valid_rmse:0.51710
Epoch 7, Step 80 - valid_rmse:0.51436
Epoch 7, Step 90 - valid_rmse:0.51860
Epoch 7, Step 100 - valid_rmse:0.51898
Epoch 7, Step 110 - valid_rmse:0.51649
Epoch 7, Step 120 - valid_rmse:0.56687
Epoch 7, Step 130 - valid_rmse:0.51708
Epoch 7, Step 140 - valid_rmse:0.52906
Epoch 7 - avg_train_loss: 0.45494  avg_val_loss: 0.60887  time: 260s
Epoch 7 - train_rmse:0.22433  valid_rmse:0.52906
========================================================================================================================
Fold 3 Training
========================================================================================================================
load itpt model
Starting 1 epoch...
Epoch 1, Step 10 - valid_rmse:0.91697
>>>>>>>> Model Improved From inf ----> 0.9169706602486063
Epoch 1, Step 20 - valid_rmse:0.79395
>>>>>>>> Model Improved From 0.9169706602486063 ----> 0.793948949273524
Epoch 1, Step 30 - valid_rmse:0.72157
>>>>>>>> Model Improved From 0.793948949273524 ----> 0.7215717993215386
Epoch 1, Step 40 - valid_rmse:0.75980
Epoch 1, Step 50 - valid_rmse:0.59273
>>>>>>>> Model Improved From 0.7215717993215386 ----> 0.592729357489688
Epoch 1, Step 60 - valid_rmse:1.20473
Epoch 1, Step 70 - valid_rmse:0.74782
Epoch 1, Step 80 - valid_rmse:0.80964
Epoch 1, Step 90 - valid_rmse:0.64984
Epoch 1, Step 100 - valid_rmse:0.56485
>>>>>>>> Model Improved From 0.592729357489688 ----> 0.5648490810846332
Epoch 1, Step 110 - valid_rmse:0.53460
>>>>>>>> Model Improved From 0.5648490810846332 ----> 0.5345970895543479
Epoch 1, Step 120 - valid_rmse:0.58845
Epoch 1, Step 130 - valid_rmse:0.56362
Epoch 1, Step 140 - valid_rmse:0.70036
Epoch 1 - avg_train_loss: 0.73197  avg_val_loss: 0.70156  time: 299s
Epoch 1 - train_rmse:0.72373  valid_rmse:0.70036
Starting 2 epoch...
Epoch 2, Step 10 - valid_rmse:0.67305
Epoch 2, Step 20 - valid_rmse:0.71194
Epoch 2, Step 30 - valid_rmse:0.62948
Epoch 2, Step 40 - valid_rmse:0.53358
>>>>>>>> Model Improved From 0.5345970895543479 ----> 0.5335827012176171
Epoch 2, Step 50 - valid_rmse:0.63004
Epoch 2, Step 60 - valid_rmse:0.57450
Epoch 2, Step 70 - valid_rmse:0.58236
Epoch 2, Step 80 - valid_rmse:0.53838
Epoch 2, Step 90 - valid_rmse:0.51549
>>>>>>>> Model Improved From 0.5335827012176171 ----> 0.5154880595967176
Epoch 2, Step 100 - valid_rmse:0.51961
Epoch 2, Step 110 - valid_rmse:0.52282
Epoch 2, Step 120 - valid_rmse:0.56816
Epoch 2, Step 130 - valid_rmse:0.51623
Epoch 2, Step 140 - valid_rmse:0.59665
Epoch 2 - avg_train_loss: 0.58096  avg_val_loss: 0.64863  time: 273s
Epoch 2 - train_rmse:0.46909  valid_rmse:0.59665
Starting 3 epoch...
Epoch 3, Step 10 - valid_rmse:0.62180
Epoch 3, Step 20 - valid_rmse:0.63597
Epoch 3, Step 30 - valid_rmse:0.50712
>>>>>>>> Model Improved From 0.5154880595967176 ----> 0.5071152185091135
Epoch 3, Step 40 - valid_rmse:0.53098
Epoch 3, Step 50 - valid_rmse:0.60540
Epoch 3, Step 60 - valid_rmse:0.61221
Epoch 3, Step 70 - valid_rmse:0.61627
Epoch 3, Step 80 - valid_rmse:0.56234
Epoch 3, Step 90 - valid_rmse:0.59818
Epoch 3, Step 100 - valid_rmse:0.53823
Epoch 3, Step 110 - valid_rmse:0.58835
Epoch 3, Step 120 - valid_rmse:0.54451
Epoch 3, Step 130 - valid_rmse:0.52096
Epoch 3, Step 140 - valid_rmse:0.53654
Epoch 3 - avg_train_loss: 0.53338  avg_val_loss: 0.61494  time: 266s
Epoch 3 - train_rmse:0.37627  valid_rmse:0.53654
Starting 4 epoch...
Epoch 4, Step 10 - valid_rmse:0.50808
Epoch 4, Step 20 - valid_rmse:0.54216
Epoch 4, Step 30 - valid_rmse:0.55049
Epoch 4, Step 40 - valid_rmse:0.54543
Epoch 4, Step 50 - valid_rmse:0.56904
Epoch 4, Step 60 - valid_rmse:0.52032
Epoch 4, Step 70 - valid_rmse:0.53518
Epoch 4, Step 80 - valid_rmse:0.52345
Epoch 4, Step 90 - valid_rmse:0.49660
>>>>>>>> Model Improved From 0.5071152185091135 ----> 0.49660337395036236
Epoch 4, Step 100 - valid_rmse:0.51977
Epoch 4, Step 110 - valid_rmse:0.53356
Epoch 4, Step 120 - valid_rmse:0.57793
Epoch 4, Step 130 - valid_rmse:0.51702
Epoch 4, Step 140 - valid_rmse:0.51393
Epoch 4 - avg_train_loss: 0.50382  avg_val_loss: 0.60400  time: 266s
Epoch 4 - train_rmse:0.32356  valid_rmse:0.51393
Starting 5 epoch...
Epoch 5, Step 10 - valid_rmse:0.58484
Epoch 5, Step 20 - valid_rmse:0.52050
Epoch 5, Step 30 - valid_rmse:0.51958
Epoch 5, Step 40 - valid_rmse:0.50727
Epoch 5, Step 50 - valid_rmse:0.53884
Epoch 5, Step 60 - valid_rmse:0.50186
Epoch 5, Step 70 - valid_rmse:0.50808
Epoch 5, Step 80 - valid_rmse:0.51331
Epoch 5, Step 90 - valid_rmse:0.53340
Epoch 5, Step 100 - valid_rmse:0.50745
Epoch 5, Step 110 - valid_rmse:0.53297
Epoch 5, Step 120 - valid_rmse:0.49779
Epoch 5, Step 130 - valid_rmse:0.52673
Epoch 5, Step 140 - valid_rmse:0.50642
Epoch 5 - avg_train_loss: 0.46735  avg_val_loss: 0.59910  time: 260s
Epoch 5 - train_rmse:0.24712  valid_rmse:0.50642
Starting 6 epoch...
Epoch 6, Step 10 - valid_rmse:0.60761
Epoch 6, Step 20 - valid_rmse:0.53192
Epoch 6, Step 30 - valid_rmse:0.51034
Epoch 6, Step 40 - valid_rmse:0.51613
Epoch 6, Step 50 - valid_rmse:0.52319
Epoch 6, Step 60 - valid_rmse:0.50012
Epoch 6, Step 70 - valid_rmse:0.51423
Epoch 6, Step 80 - valid_rmse:0.51344
Epoch 6, Step 90 - valid_rmse:0.56443
Epoch 6, Step 100 - valid_rmse:0.53639
Epoch 6, Step 110 - valid_rmse:0.49671
Epoch 6, Step 120 - valid_rmse:0.51701
Epoch 6, Step 130 - valid_rmse:0.52541
Epoch 6, Step 140 - valid_rmse:0.62023
Epoch 6 - avg_train_loss: 0.46244  avg_val_loss: 0.65869  time: 260s
Epoch 6 - train_rmse:0.23995  valid_rmse:0.62023
Starting 7 epoch...
Epoch 7, Step 10 - valid_rmse:0.55342
Epoch 7, Step 20 - valid_rmse:0.53528
Epoch 7, Step 30 - valid_rmse:0.54223
Epoch 7, Step 40 - valid_rmse:0.51166
Epoch 7, Step 50 - valid_rmse:0.56883
Epoch 7, Step 60 - valid_rmse:0.54947
Epoch 7, Step 70 - valid_rmse:0.56744
Epoch 7, Step 80 - valid_rmse:0.56583
Epoch 7, Step 90 - valid_rmse:0.51456
Epoch 7, Step 100 - valid_rmse:0.52718
Epoch 7, Step 110 - valid_rmse:0.51415
Epoch 7, Step 120 - valid_rmse:0.54024
Epoch 7, Step 130 - valid_rmse:0.51632
Epoch 7, Step 140 - valid_rmse:0.53679
Epoch 7 - avg_train_loss: 0.47952  avg_val_loss: 0.61448  time: 260s
Epoch 7 - train_rmse:0.29269  valid_rmse:0.53679
========================================================================================================================
Fold 4 Training
========================================================================================================================
load itpt model
Starting 1 epoch...
Epoch 1, Step 10 - valid_rmse:0.97058
>>>>>>>> Model Improved From inf ----> 0.9705837917728591
Epoch 1, Step 20 - valid_rmse:0.75225
>>>>>>>> Model Improved From 0.9705837917728591 ----> 0.752254806058992
Epoch 1, Step 30 - valid_rmse:0.66100
>>>>>>>> Model Improved From 0.752254806058992 ----> 0.6609968768499506
Epoch 1, Step 40 - valid_rmse:0.65093
>>>>>>>> Model Improved From 0.6609968768499506 ----> 0.6509329681161488
Epoch 1, Step 50 - valid_rmse:0.59747
>>>>>>>> Model Improved From 0.6509329681161488 ----> 0.5974654860103882
Epoch 1, Step 60 - valid_rmse:0.64203
Epoch 1, Step 70 - valid_rmse:0.58049
>>>>>>>> Model Improved From 0.5974654860103882 ----> 0.5804852700653421
Epoch 1, Step 80 - valid_rmse:0.57311
>>>>>>>> Model Improved From 0.5804852700653421 ----> 0.5731060177848524
Epoch 1, Step 90 - valid_rmse:0.59750
Epoch 1, Step 100 - valid_rmse:0.54333
>>>>>>>> Model Improved From 0.5731060177848524 ----> 0.543328038088435
Epoch 1, Step 110 - valid_rmse:0.56374
Epoch 1, Step 120 - valid_rmse:0.77267
Epoch 1, Step 130 - valid_rmse:0.60524
Epoch 1, Step 140 - valid_rmse:0.55946
Epoch 1 - avg_train_loss: 0.71165  avg_val_loss: 0.63270  time: 308s
Epoch 1 - train_rmse:0.68209  valid_rmse:0.55946
Starting 2 epoch...
Epoch 2, Step 10 - valid_rmse:0.86149
Epoch 2, Step 20 - valid_rmse:0.59525
Epoch 2, Step 30 - valid_rmse:0.52289
>>>>>>>> Model Improved From 0.543328038088435 ----> 0.5228936961426117
Epoch 2, Step 40 - valid_rmse:0.57059
Epoch 2, Step 50 - valid_rmse:0.53866
Epoch 2, Step 60 - valid_rmse:0.52254
>>>>>>>> Model Improved From 0.5228936961426117 ----> 0.5225396607789442
Epoch 2, Step 70 - valid_rmse:0.61625
Epoch 2, Step 80 - valid_rmse:0.62795
Epoch 2, Step 90 - valid_rmse:0.68184
Epoch 2, Step 100 - valid_rmse:0.79598
Epoch 2, Step 110 - valid_rmse:0.59615
Epoch 2, Step 120 - valid_rmse:0.66689
Epoch 2, Step 130 - valid_rmse:0.58703
Epoch 2, Step 140 - valid_rmse:0.56347
Epoch 2 - avg_train_loss: 0.60106  avg_val_loss: 0.63042  time: 272s
Epoch 2 - train_rmse:0.51457  valid_rmse:0.56347
Starting 3 epoch...
Epoch 3, Step 10 - valid_rmse:0.63511
Epoch 3, Step 20 - valid_rmse:0.55441
Epoch 3, Step 30 - valid_rmse:0.55478
Epoch 3, Step 40 - valid_rmse:0.64475
Epoch 3, Step 50 - valid_rmse:0.57236
Epoch 3, Step 60 - valid_rmse:0.61139
Epoch 3, Step 70 - valid_rmse:0.51853
>>>>>>>> Model Improved From 0.5225396607789442 ----> 0.5185298224100795
Epoch 3, Step 80 - valid_rmse:0.53035
Epoch 3, Step 90 - valid_rmse:0.51186
>>>>>>>> Model Improved From 0.5185298224100795 ----> 0.5118557525654693
Epoch 3, Step 100 - valid_rmse:0.65155
Epoch 3, Step 110 - valid_rmse:0.54043
Epoch 3, Step 120 - valid_rmse:0.53646
Epoch 3, Step 130 - valid_rmse:0.59889
Epoch 3, Step 140 - valid_rmse:0.51904
Epoch 3 - avg_train_loss: 0.54431  avg_val_loss: 0.60422  time: 273s
Epoch 3 - train_rmse:0.40805  valid_rmse:0.51904
Starting 4 epoch...
Epoch 4, Step 10 - valid_rmse:0.53271
Epoch 4, Step 20 - valid_rmse:0.55109
Epoch 4, Step 30 - valid_rmse:0.57873
Epoch 4, Step 40 - valid_rmse:0.51995
Epoch 4, Step 50 - valid_rmse:0.58554
Epoch 4, Step 60 - valid_rmse:0.51129
>>>>>>>> Model Improved From 0.5118557525654693 ----> 0.5112924950097039
Epoch 4, Step 70 - valid_rmse:0.57948
Epoch 4, Step 80 - valid_rmse:0.51930
Epoch 4, Step 90 - valid_rmse:0.50672
>>>>>>>> Model Improved From 0.5112924950097039 ----> 0.5067215325930784
Epoch 4, Step 100 - valid_rmse:0.51403
Epoch 4, Step 110 - valid_rmse:0.51271
Epoch 4, Step 120 - valid_rmse:0.55008
Epoch 4, Step 130 - valid_rmse:0.56832
Epoch 4, Step 140 - valid_rmse:0.55212
Epoch 4 - avg_train_loss: 0.49987  avg_val_loss: 0.62150  time: 273s
Epoch 4 - train_rmse:0.31906  valid_rmse:0.55212
Starting 5 epoch...
Epoch 5, Step 10 - valid_rmse:0.53501
Epoch 5, Step 20 - valid_rmse:0.52628
Epoch 5, Step 30 - valid_rmse:0.53457
Epoch 5, Step 40 - valid_rmse:0.52587
Epoch 5, Step 50 - valid_rmse:0.51754
Epoch 5, Step 60 - valid_rmse:0.51678
Epoch 5, Step 70 - valid_rmse:0.53061
Epoch 5, Step 80 - valid_rmse:0.56306
Epoch 5, Step 90 - valid_rmse:0.53166
Epoch 5, Step 100 - valid_rmse:0.54252
Epoch 5, Step 110 - valid_rmse:0.50432
>>>>>>>> Model Improved From 0.5067215325930784 ----> 0.5043237389017846
Epoch 5, Step 120 - valid_rmse:0.52183
Epoch 5, Step 130 - valid_rmse:0.57121
Epoch 5, Step 140 - valid_rmse:0.49690
>>>>>>>> Model Improved From 0.5043237389017846 ----> 0.4968993757889969
Epoch 5 - avg_train_loss: 0.48414  avg_val_loss: 0.59272  time: 275s
Epoch 5 - train_rmse:0.28466  valid_rmse:0.49690
Starting 6 epoch...
Epoch 6, Step 10 - valid_rmse:0.60477
Epoch 6, Step 20 - valid_rmse:0.67422
Epoch 6, Step 30 - valid_rmse:0.55337
Epoch 6, Step 40 - valid_rmse:0.57936
Epoch 6, Step 50 - valid_rmse:0.53962
Epoch 6, Step 60 - valid_rmse:0.52495
Epoch 6, Step 70 - valid_rmse:0.52699
Epoch 6, Step 80 - valid_rmse:0.50803
Epoch 6, Step 90 - valid_rmse:0.51944
Epoch 6, Step 100 - valid_rmse:0.50507
Epoch 6, Step 110 - valid_rmse:0.51483
Epoch 6, Step 120 - valid_rmse:0.50818
Epoch 6, Step 130 - valid_rmse:0.50915
Epoch 6, Step 140 - valid_rmse:0.50673
Epoch 6 - avg_train_loss: 0.47548  avg_val_loss: 0.59746  time: 260s
Epoch 6 - train_rmse:0.27578  valid_rmse:0.50673
Starting 7 epoch...
Epoch 7, Step 10 - valid_rmse:0.54283
Epoch 7, Step 20 - valid_rmse:0.54211
Epoch 7, Step 30 - valid_rmse:0.51583
Epoch 7, Step 40 - valid_rmse:0.50630
Epoch 7, Step 50 - valid_rmse:0.50467
Epoch 7, Step 60 - valid_rmse:0.52350
Epoch 7, Step 70 - valid_rmse:0.50494
Epoch 7, Step 80 - valid_rmse:0.51182
Epoch 7, Step 90 - valid_rmse:0.49312
>>>>>>>> Model Improved From 0.4968993757889969 ----> 0.49312100173308826
Epoch 7, Step 100 - valid_rmse:0.50471
Epoch 7, Step 110 - valid_rmse:0.50534
Epoch 7, Step 120 - valid_rmse:0.50623
Epoch 7, Step 130 - valid_rmse:0.51235
Epoch 7, Step 140 - valid_rmse:0.50153
Epoch 7 - avg_train_loss: 0.45137  avg_val_loss: 0.59443  time: 266s
Epoch 7 - train_rmse:0.21628  valid_rmse:0.50153
load itpt model
load itpt model
load itpt model
load itpt model
load itpt model
load itpt model
load itpt model
load itpt model
load itpt model
load itpt model
load itpt model
load itpt model
load itpt model
load itpt model
load itpt model
0.4753709738505664
0.4664427089228445
0.5124451197298507
0.4966033751173624
0.49312100357517447
cv score 0.48906493933794654
