========================================================================================================================
Fold 0 Training
========================================================================================================================
load itpt model
Starting 1 epoch...
Epoch 1, Step 10 - valid_rmse:0.85132
>>>>>>>> Model Improved From inf ----> 0.8513181202634763
Epoch 1, Step 20 - valid_rmse:0.72677
>>>>>>>> Model Improved From 0.8513181202634763 ----> 0.7267657901952009
Epoch 1, Step 30 - valid_rmse:0.65677
>>>>>>>> Model Improved From 0.7267657901952009 ----> 0.6567688173085723
Epoch 1, Step 40 - valid_rmse:0.62768
>>>>>>>> Model Improved From 0.6567688173085723 ----> 0.6276839807561082
Epoch 1, Step 50 - valid_rmse:0.65399
Epoch 1, Step 60 - valid_rmse:0.58898
>>>>>>>> Model Improved From 0.6276839807561082 ----> 0.5889829364903361
Epoch 1, Step 70 - valid_rmse:0.61913
Epoch 1, Step 80 - valid_rmse:0.74086
Epoch 1, Step 90 - valid_rmse:0.59312
Epoch 1, Step 100 - valid_rmse:0.80038
Epoch 1, Step 110 - valid_rmse:0.56066
>>>>>>>> Model Improved From 0.5889829364903361 ----> 0.5606600624752728
Epoch 1, Step 120 - valid_rmse:0.59816
Epoch 1, Step 130 - valid_rmse:0.54489
>>>>>>>> Model Improved From 0.5606600624752728 ----> 0.5448905344002839
Epoch 1, Step 140 - valid_rmse:0.54623
Epoch 1 - avg_train_loss: 0.69435  avg_val_loss: 0.61812  time: 304s
Epoch 1 - train_rmse:0.69446  valid_rmse:0.54623
Starting 2 epoch...
Epoch 2, Step 10 - valid_rmse:0.63106
Epoch 2, Step 20 - valid_rmse:0.58658
Epoch 2, Step 30 - valid_rmse:0.53831
>>>>>>>> Model Improved From 0.5448905344002839 ----> 0.5383128979970531
Epoch 2, Step 40 - valid_rmse:0.52037
>>>>>>>> Model Improved From 0.5383128979970531 ----> 0.5203717021053462
Epoch 2, Step 50 - valid_rmse:0.50874
>>>>>>>> Model Improved From 0.5203717021053462 ----> 0.5087376775940794
Epoch 2, Step 60 - valid_rmse:0.52825
Epoch 2, Step 70 - valid_rmse:0.51017
Epoch 2, Step 80 - valid_rmse:0.52380
Epoch 2, Step 90 - valid_rmse:0.50974
Epoch 2, Step 100 - valid_rmse:0.64086
Epoch 2, Step 110 - valid_rmse:0.49959
>>>>>>>> Model Improved From 0.5087376775940794 ----> 0.49958809347463967
Epoch 2, Step 120 - valid_rmse:0.52448
Epoch 2, Step 130 - valid_rmse:0.51040
Epoch 2, Step 140 - valid_rmse:0.58210
Epoch 2 - avg_train_loss: 0.57218  avg_val_loss: 0.63654  time: 286s
Epoch 2 - train_rmse:0.46147  valid_rmse:0.58210
Starting 3 epoch...
Epoch 3, Step 10 - valid_rmse:0.79125
Epoch 3, Step 20 - valid_rmse:0.57402
Epoch 3, Step 30 - valid_rmse:0.51034
Epoch 3, Step 40 - valid_rmse:0.51928
Epoch 3, Step 50 - valid_rmse:0.52486
Epoch 3, Step 60 - valid_rmse:0.50298
Epoch 3, Step 70 - valid_rmse:0.51390
Epoch 3, Step 80 - valid_rmse:0.60233
Epoch 3, Step 90 - valid_rmse:0.52377
Epoch 3, Step 100 - valid_rmse:0.51894
Epoch 3, Step 110 - valid_rmse:0.49562
>>>>>>>> Model Improved From 0.49958809347463967 ----> 0.4956153740800346
Epoch 3, Step 120 - valid_rmse:0.50036
Epoch 3, Step 130 - valid_rmse:0.48614
>>>>>>>> Model Improved From 0.4956153740800346 ----> 0.48614169275784996
Epoch 3, Step 140 - valid_rmse:0.55654
Epoch 3 - avg_train_loss: 0.51845  avg_val_loss: 0.62436  time: 274s
Epoch 3 - train_rmse:0.35276  valid_rmse:0.55654
Starting 4 epoch...
Epoch 4, Step 10 - valid_rmse:0.51585
Epoch 4, Step 20 - valid_rmse:0.52917
Epoch 4, Step 30 - valid_rmse:0.52204
Epoch 4, Step 40 - valid_rmse:0.52994
Epoch 4, Step 50 - valid_rmse:0.53011
Epoch 4, Step 60 - valid_rmse:0.50555
Epoch 4, Step 70 - valid_rmse:0.54141
Epoch 4, Step 80 - valid_rmse:0.49056
Epoch 4, Step 90 - valid_rmse:0.55289
Epoch 4, Step 100 - valid_rmse:0.50000
Epoch 4, Step 110 - valid_rmse:0.48484
>>>>>>>> Model Improved From 0.48614169275784996 ----> 0.48483906812816946
Epoch 4, Step 120 - valid_rmse:0.49443
Epoch 4, Step 130 - valid_rmse:0.51667
Epoch 4, Step 140 - valid_rmse:0.52255
Epoch 4 - avg_train_loss: 0.49025  avg_val_loss: 0.60640  time: 267s
Epoch 4 - train_rmse:0.29566  valid_rmse:0.52255
Starting 5 epoch...
Epoch 5, Step 10 - valid_rmse:0.61253
Epoch 5, Step 20 - valid_rmse:0.50896
Epoch 5, Step 30 - valid_rmse:0.52152
Epoch 5, Step 40 - valid_rmse:0.51199
Epoch 5, Step 50 - valid_rmse:0.54770
Epoch 5, Step 60 - valid_rmse:0.50234
Epoch 5, Step 70 - valid_rmse:0.50510
Epoch 5, Step 80 - valid_rmse:0.48683
Epoch 5, Step 90 - valid_rmse:0.48475
>>>>>>>> Model Improved From 0.48483906812816946 ----> 0.4847492090007679
Epoch 5, Step 100 - valid_rmse:0.49387
Epoch 5, Step 110 - valid_rmse:0.49393
Epoch 5, Step 120 - valid_rmse:0.50843
Epoch 5, Step 130 - valid_rmse:0.49538
Epoch 5, Step 140 - valid_rmse:0.48398
>>>>>>>> Model Improved From 0.4847492090007679 ----> 0.4839832292779077
Epoch 5 - avg_train_loss: 0.47046  avg_val_loss: 0.58649  time: 274s
Epoch 5 - train_rmse:0.25934  valid_rmse:0.48398
Starting 6 epoch...
Epoch 6, Step 10 - valid_rmse:0.64345
Epoch 6, Step 20 - valid_rmse:0.49369
Epoch 6, Step 30 - valid_rmse:0.50786
Epoch 6, Step 40 - valid_rmse:0.49367
Epoch 6, Step 50 - valid_rmse:0.52145
Epoch 6, Step 60 - valid_rmse:0.49878
Epoch 6, Step 70 - valid_rmse:0.49900
Epoch 6, Step 80 - valid_rmse:0.52273
Epoch 6, Step 90 - valid_rmse:0.48480
Epoch 6, Step 100 - valid_rmse:0.50097
Epoch 6, Step 110 - valid_rmse:0.49288
Epoch 6, Step 120 - valid_rmse:0.49526
Epoch 6, Step 130 - valid_rmse:0.50574
Epoch 6, Step 140 - valid_rmse:0.48847
Epoch 6 - avg_train_loss: 0.45051  avg_val_loss: 0.58842  time: 261s
Epoch 6 - train_rmse:0.22010  valid_rmse:0.48847
Starting 7 epoch...
Epoch 7, Step 10 - valid_rmse:0.59278
Epoch 7, Step 20 - valid_rmse:0.51111
Epoch 7, Step 30 - valid_rmse:0.50577
Epoch 7, Step 40 - valid_rmse:0.50812
Epoch 7, Step 50 - valid_rmse:0.49722
Epoch 7, Step 60 - valid_rmse:0.50325
Epoch 7, Step 70 - valid_rmse:0.51051
Epoch 7, Step 80 - valid_rmse:0.49316
Epoch 7, Step 90 - valid_rmse:0.50634
Epoch 7, Step 100 - valid_rmse:0.51029
Epoch 7, Step 110 - valid_rmse:0.48557
Epoch 7, Step 120 - valid_rmse:0.48665
Epoch 7, Step 130 - valid_rmse:0.48033
>>>>>>>> Model Improved From 0.4839832292779077 ----> 0.4803301085074714
Epoch 7, Step 140 - valid_rmse:0.51273
Epoch 7 - avg_train_loss: 0.44339  avg_val_loss: 0.60029  time: 269s
Epoch 7 - train_rmse:0.20210  valid_rmse:0.51273
========================================================================================================================
Fold 1 Training
========================================================================================================================
load itpt model
Starting 1 epoch...
========================================================================================================================
Fold 0 Training
========================================================================================================================
load itpt model
Starting 1 epoch...
Epoch 1, Step 10 - valid_rmse:0.99461
>>>>>>>> Model Improved From inf ----> 0.9946094763822749
Epoch 1, Step 20 - valid_rmse:0.71648
>>>>>>>> Model Improved From 0.9946094763822749 ----> 0.7164817597289713
Epoch 1, Step 30 - valid_rmse:0.70010
>>>>>>>> Model Improved From 0.7164817597289713 ----> 0.700100527089316
Epoch 1, Step 40 - valid_rmse:0.67577
>>>>>>>> Model Improved From 0.700100527089316 ----> 0.675774841365433
Epoch 1, Step 50 - valid_rmse:0.64859
>>>>>>>> Model Improved From 0.675774841365433 ----> 0.6485862560213782
Epoch 1, Step 60 - valid_rmse:0.68493
Epoch 1, Step 70 - valid_rmse:0.59469
>>>>>>>> Model Improved From 0.6485862560213782 ----> 0.5946885365525779
Epoch 1, Step 80 - valid_rmse:0.56931
>>>>>>>> Model Improved From 0.5946885365525779 ----> 0.5693099767089328
Epoch 1, Step 90 - valid_rmse:0.55468
>>>>>>>> Model Improved From 0.5693099767089328 ----> 0.5546842688540334
Epoch 1, Step 100 - valid_rmse:0.65357
Epoch 1, Step 110 - valid_rmse:0.57526
Epoch 1, Step 120 - valid_rmse:0.76157
Epoch 1, Step 130 - valid_rmse:0.61011
Epoch 1, Step 140 - valid_rmse:0.57427
Epoch 1 - avg_train_loss: 0.73151  avg_val_loss: 0.64027  time: 309s
Epoch 1 - train_rmse:0.72366  valid_rmse:0.57427
Starting 2 epoch...
Epoch 2, Step 10 - valid_rmse:0.55061
>>>>>>>> Model Improved From 0.5546842688540334 ----> 0.5506098852984316
Epoch 2, Step 20 - valid_rmse:0.54178
>>>>>>>> Model Improved From 0.5506098852984316 ----> 0.5417828440934697
Epoch 2, Step 30 - valid_rmse:0.51302
>>>>>>>> Model Improved From 0.5417828440934697 ----> 0.5130215622817322
Epoch 2, Step 40 - valid_rmse:0.50458
>>>>>>>> Model Improved From 0.5130215622817322 ----> 0.5045783291754162
Epoch 2, Step 50 - valid_rmse:0.52056
Epoch 2, Step 60 - valid_rmse:0.55175
Epoch 2, Step 70 - valid_rmse:0.52669
Epoch 2, Step 80 - valid_rmse:0.55274
Epoch 2, Step 90 - valid_rmse:0.57626
Epoch 2, Step 100 - valid_rmse:0.59338
Epoch 2, Step 110 - valid_rmse:0.52759
Epoch 2, Step 120 - valid_rmse:0.51421
Epoch 2, Step 130 - valid_rmse:0.50249
>>>>>>>> Model Improved From 0.5045783291754162 ----> 0.502486446958673
Epoch 2, Step 140 - valid_rmse:0.51188
Epoch 2 - avg_train_loss: 0.57060  avg_val_loss: 0.60253  time: 291s
Epoch 2 - train_rmse:0.44657  valid_rmse:0.51188
Starting 3 epoch...
Epoch 3, Step 10 - valid_rmse:0.50101
>>>>>>>> Model Improved From 0.502486446958673 ----> 0.5010144679733528
Epoch 3, Step 20 - valid_rmse:0.56352
Epoch 3, Step 30 - valid_rmse:0.60515
Epoch 3, Step 40 - valid_rmse:0.58375
Epoch 3, Step 50 - valid_rmse:0.55002
Epoch 3, Step 60 - valid_rmse:0.51087
Epoch 3, Step 70 - valid_rmse:0.50698
Epoch 3, Step 80 - valid_rmse:0.54639
Epoch 3, Step 90 - valid_rmse:0.50922
Epoch 3, Step 100 - valid_rmse:0.50598
Epoch 3, Step 110 - valid_rmse:0.51690
Epoch 3, Step 120 - valid_rmse:0.48993
>>>>>>>> Model Improved From 0.5010144679733528 ----> 0.48993031479947713
Epoch 3, Step 130 - valid_rmse:0.49782
Epoch 3, Step 140 - valid_rmse:0.55285
Epoch 3 - avg_train_loss: 0.51794  avg_val_loss: 0.62262  time: 274s
Epoch 3 - train_rmse:0.34742  valid_rmse:0.55285
Starting 4 epoch...
Epoch 4, Step 10 - valid_rmse:0.51709
Epoch 4, Step 20 - valid_rmse:0.52294
Epoch 4, Step 30 - valid_rmse:0.52814
Epoch 4, Step 40 - valid_rmse:0.52298
Epoch 4, Step 50 - valid_rmse:0.54770
Epoch 4, Step 60 - valid_rmse:0.49888
Epoch 4, Step 70 - valid_rmse:0.50005
Epoch 4, Step 80 - valid_rmse:0.50723
Epoch 4, Step 90 - valid_rmse:0.52561
Epoch 4, Step 100 - valid_rmse:0.49799
Epoch 4, Step 110 - valid_rmse:0.49063
Epoch 4, Step 120 - valid_rmse:0.50750
Epoch 4, Step 130 - valid_rmse:0.51301
Epoch 4, Step 140 - valid_rmse:0.50098
Epoch 4 - avg_train_loss: 0.49102  avg_val_loss: 0.59731  time: 260s
Epoch 4 - train_rmse:0.29408  valid_rmse:0.50098
Starting 5 epoch...
Epoch 5, Step 10 - valid_rmse:0.77068
Epoch 5, Step 20 - valid_rmse:0.53750
Epoch 5, Step 30 - valid_rmse:0.60269
Epoch 5, Step 40 - valid_rmse:0.52805
Epoch 5, Step 50 - valid_rmse:0.53900
Epoch 5, Step 60 - valid_rmse:0.49148
Epoch 5, Step 70 - valid_rmse:0.51898
Epoch 5, Step 80 - valid_rmse:0.49175
Epoch 5, Step 90 - valid_rmse:0.50161
Epoch 5, Step 100 - valid_rmse:0.51080
Epoch 5, Step 110 - valid_rmse:0.48882
>>>>>>>> Model Improved From 0.48993031479947713 ----> 0.4888165739938572
Epoch 5, Step 120 - valid_rmse:0.48412
>>>>>>>> Model Improved From 0.4888165739938572 ----> 0.48412306064122995
Epoch 5, Step 130 - valid_rmse:0.48387
>>>>>>>> Model Improved From 0.48412306064122995 ----> 0.4838744355500476
Epoch 5, Step 140 - valid_rmse:0.48117
>>>>>>>> Model Improved From 0.4838744355500476 ----> 0.48116933711473736
Epoch 5 - avg_train_loss: 0.46986  avg_val_loss: 0.58610  time: 286s
Epoch 5 - train_rmse:0.25460  valid_rmse:0.48117
Starting 6 epoch...
Epoch 6, Step 10 - valid_rmse:0.61113
Epoch 6, Step 20 - valid_rmse:0.50596
Epoch 6, Step 30 - valid_rmse:0.50110
Epoch 6, Step 40 - valid_rmse:0.50037
Epoch 6, Step 50 - valid_rmse:0.48986
Epoch 6, Step 60 - valid_rmse:0.49827
Epoch 6, Step 70 - valid_rmse:0.51113
Epoch 6, Step 80 - valid_rmse:0.49823
Epoch 6, Step 90 - valid_rmse:1.17672
Epoch 6, Step 100 - valid_rmse:1.31173
Epoch 6, Step 110 - valid_rmse:1.10830
Epoch 6, Step 120 - valid_rmse:1.06767
Epoch 6, Step 130 - valid_rmse:1.07604
Epoch 6, Step 140 - valid_rmse:1.04307
Epoch 6 - avg_train_loss: 0.62401  avg_val_loss: 0.86744  time: 260s
Epoch 6 - train_rmse:0.68925  valid_rmse:1.04307
Starting 7 epoch...
Epoch 7, Step 10 - valid_rmse:1.04340
Epoch 7, Step 20 - valid_rmse:1.04181
Epoch 7, Step 30 - valid_rmse:1.04322
Epoch 7, Step 40 - valid_rmse:1.06252
Epoch 7, Step 50 - valid_rmse:1.05151
Epoch 7, Step 60 - valid_rmse:1.04451
Epoch 7, Step 70 - valid_rmse:1.04133
Epoch 7, Step 80 - valid_rmse:1.04146
Epoch 7, Step 90 - valid_rmse:1.04106
Epoch 7, Step 100 - valid_rmse:1.04178
Epoch 7, Step 110 - valid_rmse:1.04230
Epoch 7, Step 120 - valid_rmse:1.06690
Epoch 7, Step 130 - valid_rmse:1.04128
Epoch 7, Step 140 - valid_rmse:1.04103
Epoch 7 - avg_train_loss: 0.86381  avg_val_loss: 0.86300  time: 257s
Epoch 7 - train_rmse:1.04315  valid_rmse:1.04103
========================================================================================================================
Fold 1 Training
========================================================================================================================
load itpt model
Starting 1 epoch...
Epoch 1, Step 10 - valid_rmse:0.86445
>>>>>>>> Model Improved From inf ----> 0.8644507806949965
Epoch 1, Step 20 - valid_rmse:0.76685
>>>>>>>> Model Improved From 0.8644507806949965 ----> 0.7668539887007979
Epoch 1, Step 30 - valid_rmse:0.71400
>>>>>>>> Model Improved From 0.7668539887007979 ----> 0.7140002040259616
Epoch 1, Step 40 - valid_rmse:0.66204
>>>>>>>> Model Improved From 0.7140002040259616 ----> 0.6620353180269104
Epoch 1, Step 50 - valid_rmse:0.60900
>>>>>>>> Model Improved From 0.6620353180269104 ----> 0.6090020516824737
Epoch 1, Step 60 - valid_rmse:0.62161
Epoch 1, Step 70 - valid_rmse:0.56185
>>>>>>>> Model Improved From 0.6090020516824737 ----> 0.5618496269715354
Epoch 1, Step 80 - valid_rmse:0.57385
Epoch 1, Step 90 - valid_rmse:0.59099
Epoch 1, Step 100 - valid_rmse:0.84586
Epoch 1, Step 110 - valid_rmse:0.61726
Epoch 1, Step 120 - valid_rmse:0.81198
Epoch 1, Step 130 - valid_rmse:0.59728
Epoch 1, Step 140 - valid_rmse:0.66396
Epoch 1 - avg_train_loss: 0.73683  avg_val_loss: 0.68381  time: 300s
Epoch 1 - train_rmse:0.72859  valid_rmse:0.66396
Starting 2 epoch...
Epoch 2, Step 10 - valid_rmse:0.54388
>>>>>>>> Model Improved From 0.5618496269715354 ----> 0.5438825756895943
Epoch 2, Step 20 - valid_rmse:0.53372
>>>>>>>> Model Improved From 0.5438825756895943 ----> 0.5337197940324415
Epoch 2, Step 30 - valid_rmse:0.50831
>>>>>>>> Model Improved From 0.5337197940324415 ----> 0.508309919835326
Epoch 2, Step 40 - valid_rmse:0.51486
Epoch 2, Step 50 - valid_rmse:0.49323
>>>>>>>> Model Improved From 0.508309919835326 ----> 0.4932268642948269
Epoch 2, Step 60 - valid_rmse:0.57687
Epoch 2, Step 70 - valid_rmse:0.53994
Epoch 2, Step 80 - valid_rmse:0.57351
Epoch 2, Step 90 - valid_rmse:0.52494
Epoch 2, Step 100 - valid_rmse:0.53058
Epoch 2, Step 110 - valid_rmse:0.52688
Epoch 2, Step 120 - valid_rmse:0.52744
Epoch 2, Step 130 - valid_rmse:0.50505
Epoch 2, Step 140 - valid_rmse:0.60899
Epoch 2 - avg_train_loss: 0.58175  avg_val_loss: 0.65135  time: 286s
Epoch 2 - train_rmse:0.47284  valid_rmse:0.60899
Starting 3 epoch...
Epoch 3, Step 10 - valid_rmse:0.54818
Epoch 3, Step 20 - valid_rmse:0.55185
Epoch 3, Step 30 - valid_rmse:0.53191
Epoch 3, Step 40 - valid_rmse:0.50753
Epoch 3, Step 50 - valid_rmse:0.51129
Epoch 3, Step 60 - valid_rmse:0.52157
Epoch 3, Step 70 - valid_rmse:0.51408
Epoch 3, Step 80 - valid_rmse:0.50516
Epoch 3, Step 90 - valid_rmse:0.52861
Epoch 3, Step 100 - valid_rmse:0.60339
Epoch 3, Step 110 - valid_rmse:0.61739
Epoch 3, Step 120 - valid_rmse:0.57149
Epoch 3, Step 130 - valid_rmse:0.51104
Epoch 3, Step 140 - valid_rmse:0.53194
Epoch 3 - avg_train_loss: 0.52248  avg_val_loss: 0.61110  time: 261s
Epoch 3 - train_rmse:0.35457  valid_rmse:0.53194
Starting 4 epoch...
Epoch 4, Step 10 - valid_rmse:0.55088
Epoch 4, Step 20 - valid_rmse:0.49498
Epoch 4, Step 30 - valid_rmse:0.53170
Epoch 4, Step 40 - valid_rmse:0.48493
>>>>>>>> Model Improved From 0.4932268642948269 ----> 0.484929122117845
Epoch 4, Step 50 - valid_rmse:0.48385
>>>>>>>> Model Improved From 0.484929122117845 ----> 0.483853575566896
Epoch 4, Step 60 - valid_rmse:0.49007
Epoch 4, Step 70 - valid_rmse:0.50391
Epoch 4, Step 80 - valid_rmse:0.49381
Epoch 4, Step 90 - valid_rmse:0.50367
Epoch 4, Step 100 - valid_rmse:0.48518
Epoch 4, Step 110 - valid_rmse:0.48554
Epoch 4, Step 120 - valid_rmse:0.48949
Epoch 4, Step 130 - valid_rmse:0.53813
Epoch 4, Step 140 - valid_rmse:0.49756
Epoch 4 - avg_train_loss: 0.49221  avg_val_loss: 0.59404  time: 275s
Epoch 4 - train_rmse:0.29972  valid_rmse:0.49756
Starting 5 epoch...
Epoch 5, Step 10 - valid_rmse:0.63601
Epoch 5, Step 20 - valid_rmse:0.48956
Epoch 5, Step 30 - valid_rmse:0.54185
Epoch 5, Step 40 - valid_rmse:0.48531
Epoch 5, Step 50 - valid_rmse:0.54781
Epoch 5, Step 60 - valid_rmse:0.51677
Epoch 5, Step 70 - valid_rmse:0.50893
Epoch 5, Step 80 - valid_rmse:0.48783
Epoch 5, Step 90 - valid_rmse:0.51945
Epoch 5, Step 100 - valid_rmse:0.48236
>>>>>>>> Model Improved From 0.483853575566896 ----> 0.48235941695728485
Epoch 5, Step 110 - valid_rmse:0.49353
Epoch 5, Step 120 - valid_rmse:0.47775
>>>>>>>> Model Improved From 0.48235941695728485 ----> 0.4777463362691715
Epoch 5, Step 130 - valid_rmse:0.49354
Epoch 5, Step 140 - valid_rmse:0.48981
Epoch 5 - avg_train_loss: 0.47546  avg_val_loss: 0.58976  time: 273s
Epoch 5 - train_rmse:0.26496  valid_rmse:0.48981
Starting 6 epoch...
Epoch 6, Step 10 - valid_rmse:0.63949
Epoch 6, Step 20 - valid_rmse:0.50885
Epoch 6, Step 30 - valid_rmse:0.49297
Epoch 6, Step 40 - valid_rmse:0.49097
Epoch 6, Step 50 - valid_rmse:0.50151
Epoch 6, Step 60 - valid_rmse:0.49593
Epoch 6, Step 70 - valid_rmse:0.48991
Epoch 6, Step 80 - valid_rmse:0.50836
Epoch 6, Step 90 - valid_rmse:0.47936
Epoch 6, Step 100 - valid_rmse:0.48975
Epoch 6, Step 110 - valid_rmse:0.49350
Epoch 6, Step 120 - valid_rmse:0.49636
Epoch 6, Step 130 - valid_rmse:0.47579
>>>>>>>> Model Improved From 0.4777463362691715 ----> 0.4757925128430344
Epoch 6, Step 140 - valid_rmse:0.51003
Epoch 6 - avg_train_loss: 0.45761  avg_val_loss: 0.59826  time: 267s
Epoch 6 - train_rmse:0.22605  valid_rmse:0.51003
Starting 7 epoch...
Epoch 7, Step 10 - valid_rmse:0.56465
Epoch 7, Step 20 - valid_rmse:0.55790
Epoch 7, Step 30 - valid_rmse:0.48758
Epoch 7, Step 40 - valid_rmse:0.51072
Epoch 7, Step 50 - valid_rmse:0.49387
Epoch 7, Step 60 - valid_rmse:0.47852
Epoch 7, Step 70 - valid_rmse:0.47922
Epoch 7, Step 80 - valid_rmse:0.48353
Epoch 7, Step 90 - valid_rmse:0.48462
Epoch 7, Step 100 - valid_rmse:0.49797
Epoch 7, Step 110 - valid_rmse:0.50037
Epoch 7, Step 120 - valid_rmse:0.48367
Epoch 7, Step 130 - valid_rmse:0.49136
Epoch 7, Step 140 - valid_rmse:0.48194
Epoch 7 - avg_train_loss: 0.45576  avg_val_loss: 0.58577  time: 260s
Epoch 7 - train_rmse:0.22615  valid_rmse:0.48194
========================================================================================================================
Fold 2 Training
========================================================================================================================
load itpt model
Starting 1 epoch...
Epoch 1, Step 10 - valid_rmse:1.01229
>>>>>>>> Model Improved From inf ----> 1.0122905877016295
Epoch 1, Step 20 - valid_rmse:1.03123
Epoch 1, Step 30 - valid_rmse:0.79224
>>>>>>>> Model Improved From 1.0122905877016295 ----> 0.7922394425127387
Epoch 1, Step 40 - valid_rmse:0.78460
>>>>>>>> Model Improved From 0.7922394425127387 ----> 0.7845953480712543
Epoch 1, Step 50 - valid_rmse:0.69442
>>>>>>>> Model Improved From 0.7845953480712543 ----> 0.6944156575266007
Epoch 1, Step 60 - valid_rmse:0.69889
Epoch 1, Step 70 - valid_rmse:0.65826
>>>>>>>> Model Improved From 0.6944156575266007 ----> 0.658261411067716
Epoch 1, Step 80 - valid_rmse:0.73811
Epoch 1, Step 90 - valid_rmse:0.58470
>>>>>>>> Model Improved From 0.658261411067716 ----> 0.5846986843987646
Epoch 1, Step 100 - valid_rmse:0.58840
Epoch 1, Step 110 - valid_rmse:0.55914
>>>>>>>> Model Improved From 0.5846986843987646 ----> 0.5591387508986254
Epoch 1, Step 120 - valid_rmse:0.56739
Epoch 1, Step 130 - valid_rmse:0.63480
Epoch 1, Step 140 - valid_rmse:0.65772
Epoch 1 - avg_train_loss: 0.73944  avg_val_loss: 0.67858  time: 301s
Epoch 1 - train_rmse:0.72778  valid_rmse:0.65772
Starting 2 epoch...
Epoch 2, Step 10 - valid_rmse:0.57362
Epoch 2, Step 20 - valid_rmse:0.56865
Epoch 2, Step 30 - valid_rmse:0.55040
>>>>>>>> Model Improved From 0.5591387508986254 ----> 0.5503995953161009
Epoch 2, Step 40 - valid_rmse:0.58197
Epoch 2, Step 50 - valid_rmse:0.64756
Epoch 2, Step 60 - valid_rmse:0.55922
Epoch 2, Step 70 - valid_rmse:0.55174
Epoch 2, Step 80 - valid_rmse:0.56059
Epoch 2, Step 90 - valid_rmse:0.61349
Epoch 2, Step 100 - valid_rmse:0.66470
Epoch 2, Step 110 - valid_rmse:0.55149
Epoch 2, Step 120 - valid_rmse:0.58157
Epoch 2, Step 130 - valid_rmse:0.52581
>>>>>>>> Model Improved From 0.5503995953161009 ----> 0.5258057579499605
Epoch 2, Step 140 - valid_rmse:0.54188
Epoch 2 - avg_train_loss: 0.58839  avg_val_loss: 0.61658  time: 274s
Epoch 2 - train_rmse:0.48566  valid_rmse:0.54188
Starting 3 epoch...
Epoch 3, Step 10 - valid_rmse:0.56751
Epoch 3, Step 20 - valid_rmse:0.53733
Epoch 3, Step 30 - valid_rmse:0.54407
Epoch 3, Step 40 - valid_rmse:0.53577
Epoch 3, Step 50 - valid_rmse:0.54982
Epoch 3, Step 60 - valid_rmse:0.54165
Epoch 3, Step 70 - valid_rmse:0.52562
>>>>>>>> Model Improved From 0.5258057579499605 ----> 0.5256158916670234
Epoch 3, Step 80 - valid_rmse:0.55117
Epoch 3, Step 90 - valid_rmse:0.58502
Epoch 3, Step 100 - valid_rmse:0.58635
Epoch 3, Step 110 - valid_rmse:0.52064
>>>>>>>> Model Improved From 0.5256158916670234 ----> 0.520637965858237
Epoch 3, Step 120 - valid_rmse:0.52119
Epoch 3, Step 130 - valid_rmse:0.52887
Epoch 3, Step 140 - valid_rmse:0.51662
>>>>>>>> Model Improved From 0.520637965858237 ----> 0.5166219668277534
Epoch 3 - avg_train_loss: 0.51864  avg_val_loss: 0.60228  time: 279s
Epoch 3 - train_rmse:0.34817  valid_rmse:0.51662
Starting 4 epoch...
Epoch 4, Step 10 - valid_rmse:0.54575
Epoch 4, Step 20 - valid_rmse:0.53115
Epoch 4, Step 30 - valid_rmse:0.52202
Epoch 4, Step 40 - valid_rmse:0.52599
Epoch 4, Step 50 - valid_rmse:0.52373
Epoch 4, Step 60 - valid_rmse:0.52977
Epoch 4, Step 70 - valid_rmse:0.51080
>>>>>>>> Model Improved From 0.5166219668277534 ----> 0.510798583327639
Epoch 4, Step 80 - valid_rmse:0.53085
Epoch 4, Step 90 - valid_rmse:0.54567
Epoch 4, Step 100 - valid_rmse:0.51825
Epoch 4, Step 110 - valid_rmse:0.52547
Epoch 4, Step 120 - valid_rmse:0.52143
Epoch 4, Step 130 - valid_rmse:0.52888
Epoch 4, Step 140 - valid_rmse:0.51922
Epoch 4 - avg_train_loss: 0.47982  avg_val_loss: 0.60332  time: 266s
Epoch 4 - train_rmse:0.26971  valid_rmse:0.51922
Starting 5 epoch...
Epoch 5, Step 10 - valid_rmse:0.79316
Epoch 5, Step 20 - valid_rmse:0.59813
Epoch 5, Step 30 - valid_rmse:0.54386
Epoch 5, Step 40 - valid_rmse:0.54354
Epoch 5, Step 50 - valid_rmse:0.52301
Epoch 5, Step 60 - valid_rmse:0.52596
Epoch 5, Step 70 - valid_rmse:0.54647
Epoch 5, Step 80 - valid_rmse:0.52077
Epoch 5, Step 90 - valid_rmse:0.53031
Epoch 5, Step 100 - valid_rmse:0.51553
Epoch 5, Step 110 - valid_rmse:0.53200
Epoch 5, Step 120 - valid_rmse:0.51441
Epoch 5, Step 130 - valid_rmse:0.51622
Epoch 5, Step 140 - valid_rmse:0.52729
Epoch 5 - avg_train_loss: 0.46411  avg_val_loss: 0.60811  time: 260s
Epoch 5 - train_rmse:0.24118  valid_rmse:0.52729
Starting 6 epoch...
Epoch 6, Step 10 - valid_rmse:0.55426
Epoch 6, Step 20 - valid_rmse:0.52419
Epoch 6, Step 30 - valid_rmse:0.52142
Epoch 6, Step 40 - valid_rmse:0.51959
Epoch 6, Step 50 - valid_rmse:0.53110
Epoch 6, Step 60 - valid_rmse:0.50756
>>>>>>>> Model Improved From 0.510798583327639 ----> 0.5075577181093239
Epoch 6, Step 70 - valid_rmse:0.54839
Epoch 6, Step 80 - valid_rmse:0.56352
Epoch 6, Step 90 - valid_rmse:0.62507
Epoch 6, Step 100 - valid_rmse:0.54774
Epoch 6, Step 110 - valid_rmse:0.53197
Epoch 6, Step 120 - valid_rmse:0.53138
Epoch 6, Step 130 - valid_rmse:0.52676
Epoch 6, Step 140 - valid_rmse:0.54491
Epoch 6 - avg_train_loss: 0.45420  avg_val_loss: 0.61468  time: 266s
Epoch 6 - train_rmse:0.21941  valid_rmse:0.54491
Starting 7 epoch...
Epoch 7, Step 10 - valid_rmse:1.27167
Epoch 7, Step 20 - valid_rmse:1.20990
Epoch 7, Step 30 - valid_rmse:1.03728
Epoch 7, Step 40 - valid_rmse:1.07544
Epoch 7, Step 50 - valid_rmse:1.04887
Epoch 7, Step 60 - valid_rmse:1.11988
Epoch 7, Step 70 - valid_rmse:1.04070
Epoch 7, Step 80 - valid_rmse:1.03487
Epoch 7, Step 90 - valid_rmse:1.03349
Epoch 7, Step 100 - valid_rmse:1.05825
Epoch 7, Step 110 - valid_rmse:1.03400
Epoch 7, Step 120 - valid_rmse:1.03885
Epoch 7, Step 130 - valid_rmse:1.03431
Epoch 7, Step 140 - valid_rmse:1.03672
Epoch 7 - avg_train_loss: 0.85812  avg_val_loss: 0.85812  time: 258s
Epoch 7 - train_rmse:1.03812  valid_rmse:1.03672
========================================================================================================================
Fold 3 Training
========================================================================================================================
load itpt model
Starting 1 epoch...
Epoch 1, Step 10 - valid_rmse:0.91192
>>>>>>>> Model Improved From inf ----> 0.911916526836505
Epoch 1, Step 20 - valid_rmse:0.77882
>>>>>>>> Model Improved From 0.911916526836505 ----> 0.7788221217403216
Epoch 1, Step 30 - valid_rmse:0.67120
>>>>>>>> Model Improved From 0.7788221217403216 ----> 0.67119878770249
Epoch 1, Step 40 - valid_rmse:0.79251
Epoch 1, Step 50 - valid_rmse:0.63133
>>>>>>>> Model Improved From 0.67119878770249 ----> 0.6313328029692579
Epoch 1, Step 60 - valid_rmse:0.72112
Epoch 1, Step 70 - valid_rmse:0.62222
>>>>>>>> Model Improved From 0.6313328029692579 ----> 0.6222164220196206
Epoch 1, Step 80 - valid_rmse:0.68153
Epoch 1, Step 90 - valid_rmse:0.61130
>>>>>>>> Model Improved From 0.6222164220196206 ----> 0.6113022956999627
Epoch 1, Step 100 - valid_rmse:0.55540
>>>>>>>> Model Improved From 0.6113022956999627 ----> 0.5554006744231725
Epoch 1, Step 110 - valid_rmse:0.56710
Epoch 1, Step 120 - valid_rmse:0.61849
Epoch 1, Step 130 - valid_rmse:0.62753
Epoch 1, Step 140 - valid_rmse:0.56604
Epoch 1 - avg_train_loss: 0.72134  avg_val_loss: 0.63904  time: 299s
Epoch 1 - train_rmse:0.70519  valid_rmse:0.56604
Starting 2 epoch...
Epoch 2, Step 10 - valid_rmse:0.71867
Epoch 2, Step 20 - valid_rmse:0.59070
Epoch 2, Step 30 - valid_rmse:0.53281
>>>>>>>> Model Improved From 0.5554006744231725 ----> 0.5328097769255834
Epoch 2, Step 40 - valid_rmse:0.63041
Epoch 2, Step 50 - valid_rmse:0.60723
Epoch 2, Step 60 - valid_rmse:0.53429
Epoch 2, Step 70 - valid_rmse:0.52932
>>>>>>>> Model Improved From 0.5328097769255834 ----> 0.5293193723618611
Epoch 2, Step 80 - valid_rmse:0.53742
Epoch 2, Step 90 - valid_rmse:0.52991
Epoch 2, Step 100 - valid_rmse:0.51958
>>>>>>>> Model Improved From 0.5293193723618611 ----> 0.5195770516421024
Epoch 2, Step 110 - valid_rmse:0.58541
Epoch 2, Step 120 - valid_rmse:0.50833
>>>>>>>> Model Improved From 0.5195770516421024 ----> 0.5083326742472579
Epoch 2, Step 130 - valid_rmse:0.52579
Epoch 2, Step 140 - valid_rmse:0.73841
Epoch 2 - avg_train_loss: 0.58080  avg_val_loss: 0.71813  time: 285s
Epoch 2 - train_rmse:0.46717  valid_rmse:0.73841
Starting 3 epoch...
Epoch 3, Step 10 - valid_rmse:0.65476
Epoch 3, Step 20 - valid_rmse:0.60212
Epoch 3, Step 30 - valid_rmse:0.51754
Epoch 3, Step 40 - valid_rmse:0.52993
Epoch 3, Step 50 - valid_rmse:0.53414
Epoch 3, Step 60 - valid_rmse:0.53923
Epoch 3, Step 70 - valid_rmse:0.54590
Epoch 3, Step 80 - valid_rmse:0.57928
Epoch 3, Step 90 - valid_rmse:0.53466
Epoch 3, Step 100 - valid_rmse:0.53264
Epoch 3, Step 110 - valid_rmse:0.64249
Epoch 3, Step 120 - valid_rmse:0.54619
Epoch 3, Step 130 - valid_rmse:0.57394
Epoch 3, Step 140 - valid_rmse:0.56124
Epoch 3 - avg_train_loss: 0.52686  avg_val_loss: 0.62743  time: 261s
Epoch 3 - train_rmse:0.36434  valid_rmse:0.56124
Starting 4 epoch...
Epoch 4, Step 10 - valid_rmse:0.51517
Epoch 4, Step 20 - valid_rmse:0.53600
Epoch 4, Step 30 - valid_rmse:0.54457
Epoch 4, Step 40 - valid_rmse:0.49829
>>>>>>>> Model Improved From 0.5083326742472579 ----> 0.49829438472150145
Epoch 4, Step 50 - valid_rmse:0.50570
Epoch 4, Step 60 - valid_rmse:0.49744
>>>>>>>> Model Improved From 0.49829438472150145 ----> 0.4974432484838069
Epoch 4, Step 70 - valid_rmse:0.50356
Epoch 4, Step 80 - valid_rmse:0.51189
Epoch 4, Step 90 - valid_rmse:0.50340
Epoch 4, Step 100 - valid_rmse:0.49910
Epoch 4, Step 110 - valid_rmse:0.50606
Epoch 4, Step 120 - valid_rmse:0.50325
Epoch 4, Step 130 - valid_rmse:0.54442
Epoch 4, Step 140 - valid_rmse:0.50498
Epoch 4 - avg_train_loss: 0.48126  avg_val_loss: 0.59861  time: 272s
Epoch 4 - train_rmse:0.27333  valid_rmse:0.50498
Starting 5 epoch...
Epoch 5, Step 10 - valid_rmse:0.72274
Epoch 5, Step 20 - valid_rmse:0.53758
Epoch 5, Step 30 - valid_rmse:0.61584
Epoch 5, Step 40 - valid_rmse:0.51383
Epoch 5, Step 50 - valid_rmse:0.51608
Epoch 5, Step 60 - valid_rmse:0.50072
Epoch 5, Step 70 - valid_rmse:0.50267
Epoch 5, Step 80 - valid_rmse:0.50209
Epoch 5, Step 90 - valid_rmse:0.56729
Epoch 5, Step 100 - valid_rmse:0.51906
Epoch 5, Step 110 - valid_rmse:0.51605
Epoch 5, Step 120 - valid_rmse:0.50671
Epoch 5, Step 130 - valid_rmse:0.51690
Epoch 5, Step 140 - valid_rmse:0.50513
Epoch 5 - avg_train_loss: 0.46475  avg_val_loss: 0.59892  time: 260s
Epoch 5 - train_rmse:0.24476  valid_rmse:0.50513
Starting 6 epoch...
Epoch 6, Step 10 - valid_rmse:0.60067
Epoch 6, Step 20 - valid_rmse:0.53967
Epoch 6, Step 30 - valid_rmse:0.50451
Epoch 6, Step 40 - valid_rmse:0.50195
Epoch 6, Step 50 - valid_rmse:0.55900
Epoch 6, Step 60 - valid_rmse:0.52156
Epoch 6, Step 70 - valid_rmse:0.51421
Epoch 6, Step 80 - valid_rmse:0.51625
Epoch 6, Step 90 - valid_rmse:0.53158
Epoch 6, Step 100 - valid_rmse:0.51905
Epoch 6, Step 110 - valid_rmse:0.51440
Epoch 6, Step 120 - valid_rmse:0.50689
Epoch 6, Step 130 - valid_rmse:0.50440
Epoch 6, Step 140 - valid_rmse:0.51010
Epoch 6 - avg_train_loss: 0.46022  avg_val_loss: 0.60107  time: 260s
Epoch 6 - train_rmse:0.23197  valid_rmse:0.51010
Starting 7 epoch...
Epoch 7, Step 10 - valid_rmse:0.58523
Epoch 7, Step 20 - valid_rmse:0.59275
Epoch 7, Step 30 - valid_rmse:0.53223
Epoch 7, Step 40 - valid_rmse:0.51440
Epoch 7, Step 50 - valid_rmse:0.51631
Epoch 7, Step 60 - valid_rmse:0.51438
Epoch 7, Step 70 - valid_rmse:0.51672
Epoch 7, Step 80 - valid_rmse:0.51574
Epoch 7, Step 90 - valid_rmse:0.52753
Epoch 7, Step 100 - valid_rmse:0.51201
Epoch 7, Step 110 - valid_rmse:0.51415
Epoch 7, Step 120 - valid_rmse:0.50750
Epoch 7, Step 130 - valid_rmse:0.50070
Epoch 7, Step 140 - valid_rmse:0.51977
Epoch 7 - avg_train_loss: 0.44964  avg_val_loss: 0.60532  time: 260s
Epoch 7 - train_rmse:0.21444  valid_rmse:0.51977
========================================================================================================================
Fold 4 Training
========================================================================================================================
load itpt model
Starting 1 epoch...
Epoch 1, Step 10 - valid_rmse:0.90803
>>>>>>>> Model Improved From inf ----> 0.9080296330046634
Epoch 1, Step 20 - valid_rmse:0.82087
>>>>>>>> Model Improved From 0.9080296330046634 ----> 0.8208735794658436
Epoch 1, Step 30 - valid_rmse:0.70142
>>>>>>>> Model Improved From 0.8208735794658436 ----> 0.7014171698857721
Epoch 1, Step 40 - valid_rmse:0.68894
>>>>>>>> Model Improved From 0.7014171698857721 ----> 0.6889412877966993
Epoch 1, Step 50 - valid_rmse:0.69759
Epoch 1, Step 60 - valid_rmse:0.81676
Epoch 1, Step 70 - valid_rmse:0.64687
>>>>>>>> Model Improved From 0.6889412877966993 ----> 0.6468693979826443
Epoch 1, Step 80 - valid_rmse:0.61079
>>>>>>>> Model Improved From 0.6468693979826443 ----> 0.6107922291053403
Epoch 1, Step 90 - valid_rmse:0.66281
Epoch 1, Step 100 - valid_rmse:0.61396
Epoch 1, Step 110 - valid_rmse:0.55860
>>>>>>>> Model Improved From 0.6107922291053403 ----> 0.5585961916159551
Epoch 1, Step 120 - valid_rmse:0.63123
Epoch 1, Step 130 - valid_rmse:0.59773
Epoch 1, Step 140 - valid_rmse:0.76458
Epoch 1 - avg_train_loss: 0.73078  avg_val_loss: 0.73732  time: 300s
Epoch 1 - train_rmse:0.71126  valid_rmse:0.76458
Starting 2 epoch...
Epoch 2, Step 10 - valid_rmse:0.58406
Epoch 2, Step 20 - valid_rmse:0.53743
>>>>>>>> Model Improved From 0.5585961916159551 ----> 0.5374291128770255
Epoch 2, Step 30 - valid_rmse:0.51289
>>>>>>>> Model Improved From 0.5374291128770255 ----> 0.5128875266362759
Epoch 2, Step 40 - valid_rmse:0.68666
Epoch 2, Step 50 - valid_rmse:0.66413
Epoch 2, Step 60 - valid_rmse:0.55760
Epoch 2, Step 70 - valid_rmse:0.52602
Epoch 2, Step 80 - valid_rmse:0.66737
Epoch 2, Step 90 - valid_rmse:0.66735
Epoch 2, Step 100 - valid_rmse:0.53724
Epoch 2, Step 110 - valid_rmse:0.52557
Epoch 2, Step 120 - valid_rmse:0.59061
Epoch 2, Step 130 - valid_rmse:0.64940
Epoch 2, Step 140 - valid_rmse:0.55438
Epoch 2 - avg_train_loss: 0.58885  avg_val_loss: 0.62586  time: 273s
Epoch 2 - train_rmse:0.48439  valid_rmse:0.55438
Starting 3 epoch...
Epoch 3, Step 10 - valid_rmse:0.69779
Epoch 3, Step 20 - valid_rmse:0.54014
Epoch 3, Step 30 - valid_rmse:0.57534
Epoch 3, Step 40 - valid_rmse:0.52772
Epoch 3, Step 50 - valid_rmse:0.54131
Epoch 3, Step 60 - valid_rmse:0.60333
Epoch 3, Step 70 - valid_rmse:0.56913
Epoch 3, Step 80 - valid_rmse:0.58632
Epoch 3, Step 90 - valid_rmse:0.54797
Epoch 3, Step 100 - valid_rmse:0.59657
Epoch 3, Step 110 - valid_rmse:0.52179
Epoch 3, Step 120 - valid_rmse:0.51966
Epoch 3, Step 130 - valid_rmse:0.51410
Epoch 3, Step 140 - valid_rmse:0.54239
Epoch 3 - avg_train_loss: 0.52321  avg_val_loss: 0.61642  time: 260s
Epoch 3 - train_rmse:0.35849  valid_rmse:0.54239
Starting 4 epoch...
Epoch 4, Step 10 - valid_rmse:0.58791
Epoch 4, Step 20 - valid_rmse:0.51772
Epoch 4, Step 30 - valid_rmse:0.57798
Epoch 4, Step 40 - valid_rmse:0.51959
Epoch 4, Step 50 - valid_rmse:0.53526
Epoch 4, Step 60 - valid_rmse:0.53027
Epoch 4, Step 70 - valid_rmse:0.54182
Epoch 4, Step 80 - valid_rmse:0.54261
Epoch 4, Step 90 - valid_rmse:0.55093
Epoch 4, Step 100 - valid_rmse:0.52552
Epoch 4, Step 110 - valid_rmse:0.52260
Epoch 4, Step 120 - valid_rmse:0.52581
Epoch 4, Step 130 - valid_rmse:0.52077
Epoch 4, Step 140 - valid_rmse:0.52648
Epoch 4 - avg_train_loss: 0.49283  avg_val_loss: 0.60857  time: 260s
Epoch 4 - train_rmse:0.29549  valid_rmse:0.52648
Starting 5 epoch...
Epoch 5, Step 10 - valid_rmse:0.53776
Epoch 5, Step 20 - valid_rmse:0.53300
Epoch 5, Step 30 - valid_rmse:0.54070
Epoch 5, Step 40 - valid_rmse:0.52947
Epoch 5, Step 50 - valid_rmse:0.52888
Epoch 5, Step 60 - valid_rmse:0.52130
Epoch 5, Step 70 - valid_rmse:0.57792
Epoch 5, Step 80 - valid_rmse:0.57131
Epoch 5, Step 90 - valid_rmse:0.52620
Epoch 5, Step 100 - valid_rmse:0.52915
Epoch 5, Step 110 - valid_rmse:0.50531
>>>>>>>> Model Improved From 0.5128875266362759 ----> 0.5053113620695842
Epoch 5, Step 120 - valid_rmse:0.51702
Epoch 5, Step 130 - valid_rmse:0.56209
Epoch 5, Step 140 - valid_rmse:0.51848
Epoch 5 - avg_train_loss: 0.47395  avg_val_loss: 0.60330  time: 265s
Epoch 5 - train_rmse:0.26153  valid_rmse:0.51848
Starting 6 epoch...
Epoch 6, Step 10 - valid_rmse:0.54290
Epoch 6, Step 20 - valid_rmse:0.55015
Epoch 6, Step 30 - valid_rmse:0.54757
Epoch 6, Step 40 - valid_rmse:0.57562
Epoch 6, Step 50 - valid_rmse:0.53369
Epoch 6, Step 60 - valid_rmse:0.51282
Epoch 6, Step 70 - valid_rmse:0.52917
Epoch 6, Step 80 - valid_rmse:0.52080
Epoch 6, Step 90 - valid_rmse:0.52125
Epoch 6, Step 100 - valid_rmse:0.50613
Epoch 6, Step 110 - valid_rmse:0.53702
Epoch 6, Step 120 - valid_rmse:0.54567
Epoch 6, Step 130 - valid_rmse:0.53352
Epoch 6, Step 140 - valid_rmse:0.51482
Epoch 6 - avg_train_loss: 0.46978  avg_val_loss: 0.60220  time: 260s
Epoch 6 - train_rmse:0.25972  valid_rmse:0.51482
Starting 7 epoch...
Epoch 7, Step 10 - valid_rmse:0.53886
Epoch 7, Step 20 - valid_rmse:0.55601
Epoch 7, Step 30 - valid_rmse:0.57038
Epoch 7, Step 40 - valid_rmse:0.58215
Epoch 7, Step 50 - valid_rmse:0.53844
Epoch 7, Step 60 - valid_rmse:0.51372
Epoch 7, Step 70 - valid_rmse:0.53288
Epoch 7, Step 80 - valid_rmse:0.51766
Epoch 7, Step 90 - valid_rmse:0.52043
Epoch 7, Step 100 - valid_rmse:0.51925
Epoch 7, Step 110 - valid_rmse:0.52054
Epoch 7, Step 120 - valid_rmse:0.51786
Epoch 7, Step 130 - valid_rmse:0.51297
Epoch 7, Step 140 - valid_rmse:0.52011
Epoch 7 - avg_train_loss: 0.45183  avg_val_loss: 0.60376  time: 260s
Epoch 7 - train_rmse:0.21588  valid_rmse:0.52011
load itpt model
load itpt model
load itpt model
load itpt model
load itpt model
0.4811693423150471
0.4757925121032353
0.5075577169316212
0.4974432496445154
0.5053113645251053
cv score 0.49361645930598114
