========================================================================================================================
Fold 0 Training
========================================================================================================================
load itpt model
Starting 1 epoch...
Epoch 1, Step 10 - valid_rmse:0.99682
>>>>>>>> Model Improved From inf ----> 0.9968244877121141
Epoch 1, Step 20 - valid_rmse:0.91826
>>>>>>>> Model Improved From 0.9968244877121141 ----> 0.9182561082838878
Epoch 1, Step 30 - valid_rmse:0.70899
>>>>>>>> Model Improved From 0.9182561082838878 ----> 0.7089919607885766
Epoch 1, Step 40 - valid_rmse:0.75748
Epoch 1, Step 50 - valid_rmse:0.61612
>>>>>>>> Model Improved From 0.7089919607885766 ----> 0.6161180845115544
Epoch 1, Step 60 - valid_rmse:0.57441
>>>>>>>> Model Improved From 0.6161180845115544 ----> 0.5744137493660729
Epoch 1, Step 70 - valid_rmse:0.55799
>>>>>>>> Model Improved From 0.5744137493660729 ----> 0.5579887718115188
Epoch 1, Step 80 - valid_rmse:0.59780
Epoch 1, Step 90 - valid_rmse:0.65976
Epoch 1, Step 100 - valid_rmse:0.75296
Epoch 1, Step 110 - valid_rmse:0.69865
Epoch 1, Step 120 - valid_rmse:0.53252
>>>>>>>> Model Improved From 0.5579887718115188 ----> 0.5325195119360447
Epoch 1, Step 130 - valid_rmse:0.68265
Epoch 1, Step 140 - valid_rmse:0.63885
Epoch 1 - avg_train_loss: 0.76254  avg_val_loss: 0.71081  time: 438s
Epoch 1 - train_rmse:0.71012  valid_rmse:0.63885
Starting 2 epoch...
Epoch 2, Step 10 - valid_rmse:0.69686
Epoch 2, Step 20 - valid_rmse:0.75561
Epoch 2, Step 30 - valid_rmse:0.76740
Epoch 2, Step 40 - valid_rmse:0.71864
Epoch 2, Step 50 - valid_rmse:0.70060
Epoch 2, Step 60 - valid_rmse:0.75758
Epoch 2, Step 70 - valid_rmse:0.70617
Epoch 2, Step 80 - valid_rmse:0.52384
>>>>>>>> Model Improved From 0.5325195119360447 ----> 0.5238401652543733
Epoch 2, Step 90 - valid_rmse:0.56312
Epoch 2, Step 100 - valid_rmse:0.60653
Epoch 2, Step 110 - valid_rmse:0.56325
Epoch 2, Step 120 - valid_rmse:0.51706
>>>>>>>> Model Improved From 0.5238401652543733 ----> 0.5170642835287789
Epoch 2, Step 130 - valid_rmse:0.52653
Epoch 2, Step 140 - valid_rmse:0.74617
Epoch 2 - avg_train_loss: 0.61794  avg_val_loss: 0.74060  time: 405s
Epoch 2 - train_rmse:0.48981  valid_rmse:0.74617
Starting 3 epoch...
Epoch 3, Step 10 - valid_rmse:0.52478
Epoch 3, Step 20 - valid_rmse:0.61215
Epoch 3, Step 30 - valid_rmse:0.72675
Epoch 3, Step 40 - valid_rmse:0.75614
Epoch 3, Step 50 - valid_rmse:0.69680
Epoch 3, Step 60 - valid_rmse:0.63316
Epoch 3, Step 70 - valid_rmse:0.55624
Epoch 3, Step 80 - valid_rmse:0.64709
Epoch 3, Step 90 - valid_rmse:0.61354
Epoch 3, Step 100 - valid_rmse:0.62149
Epoch 3, Step 110 - valid_rmse:0.54524
Epoch 3, Step 120 - valid_rmse:0.52488
Epoch 3, Step 130 - valid_rmse:0.63482
Epoch 3, Step 140 - valid_rmse:0.63486
Epoch 3 - avg_train_loss: 0.55588  avg_val_loss: 0.67666  time: 391s
Epoch 3 - train_rmse:0.38882  valid_rmse:0.63486
Starting 4 epoch...
Epoch 4, Step 10 - valid_rmse:0.65127
Epoch 4, Step 20 - valid_rmse:0.60746
Epoch 4, Step 30 - valid_rmse:0.59704
Epoch 4, Step 40 - valid_rmse:0.52883
Epoch 4, Step 50 - valid_rmse:0.67046
Epoch 4, Step 60 - valid_rmse:0.54862
Epoch 4, Step 70 - valid_rmse:0.67698
Epoch 4, Step 80 - valid_rmse:0.78741
Epoch 4, Step 90 - valid_rmse:0.74424
Epoch 4, Step 100 - valid_rmse:0.72213
Epoch 4, Step 110 - valid_rmse:0.59171
Epoch 4, Step 120 - valid_rmse:0.76009
Epoch 4, Step 130 - valid_rmse:0.85550
Epoch 4, Step 140 - valid_rmse:0.79131
Epoch 4 - avg_train_loss: 0.54228  avg_val_loss: 0.75284  time: 392s
Epoch 4 - train_rmse:0.37327  valid_rmse:0.79131
Starting 5 epoch...
Epoch 5, Step 10 - valid_rmse:0.63546
Epoch 5, Step 20 - valid_rmse:0.65899
Epoch 5, Step 30 - valid_rmse:0.54455
Epoch 5, Step 40 - valid_rmse:0.56931
Epoch 5, Step 50 - valid_rmse:0.56686
Epoch 5, Step 60 - valid_rmse:0.55219
Epoch 5, Step 70 - valid_rmse:0.59229
Epoch 5, Step 80 - valid_rmse:0.60743
Epoch 5, Step 90 - valid_rmse:0.65665
Epoch 5, Step 100 - valid_rmse:0.55685
Epoch 5, Step 110 - valid_rmse:0.55195
Epoch 5, Step 120 - valid_rmse:0.58378
Epoch 5, Step 130 - valid_rmse:0.65236
Epoch 5, Step 140 - valid_rmse:0.63216
Epoch 5 - avg_train_loss: 0.49813  avg_val_loss: 0.66970  time: 392s
Epoch 5 - train_rmse:0.28665  valid_rmse:0.63216
========================================================================================================================
Fold 1 Training
========================================================================================================================
load itpt model
Starting 1 epoch...
Epoch 1, Step 10 - valid_rmse:0.97790
>>>>>>>> Model Improved From inf ----> 0.9779046802181389
Epoch 1, Step 20 - valid_rmse:0.76145
>>>>>>>> Model Improved From 0.9779046802181389 ----> 0.76144851059237
Epoch 1, Step 30 - valid_rmse:0.62408
>>>>>>>> Model Improved From 0.76144851059237 ----> 0.6240778449593233
Epoch 1, Step 40 - valid_rmse:0.60853
>>>>>>>> Model Improved From 0.6240778449593233 ----> 0.6085321081404554
Epoch 1, Step 50 - valid_rmse:0.62841
Epoch 1, Step 60 - valid_rmse:0.91884
Epoch 1, Step 70 - valid_rmse:0.76346
Epoch 1, Step 80 - valid_rmse:0.53217
>>>>>>>> Model Improved From 0.6085321081404554 ----> 0.53216613562755
Epoch 1, Step 90 - valid_rmse:0.52956
>>>>>>>> Model Improved From 0.53216613562755 ----> 0.5295623079053698
Epoch 1, Step 100 - valid_rmse:0.52066
>>>>>>>> Model Improved From 0.5295623079053698 ----> 0.5206574153083208
Epoch 1, Step 110 - valid_rmse:0.58433
Epoch 1, Step 120 - valid_rmse:0.55678
Epoch 1, Step 130 - valid_rmse:0.65879
Epoch 1, Step 140 - valid_rmse:0.57917
Epoch 1 - avg_train_loss: 0.74955  avg_val_loss: 0.66748  time: 440s
Epoch 1 - train_rmse:0.70460  valid_rmse:0.57917
Starting 2 epoch...
Epoch 2, Step 10 - valid_rmse:0.81751
Epoch 2, Step 20 - valid_rmse:0.77948
Epoch 2, Step 30 - valid_rmse:0.75338
Epoch 2, Step 40 - valid_rmse:0.58415
Epoch 2, Step 50 - valid_rmse:0.66779
Epoch 2, Step 60 - valid_rmse:0.56438
Epoch 2, Step 70 - valid_rmse:0.63161
Epoch 2, Step 80 - valid_rmse:0.58674
Epoch 2, Step 90 - valid_rmse:0.65076
Epoch 2, Step 100 - valid_rmse:0.51928
>>>>>>>> Model Improved From 0.5206574153083208 ----> 0.519283035690059
Epoch 2, Step 110 - valid_rmse:0.53320
Epoch 2, Step 120 - valid_rmse:0.49369
>>>>>>>> Model Improved From 0.519283035690059 ----> 0.4936933733941698
Epoch 2, Step 130 - valid_rmse:0.53329
Epoch 2, Step 140 - valid_rmse:0.52508
Epoch 2 - avg_train_loss: 0.61734  avg_val_loss: 0.62475  time: 406s
Epoch 2 - train_rmse:0.50070  valid_rmse:0.52508
Starting 3 epoch...
Epoch 3, Step 10 - valid_rmse:0.81541
Epoch 3, Step 20 - valid_rmse:0.59990
Epoch 3, Step 30 - valid_rmse:0.62366
Epoch 3, Step 40 - valid_rmse:0.67225
Epoch 3, Step 50 - valid_rmse:0.68143
Epoch 3, Step 60 - valid_rmse:0.61274
Epoch 3, Step 70 - valid_rmse:0.58525
Epoch 3, Step 80 - valid_rmse:0.51355
Epoch 3, Step 90 - valid_rmse:0.50512
Epoch 3, Step 100 - valid_rmse:0.52482
Epoch 3, Step 110 - valid_rmse:0.54863
Epoch 3, Step 120 - valid_rmse:0.57757
Epoch 3, Step 130 - valid_rmse:0.59657
Epoch 3, Step 140 - valid_rmse:0.66995
Epoch 3 - avg_train_loss: 0.56564  avg_val_loss: 0.69209  time: 392s
Epoch 3 - train_rmse:0.41498  valid_rmse:0.66995
Starting 4 epoch...
Epoch 4, Step 10 - valid_rmse:0.54456
Epoch 4, Step 20 - valid_rmse:0.56277
Epoch 4, Step 30 - valid_rmse:0.55592
Epoch 4, Step 40 - valid_rmse:0.78487
Epoch 4, Step 50 - valid_rmse:0.59169
Epoch 4, Step 60 - valid_rmse:0.66446
Epoch 4, Step 70 - valid_rmse:0.56806
Epoch 4, Step 80 - valid_rmse:0.62253
Epoch 4, Step 90 - valid_rmse:0.57659
Epoch 4, Step 100 - valid_rmse:0.59589
Epoch 4, Step 110 - valid_rmse:0.68129
Epoch 4, Step 120 - valid_rmse:0.70098
Epoch 4, Step 130 - valid_rmse:0.67408
Epoch 4, Step 140 - valid_rmse:0.60906
Epoch 4 - avg_train_loss: 0.51475  avg_val_loss: 0.65726  time: 392s
Epoch 4 - train_rmse:0.32083  valid_rmse:0.60906
Starting 5 epoch...
Epoch 5, Step 10 - valid_rmse:0.68925
Epoch 5, Step 20 - valid_rmse:0.65036
Epoch 5, Step 30 - valid_rmse:0.49937
Epoch 5, Step 40 - valid_rmse:0.59886
Epoch 5, Step 50 - valid_rmse:0.71431
Epoch 5, Step 60 - valid_rmse:0.76535
Epoch 5, Step 70 - valid_rmse:0.65914
Epoch 5, Step 80 - valid_rmse:0.59137
Epoch 5, Step 90 - valid_rmse:0.54111
Epoch 5, Step 100 - valid_rmse:0.60442
Epoch 5, Step 110 - valid_rmse:0.68637
Epoch 5, Step 120 - valid_rmse:0.74103
Epoch 5, Step 130 - valid_rmse:0.72059
Epoch 5, Step 140 - valid_rmse:0.72223
Epoch 5 - avg_train_loss: 0.50197  avg_val_loss: 0.71316  time: 392s
Epoch 5 - train_rmse:0.30061  valid_rmse:0.72223
========================================================================================================================
Fold 2 Training
========================================================================================================================
load itpt model
Starting 1 epoch...
Epoch 1, Step 10 - valid_rmse:1.06329
>>>>>>>> Model Improved From inf ----> 1.0632856022583406
Epoch 1, Step 20 - valid_rmse:0.81730
>>>>>>>> Model Improved From 1.0632856022583406 ----> 0.8172987759320196
Epoch 1, Step 30 - valid_rmse:0.85662
Epoch 1, Step 40 - valid_rmse:0.69768
>>>>>>>> Model Improved From 0.8172987759320196 ----> 0.6976847583217187
Epoch 1, Step 50 - valid_rmse:0.69613
>>>>>>>> Model Improved From 0.6976847583217187 ----> 0.6961265410445268
Epoch 1, Step 60 - valid_rmse:0.72652
Epoch 1, Step 70 - valid_rmse:0.64738
>>>>>>>> Model Improved From 0.6961265410445268 ----> 0.6473831316849689
Epoch 1, Step 80 - valid_rmse:0.67315
Epoch 1, Step 90 - valid_rmse:0.64052
>>>>>>>> Model Improved From 0.6473831316849689 ----> 0.6405179024242499
Epoch 1, Step 100 - valid_rmse:0.66412
Epoch 1, Step 110 - valid_rmse:0.66338
Epoch 1, Step 120 - valid_rmse:0.58425
>>>>>>>> Model Improved From 0.6405179024242499 ----> 0.5842546303908207
Epoch 1, Step 130 - valid_rmse:0.55163
>>>>>>>> Model Improved From 0.5842546303908207 ----> 0.5516292255162978
Epoch 1, Step 140 - valid_rmse:0.72240
Epoch 1 - avg_train_loss: 0.74615  avg_val_loss: 0.73016  time: 445s
Epoch 1 - train_rmse:0.71664  valid_rmse:0.72240
Starting 2 epoch...
Epoch 2, Step 10 - valid_rmse:0.85596
Epoch 2, Step 20 - valid_rmse:0.65907
Epoch 2, Step 30 - valid_rmse:0.62395
Epoch 2, Step 40 - valid_rmse:0.73002
Epoch 2, Step 50 - valid_rmse:0.68370
Epoch 2, Step 60 - valid_rmse:0.84294
Epoch 2, Step 70 - valid_rmse:0.71434
Epoch 2, Step 80 - valid_rmse:0.52747
>>>>>>>> Model Improved From 0.5516292255162978 ----> 0.5274749063766323
Epoch 2, Step 90 - valid_rmse:0.60673
Epoch 2, Step 100 - valid_rmse:0.54395
Epoch 2, Step 110 - valid_rmse:0.55991
Epoch 2, Step 120 - valid_rmse:0.55008
Epoch 2, Step 130 - valid_rmse:0.64293
Epoch 2, Step 140 - valid_rmse:0.63574
Epoch 2 - avg_train_loss: 0.60088  avg_val_loss: 0.67345  time: 400s
Epoch 2 - train_rmse:0.48162  valid_rmse:0.63574
Starting 3 epoch...
Epoch 3, Step 10 - valid_rmse:0.56831
Epoch 3, Step 20 - valid_rmse:0.59132
Epoch 3, Step 30 - valid_rmse:0.56209
Epoch 3, Step 40 - valid_rmse:0.58455
Epoch 3, Step 50 - valid_rmse:0.80821
Epoch 3, Step 60 - valid_rmse:0.75585
Epoch 3, Step 70 - valid_rmse:0.63319
Epoch 3, Step 80 - valid_rmse:0.56128
Epoch 3, Step 90 - valid_rmse:0.57704
Epoch 3, Step 100 - valid_rmse:0.72725
Epoch 3, Step 110 - valid_rmse:0.70504
Epoch 3, Step 120 - valid_rmse:0.80044
Epoch 3, Step 130 - valid_rmse:0.66010
Epoch 3, Step 140 - valid_rmse:0.68631
Epoch 3 - avg_train_loss: 0.56106  avg_val_loss: 0.69748  time: 391s
Epoch 3 - train_rmse:0.42151  valid_rmse:0.68631
Starting 4 epoch...
Epoch 4, Step 10 - valid_rmse:0.59554
Epoch 4, Step 20 - valid_rmse:0.58002
Epoch 4, Step 30 - valid_rmse:0.72749
Epoch 4, Step 40 - valid_rmse:0.65683
Epoch 4, Step 50 - valid_rmse:0.73022
Epoch 4, Step 60 - valid_rmse:0.82807
Epoch 4, Step 70 - valid_rmse:0.65308
Epoch 4, Step 80 - valid_rmse:0.55721
Epoch 4, Step 90 - valid_rmse:0.63202
Epoch 4, Step 100 - valid_rmse:0.63827
Epoch 4, Step 110 - valid_rmse:0.55113
Epoch 4, Step 120 - valid_rmse:0.50624
>>>>>>>> Model Improved From 0.5274749063766323 ----> 0.5062365727522875
Epoch 4, Step 130 - valid_rmse:0.54650
Epoch 4, Step 140 - valid_rmse:0.56144
Epoch 4 - avg_train_loss: 0.51646  avg_val_loss: 0.63086  time: 398s
Epoch 4 - train_rmse:0.33089  valid_rmse:0.56144
Starting 5 epoch...
Epoch 5, Step 10 - valid_rmse:0.72241
Epoch 5, Step 20 - valid_rmse:0.64118
Epoch 5, Step 30 - valid_rmse:0.68678
Epoch 5, Step 40 - valid_rmse:0.70464
Epoch 5, Step 50 - valid_rmse:0.71067
Epoch 5, Step 60 - valid_rmse:0.57548
Epoch 5, Step 70 - valid_rmse:0.53233
Epoch 5, Step 80 - valid_rmse:0.59599
Epoch 5, Step 90 - valid_rmse:0.56407
Epoch 5, Step 100 - valid_rmse:0.55276
Epoch 5, Step 110 - valid_rmse:0.53377
Epoch 5, Step 120 - valid_rmse:0.53351
Epoch 5, Step 130 - valid_rmse:0.64954
Epoch 5, Step 140 - valid_rmse:0.63022
Epoch 5 - avg_train_loss: 0.49184  avg_val_loss: 0.66402  time: 391s
Epoch 5 - train_rmse:0.28411  valid_rmse:0.63022
========================================================================================================================
Fold 3 Training
========================================================================================================================
load itpt model
Starting 1 epoch...
Epoch 1, Step 10 - valid_rmse:0.99223
>>>>>>>> Model Improved From inf ----> 0.9922324748483178
Epoch 1, Step 20 - valid_rmse:0.73778
>>>>>>>> Model Improved From 0.9922324748483178 ----> 0.7377810375244954
Epoch 1, Step 30 - valid_rmse:0.83204
Epoch 1, Step 40 - valid_rmse:0.69539
>>>>>>>> Model Improved From 0.7377810375244954 ----> 0.6953915191279851
Epoch 1, Step 50 - valid_rmse:0.70581
Epoch 1, Step 60 - valid_rmse:0.76949
Epoch 1, Step 70 - valid_rmse:0.69419
>>>>>>>> Model Improved From 0.6953915191279851 ----> 0.694193156421367
Epoch 1, Step 80 - valid_rmse:0.70726
Epoch 1, Step 90 - valid_rmse:1.08827
Epoch 1, Step 100 - valid_rmse:0.64757
>>>>>>>> Model Improved From 0.694193156421367 ----> 0.6475721543768332
Epoch 1, Step 110 - valid_rmse:0.58677
>>>>>>>> Model Improved From 0.6475721543768332 ----> 0.5867654082014063
Epoch 1, Step 120 - valid_rmse:0.58543
>>>>>>>> Model Improved From 0.5867654082014063 ----> 0.5854251245568649
Epoch 1, Step 130 - valid_rmse:0.57595
>>>>>>>> Model Improved From 0.5854251245568649 ----> 0.575945122084981
Epoch 1, Step 140 - valid_rmse:0.66517
Epoch 1 - avg_train_loss: 0.78347  avg_val_loss: 0.72373  time: 445s
Epoch 1 - train_rmse:0.76942  valid_rmse:0.66517
Starting 2 epoch...
Epoch 2, Step 10 - valid_rmse:0.63644
Epoch 2, Step 20 - valid_rmse:0.65435
Epoch 2, Step 30 - valid_rmse:0.53097
>>>>>>>> Model Improved From 0.575945122084981 ----> 0.5309718767536071
Epoch 2, Step 40 - valid_rmse:0.53646
Epoch 2, Step 50 - valid_rmse:0.59273
Epoch 2, Step 60 - valid_rmse:0.74754
Epoch 2, Step 70 - valid_rmse:0.79932
Epoch 2, Step 80 - valid_rmse:0.85639
Epoch 2, Step 90 - valid_rmse:0.68331
Epoch 2, Step 100 - valid_rmse:0.53929
Epoch 2, Step 110 - valid_rmse:0.55773
Epoch 2, Step 120 - valid_rmse:0.53068
>>>>>>>> Model Improved From 0.5309718767536071 ----> 0.5306764690614255
Epoch 2, Step 130 - valid_rmse:0.65381
Epoch 2, Step 140 - valid_rmse:0.60875
Epoch 2 - avg_train_loss: 0.62667  avg_val_loss: 0.67072  time: 405s
Epoch 2 - train_rmse:0.51016  valid_rmse:0.60875
Starting 3 epoch...
Epoch 3, Step 10 - valid_rmse:0.59957
Epoch 3, Step 20 - valid_rmse:0.56875
Epoch 3, Step 30 - valid_rmse:0.61971
Epoch 3, Step 40 - valid_rmse:0.72719
Epoch 3, Step 50 - valid_rmse:0.65366
Epoch 3, Step 60 - valid_rmse:0.59777
Epoch 3, Step 70 - valid_rmse:0.52660
>>>>>>>> Model Improved From 0.5306764690614255 ----> 0.5265956366694748
Epoch 3, Step 80 - valid_rmse:0.64247
Epoch 3, Step 90 - valid_rmse:0.64518
Epoch 3, Step 100 - valid_rmse:0.68045
Epoch 3, Step 110 - valid_rmse:0.54907
Epoch 3, Step 120 - valid_rmse:0.56429
Epoch 3, Step 130 - valid_rmse:0.58001
Epoch 3, Step 140 - valid_rmse:0.56020
Epoch 3 - avg_train_loss: 0.56343  avg_val_loss: 0.63708  time: 398s
Epoch 3 - train_rmse:0.40911  valid_rmse:0.56020
Starting 4 epoch...
Epoch 4, Step 10 - valid_rmse:0.69506
Epoch 4, Step 20 - valid_rmse:0.67479
Epoch 4, Step 30 - valid_rmse:0.56953
Epoch 4, Step 40 - valid_rmse:0.59525
Epoch 4, Step 50 - valid_rmse:0.60091
Epoch 4, Step 60 - valid_rmse:0.76982
Epoch 4, Step 70 - valid_rmse:0.72277
Epoch 4, Step 80 - valid_rmse:0.51694
>>>>>>>> Model Improved From 0.5265956366694748 ----> 0.5169411905044901
Epoch 4, Step 90 - valid_rmse:0.67413
Epoch 4, Step 100 - valid_rmse:0.68506
Epoch 4, Step 110 - valid_rmse:0.83375
Epoch 4, Step 120 - valid_rmse:1.03440
Epoch 4, Step 130 - valid_rmse:0.81601
Epoch 4, Step 140 - valid_rmse:0.80467
Epoch 4 - avg_train_loss: 0.53210  avg_val_loss: 0.75820  time: 398s
Epoch 4 - train_rmse:0.35724  valid_rmse:0.80467
Starting 5 epoch...
Epoch 5, Step 10 - valid_rmse:0.64527
Epoch 5, Step 20 - valid_rmse:0.59002
Epoch 5, Step 30 - valid_rmse:0.59257
Epoch 5, Step 40 - valid_rmse:0.61345
Epoch 5, Step 50 - valid_rmse:0.54182
Epoch 5, Step 60 - valid_rmse:0.51261
>>>>>>>> Model Improved From 0.5169411905044901 ----> 0.5126135709995061
Epoch 5, Step 70 - valid_rmse:0.53816
Epoch 5, Step 80 - valid_rmse:0.51619
Epoch 5, Step 90 - valid_rmse:0.51512
Epoch 5, Step 100 - valid_rmse:0.49551
>>>>>>>> Model Improved From 0.5126135709995061 ----> 0.4955061933993093
Epoch 5, Step 110 - valid_rmse:0.50690
Epoch 5, Step 120 - valid_rmse:0.57096
Epoch 5, Step 130 - valid_rmse:0.72683
Epoch 5, Step 140 - valid_rmse:0.60080
Epoch 5 - avg_train_loss: 0.50684  avg_val_loss: 0.65357  time: 405s
Epoch 5 - train_rmse:0.30911  valid_rmse:0.60080
========================================================================================================================
Fold 4 Training
========================================================================================================================
load itpt model
Starting 1 epoch...
Epoch 1, Step 10 - valid_rmse:1.00802
>>>>>>>> Model Improved From inf ----> 1.0080208576126923
Epoch 1, Step 20 - valid_rmse:0.87968
>>>>>>>> Model Improved From 1.0080208576126923 ----> 0.8796844897632066
Epoch 1, Step 30 - valid_rmse:0.79457
>>>>>>>> Model Improved From 0.8796844897632066 ----> 0.7945653471307851
Epoch 1, Step 40 - valid_rmse:0.62114
>>>>>>>> Model Improved From 0.7945653471307851 ----> 0.6211447769319012
Epoch 1, Step 50 - valid_rmse:0.64461
Epoch 1, Step 60 - valid_rmse:0.70966
Epoch 1, Step 70 - valid_rmse:0.59302
>>>>>>>> Model Improved From 0.6211447769319012 ----> 0.5930195452845439
Epoch 1, Step 80 - valid_rmse:0.56780
>>>>>>>> Model Improved From 0.5930195452845439 ----> 0.5677979084282161
Epoch 1, Step 90 - valid_rmse:0.61203
Epoch 1, Step 100 - valid_rmse:0.77618
Epoch 1, Step 110 - valid_rmse:0.67417
Epoch 1, Step 120 - valid_rmse:0.78598
Epoch 1, Step 130 - valid_rmse:0.82037
Epoch 1, Step 140 - valid_rmse:0.85473
Epoch 1 - avg_train_loss: 0.76543  avg_val_loss: 0.80783  time: 427s
Epoch 1 - train_rmse:0.73259  valid_rmse:0.85473
Starting 2 epoch...
Epoch 2, Step 10 - valid_rmse:0.71356
Epoch 2, Step 20 - valid_rmse:0.69696
Epoch 2, Step 30 - valid_rmse:0.67071
Epoch 2, Step 40 - valid_rmse:0.71923
Epoch 2, Step 50 - valid_rmse:0.55635
>>>>>>>> Model Improved From 0.5677979084282161 ----> 0.5563472121709134
Epoch 2, Step 60 - valid_rmse:0.52347
>>>>>>>> Model Improved From 0.5563472121709134 ----> 0.5234722072250138
Epoch 2, Step 70 - valid_rmse:0.56003
Epoch 2, Step 80 - valid_rmse:0.65721
Epoch 2, Step 90 - valid_rmse:0.55238
Epoch 2, Step 100 - valid_rmse:0.52744
Epoch 2, Step 110 - valid_rmse:0.54844
Epoch 2, Step 120 - valid_rmse:0.65496
Epoch 2, Step 130 - valid_rmse:0.65851
Epoch 2, Step 140 - valid_rmse:0.81001
Epoch 2 - avg_train_loss: 0.62917  avg_val_loss: 0.76472  time: 404s
Epoch 2 - train_rmse:0.52161  valid_rmse:0.81001
Starting 3 epoch...
Epoch 3, Step 10 - valid_rmse:0.69843
Epoch 3, Step 20 - valid_rmse:0.74293
Epoch 3, Step 30 - valid_rmse:0.68479
Epoch 3, Step 40 - valid_rmse:0.63526
Epoch 3, Step 50 - valid_rmse:0.60552
Epoch 3, Step 60 - valid_rmse:0.58322
Epoch 3, Step 70 - valid_rmse:0.60550
Epoch 3, Step 80 - valid_rmse:0.57472
Epoch 3, Step 90 - valid_rmse:0.52275
>>>>>>>> Model Improved From 0.5234722072250138 ----> 0.5227517182886304
Epoch 3, Step 100 - valid_rmse:0.55590
Epoch 3, Step 110 - valid_rmse:0.55384
Epoch 3, Step 120 - valid_rmse:0.56489
Epoch 3, Step 130 - valid_rmse:0.69948
Epoch 3, Step 140 - valid_rmse:0.63175
Epoch 3 - avg_train_loss: 0.57062  avg_val_loss: 0.67111  time: 398s
Epoch 3 - train_rmse:0.42508  valid_rmse:0.63175
Starting 4 epoch...
Epoch 4, Step 10 - valid_rmse:0.65597
Epoch 4, Step 20 - valid_rmse:0.67766
Epoch 4, Step 30 - valid_rmse:0.72588
Epoch 4, Step 40 - valid_rmse:0.71589
Epoch 4, Step 50 - valid_rmse:0.69345
Epoch 4, Step 60 - valid_rmse:0.64602
Epoch 4, Step 70 - valid_rmse:0.57453
Epoch 4, Step 80 - valid_rmse:0.58155
Epoch 4, Step 90 - valid_rmse:0.52441
Epoch 4, Step 100 - valid_rmse:0.52355
Epoch 4, Step 110 - valid_rmse:0.58505
Epoch 4, Step 120 - valid_rmse:0.57050
Epoch 4, Step 130 - valid_rmse:0.60928
Epoch 4, Step 140 - valid_rmse:0.52742
Epoch 4 - avg_train_loss: 0.51471  avg_val_loss: 0.61589  time: 391s
Epoch 4 - train_rmse:0.32357  valid_rmse:0.52742
Starting 5 epoch...
Epoch 5, Step 10 - valid_rmse:0.55575
Epoch 5, Step 20 - valid_rmse:0.84379
Epoch 5, Step 30 - valid_rmse:0.58452
Epoch 5, Step 40 - valid_rmse:0.54103
Epoch 5, Step 50 - valid_rmse:0.51259
>>>>>>>> Model Improved From 0.5227517182886304 ----> 0.512592233091895
Epoch 5, Step 60 - valid_rmse:0.61946
Epoch 5, Step 70 - valid_rmse:0.62367
Epoch 5, Step 80 - valid_rmse:0.63717
Epoch 5, Step 90 - valid_rmse:0.54756
Epoch 5, Step 100 - valid_rmse:0.50381
>>>>>>>> Model Improved From 0.512592233091895 ----> 0.503809065754758
Epoch 5, Step 110 - valid_rmse:0.53867
Epoch 5, Step 120 - valid_rmse:0.53312
Epoch 5, Step 130 - valid_rmse:0.49326
>>>>>>>> Model Improved From 0.503809065754758 ----> 0.49326452677676347
Epoch 5, Step 140 - valid_rmse:0.55744
Epoch 5 - avg_train_loss: 0.51222  avg_val_loss: 0.62924  time: 411s
Epoch 5 - train_rmse:0.32306  valid_rmse:0.55744
load itpt model
load itpt model
load itpt model
load itpt model
load itpt model
0.5192487703259242
0.49386272029161365
0.5087401912944137
0.49574684860491103
0.4935257195800448
cv score 0.5023314232670315
