========================================================================================================================
Fold 0 Training
========================================================================================================================
load itpt model
Starting 1 epoch...
Epoch 1, Step 10 - valid_rmse:0.90684
>>>>>>>> Model Improved From inf ----> 0.9068389122591384
Epoch 1, Step 20 - valid_rmse:0.65145
>>>>>>>> Model Improved From 0.9068389122591384 ----> 0.6514460567649564
Epoch 1, Step 30 - valid_rmse:0.61378
>>>>>>>> Model Improved From 0.6514460567649564 ----> 0.6137776227082795
Epoch 1, Step 40 - valid_rmse:0.61962
Epoch 1, Step 50 - valid_rmse:0.64866
Epoch 1, Step 60 - valid_rmse:0.66507
Epoch 1, Step 70 - valid_rmse:0.54727
>>>>>>>> Model Improved From 0.6137776227082795 ----> 0.547267878745205
Epoch 1, Step 80 - valid_rmse:0.57720
Epoch 1, Step 90 - valid_rmse:0.54637
>>>>>>>> Model Improved From 0.547267878745205 ----> 0.5463723690526102
Epoch 1, Step 100 - valid_rmse:0.63614
Epoch 1, Step 110 - valid_rmse:0.53932
>>>>>>>> Model Improved From 0.5463723690526102 ----> 0.5393217664450644
Epoch 1, Step 120 - valid_rmse:0.52965
>>>>>>>> Model Improved From 0.5393217664450644 ----> 0.5296496271615458
Epoch 1, Step 130 - valid_rmse:0.58925
Epoch 1, Step 140 - valid_rmse:0.53102
Epoch 1 - avg_train_loss: 0.63993  avg_val_loss: 0.52738  time: 297s
Epoch 1 - train_rmse:0.66289  valid_rmse:0.53102
Starting 2 epoch...
Epoch 2, Step 10 - valid_rmse:0.51073
>>>>>>>> Model Improved From 0.5296496271615458 ----> 0.5107336833212825
Epoch 2, Step 20 - valid_rmse:0.57655
Epoch 2, Step 30 - valid_rmse:0.53710
Epoch 2, Step 40 - valid_rmse:0.54129
Epoch 2, Step 50 - valid_rmse:0.61443
Epoch 2, Step 60 - valid_rmse:0.56303
Epoch 2, Step 70 - valid_rmse:0.51379
Epoch 2, Step 80 - valid_rmse:0.58541
Epoch 2, Step 90 - valid_rmse:0.56957
Epoch 2, Step 100 - valid_rmse:0.56158
Epoch 2, Step 110 - valid_rmse:0.53590
Epoch 2, Step 120 - valid_rmse:0.51730
Epoch 2, Step 130 - valid_rmse:0.50399
>>>>>>>> Model Improved From 0.5107336833212825 ----> 0.5039926651031861
Epoch 2, Step 140 - valid_rmse:0.50717
Epoch 2 - avg_train_loss: 0.41606  avg_val_loss: 0.50296  time: 276s
Epoch 2 - train_rmse:0.42500  valid_rmse:0.50717
Starting 3 epoch...
Epoch 3, Step 10 - valid_rmse:0.51607
Epoch 3, Step 20 - valid_rmse:0.53010
Epoch 3, Step 30 - valid_rmse:0.52225
Epoch 3, Step 40 - valid_rmse:0.53347
Epoch 3, Step 50 - valid_rmse:0.51356
Epoch 3, Step 60 - valid_rmse:0.50444
Epoch 3, Step 70 - valid_rmse:0.50100
>>>>>>>> Model Improved From 0.5039926651031861 ----> 0.5009971964865334
Epoch 3, Step 80 - valid_rmse:0.51754
Epoch 3, Step 90 - valid_rmse:0.50424
Epoch 3, Step 100 - valid_rmse:0.49926
>>>>>>>> Model Improved From 0.5009971964865334 ----> 0.49926187281352863
Epoch 3, Step 110 - valid_rmse:0.50424
Epoch 3, Step 120 - valid_rmse:0.50975
Epoch 3, Step 130 - valid_rmse:0.52118
Epoch 3, Step 140 - valid_rmse:0.49067
>>>>>>>> Model Improved From 0.49926187281352863 ----> 0.4906721966701699
Epoch 3 - avg_train_loss: 0.29125  avg_val_loss: 0.48777  time: 281s
Epoch 3 - train_rmse:0.30055  valid_rmse:0.49067
Starting 4 epoch...
Epoch 4, Step 10 - valid_rmse:0.54768
Epoch 4, Step 20 - valid_rmse:0.53364
Epoch 4, Step 30 - valid_rmse:0.53134
Epoch 4, Step 40 - valid_rmse:0.49744
Epoch 4, Step 50 - valid_rmse:0.53199
Epoch 4, Step 60 - valid_rmse:0.50851
Epoch 4, Step 70 - valid_rmse:0.48892
>>>>>>>> Model Improved From 0.4906721966701699 ----> 0.48892279865419674
Epoch 4, Step 80 - valid_rmse:0.51215
Epoch 4, Step 90 - valid_rmse:0.50916
Epoch 4, Step 100 - valid_rmse:0.49003
Epoch 4, Step 110 - valid_rmse:0.50198
Epoch 4, Step 120 - valid_rmse:0.50877
Epoch 4, Step 130 - valid_rmse:0.51904
Epoch 4, Step 140 - valid_rmse:0.54737
Epoch 4 - avg_train_loss: 0.24469  avg_val_loss: 0.54080  time: 268s
Epoch 4 - train_rmse:0.25577  valid_rmse:0.54737
Starting 5 epoch...
Epoch 5, Step 10 - valid_rmse:0.52615
Epoch 5, Step 20 - valid_rmse:0.53302
Epoch 5, Step 30 - valid_rmse:0.50069
Epoch 5, Step 40 - valid_rmse:0.50795
Epoch 5, Step 50 - valid_rmse:0.50257
Epoch 5, Step 60 - valid_rmse:0.51874
Epoch 5, Step 70 - valid_rmse:0.52730
Epoch 5, Step 80 - valid_rmse:0.52318
Epoch 5, Step 90 - valid_rmse:0.51261
Epoch 5, Step 100 - valid_rmse:0.50882
Epoch 5, Step 110 - valid_rmse:0.54601
Epoch 5, Step 120 - valid_rmse:0.50241
Epoch 5, Step 130 - valid_rmse:0.49916
Epoch 5, Step 140 - valid_rmse:0.49931
Epoch 5 - avg_train_loss: 0.22523  avg_val_loss: 0.49518  time: 261s
Epoch 5 - train_rmse:0.23325  valid_rmse:0.49931
========================================================================================================================
Fold 1 Training
========================================================================================================================
load itpt model
Starting 1 epoch...
Epoch 1, Step 10 - valid_rmse:0.93494
>>>>>>>> Model Improved From inf ----> 0.9349428451547317
Epoch 1, Step 20 - valid_rmse:0.71906
>>>>>>>> Model Improved From 0.9349428451547317 ----> 0.7190590701817154
Epoch 1, Step 30 - valid_rmse:0.68500
>>>>>>>> Model Improved From 0.7190590701817154 ----> 0.6849958111726758
Epoch 1, Step 40 - valid_rmse:0.61331
>>>>>>>> Model Improved From 0.6849958111726758 ----> 0.6133070831352855
Epoch 1, Step 50 - valid_rmse:0.60137
>>>>>>>> Model Improved From 0.6133070831352855 ----> 0.6013685534511851
Epoch 1, Step 60 - valid_rmse:0.65864
Epoch 1, Step 70 - valid_rmse:0.59191
>>>>>>>> Model Improved From 0.6013685534511851 ----> 0.5919097542169307
Epoch 1, Step 80 - valid_rmse:0.54086
>>>>>>>> Model Improved From 0.5919097542169307 ----> 0.5408560907578458
Epoch 1, Step 90 - valid_rmse:0.54098
Epoch 1, Step 100 - valid_rmse:0.54850
Epoch 1, Step 110 - valid_rmse:0.52264
>>>>>>>> Model Improved From 0.5408560907578458 ----> 0.5226358383464168
Epoch 1, Step 120 - valid_rmse:0.52286
Epoch 1, Step 130 - valid_rmse:0.51258
>>>>>>>> Model Improved From 0.5226358383464168 ----> 0.5125822328785298
Epoch 1, Step 140 - valid_rmse:0.51094
>>>>>>>> Model Improved From 0.5125822328785298 ----> 0.5109378516571627
Epoch 1 - avg_train_loss: 0.64707  avg_val_loss: 0.50446  time: 321s
Epoch 1 - train_rmse:0.67172  valid_rmse:0.51094
Starting 2 epoch...
Epoch 2, Step 10 - valid_rmse:0.54545
Epoch 2, Step 20 - valid_rmse:0.52155
Epoch 2, Step 30 - valid_rmse:0.59083
Epoch 2, Step 40 - valid_rmse:0.57099
Epoch 2, Step 50 - valid_rmse:0.48995
>>>>>>>> Model Improved From 0.5109378516571627 ----> 0.48994626502287486
Epoch 2, Step 60 - valid_rmse:0.52962
Epoch 2, Step 70 - valid_rmse:0.47849
>>>>>>>> Model Improved From 0.48994626502287486 ----> 0.47848643002846136
Epoch 2, Step 80 - valid_rmse:0.50826
Epoch 2, Step 90 - valid_rmse:0.47841
>>>>>>>> Model Improved From 0.47848643002846136 ----> 0.4784085718096169
Epoch 2, Step 100 - valid_rmse:0.48755
Epoch 2, Step 110 - valid_rmse:0.49683
Epoch 2, Step 120 - valid_rmse:0.49424
Epoch 2, Step 130 - valid_rmse:0.49107
Epoch 2, Step 140 - valid_rmse:0.49434
Epoch 2 - avg_train_loss: 0.42091  avg_val_loss: 0.48805  time: 283s
Epoch 2 - train_rmse:0.43323  valid_rmse:0.49434
Starting 3 epoch...
Epoch 3, Step 10 - valid_rmse:0.51183
Epoch 3, Step 20 - valid_rmse:0.48730
Epoch 3, Step 30 - valid_rmse:0.48600
Epoch 3, Step 40 - valid_rmse:0.48067
Epoch 3, Step 50 - valid_rmse:0.49553
Epoch 3, Step 60 - valid_rmse:0.48711
Epoch 3, Step 70 - valid_rmse:0.47380
>>>>>>>> Model Improved From 0.4784085718096169 ----> 0.47379623486538913
Epoch 3, Step 80 - valid_rmse:0.49742
Epoch 3, Step 90 - valid_rmse:0.50530
Epoch 3, Step 100 - valid_rmse:0.48531
Epoch 3, Step 110 - valid_rmse:0.49316
Epoch 3, Step 120 - valid_rmse:0.49077
Epoch 3, Step 130 - valid_rmse:0.50321
Epoch 3, Step 140 - valid_rmse:0.50726
Epoch 3 - avg_train_loss: 0.30300  avg_val_loss: 0.50001  time: 270s
Epoch 3 - train_rmse:0.31347  valid_rmse:0.50726
Starting 4 epoch...
Epoch 4, Step 10 - valid_rmse:0.54637
Epoch 4, Step 20 - valid_rmse:0.53075
Epoch 4, Step 30 - valid_rmse:0.50022
Epoch 4, Step 40 - valid_rmse:0.53391
Epoch 4, Step 50 - valid_rmse:0.50258
Epoch 4, Step 60 - valid_rmse:0.50132
Epoch 4, Step 70 - valid_rmse:0.51594
Epoch 4, Step 80 - valid_rmse:0.47802
Epoch 4, Step 90 - valid_rmse:0.48665
Epoch 4, Step 100 - valid_rmse:0.50425
Epoch 4, Step 110 - valid_rmse:0.47505
Epoch 4, Step 120 - valid_rmse:0.47431
Epoch 4, Step 130 - valid_rmse:0.49174
Epoch 4, Step 140 - valid_rmse:0.48674
Epoch 4 - avg_train_loss: 0.25550  avg_val_loss: 0.48121  time: 262s
Epoch 4 - train_rmse:0.26343  valid_rmse:0.48674
Starting 5 epoch...
Epoch 5, Step 10 - valid_rmse:0.57368
Epoch 5, Step 20 - valid_rmse:0.49247
Epoch 5, Step 30 - valid_rmse:0.46804
>>>>>>>> Model Improved From 0.47379623486538913 ----> 0.46803872378951494
Epoch 5, Step 40 - valid_rmse:0.48784
Epoch 5, Step 50 - valid_rmse:0.47472
Epoch 5, Step 60 - valid_rmse:0.49397
Epoch 5, Step 70 - valid_rmse:0.48087
Epoch 5, Step 80 - valid_rmse:0.47466
Epoch 5, Step 90 - valid_rmse:0.51333
Epoch 5, Step 100 - valid_rmse:0.51099
Epoch 5, Step 110 - valid_rmse:0.48188
Epoch 5, Step 120 - valid_rmse:0.47692
Epoch 5, Step 130 - valid_rmse:0.49132
Epoch 5, Step 140 - valid_rmse:0.48054
Epoch 5 - avg_train_loss: 0.22381  avg_val_loss: 0.47452  time: 268s
Epoch 5 - train_rmse:0.23195  valid_rmse:0.48054
========================================================================================================================
Fold 2 Training
========================================================================================================================
load itpt model
Starting 1 epoch...
Epoch 1, Step 10 - valid_rmse:0.83086
>>>>>>>> Model Improved From inf ----> 0.8308605845105241
Epoch 1, Step 20 - valid_rmse:0.71857
>>>>>>>> Model Improved From 0.8308605845105241 ----> 0.7185718066866614
Epoch 1, Step 30 - valid_rmse:0.64247
>>>>>>>> Model Improved From 0.7185718066866614 ----> 0.6424741465963584
Epoch 1, Step 40 - valid_rmse:0.64082
>>>>>>>> Model Improved From 0.6424741465963584 ----> 0.6408234926449151
Epoch 1, Step 50 - valid_rmse:0.63789
>>>>>>>> Model Improved From 0.6408234926449151 ----> 0.6378934547925287
Epoch 1, Step 60 - valid_rmse:0.62308
>>>>>>>> Model Improved From 0.6378934547925287 ----> 0.6230786423609173
Epoch 1, Step 70 - valid_rmse:0.62838
Epoch 1, Step 80 - valid_rmse:0.70609
Epoch 1, Step 90 - valid_rmse:0.54026
>>>>>>>> Model Improved From 0.6230786423609173 ----> 0.5402622722764157
Epoch 1, Step 100 - valid_rmse:0.55981
Epoch 1, Step 110 - valid_rmse:0.61513
Epoch 1, Step 120 - valid_rmse:0.59894
Epoch 1, Step 130 - valid_rmse:0.52391
>>>>>>>> Model Improved From 0.5402622722764157 ----> 0.523913412855221
Epoch 1, Step 140 - valid_rmse:0.55113
Epoch 1 - avg_train_loss: 0.62874  avg_val_loss: 0.54413  time: 309s
Epoch 1 - train_rmse:0.64986  valid_rmse:0.55113
Starting 2 epoch...
Epoch 2, Step 10 - valid_rmse:0.84742
Epoch 2, Step 20 - valid_rmse:0.65907
Epoch 2, Step 30 - valid_rmse:0.59392
Epoch 2, Step 40 - valid_rmse:0.55492
Epoch 2, Step 50 - valid_rmse:0.53444
Epoch 2, Step 60 - valid_rmse:0.52904
Epoch 2, Step 70 - valid_rmse:0.51627
>>>>>>>> Model Improved From 0.523913412855221 ----> 0.5162744004704852
Epoch 2, Step 80 - valid_rmse:0.53667
Epoch 2, Step 90 - valid_rmse:0.57104
Epoch 2, Step 100 - valid_rmse:0.53590
Epoch 2, Step 110 - valid_rmse:0.61802
Epoch 2, Step 120 - valid_rmse:0.52621
Epoch 2, Step 130 - valid_rmse:0.58389
Epoch 2, Step 140 - valid_rmse:0.55552
Epoch 2 - avg_train_loss: 0.43996  avg_val_loss: 0.54979  time: 270s
Epoch 2 - train_rmse:0.45124  valid_rmse:0.55552
Starting 3 epoch...
Epoch 3, Step 10 - valid_rmse:0.72576
Epoch 3, Step 20 - valid_rmse:0.59846
Epoch 3, Step 30 - valid_rmse:0.56112
Epoch 3, Step 40 - valid_rmse:0.52232
Epoch 3, Step 50 - valid_rmse:0.52080
Epoch 3, Step 60 - valid_rmse:0.50940
>>>>>>>> Model Improved From 0.5162744004704852 ----> 0.5093981865113757
Epoch 3, Step 70 - valid_rmse:0.51006
Epoch 3, Step 80 - valid_rmse:0.51423
Epoch 3, Step 90 - valid_rmse:0.52248
Epoch 3, Step 100 - valid_rmse:0.50796
>>>>>>>> Model Improved From 0.5093981865113757 ----> 0.5079580379288244
Epoch 3, Step 110 - valid_rmse:0.50206
>>>>>>>> Model Improved From 0.5079580379288244 ----> 0.5020612923152485
Epoch 3, Step 120 - valid_rmse:0.54104
Epoch 3, Step 130 - valid_rmse:0.52601
Epoch 3, Step 140 - valid_rmse:0.50654
Epoch 3 - avg_train_loss: 0.31466  avg_val_loss: 0.49810  time: 280s
Epoch 3 - train_rmse:0.32474  valid_rmse:0.50654
Starting 4 epoch...
Epoch 4, Step 10 - valid_rmse:0.70577
Epoch 4, Step 20 - valid_rmse:0.54415
Epoch 4, Step 30 - valid_rmse:0.52210
Epoch 4, Step 40 - valid_rmse:0.51406
Epoch 4, Step 50 - valid_rmse:0.53056
Epoch 4, Step 60 - valid_rmse:0.51074
Epoch 4, Step 70 - valid_rmse:0.53643
Epoch 4, Step 80 - valid_rmse:0.54639
Epoch 4, Step 90 - valid_rmse:0.52229
Epoch 4, Step 100 - valid_rmse:0.53456
Epoch 4, Step 110 - valid_rmse:0.53090
Epoch 4, Step 120 - valid_rmse:0.50287
Epoch 4, Step 130 - valid_rmse:0.49560
>>>>>>>> Model Improved From 0.5020612923152485 ----> 0.49560397952397556
Epoch 4, Step 140 - valid_rmse:0.50108
Epoch 4 - avg_train_loss: 0.24926  avg_val_loss: 0.49302  time: 269s
Epoch 4 - train_rmse:0.25591  valid_rmse:0.50108
Starting 5 epoch...
Epoch 5, Step 10 - valid_rmse:0.52682
Epoch 5, Step 20 - valid_rmse:0.51550
Epoch 5, Step 30 - valid_rmse:0.51340
Epoch 5, Step 40 - valid_rmse:0.51092
Epoch 5, Step 50 - valid_rmse:0.51774
Epoch 5, Step 60 - valid_rmse:0.50786
Epoch 5, Step 70 - valid_rmse:0.52536
Epoch 5, Step 80 - valid_rmse:0.51249
Epoch 5, Step 90 - valid_rmse:0.50144
Epoch 5, Step 100 - valid_rmse:0.49405
>>>>>>>> Model Improved From 0.49560397952397556 ----> 0.49404905751817974
Epoch 5, Step 110 - valid_rmse:0.50194
Epoch 5, Step 120 - valid_rmse:0.51707
Epoch 5, Step 130 - valid_rmse:0.49513
Epoch 5, Step 140 - valid_rmse:0.49733
Epoch 5 - avg_train_loss: 0.22318  avg_val_loss: 0.48856  time: 267s
Epoch 5 - train_rmse:0.23282  valid_rmse:0.49733
========================================================================================================================
Fold 3 Training
========================================================================================================================
load itpt model
Starting 1 epoch...
Epoch 1, Step 10 - valid_rmse:0.99471
>>>>>>>> Model Improved From inf ----> 0.9947132933056113
Epoch 1, Step 20 - valid_rmse:0.68806
>>>>>>>> Model Improved From 0.9947132933056113 ----> 0.688060111689136
Epoch 1, Step 30 - valid_rmse:0.64744
>>>>>>>> Model Improved From 0.688060111689136 ----> 0.6474394862788745
Epoch 1, Step 40 - valid_rmse:0.68493
Epoch 1, Step 50 - valid_rmse:0.79148
Epoch 1, Step 60 - valid_rmse:0.63377
>>>>>>>> Model Improved From 0.6474394862788745 ----> 0.6337715057655299
Epoch 1, Step 70 - valid_rmse:0.58958
>>>>>>>> Model Improved From 0.6337715057655299 ----> 0.5895765641438381
Epoch 1, Step 80 - valid_rmse:0.58898
>>>>>>>> Model Improved From 0.5895765641438381 ----> 0.5889800479658233
Epoch 1, Step 90 - valid_rmse:0.58468
>>>>>>>> Model Improved From 0.5889800479658233 ----> 0.5846828877130886
Epoch 1, Step 100 - valid_rmse:0.57092
>>>>>>>> Model Improved From 0.5846828877130886 ----> 0.5709248947256792
Epoch 1, Step 110 - valid_rmse:0.58994
Epoch 1, Step 120 - valid_rmse:0.56259
>>>>>>>> Model Improved From 0.5709248947256792 ----> 0.5625880624296304
Epoch 1, Step 130 - valid_rmse:0.61417
Epoch 1, Step 140 - valid_rmse:0.57312
Epoch 1 - avg_train_loss: 0.67137  avg_val_loss: 0.56863  time: 317s
Epoch 1 - train_rmse:0.70882  valid_rmse:0.57312
Starting 2 epoch...
Epoch 2, Step 10 - valid_rmse:0.67731
Epoch 2, Step 20 - valid_rmse:0.58743
Epoch 2, Step 30 - valid_rmse:0.53270
>>>>>>>> Model Improved From 0.5625880624296304 ----> 0.5326978031957225
Epoch 2, Step 40 - valid_rmse:0.56306
Epoch 2, Step 50 - valid_rmse:0.57847
Epoch 2, Step 60 - valid_rmse:0.55010
Epoch 2, Step 70 - valid_rmse:0.54334
Epoch 2, Step 80 - valid_rmse:0.53460
Epoch 2, Step 90 - valid_rmse:0.54815
Epoch 2, Step 100 - valid_rmse:0.56210
Epoch 2, Step 110 - valid_rmse:0.55518
Epoch 2, Step 120 - valid_rmse:0.54536
Epoch 2, Step 130 - valid_rmse:0.55827
Epoch 2, Step 140 - valid_rmse:0.55818
Epoch 2 - avg_train_loss: 0.43017  avg_val_loss: 0.55446  time: 270s
Epoch 2 - train_rmse:0.44007  valid_rmse:0.55818
Starting 3 epoch...
Epoch 3, Step 10 - valid_rmse:0.72275
Epoch 3, Step 20 - valid_rmse:0.58165
Epoch 3, Step 30 - valid_rmse:0.58934
Epoch 3, Step 40 - valid_rmse:0.54049
Epoch 3, Step 50 - valid_rmse:0.54107
Epoch 3, Step 60 - valid_rmse:0.51776
>>>>>>>> Model Improved From 0.5326978031957225 ----> 0.5177620916148309
Epoch 3, Step 70 - valid_rmse:0.57103
Epoch 3, Step 80 - valid_rmse:0.55273
Epoch 3, Step 90 - valid_rmse:0.53134
Epoch 3, Step 100 - valid_rmse:0.53423
Epoch 3, Step 110 - valid_rmse:0.53112
Epoch 3, Step 120 - valid_rmse:0.53661
Epoch 3, Step 130 - valid_rmse:0.52638
Epoch 3, Step 140 - valid_rmse:0.52226
Epoch 3 - avg_train_loss: 0.31490  avg_val_loss: 0.51984  time: 268s
Epoch 3 - train_rmse:0.32479  valid_rmse:0.52226
Starting 4 epoch...
Epoch 4, Step 10 - valid_rmse:0.70239
Epoch 4, Step 20 - valid_rmse:0.57992
Epoch 4, Step 30 - valid_rmse:0.56004
Epoch 4, Step 40 - valid_rmse:0.53379
Epoch 4, Step 50 - valid_rmse:0.52669
Epoch 4, Step 60 - valid_rmse:0.54486
Epoch 4, Step 70 - valid_rmse:0.54041
Epoch 4, Step 80 - valid_rmse:0.55110
Epoch 4, Step 90 - valid_rmse:0.52043
Epoch 4, Step 100 - valid_rmse:0.54736
Epoch 4, Step 110 - valid_rmse:0.52701
Epoch 4, Step 120 - valid_rmse:0.52027
Epoch 4, Step 130 - valid_rmse:0.51772
>>>>>>>> Model Improved From 0.5177620916148309 ----> 0.5177201470992597
Epoch 4, Step 140 - valid_rmse:0.60885
Epoch 4 - avg_train_loss: 0.25871  avg_val_loss: 0.60505  time: 267s
Epoch 4 - train_rmse:0.26752  valid_rmse:0.60885
Starting 5 epoch...
Epoch 5, Step 10 - valid_rmse:0.68021
Epoch 5, Step 20 - valid_rmse:0.56272
Epoch 5, Step 30 - valid_rmse:0.52031
Epoch 5, Step 40 - valid_rmse:0.52574
Epoch 5, Step 50 - valid_rmse:0.51945
Epoch 5, Step 60 - valid_rmse:0.51921
Epoch 5, Step 70 - valid_rmse:0.51794
Epoch 5, Step 80 - valid_rmse:0.54556
Epoch 5, Step 90 - valid_rmse:0.52183
Epoch 5, Step 100 - valid_rmse:0.53635
Epoch 5, Step 110 - valid_rmse:0.51603
>>>>>>>> Model Improved From 0.5177201470992597 ----> 0.516034347769928
Epoch 5, Step 120 - valid_rmse:0.52711
Epoch 5, Step 130 - valid_rmse:0.51965
Epoch 5, Step 140 - valid_rmse:0.53232
Epoch 5 - avg_train_loss: 0.22785  avg_val_loss: 0.52856  time: 267s
Epoch 5 - train_rmse:0.23489  valid_rmse:0.53232
========================================================================================================================
Fold 4 Training
========================================================================================================================
load itpt model
Starting 1 epoch...
Epoch 1, Step 10 - valid_rmse:0.80961
>>>>>>>> Model Improved From inf ----> 0.8096130189557514
Epoch 1, Step 20 - valid_rmse:0.68380
>>>>>>>> Model Improved From 0.8096130189557514 ----> 0.6838041824403299
Epoch 1, Step 30 - valid_rmse:0.61788
>>>>>>>> Model Improved From 0.6838041824403299 ----> 0.617882562402904
Epoch 1, Step 40 - valid_rmse:0.63916
Epoch 1, Step 50 - valid_rmse:0.57482
>>>>>>>> Model Improved From 0.617882562402904 ----> 0.5748241450004644
Epoch 1, Step 60 - valid_rmse:0.55270
>>>>>>>> Model Improved From 0.5748241450004644 ----> 0.5526954346221278
Epoch 1, Step 70 - valid_rmse:0.56915
Epoch 1, Step 80 - valid_rmse:0.56985
Epoch 1, Step 90 - valid_rmse:0.58975
Epoch 1, Step 100 - valid_rmse:0.58575
Epoch 1, Step 110 - valid_rmse:0.53526
>>>>>>>> Model Improved From 0.5526954346221278 ----> 0.5352607061034491
Epoch 1, Step 120 - valid_rmse:0.61932
Epoch 1, Step 130 - valid_rmse:0.57825
Epoch 1, Step 140 - valid_rmse:0.56515
Epoch 1 - avg_train_loss: 0.61707  avg_val_loss: 0.56067  time: 297s
Epoch 1 - train_rmse:0.63252  valid_rmse:0.56515
Starting 2 epoch...
Epoch 2, Step 10 - valid_rmse:0.54255
Epoch 2, Step 20 - valid_rmse:0.54356
Epoch 2, Step 30 - valid_rmse:0.61550
Epoch 2, Step 40 - valid_rmse:0.52427
>>>>>>>> Model Improved From 0.5352607061034491 ----> 0.5242706972009102
Epoch 2, Step 50 - valid_rmse:0.52638
Epoch 2, Step 60 - valid_rmse:0.52212
>>>>>>>> Model Improved From 0.5242706972009102 ----> 0.5221188020427422
Epoch 2, Step 70 - valid_rmse:0.57926
Epoch 2, Step 80 - valid_rmse:0.62310
Epoch 2, Step 90 - valid_rmse:0.54629
Epoch 2, Step 100 - valid_rmse:0.52417
Epoch 2, Step 110 - valid_rmse:0.52133
>>>>>>>> Model Improved From 0.5221188020427422 ----> 0.521334831090133
Epoch 2, Step 120 - valid_rmse:0.50059
>>>>>>>> Model Improved From 0.521334831090133 ----> 0.5005946415266116
Epoch 2, Step 130 - valid_rmse:0.52130
Epoch 2, Step 140 - valid_rmse:0.53278
Epoch 2 - avg_train_loss: 0.40685  avg_val_loss: 0.52780  time: 290s
Epoch 2 - train_rmse:0.41653  valid_rmse:0.53278
Starting 3 epoch...
Epoch 3, Step 10 - valid_rmse:0.71154
Epoch 3, Step 20 - valid_rmse:0.54078
Epoch 3, Step 30 - valid_rmse:0.53194
Epoch 3, Step 40 - valid_rmse:0.50692
Epoch 3, Step 50 - valid_rmse:0.52839
Epoch 3, Step 60 - valid_rmse:0.52096
Epoch 3, Step 70 - valid_rmse:0.58154
Epoch 3, Step 80 - valid_rmse:0.51627
Epoch 3, Step 90 - valid_rmse:0.54316
Epoch 3, Step 100 - valid_rmse:0.51365
Epoch 3, Step 110 - valid_rmse:0.51540
Epoch 3, Step 120 - valid_rmse:0.51962
Epoch 3, Step 130 - valid_rmse:0.52109
Epoch 3, Step 140 - valid_rmse:0.51921
Epoch 3 - avg_train_loss: 0.30101  avg_val_loss: 0.51414  time: 262s
Epoch 3 - train_rmse:0.31216  valid_rmse:0.51921
Starting 4 epoch...
Epoch 4, Step 10 - valid_rmse:0.52725
Epoch 4, Step 20 - valid_rmse:0.56232
Epoch 4, Step 30 - valid_rmse:0.51507
Epoch 4, Step 40 - valid_rmse:0.54108
Epoch 4, Step 50 - valid_rmse:0.52415
Epoch 4, Step 60 - valid_rmse:0.53765
Epoch 4, Step 70 - valid_rmse:0.52566
Epoch 4, Step 80 - valid_rmse:0.51464
Epoch 4, Step 90 - valid_rmse:0.52332
Epoch 4, Step 100 - valid_rmse:0.51326
Epoch 4, Step 110 - valid_rmse:0.51092
Epoch 4, Step 120 - valid_rmse:0.50926
Epoch 4, Step 130 - valid_rmse:0.51707
Epoch 4, Step 140 - valid_rmse:0.50822
Epoch 4 - avg_train_loss: 0.24195  avg_val_loss: 0.50417  time: 260s
Epoch 4 - train_rmse:0.24756  valid_rmse:0.50822
Starting 5 epoch...
Epoch 5, Step 10 - valid_rmse:0.59240
Epoch 5, Step 20 - valid_rmse:0.55647
Epoch 5, Step 30 - valid_rmse:0.51340
Epoch 5, Step 40 - valid_rmse:0.53599
Epoch 5, Step 50 - valid_rmse:0.52814
Epoch 5, Step 60 - valid_rmse:0.52596
Epoch 5, Step 70 - valid_rmse:0.53130
Epoch 5, Step 80 - valid_rmse:0.52694
Epoch 5, Step 90 - valid_rmse:0.52094
Epoch 5, Step 100 - valid_rmse:0.51095
Epoch 5, Step 110 - valid_rmse:0.52892
Epoch 5, Step 120 - valid_rmse:0.51367
Epoch 5, Step 130 - valid_rmse:0.53293
Epoch 5, Step 140 - valid_rmse:0.51614
Epoch 5 - avg_train_loss: 0.21549  avg_val_loss: 0.51127  time: 261s
Epoch 5 - train_rmse:0.22242  valid_rmse:0.51614
load itpt model
load itpt model
load itpt model
load itpt model
load itpt model
0.4880790038057377
0.4664515761965882
0.49443773406989283
0.5209294431930475
0.5013713292853355
cv score 0.4945696325358757
