========================================================================================================================
Fold 0 Training
========================================================================================================================
load itpt model
Starting 1 epoch...
Epoch 1, Step 10 - valid_rmse:0.92758
>>>>>>>> Model Improved From inf ----> 0.9275779473698779
Epoch 1, Step 20 - valid_rmse:0.79383
>>>>>>>> Model Improved From 0.9275779473698779 ----> 0.7938270802543179
Epoch 1, Step 30 - valid_rmse:0.62832
>>>>>>>> Model Improved From 0.7938270802543179 ----> 0.6283178899633568
Epoch 1, Step 40 - valid_rmse:0.77414
Epoch 1, Step 50 - valid_rmse:0.60659
>>>>>>>> Model Improved From 0.6283178899633568 ----> 0.6065900090398304
Epoch 1, Step 60 - valid_rmse:0.55899
>>>>>>>> Model Improved From 0.6065900090398304 ----> 0.558989655097512
Epoch 1, Step 70 - valid_rmse:0.55148
>>>>>>>> Model Improved From 0.558989655097512 ----> 0.5514828128632445
Epoch 1, Step 80 - valid_rmse:0.60063
Epoch 1, Step 90 - valid_rmse:0.64935
Epoch 1, Step 100 - valid_rmse:0.78648
Epoch 1, Step 110 - valid_rmse:0.63815
Epoch 1, Step 120 - valid_rmse:0.54842
>>>>>>>> Model Improved From 0.5514828128632445 ----> 0.5484166749213989
Epoch 1, Step 130 - valid_rmse:0.53159
>>>>>>>> Model Improved From 0.5484166749213989 ----> 0.5315889840652694
Epoch 1, Step 140 - valid_rmse:0.53259
Epoch 1 - avg_train_loss: 0.72061  avg_val_loss: 0.61872  time: 307s
Epoch 1 - train_rmse:0.70788  valid_rmse:0.53259
Starting 2 epoch...
Epoch 2, Step 10 - valid_rmse:0.77818
Epoch 2, Step 20 - valid_rmse:0.56012
Epoch 2, Step 30 - valid_rmse:0.50752
>>>>>>>> Model Improved From 0.5315889840652694 ----> 0.507521250546514
Epoch 2, Step 40 - valid_rmse:0.49301
>>>>>>>> Model Improved From 0.507521250546514 ----> 0.49301337407635143
Epoch 2, Step 50 - valid_rmse:0.53037
Epoch 2, Step 60 - valid_rmse:0.50070
Epoch 2, Step 70 - valid_rmse:0.61445
Epoch 2, Step 80 - valid_rmse:0.60148
Epoch 2, Step 90 - valid_rmse:0.51312
Epoch 2, Step 100 - valid_rmse:0.56277
Epoch 2, Step 110 - valid_rmse:0.52226
Epoch 2, Step 120 - valid_rmse:0.54428
Epoch 2, Step 130 - valid_rmse:0.52618
Epoch 2, Step 140 - valid_rmse:0.51353
Epoch 2 - avg_train_loss: 0.57441  avg_val_loss: 0.60519  time: 277s
Epoch 2 - train_rmse:0.45546  valid_rmse:0.51353
Starting 3 epoch...
Epoch 3, Step 10 - valid_rmse:0.67917
Epoch 3, Step 20 - valid_rmse:0.60124
Epoch 3, Step 30 - valid_rmse:0.51662
Epoch 3, Step 40 - valid_rmse:0.49106
>>>>>>>> Model Improved From 0.49301337407635143 ----> 0.49105602968238465
Epoch 3, Step 50 - valid_rmse:0.55276
Epoch 3, Step 60 - valid_rmse:0.50663
Epoch 3, Step 70 - valid_rmse:0.54117
Epoch 3, Step 80 - valid_rmse:0.52143
Epoch 3, Step 90 - valid_rmse:0.51450
Epoch 3, Step 100 - valid_rmse:0.48867
>>>>>>>> Model Improved From 0.49105602968238465 ----> 0.4886678156883237
Epoch 3, Step 110 - valid_rmse:0.49030
Epoch 3, Step 120 - valid_rmse:0.48515
>>>>>>>> Model Improved From 0.4886678156883237 ----> 0.4851514088701403
Epoch 3, Step 130 - valid_rmse:0.48467
>>>>>>>> Model Improved From 0.4851514088701403 ----> 0.4846687419836379
Epoch 3, Step 140 - valid_rmse:0.57615
Epoch 3 - avg_train_loss: 0.51154  avg_val_loss: 0.63447  time: 290s
Epoch 3 - train_rmse:0.33464  valid_rmse:0.57615
Starting 4 epoch...
Epoch 4, Step 10 - valid_rmse:0.50227
Epoch 4, Step 20 - valid_rmse:0.49868
Epoch 4, Step 30 - valid_rmse:0.49370
Epoch 4, Step 40 - valid_rmse:0.51380
Epoch 4, Step 50 - valid_rmse:0.50143
Epoch 4, Step 60 - valid_rmse:0.52044
Epoch 4, Step 70 - valid_rmse:0.49085
Epoch 4, Step 80 - valid_rmse:0.52049
Epoch 4, Step 90 - valid_rmse:0.49286
Epoch 4, Step 100 - valid_rmse:0.49630
Epoch 4, Step 110 - valid_rmse:0.49373
Epoch 4, Step 120 - valid_rmse:0.51347
Epoch 4, Step 130 - valid_rmse:0.54134
Epoch 4, Step 140 - valid_rmse:0.55401
Epoch 4 - avg_train_loss: 0.48265  avg_val_loss: 0.62362  time: 264s
Epoch 4 - train_rmse:0.28130  valid_rmse:0.55401
Starting 5 epoch...
Epoch 5, Step 10 - valid_rmse:0.59191
Epoch 5, Step 20 - valid_rmse:0.56027
Epoch 5, Step 30 - valid_rmse:0.50510
Epoch 5, Step 40 - valid_rmse:0.49574
Epoch 5, Step 50 - valid_rmse:0.54503
Epoch 5, Step 60 - valid_rmse:0.52912
Epoch 5, Step 70 - valid_rmse:0.49256
Epoch 5, Step 80 - valid_rmse:0.50671
Epoch 5, Step 90 - valid_rmse:0.49230
Epoch 5, Step 100 - valid_rmse:0.49444
Epoch 5, Step 110 - valid_rmse:0.50722
Epoch 5, Step 120 - valid_rmse:0.50909
Epoch 5, Step 130 - valid_rmse:0.49023
Epoch 5, Step 140 - valid_rmse:0.48578
Epoch 5 - avg_train_loss: 0.45974  avg_val_loss: 0.58816  time: 262s
Epoch 5 - train_rmse:0.22956  valid_rmse:0.48578
========================================================================================================================
Fold 1 Training
========================================================================================================================
load itpt model
Starting 1 epoch...
Epoch 1, Step 10 - valid_rmse:0.96096
>>>>>>>> Model Improved From inf ----> 0.9609571376044809
Epoch 1, Step 20 - valid_rmse:0.66150
>>>>>>>> Model Improved From 0.9609571376044809 ----> 0.6614983560839225
Epoch 1, Step 30 - valid_rmse:0.62926
>>>>>>>> Model Improved From 0.6614983560839225 ----> 0.6292556157611099
Epoch 1, Step 40 - valid_rmse:0.74861
Epoch 1, Step 50 - valid_rmse:0.62504
>>>>>>>> Model Improved From 0.6292556157611099 ----> 0.625042649408269
Epoch 1, Step 60 - valid_rmse:0.62831
Epoch 1, Step 70 - valid_rmse:0.53735
>>>>>>>> Model Improved From 0.625042649408269 ----> 0.5373451074032595
Epoch 1, Step 80 - valid_rmse:0.58049
Epoch 1, Step 90 - valid_rmse:0.55778
Epoch 1, Step 100 - valid_rmse:0.57191
Epoch 1, Step 110 - valid_rmse:0.57769
Epoch 1, Step 120 - valid_rmse:0.57599
Epoch 1, Step 130 - valid_rmse:0.51151
>>>>>>>> Model Improved From 0.5373451074032595 ----> 0.5115052627815855
Epoch 1, Step 140 - valid_rmse:0.51348
Epoch 1 - avg_train_loss: 0.71221  avg_val_loss: 0.60426  time: 304s
Epoch 1 - train_rmse:0.69211  valid_rmse:0.51348
Starting 2 epoch...
Epoch 2, Step 10 - valid_rmse:0.62081
Epoch 2, Step 20 - valid_rmse:0.50809
>>>>>>>> Model Improved From 0.5115052627815855 ----> 0.5080948919343476
Epoch 2, Step 30 - valid_rmse:0.49071
>>>>>>>> Model Improved From 0.5080948919343476 ----> 0.4907125096453201
Epoch 2, Step 40 - valid_rmse:0.55269
Epoch 2, Step 50 - valid_rmse:0.51482
Epoch 2, Step 60 - valid_rmse:0.49864
Epoch 2, Step 70 - valid_rmse:0.52548
Epoch 2, Step 80 - valid_rmse:0.55135
Epoch 2, Step 90 - valid_rmse:0.53124
Epoch 2, Step 100 - valid_rmse:0.51802
Epoch 2, Step 110 - valid_rmse:0.49852
Epoch 2, Step 120 - valid_rmse:0.59514
Epoch 2, Step 130 - valid_rmse:0.55908
Epoch 2, Step 140 - valid_rmse:0.58025
Epoch 2 - avg_train_loss: 0.55778  avg_val_loss: 0.63627  time: 277s
Epoch 2 - train_rmse:0.42435  valid_rmse:0.58025
Starting 3 epoch...
Epoch 3, Step 10 - valid_rmse:0.56868
Epoch 3, Step 20 - valid_rmse:0.52490
Epoch 3, Step 30 - valid_rmse:0.49630
Epoch 3, Step 40 - valid_rmse:0.49552
Epoch 3, Step 50 - valid_rmse:0.49549
Epoch 3, Step 60 - valid_rmse:0.52272
Epoch 3, Step 70 - valid_rmse:0.55902
Epoch 3, Step 80 - valid_rmse:0.50919
Epoch 3, Step 90 - valid_rmse:0.49824
Epoch 3, Step 100 - valid_rmse:0.48928
>>>>>>>> Model Improved From 0.4907125096453201 ----> 0.4892843642349746
Epoch 3, Step 110 - valid_rmse:0.48396
>>>>>>>> Model Improved From 0.4892843642349746 ----> 0.4839578055425716
Epoch 3, Step 120 - valid_rmse:0.48860
Epoch 3, Step 130 - valid_rmse:0.49874
Epoch 3, Step 140 - valid_rmse:0.50772
Epoch 3 - avg_train_loss: 0.49120  avg_val_loss: 0.59768  time: 275s
Epoch 3 - train_rmse:0.29307  valid_rmse:0.50772
Starting 4 epoch...
Epoch 4, Step 10 - valid_rmse:0.56393
Epoch 4, Step 20 - valid_rmse:0.49671
Epoch 4, Step 30 - valid_rmse:0.52086
Epoch 4, Step 40 - valid_rmse:0.57831
Epoch 4, Step 50 - valid_rmse:0.51097
Epoch 4, Step 60 - valid_rmse:0.55938
Epoch 4, Step 70 - valid_rmse:0.50923
Epoch 4, Step 80 - valid_rmse:0.54066
Epoch 4, Step 90 - valid_rmse:0.48997
Epoch 4, Step 100 - valid_rmse:0.48392
>>>>>>>> Model Improved From 0.4839578055425716 ----> 0.4839175889880371
Epoch 4, Step 110 - valid_rmse:0.49026
Epoch 4, Step 120 - valid_rmse:0.48262
>>>>>>>> Model Improved From 0.4839175889880371 ----> 0.4826175823348505
Epoch 4, Step 130 - valid_rmse:0.47847
>>>>>>>> Model Improved From 0.4826175823348505 ----> 0.47846562101552803
Epoch 4, Step 140 - valid_rmse:0.49198
Epoch 4 - avg_train_loss: 0.47837  avg_val_loss: 0.59071  time: 282s
Epoch 4 - train_rmse:0.26985  valid_rmse:0.49198
Starting 5 epoch...
Epoch 5, Step 10 - valid_rmse:0.67251
Epoch 5, Step 20 - valid_rmse:0.56888
Epoch 5, Step 30 - valid_rmse:0.48798
Epoch 5, Step 40 - valid_rmse:0.55629
Epoch 5, Step 50 - valid_rmse:0.48811
Epoch 5, Step 60 - valid_rmse:0.50043
Epoch 5, Step 70 - valid_rmse:0.49261
Epoch 5, Step 80 - valid_rmse:0.49487
Epoch 5, Step 90 - valid_rmse:0.50160
Epoch 5, Step 100 - valid_rmse:0.49014
Epoch 5, Step 110 - valid_rmse:0.50001
Epoch 5, Step 120 - valid_rmse:0.50237
Epoch 5, Step 130 - valid_rmse:0.50629
Epoch 5, Step 140 - valid_rmse:0.50400
Epoch 5 - avg_train_loss: 0.46371  avg_val_loss: 0.59672  time: 264s
Epoch 5 - train_rmse:0.24188  valid_rmse:0.50400
========================================================================================================================
Fold 2 Training
========================================================================================================================
load itpt model
Starting 1 epoch...
Epoch 1, Step 10 - valid_rmse:0.89885
>>>>>>>> Model Improved From inf ----> 0.898846076875027
Epoch 1, Step 20 - valid_rmse:0.77356
>>>>>>>> Model Improved From 0.898846076875027 ----> 0.7735598810351826
Epoch 1, Step 30 - valid_rmse:0.62783
>>>>>>>> Model Improved From 0.7735598810351826 ----> 0.6278283418717614
Epoch 1, Step 40 - valid_rmse:0.75407
Epoch 1, Step 50 - valid_rmse:0.64291
Epoch 1, Step 60 - valid_rmse:0.61085
>>>>>>>> Model Improved From 0.6278283418717614 ----> 0.6108526002814328
Epoch 1, Step 70 - valid_rmse:0.61747
Epoch 1, Step 80 - valid_rmse:0.57879
>>>>>>>> Model Improved From 0.6108526002814328 ----> 0.5787863879608758
Epoch 1, Step 90 - valid_rmse:0.66359
Epoch 1, Step 100 - valid_rmse:0.62788
Epoch 1, Step 110 - valid_rmse:0.57286
>>>>>>>> Model Improved From 0.5787863879608758 ----> 0.5728630706904244
Epoch 1, Step 120 - valid_rmse:0.54848
>>>>>>>> Model Improved From 0.5728630706904244 ----> 0.5484798229857264
Epoch 1, Step 130 - valid_rmse:0.54715
>>>>>>>> Model Improved From 0.5484798229857264 ----> 0.5471474332443642
Epoch 1, Step 140 - valid_rmse:0.53080
>>>>>>>> Model Improved From 0.5471474332443642 ----> 0.5307959401115292
Epoch 1 - avg_train_loss: 0.70041  avg_val_loss: 0.61449  time: 317s
Epoch 1 - train_rmse:0.67123  valid_rmse:0.53080
Starting 2 epoch...
Epoch 2, Step 10 - valid_rmse:0.66099
Epoch 2, Step 20 - valid_rmse:0.59889
Epoch 2, Step 30 - valid_rmse:0.66022
Epoch 2, Step 40 - valid_rmse:0.61255
Epoch 2, Step 50 - valid_rmse:0.58466
Epoch 2, Step 60 - valid_rmse:0.62815
Epoch 2, Step 70 - valid_rmse:0.56408
Epoch 2, Step 80 - valid_rmse:0.59183
Epoch 2, Step 90 - valid_rmse:0.61275
Epoch 2, Step 100 - valid_rmse:0.52289
>>>>>>>> Model Improved From 0.5307959401115292 ----> 0.52289365816264
Epoch 2, Step 110 - valid_rmse:0.54267
Epoch 2, Step 120 - valid_rmse:0.53213
Epoch 2, Step 130 - valid_rmse:0.53796
Epoch 2, Step 140 - valid_rmse:0.52725
Epoch 2 - avg_train_loss: 0.56866  avg_val_loss: 0.61014  time: 272s
Epoch 2 - train_rmse:0.44367  valid_rmse:0.52725
Starting 3 epoch...
Epoch 3, Step 10 - valid_rmse:0.56723
Epoch 3, Step 20 - valid_rmse:0.56955
Epoch 3, Step 30 - valid_rmse:0.55931
Epoch 3, Step 40 - valid_rmse:0.51980
>>>>>>>> Model Improved From 0.52289365816264 ----> 0.5198006874177687
Epoch 3, Step 50 - valid_rmse:0.53665
Epoch 3, Step 60 - valid_rmse:0.51418
>>>>>>>> Model Improved From 0.5198006874177687 ----> 0.5141770593753489
Epoch 3, Step 70 - valid_rmse:0.51145
>>>>>>>> Model Improved From 0.5141770593753489 ----> 0.5114526301518858
Epoch 3, Step 80 - valid_rmse:0.49625
>>>>>>>> Model Improved From 0.5114526301518858 ----> 0.4962497005850157
Epoch 3, Step 90 - valid_rmse:0.53075
Epoch 3, Step 100 - valid_rmse:0.52440
Epoch 3, Step 110 - valid_rmse:0.52089
Epoch 3, Step 120 - valid_rmse:0.55590
Epoch 3, Step 130 - valid_rmse:0.51904
Epoch 3, Step 140 - valid_rmse:0.53997
Epoch 3 - avg_train_loss: 0.49838  avg_val_loss: 0.61462  time: 291s
Epoch 3 - train_rmse:0.30677  valid_rmse:0.53997
Starting 4 epoch...
Epoch 4, Step 10 - valid_rmse:0.76490
Epoch 4, Step 20 - valid_rmse:0.55404
Epoch 4, Step 30 - valid_rmse:0.51598
Epoch 4, Step 40 - valid_rmse:0.51124
Epoch 4, Step 50 - valid_rmse:0.54174
Epoch 4, Step 60 - valid_rmse:0.51690
Epoch 4, Step 70 - valid_rmse:0.51530
Epoch 4, Step 80 - valid_rmse:0.52728
Epoch 4, Step 90 - valid_rmse:0.51093
Epoch 4, Step 100 - valid_rmse:0.53396
Epoch 4, Step 110 - valid_rmse:0.54473
Epoch 4, Step 120 - valid_rmse:0.51552
Epoch 4, Step 130 - valid_rmse:0.51569
Epoch 4, Step 140 - valid_rmse:0.52829
Epoch 4 - avg_train_loss: 0.48527  avg_val_loss: 0.60942  time: 264s
Epoch 4 - train_rmse:0.28301  valid_rmse:0.52829
Starting 5 epoch...
Epoch 5, Step 10 - valid_rmse:0.65128
Epoch 5, Step 20 - valid_rmse:0.51968
Epoch 5, Step 30 - valid_rmse:0.51816
Epoch 5, Step 40 - valid_rmse:0.53330
Epoch 5, Step 50 - valid_rmse:0.50877
Epoch 5, Step 60 - valid_rmse:0.53851
Epoch 5, Step 70 - valid_rmse:0.50673
Epoch 5, Step 80 - valid_rmse:0.51214
Epoch 5, Step 90 - valid_rmse:0.52485
Epoch 5, Step 100 - valid_rmse:0.50542
Epoch 5, Step 110 - valid_rmse:0.50455
Epoch 5, Step 120 - valid_rmse:0.51082
Epoch 5, Step 130 - valid_rmse:0.52221
Epoch 5, Step 140 - valid_rmse:0.51851
Epoch 5 - avg_train_loss: 0.45499  avg_val_loss: 0.60318  time: 262s
Epoch 5 - train_rmse:0.22086  valid_rmse:0.51851
========================================================================================================================
Fold 3 Training
========================================================================================================================
load itpt model
Starting 1 epoch...
Epoch 1, Step 10 - valid_rmse:0.82344
>>>>>>>> Model Improved From inf ----> 0.8234441992847251
Epoch 1, Step 20 - valid_rmse:0.70932
>>>>>>>> Model Improved From 0.8234441992847251 ----> 0.7093238104543375
Epoch 1, Step 30 - valid_rmse:0.71438
Epoch 1, Step 40 - valid_rmse:0.65334
>>>>>>>> Model Improved From 0.7093238104543375 ----> 0.6533417324082167
Epoch 1, Step 50 - valid_rmse:0.62011
>>>>>>>> Model Improved From 0.6533417324082167 ----> 0.6201144126068533
Epoch 1, Step 60 - valid_rmse:0.59788
>>>>>>>> Model Improved From 0.6201144126068533 ----> 0.5978799733993
Epoch 1, Step 70 - valid_rmse:0.58387
>>>>>>>> Model Improved From 0.5978799733993 ----> 0.5838655556130398
Epoch 1, Step 80 - valid_rmse:0.64411
Epoch 1, Step 90 - valid_rmse:0.59238
Epoch 1, Step 100 - valid_rmse:0.57836
>>>>>>>> Model Improved From 0.5838655556130398 ----> 0.578356377400357
Epoch 1, Step 110 - valid_rmse:0.57894
Epoch 1, Step 120 - valid_rmse:0.54752
>>>>>>>> Model Improved From 0.578356377400357 ----> 0.5475201888894108
Epoch 1, Step 130 - valid_rmse:0.54507
>>>>>>>> Model Improved From 0.5475201888894108 ----> 0.5450704172460499
Epoch 1, Step 140 - valid_rmse:0.63316
Epoch 1 - avg_train_loss: 0.71380  avg_val_loss: 0.66743  time: 315s
Epoch 1 - train_rmse:0.69299  valid_rmse:0.63316
Starting 2 epoch...
Epoch 2, Step 10 - valid_rmse:0.70120
Epoch 2, Step 20 - valid_rmse:0.62431
Epoch 2, Step 30 - valid_rmse:0.67025
Epoch 2, Step 40 - valid_rmse:0.53572
>>>>>>>> Model Improved From 0.5450704172460499 ----> 0.5357208237331046
Epoch 2, Step 50 - valid_rmse:0.53027
>>>>>>>> Model Improved From 0.5357208237331046 ----> 0.5302667104034055
Epoch 2, Step 60 - valid_rmse:0.53964
Epoch 2, Step 70 - valid_rmse:0.59923
Epoch 2, Step 80 - valid_rmse:0.54575
Epoch 2, Step 90 - valid_rmse:0.55971
Epoch 2, Step 100 - valid_rmse:0.51746
>>>>>>>> Model Improved From 0.5302667104034055 ----> 0.5174559707193733
Epoch 2, Step 110 - valid_rmse:0.61875
Epoch 2, Step 120 - valid_rmse:0.64292
Epoch 2, Step 130 - valid_rmse:0.55113
Epoch 2, Step 140 - valid_rmse:0.51288
>>>>>>>> Model Improved From 0.5174559707193733 ----> 0.5128820264557237
Epoch 2 - avg_train_loss: 0.57943  avg_val_loss: 0.60466  time: 289s
Epoch 2 - train_rmse:0.46608  valid_rmse:0.51288
Starting 3 epoch...
Epoch 3, Step 10 - valid_rmse:0.53876
Epoch 3, Step 20 - valid_rmse:0.52095
Epoch 3, Step 30 - valid_rmse:0.52520
Epoch 3, Step 40 - valid_rmse:0.51127
>>>>>>>> Model Improved From 0.5128820264557237 ----> 0.5112711239245823
Epoch 3, Step 50 - valid_rmse:0.57118
Epoch 3, Step 60 - valid_rmse:0.53913
Epoch 3, Step 70 - valid_rmse:0.51872
Epoch 3, Step 80 - valid_rmse:0.54311
Epoch 3, Step 90 - valid_rmse:0.50840
>>>>>>>> Model Improved From 0.5112711239245823 ----> 0.5083990951855277
Epoch 3, Step 100 - valid_rmse:0.55943
Epoch 3, Step 110 - valid_rmse:0.51469
Epoch 3, Step 120 - valid_rmse:0.52888
Epoch 3, Step 130 - valid_rmse:0.50597
>>>>>>>> Model Improved From 0.5083990951855277 ----> 0.5059698519960889
Epoch 3, Step 140 - valid_rmse:0.52907
Epoch 3 - avg_train_loss: 0.51117  avg_val_loss: 0.61191  time: 282s
Epoch 3 - train_rmse:0.33348  valid_rmse:0.52907
Starting 4 epoch...
Epoch 4, Step 10 - valid_rmse:0.58337
Epoch 4, Step 20 - valid_rmse:0.61771
Epoch 4, Step 30 - valid_rmse:0.54569
Epoch 4, Step 40 - valid_rmse:0.54606
Epoch 4, Step 50 - valid_rmse:0.51596
Epoch 4, Step 60 - valid_rmse:0.52385
Epoch 4, Step 70 - valid_rmse:0.51024
Epoch 4, Step 80 - valid_rmse:0.51315
Epoch 4, Step 90 - valid_rmse:0.51271
Epoch 4, Step 100 - valid_rmse:0.51835
Epoch 4, Step 110 - valid_rmse:0.50575
>>>>>>>> Model Improved From 0.5059698519960889 ----> 0.50574766278392
Epoch 4, Step 120 - valid_rmse:0.50409
>>>>>>>> Model Improved From 0.50574766278392 ----> 0.5040909728602944
Epoch 4, Step 130 - valid_rmse:0.51058
Epoch 4, Step 140 - valid_rmse:0.50474
Epoch 4 - avg_train_loss: 0.47678  avg_val_loss: 0.59828  time: 276s
Epoch 4 - train_rmse:0.26627  valid_rmse:0.50474
Starting 5 epoch...
Epoch 5, Step 10 - valid_rmse:0.60096
Epoch 5, Step 20 - valid_rmse:0.55607
Epoch 5, Step 30 - valid_rmse:0.50959
Epoch 5, Step 40 - valid_rmse:0.52242
Epoch 5, Step 50 - valid_rmse:0.50943
Epoch 5, Step 60 - valid_rmse:0.51084
Epoch 5, Step 70 - valid_rmse:0.52928
Epoch 5, Step 80 - valid_rmse:0.53687
Epoch 5, Step 90 - valid_rmse:0.51396
Epoch 5, Step 100 - valid_rmse:0.50805
Epoch 5, Step 110 - valid_rmse:0.52076
Epoch 5, Step 120 - valid_rmse:0.50770
Epoch 5, Step 130 - valid_rmse:0.52244
Epoch 5, Step 140 - valid_rmse:0.50476
Epoch 5 - avg_train_loss: 0.46334  avg_val_loss: 0.59786  time: 264s
Epoch 5 - train_rmse:0.23723  valid_rmse:0.50476
========================================================================================================================
Fold 4 Training
========================================================================================================================
load itpt model
Starting 1 epoch...
Epoch 1, Step 10 - valid_rmse:0.87132
>>>>>>>> Model Improved From inf ----> 0.871323755660015
Epoch 1, Step 20 - valid_rmse:0.71595
>>>>>>>> Model Improved From 0.871323755660015 ----> 0.7159513298004132
Epoch 1, Step 30 - valid_rmse:0.66972
>>>>>>>> Model Improved From 0.7159513298004132 ----> 0.6697241635508772
Epoch 1, Step 40 - valid_rmse:0.60309
>>>>>>>> Model Improved From 0.6697241635508772 ----> 0.6030938263098625
Epoch 1, Step 50 - valid_rmse:0.60249
>>>>>>>> Model Improved From 0.6030938263098625 ----> 0.60249267544662
Epoch 1, Step 60 - valid_rmse:0.56903
>>>>>>>> Model Improved From 0.60249267544662 ----> 0.5690334273461887
Epoch 1, Step 70 - valid_rmse:0.61122
Epoch 1, Step 80 - valid_rmse:0.54749
>>>>>>>> Model Improved From 0.5690334273461887 ----> 0.547488585078432
Epoch 1, Step 90 - valid_rmse:0.55316
Epoch 1, Step 100 - valid_rmse:0.56562
Epoch 1, Step 110 - valid_rmse:0.54617
>>>>>>>> Model Improved From 0.547488585078432 ----> 0.5461651236233871
Epoch 1, Step 120 - valid_rmse:0.63762
Epoch 1, Step 130 - valid_rmse:0.56994
Epoch 1, Step 140 - valid_rmse:0.57408
Epoch 1 - avg_train_loss: 0.70649  avg_val_loss: 0.63787  time: 313s
Epoch 1 - train_rmse:0.69591  valid_rmse:0.57408
Starting 2 epoch...
Epoch 2, Step 10 - valid_rmse:0.69395
Epoch 2, Step 20 - valid_rmse:0.53074
>>>>>>>> Model Improved From 0.5461651236233871 ----> 0.5307365683030479
Epoch 2, Step 30 - valid_rmse:0.53063
>>>>>>>> Model Improved From 0.5307365683030479 ----> 0.530627557459048
Epoch 2, Step 40 - valid_rmse:0.56870
Epoch 2, Step 50 - valid_rmse:0.53983
Epoch 2, Step 60 - valid_rmse:0.53940
Epoch 2, Step 70 - valid_rmse:0.52313
>>>>>>>> Model Improved From 0.530627557459048 ----> 0.5231317737094108
Epoch 2, Step 80 - valid_rmse:0.52364
Epoch 2, Step 90 - valid_rmse:0.54858
Epoch 2, Step 100 - valid_rmse:0.64217
Epoch 2, Step 110 - valid_rmse:0.53251
Epoch 2, Step 120 - valid_rmse:0.53774
Epoch 2, Step 130 - valid_rmse:0.52508
Epoch 2, Step 140 - valid_rmse:0.52424
Epoch 2 - avg_train_loss: 0.57613  avg_val_loss: 0.60841  time: 284s
Epoch 2 - train_rmse:0.46388  valid_rmse:0.52424
Starting 3 epoch...
Epoch 3, Step 10 - valid_rmse:0.58952
Epoch 3, Step 20 - valid_rmse:0.53652
Epoch 3, Step 30 - valid_rmse:0.53159
Epoch 3, Step 40 - valid_rmse:0.53034
Epoch 3, Step 50 - valid_rmse:0.55763
Epoch 3, Step 60 - valid_rmse:0.51930
>>>>>>>> Model Improved From 0.5231317737094108 ----> 0.5192994741755678
Epoch 3, Step 70 - valid_rmse:0.51116
>>>>>>>> Model Improved From 0.5192994741755678 ----> 0.5111616187219631
Epoch 3, Step 80 - valid_rmse:0.51893
Epoch 3, Step 90 - valid_rmse:0.60821
Epoch 3, Step 100 - valid_rmse:0.52044
Epoch 3, Step 110 - valid_rmse:0.51132
Epoch 3, Step 120 - valid_rmse:0.56313
Epoch 3, Step 130 - valid_rmse:0.51086
>>>>>>>> Model Improved From 0.5111616187219631 ----> 0.5108637038569824
Epoch 3, Step 140 - valid_rmse:0.52253
Epoch 3 - avg_train_loss: 0.50253  avg_val_loss: 0.60837  time: 282s
Epoch 3 - train_rmse:0.31529  valid_rmse:0.52253
Starting 4 epoch...
Epoch 4, Step 10 - valid_rmse:0.67629
Epoch 4, Step 20 - valid_rmse:0.52960
Epoch 4, Step 30 - valid_rmse:0.53986
Epoch 4, Step 40 - valid_rmse:0.50666
>>>>>>>> Model Improved From 0.5108637038569824 ----> 0.5066605695738942
Epoch 4, Step 50 - valid_rmse:0.50306
>>>>>>>> Model Improved From 0.5066605695738942 ----> 0.5030631181824112
Epoch 4, Step 60 - valid_rmse:0.51668
Epoch 4, Step 70 - valid_rmse:0.51846
Epoch 4, Step 80 - valid_rmse:0.51262
Epoch 4, Step 90 - valid_rmse:0.51640
Epoch 4, Step 100 - valid_rmse:0.52348
Epoch 4, Step 110 - valid_rmse:0.51636
Epoch 4, Step 120 - valid_rmse:0.52406
Epoch 4, Step 130 - valid_rmse:0.51055
Epoch 4, Step 140 - valid_rmse:0.51477
Epoch 4 - avg_train_loss: 0.47960  avg_val_loss: 0.60208  time: 276s
Epoch 4 - train_rmse:0.27212  valid_rmse:0.51477
Starting 5 epoch...
Epoch 5, Step 10 - valid_rmse:0.70180
Epoch 5, Step 20 - valid_rmse:0.57298
Epoch 5, Step 30 - valid_rmse:0.51429
Epoch 5, Step 40 - valid_rmse:0.52677
Epoch 5, Step 50 - valid_rmse:0.50250
>>>>>>>> Model Improved From 0.5030631181824112 ----> 0.5025037600599789
Epoch 5, Step 60 - valid_rmse:0.50317
Epoch 5, Step 70 - valid_rmse:0.51507
Epoch 5, Step 80 - valid_rmse:0.51678
Epoch 5, Step 90 - valid_rmse:0.51915
Epoch 5, Step 100 - valid_rmse:0.51492
Epoch 5, Step 110 - valid_rmse:0.54441
Epoch 5, Step 120 - valid_rmse:0.51062
Epoch 5, Step 130 - valid_rmse:0.53044
Epoch 5, Step 140 - valid_rmse:0.51742
Epoch 5 - avg_train_loss: 0.46874  avg_val_loss: 0.60350  time: 269s
Epoch 5 - train_rmse:0.25342  valid_rmse:0.51742
load itpt model
load itpt model
load itpt model
load itpt model
load itpt model
0.486020557623772
0.4850998879895294
0.4960022573598405
0.503723583542757
0.5025037486985416
cv score 0.4947302127669151
