========================================================================================================================
Fold 0 Training
========================================================================================================================
Starting 1 epoch...
Epoch 1, Step 10 - valid_rmse:0.82816
>>>>>>>> Model Improved From inf ----> 0.828164813454851
Epoch 1, Step 20 - valid_rmse:0.64129
>>>>>>>> Model Improved From 0.828164813454851 ----> 0.6412876421170381
Epoch 1, Step 30 - valid_rmse:0.67782
Epoch 1, Step 40 - valid_rmse:0.60187
>>>>>>>> Model Improved From 0.6412876421170381 ----> 0.6018705814151603
Epoch 1, Step 50 - valid_rmse:0.63956
Epoch 1, Step 60 - valid_rmse:0.95198
Epoch 1, Step 70 - valid_rmse:0.61690
Epoch 1, Step 80 - valid_rmse:0.57677
>>>>>>>> Model Improved From 0.6018705814151603 ----> 0.576768616153789
Epoch 1, Step 90 - valid_rmse:0.53599
>>>>>>>> Model Improved From 0.576768616153789 ----> 0.5359932658179388
Epoch 1, Step 100 - valid_rmse:0.69887
Epoch 1, Step 110 - valid_rmse:0.55468
Epoch 1, Step 120 - valid_rmse:0.55719
Epoch 1, Step 130 - valid_rmse:0.67198
Epoch 1, Step 140 - valid_rmse:0.51176
>>>>>>>> Model Improved From 0.5359932658179388 ----> 0.5117563900662233
Epoch 1 - avg_train_loss: 0.69537  avg_val_loss: 0.60573  time: 302s
Epoch 1 - train_rmse:0.68423  valid_rmse:0.51176
Starting 2 epoch...
Epoch 2, Step 10 - valid_rmse:0.56988
Epoch 2, Step 20 - valid_rmse:0.57349
Epoch 2, Step 30 - valid_rmse:0.50555
>>>>>>>> Model Improved From 0.5117563900662233 ----> 0.5055486316956145
Epoch 2, Step 40 - valid_rmse:0.59165
Epoch 2, Step 50 - valid_rmse:0.54990
Epoch 2, Step 60 - valid_rmse:0.58097
Epoch 2, Step 70 - valid_rmse:0.65211
Epoch 2, Step 80 - valid_rmse:0.57522
Epoch 2, Step 90 - valid_rmse:0.53044
Epoch 2, Step 100 - valid_rmse:0.56960
Epoch 2, Step 110 - valid_rmse:0.53442
Epoch 2, Step 120 - valid_rmse:0.52433
Epoch 2, Step 130 - valid_rmse:0.52170
Epoch 2, Step 140 - valid_rmse:0.50857
Epoch 2 - avg_train_loss: 0.57212  avg_val_loss: 0.60281  time: 272s
Epoch 2 - train_rmse:0.45397  valid_rmse:0.50857
Starting 3 epoch...
Epoch 3, Step 10 - valid_rmse:0.60671
Epoch 3, Step 20 - valid_rmse:0.54366
Epoch 3, Step 30 - valid_rmse:0.52601
Epoch 3, Step 40 - valid_rmse:0.50683
Epoch 3, Step 50 - valid_rmse:0.50308
>>>>>>>> Model Improved From 0.5055486316956145 ----> 0.5030849139924531
Epoch 3, Step 60 - valid_rmse:0.50305
>>>>>>>> Model Improved From 0.5030849139924531 ----> 0.5030463378958159
Epoch 3, Step 70 - valid_rmse:0.53490
Epoch 3, Step 80 - valid_rmse:0.55012
Epoch 3, Step 90 - valid_rmse:0.50111
>>>>>>>> Model Improved From 0.5030463378958159 ----> 0.5011066610094727
Epoch 3, Step 100 - valid_rmse:0.52010
Epoch 3, Step 110 - valid_rmse:0.49375
>>>>>>>> Model Improved From 0.5011066610094727 ----> 0.4937477161506313
Epoch 3, Step 120 - valid_rmse:0.54743
Epoch 3, Step 130 - valid_rmse:0.50913
Epoch 3, Step 140 - valid_rmse:0.50638
Epoch 3 - avg_train_loss: 0.50114  avg_val_loss: 0.60020  time: 290s
Epoch 3 - train_rmse:0.31102  valid_rmse:0.50638
Starting 4 epoch...
Epoch 4, Step 10 - valid_rmse:0.61245
Epoch 4, Step 20 - valid_rmse:0.64353
Epoch 4, Step 30 - valid_rmse:0.53267
Epoch 4, Step 40 - valid_rmse:0.51135
Epoch 4, Step 50 - valid_rmse:0.51296
Epoch 4, Step 60 - valid_rmse:0.51478
Epoch 4, Step 70 - valid_rmse:0.52143
Epoch 4, Step 80 - valid_rmse:0.52561
Epoch 4, Step 90 - valid_rmse:0.49488
Epoch 4, Step 100 - valid_rmse:0.49221
>>>>>>>> Model Improved From 0.4937477161506313 ----> 0.4922107371665645
Epoch 4, Step 110 - valid_rmse:0.50488
Epoch 4, Step 120 - valid_rmse:0.50019
Epoch 4, Step 130 - valid_rmse:0.49960
Epoch 4, Step 140 - valid_rmse:0.55309
Epoch 4 - avg_train_loss: 0.47586  avg_val_loss: 0.62266  time: 271s
Epoch 4 - train_rmse:0.26186  valid_rmse:0.55309
Starting 5 epoch...
Epoch 5, Step 10 - valid_rmse:0.59763
Epoch 5, Step 20 - valid_rmse:0.55662
Epoch 5, Step 30 - valid_rmse:0.50114
Epoch 5, Step 40 - valid_rmse:0.51160
Epoch 5, Step 50 - valid_rmse:0.50931
Epoch 5, Step 60 - valid_rmse:0.50385
Epoch 5, Step 70 - valid_rmse:0.49006
>>>>>>>> Model Improved From 0.4922107371665645 ----> 0.49005947072995054
Epoch 5, Step 80 - valid_rmse:0.50465
Epoch 5, Step 90 - valid_rmse:0.50574
Epoch 5, Step 100 - valid_rmse:0.50443
Epoch 5, Step 110 - valid_rmse:0.50186
Epoch 5, Step 120 - valid_rmse:0.48908
>>>>>>>> Model Improved From 0.49005947072995054 ----> 0.4890829393649059
Epoch 5, Step 130 - valid_rmse:0.52925
Epoch 5, Step 140 - valid_rmse:0.51006
Epoch 5 - avg_train_loss: 0.46422  avg_val_loss: 0.60120  time: 275s
Epoch 5 - train_rmse:0.24314  valid_rmse:0.51006
========================================================================================================================
Fold 1 Training
========================================================================================================================
Starting 1 epoch...
Epoch 1, Step 10 - valid_rmse:0.96542
>>>>>>>> Model Improved From inf ----> 0.9654205809079289
Epoch 1, Step 20 - valid_rmse:0.82497
>>>>>>>> Model Improved From 0.9654205809079289 ----> 0.82496532481482
Epoch 1, Step 30 - valid_rmse:0.82786
Epoch 1, Step 40 - valid_rmse:0.77249
>>>>>>>> Model Improved From 0.82496532481482 ----> 0.7724899317545494
Epoch 1, Step 50 - valid_rmse:0.58224
>>>>>>>> Model Improved From 0.7724899317545494 ----> 0.5822421050102038
Epoch 1, Step 60 - valid_rmse:0.67254
Epoch 1, Step 70 - valid_rmse:0.59665
Epoch 1, Step 80 - valid_rmse:0.58854
Epoch 1, Step 90 - valid_rmse:0.59950
Epoch 1, Step 100 - valid_rmse:0.58671
Epoch 1, Step 110 - valid_rmse:0.59654
Epoch 1, Step 120 - valid_rmse:0.55066
>>>>>>>> Model Improved From 0.5822421050102038 ----> 0.5506647812983788
Epoch 1, Step 130 - valid_rmse:0.54765
>>>>>>>> Model Improved From 0.5506647812983788 ----> 0.5476478950010897
Epoch 1, Step 140 - valid_rmse:0.51670
>>>>>>>> Model Improved From 0.5476478950010897 ----> 0.5167043334419572
Epoch 1 - avg_train_loss: 0.71871  avg_val_loss: 0.60725  time: 310s
Epoch 1 - train_rmse:0.72088  valid_rmse:0.51670
Starting 2 epoch...
Epoch 2, Step 10 - valid_rmse:0.59816
Epoch 2, Step 20 - valid_rmse:0.50494
>>>>>>>> Model Improved From 0.5167043334419572 ----> 0.5049363796956273
Epoch 2, Step 30 - valid_rmse:0.54224
Epoch 2, Step 40 - valid_rmse:0.52938
Epoch 2, Step 50 - valid_rmse:0.50101
>>>>>>>> Model Improved From 0.5049363796956273 ----> 0.5010087528234182
Epoch 2, Step 60 - valid_rmse:0.57222
Epoch 2, Step 70 - valid_rmse:0.57593
Epoch 2, Step 80 - valid_rmse:0.61070
Epoch 2, Step 90 - valid_rmse:0.53902
Epoch 2, Step 100 - valid_rmse:0.54188
Epoch 2, Step 110 - valid_rmse:0.50464
Epoch 2, Step 120 - valid_rmse:0.52210
Epoch 2, Step 130 - valid_rmse:0.87670
Epoch 2, Step 140 - valid_rmse:0.74398
Epoch 2 - avg_train_loss: 0.60448  avg_val_loss: 0.71781  time: 279s
Epoch 2 - train_rmse:0.53161  valid_rmse:0.74398
Starting 3 epoch...
Epoch 3, Step 10 - valid_rmse:0.77623
Epoch 3, Step 20 - valid_rmse:0.71466
Epoch 3, Step 30 - valid_rmse:0.54701
Epoch 3, Step 40 - valid_rmse:0.53262
Epoch 3, Step 50 - valid_rmse:0.51222
Epoch 3, Step 60 - valid_rmse:0.50332
Epoch 3, Step 70 - valid_rmse:0.51202
Epoch 3, Step 80 - valid_rmse:0.52782
Epoch 3, Step 90 - valid_rmse:0.50582
Epoch 3, Step 100 - valid_rmse:0.51207
Epoch 3, Step 110 - valid_rmse:0.56381
Epoch 3, Step 120 - valid_rmse:0.51586
Epoch 3, Step 130 - valid_rmse:0.53892
Epoch 3, Step 140 - valid_rmse:0.56800
Epoch 3 - avg_train_loss: 0.56666  avg_val_loss: 0.62826  time: 263s
Epoch 3 - train_rmse:0.45965  valid_rmse:0.56800
Starting 4 epoch...
Epoch 4, Step 10 - valid_rmse:0.55131
Epoch 4, Step 20 - valid_rmse:0.50626
Epoch 4, Step 30 - valid_rmse:0.48683
>>>>>>>> Model Improved From 0.5010087528234182 ----> 0.48683087491038524
Epoch 4, Step 40 - valid_rmse:0.48889
Epoch 4, Step 50 - valid_rmse:0.49586
Epoch 4, Step 60 - valid_rmse:0.50282
Epoch 4, Step 70 - valid_rmse:0.50212
Epoch 4, Step 80 - valid_rmse:0.51216
Epoch 4, Step 90 - valid_rmse:0.50417
Epoch 4, Step 100 - valid_rmse:0.48316
>>>>>>>> Model Improved From 0.48683087491038524 ----> 0.48316039384291576
Epoch 4, Step 110 - valid_rmse:0.51090
Epoch 4, Step 120 - valid_rmse:0.49448
Epoch 4, Step 130 - valid_rmse:0.49314
Epoch 4, Step 140 - valid_rmse:0.48592
Epoch 4 - avg_train_loss: 0.49622  avg_val_loss: 0.58787  time: 275s
Epoch 4 - train_rmse:0.30627  valid_rmse:0.48592
Starting 5 epoch...
Epoch 5, Step 10 - valid_rmse:0.56529
Epoch 5, Step 20 - valid_rmse:0.49442
Epoch 5, Step 30 - valid_rmse:0.49158
Epoch 5, Step 40 - valid_rmse:0.59747
Epoch 5, Step 50 - valid_rmse:0.50466
Epoch 5, Step 60 - valid_rmse:0.52406
Epoch 5, Step 70 - valid_rmse:0.48745
Epoch 5, Step 80 - valid_rmse:0.47989
>>>>>>>> Model Improved From 0.48316039384291576 ----> 0.4798927290295462
Epoch 5, Step 90 - valid_rmse:0.49291
Epoch 5, Step 100 - valid_rmse:0.48623
Epoch 5, Step 110 - valid_rmse:0.49709
Epoch 5, Step 120 - valid_rmse:0.49102
Epoch 5, Step 130 - valid_rmse:0.48293
Epoch 5, Step 140 - valid_rmse:0.49403
Epoch 5 - avg_train_loss: 0.47297  avg_val_loss: 0.59206  time: 270s
Epoch 5 - train_rmse:0.26032  valid_rmse:0.49403
========================================================================================================================
Fold 2 Training
========================================================================================================================
Starting 1 epoch...
Epoch 1, Step 10 - valid_rmse:1.07437
>>>>>>>> Model Improved From inf ----> 1.0743660015390728
Epoch 1, Step 20 - valid_rmse:0.91774
>>>>>>>> Model Improved From 1.0743660015390728 ----> 0.917741796267722
Epoch 1, Step 30 - valid_rmse:0.64329
>>>>>>>> Model Improved From 0.917741796267722 ----> 0.6432883781604944
Epoch 1, Step 40 - valid_rmse:0.61526
>>>>>>>> Model Improved From 0.6432883781604944 ----> 0.6152641961438209
Epoch 1, Step 50 - valid_rmse:0.60870
>>>>>>>> Model Improved From 0.6152641961438209 ----> 0.608702615130639
Epoch 1, Step 60 - valid_rmse:0.57690
>>>>>>>> Model Improved From 0.608702615130639 ----> 0.5769037725704946
Epoch 1, Step 70 - valid_rmse:0.58067
Epoch 1, Step 80 - valid_rmse:0.56064
>>>>>>>> Model Improved From 0.5769037725704946 ----> 0.5606385900450015
Epoch 1, Step 90 - valid_rmse:0.56570
Epoch 1, Step 100 - valid_rmse:0.62229
Epoch 1, Step 110 - valid_rmse:0.65364
Epoch 1, Step 120 - valid_rmse:0.55398
>>>>>>>> Model Improved From 0.5606385900450015 ----> 0.5539815381857147
Epoch 1, Step 130 - valid_rmse:0.55464
Epoch 1, Step 140 - valid_rmse:0.53637
>>>>>>>> Model Improved From 0.5539815381857147 ----> 0.5363664819993595
Epoch 1 - avg_train_loss: 0.69459  avg_val_loss: 0.61598  time: 318s
Epoch 1 - train_rmse:0.68800  valid_rmse:0.53637
Starting 2 epoch...
Epoch 2, Step 10 - valid_rmse:0.64241
Epoch 2, Step 20 - valid_rmse:0.51823
>>>>>>>> Model Improved From 0.5363664819993595 ----> 0.5182336086813535
Epoch 2, Step 30 - valid_rmse:0.53831
Epoch 2, Step 40 - valid_rmse:0.55998
Epoch 2, Step 50 - valid_rmse:0.57532
Epoch 2, Step 60 - valid_rmse:0.57421
Epoch 2, Step 70 - valid_rmse:0.50950
>>>>>>>> Model Improved From 0.5182336086813535 ----> 0.5094956152654645
Epoch 2, Step 80 - valid_rmse:0.54041
Epoch 2, Step 90 - valid_rmse:0.63122
Epoch 2, Step 100 - valid_rmse:0.56936
Epoch 2, Step 110 - valid_rmse:0.66021
Epoch 2, Step 120 - valid_rmse:0.55892
Epoch 2, Step 130 - valid_rmse:0.50761
>>>>>>>> Model Improved From 0.5094956152654645 ----> 0.50761026899961
Epoch 2, Step 140 - valid_rmse:0.50404
>>>>>>>> Model Improved From 0.50761026899961 ----> 0.5040384716898036
Epoch 2 - avg_train_loss: 0.55836  avg_val_loss: 0.59768  time: 291s
Epoch 2 - train_rmse:0.42732  valid_rmse:0.50404
Starting 3 epoch...
Epoch 3, Step 10 - valid_rmse:0.67291
Epoch 3, Step 20 - valid_rmse:0.52019
Epoch 3, Step 30 - valid_rmse:0.52096
Epoch 3, Step 40 - valid_rmse:0.50960
Epoch 3, Step 50 - valid_rmse:0.51280
Epoch 3, Step 60 - valid_rmse:0.51034
Epoch 3, Step 70 - valid_rmse:0.50314
>>>>>>>> Model Improved From 0.5040384716898036 ----> 0.5031437673867772
Epoch 3, Step 80 - valid_rmse:0.53934
Epoch 3, Step 90 - valid_rmse:0.53058
Epoch 3, Step 100 - valid_rmse:0.50824
Epoch 3, Step 110 - valid_rmse:0.55137
Epoch 3, Step 120 - valid_rmse:0.50580
Epoch 3, Step 130 - valid_rmse:0.51465
Epoch 3, Step 140 - valid_rmse:0.51112
Epoch 3 - avg_train_loss: 0.50277  avg_val_loss: 0.59989  time: 271s
Epoch 3 - train_rmse:0.31436  valid_rmse:0.51112
Starting 4 epoch...
Epoch 4, Step 10 - valid_rmse:0.51659
Epoch 4, Step 20 - valid_rmse:0.50214
>>>>>>>> Model Improved From 0.5031437673867772 ----> 0.5021358558848151
Epoch 4, Step 30 - valid_rmse:0.52966
Epoch 4, Step 40 - valid_rmse:0.52030
Epoch 4, Step 50 - valid_rmse:0.55248
Epoch 4, Step 60 - valid_rmse:0.50516
Epoch 4, Step 70 - valid_rmse:0.50642
Epoch 4, Step 80 - valid_rmse:0.50900
Epoch 4, Step 90 - valid_rmse:0.50298
Epoch 4, Step 100 - valid_rmse:0.52277
Epoch 4, Step 110 - valid_rmse:0.53757
Epoch 4, Step 120 - valid_rmse:0.50175
>>>>>>>> Model Improved From 0.5021358558848151 ----> 0.5017473171043905
Epoch 4, Step 130 - valid_rmse:0.51613
Epoch 4, Step 140 - valid_rmse:0.51202
Epoch 4 - avg_train_loss: 0.46922  avg_val_loss: 0.59922  time: 277s
Epoch 4 - train_rmse:0.24932  valid_rmse:0.51202
Starting 5 epoch...
Epoch 5, Step 10 - valid_rmse:0.67809
Epoch 5, Step 20 - valid_rmse:0.52120
Epoch 5, Step 30 - valid_rmse:0.57710
Epoch 5, Step 40 - valid_rmse:0.52518
Epoch 5, Step 50 - valid_rmse:0.52498
Epoch 5, Step 60 - valid_rmse:0.50857
Epoch 5, Step 70 - valid_rmse:0.50930
Epoch 5, Step 80 - valid_rmse:0.50828
Epoch 5, Step 90 - valid_rmse:0.52167
Epoch 5, Step 100 - valid_rmse:0.51681
Epoch 5, Step 110 - valid_rmse:0.52662
Epoch 5, Step 120 - valid_rmse:0.51155
Epoch 5, Step 130 - valid_rmse:0.49758
>>>>>>>> Model Improved From 0.5017473171043905 ----> 0.4975826786707314
Epoch 5, Step 140 - valid_rmse:0.50877
Epoch 5 - avg_train_loss: 0.46443  avg_val_loss: 0.59855  time: 270s
Epoch 5 - train_rmse:0.24165  valid_rmse:0.50877
========================================================================================================================
Fold 3 Training
========================================================================================================================
Starting 1 epoch...
Epoch 1, Step 10 - valid_rmse:0.84037
>>>>>>>> Model Improved From inf ----> 0.8403673072689853
Epoch 1, Step 20 - valid_rmse:0.66656
>>>>>>>> Model Improved From 0.8403673072689853 ----> 0.6665574701472695
Epoch 1, Step 30 - valid_rmse:0.62487
>>>>>>>> Model Improved From 0.6665574701472695 ----> 0.6248675921574298
Epoch 1, Step 40 - valid_rmse:0.58355
>>>>>>>> Model Improved From 0.6248675921574298 ----> 0.5835483240540577
Epoch 1, Step 50 - valid_rmse:0.62884
Epoch 1, Step 60 - valid_rmse:0.65105
Epoch 1, Step 70 - valid_rmse:0.59175
Epoch 1, Step 80 - valid_rmse:0.54580
>>>>>>>> Model Improved From 0.5835483240540577 ----> 0.5458010251745199
Epoch 1, Step 90 - valid_rmse:0.62744
Epoch 1, Step 100 - valid_rmse:0.54807
Epoch 1, Step 110 - valid_rmse:0.63626
Epoch 1, Step 120 - valid_rmse:0.53201
>>>>>>>> Model Improved From 0.5458010251745199 ----> 0.5320125755530394
Epoch 1, Step 130 - valid_rmse:0.61703
Epoch 1, Step 140 - valid_rmse:0.55208
Epoch 1 - avg_train_loss: 0.68947  avg_val_loss: 0.62627  time: 300s
Epoch 1 - train_rmse:0.67482  valid_rmse:0.55208
Starting 2 epoch...
Epoch 2, Step 10 - valid_rmse:0.75461
Epoch 2, Step 20 - valid_rmse:0.67718
Epoch 2, Step 30 - valid_rmse:0.53283
Epoch 2, Step 40 - valid_rmse:0.53993
Epoch 2, Step 50 - valid_rmse:0.53687
Epoch 2, Step 60 - valid_rmse:0.51634
>>>>>>>> Model Improved From 0.5320125755530394 ----> 0.5163390438162951
Epoch 2, Step 70 - valid_rmse:0.53480
Epoch 2, Step 80 - valid_rmse:0.51361
>>>>>>>> Model Improved From 0.5163390438162951 ----> 0.5136089141407971
Epoch 2, Step 90 - valid_rmse:0.51822
Epoch 2, Step 100 - valid_rmse:0.52639
Epoch 2, Step 110 - valid_rmse:0.50265
>>>>>>>> Model Improved From 0.5136089141407971 ----> 0.5026495874356467
Epoch 2, Step 120 - valid_rmse:0.51298
Epoch 2, Step 130 - valid_rmse:0.51595
Epoch 2, Step 140 - valid_rmse:0.51686
Epoch 2 - avg_train_loss: 0.55140  avg_val_loss: 0.60587  time: 284s
Epoch 2 - train_rmse:0.41662  valid_rmse:0.51686
Starting 3 epoch...
Epoch 3, Step 10 - valid_rmse:0.75426
Epoch 3, Step 20 - valid_rmse:0.58895
Epoch 3, Step 30 - valid_rmse:0.56283
Epoch 3, Step 40 - valid_rmse:0.51777
Epoch 3, Step 50 - valid_rmse:0.55306
Epoch 3, Step 60 - valid_rmse:0.50158
>>>>>>>> Model Improved From 0.5026495874356467 ----> 0.501581843235013
Epoch 3, Step 70 - valid_rmse:0.53581
Epoch 3, Step 80 - valid_rmse:0.53919
Epoch 3, Step 90 - valid_rmse:0.53262
Epoch 3, Step 100 - valid_rmse:0.50552
Epoch 3, Step 110 - valid_rmse:0.51407
Epoch 3, Step 120 - valid_rmse:0.50191
Epoch 3, Step 130 - valid_rmse:0.50875
Epoch 3, Step 140 - valid_rmse:0.50997
Epoch 3 - avg_train_loss: 0.50346  avg_val_loss: 0.60143  time: 270s
Epoch 3 - train_rmse:0.32288  valid_rmse:0.50997
Starting 4 epoch...
Epoch 4, Step 10 - valid_rmse:0.60037
Epoch 4, Step 20 - valid_rmse:0.55067
Epoch 4, Step 30 - valid_rmse:0.52344
Epoch 4, Step 40 - valid_rmse:0.52941
Epoch 4, Step 50 - valid_rmse:0.51097
Epoch 4, Step 60 - valid_rmse:0.50626
Epoch 4, Step 70 - valid_rmse:0.55741
Epoch 4, Step 80 - valid_rmse:0.56201
Epoch 4, Step 90 - valid_rmse:0.50990
Epoch 4, Step 100 - valid_rmse:0.51014
Epoch 4, Step 110 - valid_rmse:0.49621
>>>>>>>> Model Improved From 0.501581843235013 ----> 0.496211072102226
Epoch 4, Step 120 - valid_rmse:0.53363
Epoch 4, Step 130 - valid_rmse:0.50221
Epoch 4, Step 140 - valid_rmse:0.51515
Epoch 4 - avg_train_loss: 0.47588  avg_val_loss: 0.60379  time: 268s
Epoch 4 - train_rmse:0.26504  valid_rmse:0.51515
Starting 5 epoch...
Epoch 5, Step 10 - valid_rmse:0.57470
Epoch 5, Step 20 - valid_rmse:0.53462
Epoch 5, Step 30 - valid_rmse:0.55489
Epoch 5, Step 40 - valid_rmse:0.52185
Epoch 5, Step 50 - valid_rmse:0.53898
Epoch 5, Step 60 - valid_rmse:0.49972
Epoch 5, Step 70 - valid_rmse:0.50311
Epoch 5, Step 80 - valid_rmse:0.50902
Epoch 5, Step 90 - valid_rmse:0.52513
Epoch 5, Step 100 - valid_rmse:0.51219
Epoch 5, Step 110 - valid_rmse:0.50814
Epoch 5, Step 120 - valid_rmse:0.50336
Epoch 5, Step 130 - valid_rmse:0.49957
Epoch 5, Step 140 - valid_rmse:0.50333
Epoch 5 - avg_train_loss: 0.46409  avg_val_loss: 0.59757  time: 263s
Epoch 5 - train_rmse:0.24379  valid_rmse:0.50333
========================================================================================================================
Fold 4 Training
========================================================================================================================
Starting 1 epoch...
Epoch 1, Step 10 - valid_rmse:0.96730
>>>>>>>> Model Improved From inf ----> 0.967300053103527
Epoch 1, Step 20 - valid_rmse:0.83435
>>>>>>>> Model Improved From 0.967300053103527 ----> 0.8343458218482128
Epoch 1, Step 30 - valid_rmse:0.62966
>>>>>>>> Model Improved From 0.8343458218482128 ----> 0.6296614059412465
Epoch 1, Step 40 - valid_rmse:0.57668
>>>>>>>> Model Improved From 0.6296614059412465 ----> 0.5766793112159664
Epoch 1, Step 50 - valid_rmse:0.54466
>>>>>>>> Model Improved From 0.5766793112159664 ----> 0.5446617265423995
Epoch 1, Step 60 - valid_rmse:0.53496
>>>>>>>> Model Improved From 0.5446617265423995 ----> 0.5349554468999548
Epoch 1, Step 70 - valid_rmse:0.56558
Epoch 1, Step 80 - valid_rmse:0.52888
>>>>>>>> Model Improved From 0.5349554468999548 ----> 0.5288814046439689
Epoch 1, Step 90 - valid_rmse:0.62769
Epoch 1, Step 100 - valid_rmse:0.61580
Epoch 1, Step 110 - valid_rmse:0.52738
>>>>>>>> Model Improved From 0.5288814046439689 ----> 0.5273811163389722
Epoch 1, Step 120 - valid_rmse:0.55892
Epoch 1, Step 130 - valid_rmse:0.53664
Epoch 1, Step 140 - valid_rmse:0.55179
Epoch 1 - avg_train_loss: 0.68886  avg_val_loss: 0.62518  time: 311s
Epoch 1 - train_rmse:0.67620  valid_rmse:0.55179
Starting 2 epoch...
Epoch 2, Step 10 - valid_rmse:0.53470
Epoch 2, Step 20 - valid_rmse:0.52930
Epoch 2, Step 30 - valid_rmse:0.56998
Epoch 2, Step 40 - valid_rmse:0.52149
>>>>>>>> Model Improved From 0.5273811163389722 ----> 0.52148509689536
Epoch 2, Step 50 - valid_rmse:0.56821
Epoch 2, Step 60 - valid_rmse:0.50496
>>>>>>>> Model Improved From 0.52148509689536 ----> 0.5049645275349759
Epoch 2, Step 70 - valid_rmse:0.52922
Epoch 2, Step 80 - valid_rmse:0.56510
Epoch 2, Step 90 - valid_rmse:0.53032
Epoch 2, Step 100 - valid_rmse:0.52936
Epoch 2, Step 110 - valid_rmse:0.50141
>>>>>>>> Model Improved From 0.5049645275349759 ----> 0.5014056266297587
Epoch 2, Step 120 - valid_rmse:0.49633
>>>>>>>> Model Improved From 0.5014056266297587 ----> 0.4963303866258869
Epoch 2, Step 130 - valid_rmse:0.51494
Epoch 2, Step 140 - valid_rmse:0.54639
Epoch 2 - avg_train_loss: 0.54755  avg_val_loss: 0.61924  time: 293s
Epoch 2 - train_rmse:0.40410  valid_rmse:0.54639
Starting 3 epoch...
Epoch 3, Step 10 - valid_rmse:0.76254
Epoch 3, Step 20 - valid_rmse:0.53476
Epoch 3, Step 30 - valid_rmse:0.50273
Epoch 3, Step 40 - valid_rmse:0.51328
Epoch 3, Step 50 - valid_rmse:0.52443
Epoch 3, Step 60 - valid_rmse:0.51066
Epoch 3, Step 70 - valid_rmse:0.52289
Epoch 3, Step 80 - valid_rmse:0.51854
Epoch 3, Step 90 - valid_rmse:0.52848
Epoch 3, Step 100 - valid_rmse:0.49801
Epoch 3, Step 110 - valid_rmse:0.50378
Epoch 3, Step 120 - valid_rmse:0.51028
Epoch 3, Step 130 - valid_rmse:0.51154
Epoch 3, Step 140 - valid_rmse:0.50706
Epoch 3 - avg_train_loss: 0.49836  avg_val_loss: 0.59932  time: 265s
Epoch 3 - train_rmse:0.31293  valid_rmse:0.50706
Starting 4 epoch...
Epoch 4, Step 10 - valid_rmse:0.54065
Epoch 4, Step 20 - valid_rmse:0.55692
Epoch 4, Step 30 - valid_rmse:0.51879
Epoch 4, Step 40 - valid_rmse:0.54405
Epoch 4, Step 50 - valid_rmse:0.55382
Epoch 4, Step 60 - valid_rmse:0.51118
Epoch 4, Step 70 - valid_rmse:0.52214
Epoch 4, Step 80 - valid_rmse:0.51156
Epoch 4, Step 90 - valid_rmse:0.50659
Epoch 4, Step 100 - valid_rmse:0.57109
Epoch 4, Step 110 - valid_rmse:0.51466
Epoch 4, Step 120 - valid_rmse:0.51661
Epoch 4, Step 130 - valid_rmse:0.50449
Epoch 4, Step 140 - valid_rmse:0.51178
Epoch 4 - avg_train_loss: 0.47572  avg_val_loss: 0.60134  time: 261s
Epoch 4 - train_rmse:0.26264  valid_rmse:0.51178
Starting 5 epoch...
Epoch 5, Step 10 - valid_rmse:0.51785
Epoch 5, Step 20 - valid_rmse:0.57830
Epoch 5, Step 30 - valid_rmse:0.51936
Epoch 5, Step 40 - valid_rmse:0.53040
Epoch 5, Step 50 - valid_rmse:0.52195
Epoch 5, Step 60 - valid_rmse:0.52202
Epoch 5, Step 70 - valid_rmse:0.52564
Epoch 5, Step 80 - valid_rmse:0.50636
Epoch 5, Step 90 - valid_rmse:0.54922
Epoch 5, Step 100 - valid_rmse:0.51353
Epoch 5, Step 110 - valid_rmse:0.51749
Epoch 5, Step 120 - valid_rmse:0.51681
Epoch 5, Step 130 - valid_rmse:0.50330
Epoch 5, Step 140 - valid_rmse:0.52720
Epoch 5 - avg_train_loss: 0.46029  avg_val_loss: 0.60876  time: 261s
Epoch 5 - train_rmse:0.23268  valid_rmse:0.52720
0.48852674312322925
0.47924991692415153
0.4957504607164819
0.5024834551829452
0.49735002084603636
cv score 0.49273643882362955
