========================================================================================================================
Fold 0 Training
========================================================================================================================
Starting 1 epoch...
Epoch 1, Step 10 - valid_rmse:1.20949
>>>>>>>> Model Improved From inf ----> 1.2094944717228215
Epoch 1, Step 20 - valid_rmse:1.03273
>>>>>>>> Model Improved From 1.2094944717228215 ----> 1.0327265632877476
Epoch 1, Step 30 - valid_rmse:1.03455
Epoch 1, Step 40 - valid_rmse:1.05857
Epoch 1, Step 50 - valid_rmse:1.02972
>>>>>>>> Model Improved From 1.0327265632877476 ----> 1.0297169352265905
Epoch 1, Step 60 - valid_rmse:0.99022
>>>>>>>> Model Improved From 1.0297169352265905 ----> 0.9902221419467042
Epoch 1, Step 70 - valid_rmse:0.95410
>>>>>>>> Model Improved From 0.9902221419467042 ----> 0.9541035649421183
Epoch 1, Step 80 - valid_rmse:0.89331
>>>>>>>> Model Improved From 0.9541035649421183 ----> 0.8933125595852798
Epoch 1, Step 90 - valid_rmse:0.68625
>>>>>>>> Model Improved From 0.8933125595852798 ----> 0.6862499894789551
Epoch 1, Step 100 - valid_rmse:0.66366
>>>>>>>> Model Improved From 0.6862499894789551 ----> 0.6636608136528896
Epoch 1, Step 110 - valid_rmse:0.72025
Epoch 1, Step 120 - valid_rmse:0.66635
Epoch 1, Step 130 - valid_rmse:0.71578
Epoch 1, Step 140 - valid_rmse:0.56896
>>>>>>>> Model Improved From 0.6636608136528896 ----> 0.5689580302620703
Epoch 1 - avg_train_loss: 0.83367  avg_val_loss: 0.63518  time: 309s
Epoch 1 - train_rmse:0.92188  valid_rmse:0.56896
Starting 2 epoch...
Epoch 2, Step 10 - valid_rmse:0.65587
Epoch 2, Step 20 - valid_rmse:0.55292
>>>>>>>> Model Improved From 0.5689580302620703 ----> 0.5529219140635235
Epoch 2, Step 30 - valid_rmse:0.60429
Epoch 2, Step 40 - valid_rmse:0.56526
Epoch 2, Step 50 - valid_rmse:0.55301
Epoch 2, Step 60 - valid_rmse:0.53505
>>>>>>>> Model Improved From 0.5529219140635235 ----> 0.5350546646497126
Epoch 2, Step 70 - valid_rmse:0.61724
Epoch 2, Step 80 - valid_rmse:0.56169
Epoch 2, Step 90 - valid_rmse:0.50849
>>>>>>>> Model Improved From 0.5350546646497126 ----> 0.5084865248542418
Epoch 2, Step 100 - valid_rmse:0.56728
Epoch 2, Step 110 - valid_rmse:0.53923
Epoch 2, Step 120 - valid_rmse:0.50729
>>>>>>>> Model Improved From 0.5084865248542418 ----> 0.5072910318138744
Epoch 2, Step 130 - valid_rmse:0.51569
Epoch 2, Step 140 - valid_rmse:0.57673
Epoch 2 - avg_train_loss: 0.61321  avg_val_loss: 0.63610  time: 285s
Epoch 2 - train_rmse:0.53577  valid_rmse:0.57673
Starting 3 epoch...
Epoch 3, Step 10 - valid_rmse:0.58845
Epoch 3, Step 20 - valid_rmse:0.55651
Epoch 3, Step 30 - valid_rmse:0.51923
Epoch 3, Step 40 - valid_rmse:0.50529
>>>>>>>> Model Improved From 0.5072910318138744 ----> 0.5052902453520066
Epoch 3, Step 50 - valid_rmse:0.50808
Epoch 3, Step 60 - valid_rmse:0.52056
Epoch 3, Step 70 - valid_rmse:0.52976
Epoch 3, Step 80 - valid_rmse:0.54359
Epoch 3, Step 90 - valid_rmse:0.52472
Epoch 3, Step 100 - valid_rmse:0.53172
Epoch 3, Step 110 - valid_rmse:0.59253
Epoch 3, Step 120 - valid_rmse:0.51598
Epoch 3, Step 130 - valid_rmse:0.58064
Epoch 3, Step 140 - valid_rmse:0.53556
Epoch 3 - avg_train_loss: 0.52942  avg_val_loss: 0.61454  time: 270s
Epoch 3 - train_rmse:0.36959  valid_rmse:0.53556
Starting 4 epoch...
Epoch 4, Step 10 - valid_rmse:0.71322
Epoch 4, Step 20 - valid_rmse:0.58045
Epoch 4, Step 30 - valid_rmse:0.49178
>>>>>>>> Model Improved From 0.5052902453520066 ----> 0.49177653142614397
Epoch 4, Step 40 - valid_rmse:0.51984
Epoch 4, Step 50 - valid_rmse:0.50256
Epoch 4, Step 60 - valid_rmse:0.50468
Epoch 4, Step 70 - valid_rmse:0.51603
Epoch 4, Step 80 - valid_rmse:0.50926
Epoch 4, Step 90 - valid_rmse:0.50072
Epoch 4, Step 100 - valid_rmse:0.49989
Epoch 4, Step 110 - valid_rmse:0.49834
Epoch 4, Step 120 - valid_rmse:0.50206
Epoch 4, Step 130 - valid_rmse:0.51186
Epoch 4, Step 140 - valid_rmse:0.51156
Epoch 4 - avg_train_loss: 0.49379  avg_val_loss: 0.60129  time: 268s
Epoch 4 - train_rmse:0.29826  valid_rmse:0.51156
Starting 5 epoch...
Epoch 5, Step 10 - valid_rmse:0.63236
Epoch 5, Step 20 - valid_rmse:0.62833
Epoch 5, Step 30 - valid_rmse:0.51081
Epoch 5, Step 40 - valid_rmse:0.52347
Epoch 5, Step 50 - valid_rmse:0.52057
Epoch 5, Step 60 - valid_rmse:0.50851
Epoch 5, Step 70 - valid_rmse:0.49044
>>>>>>>> Model Improved From 0.49177653142614397 ----> 0.49043900469197155
Epoch 5, Step 80 - valid_rmse:0.51662
Epoch 5, Step 90 - valid_rmse:0.50647
Epoch 5, Step 100 - valid_rmse:0.52910
Epoch 5, Step 110 - valid_rmse:0.49539
Epoch 5, Step 120 - valid_rmse:0.49795
Epoch 5, Step 130 - valid_rmse:0.49727
Epoch 5, Step 140 - valid_rmse:0.48922
>>>>>>>> Model Improved From 0.49043900469197155 ----> 0.4892223190726546
Epoch 5 - avg_train_loss: 0.47269  avg_val_loss: 0.59041  time: 274s
Epoch 5 - train_rmse:0.25998  valid_rmse:0.48922
========================================================================================================================
Fold 1 Training
========================================================================================================================
Starting 1 epoch...
Epoch 1, Step 10 - valid_rmse:1.09475
>>>>>>>> Model Improved From inf ----> 1.094746939624205
Epoch 1, Step 20 - valid_rmse:1.18710
Epoch 1, Step 30 - valid_rmse:1.08015
>>>>>>>> Model Improved From 1.094746939624205 ----> 1.0801524426094808
Epoch 1, Step 40 - valid_rmse:1.06324
>>>>>>>> Model Improved From 1.0801524426094808 ----> 1.0632350175515155
Epoch 1, Step 50 - valid_rmse:1.04831
>>>>>>>> Model Improved From 1.0632350175515155 ----> 1.0483110929698802
Epoch 1, Step 60 - valid_rmse:1.02601
>>>>>>>> Model Improved From 1.0483110929698802 ----> 1.0260078199900775
Epoch 1, Step 70 - valid_rmse:0.84998
>>>>>>>> Model Improved From 1.0260078199900775 ----> 0.8499794856352454
Epoch 1, Step 80 - valid_rmse:0.72420
>>>>>>>> Model Improved From 0.8499794856352454 ----> 0.7241987115469954
Epoch 1, Step 90 - valid_rmse:0.71475
>>>>>>>> Model Improved From 0.7241987115469954 ----> 0.7147502341942386
Epoch 1, Step 100 - valid_rmse:0.64042
>>>>>>>> Model Improved From 0.7147502341942386 ----> 0.6404210858932615
Epoch 1, Step 110 - valid_rmse:0.61583
>>>>>>>> Model Improved From 0.6404210858932615 ----> 0.6158286912973917
Epoch 1, Step 120 - valid_rmse:0.86433
Epoch 1, Step 130 - valid_rmse:0.63020
Epoch 1, Step 140 - valid_rmse:0.59384
>>>>>>>> Model Improved From 0.6158286912973917 ----> 0.5938375087016836
Epoch 1 - avg_train_loss: 0.82147  avg_val_loss: 0.64536  time: 336s
Epoch 1 - train_rmse:0.91179  valid_rmse:0.59384
Starting 2 epoch...
Epoch 2, Step 10 - valid_rmse:0.66410
Epoch 2, Step 20 - valid_rmse:0.59646
Epoch 2, Step 30 - valid_rmse:0.62799
Epoch 2, Step 40 - valid_rmse:0.55261
>>>>>>>> Model Improved From 0.5938375087016836 ----> 0.5526110908292011
Epoch 2, Step 50 - valid_rmse:0.54444
>>>>>>>> Model Improved From 0.5526110908292011 ----> 0.5444365496210205
Epoch 2, Step 60 - valid_rmse:0.61304
Epoch 2, Step 70 - valid_rmse:0.51831
>>>>>>>> Model Improved From 0.5444365496210205 ----> 0.5183067596837119
Epoch 2, Step 80 - valid_rmse:0.58063
Epoch 2, Step 90 - valid_rmse:0.63284
Epoch 2, Step 100 - valid_rmse:0.65113
Epoch 2, Step 110 - valid_rmse:0.61530
Epoch 2, Step 120 - valid_rmse:0.57849
Epoch 2, Step 130 - valid_rmse:0.53794
Epoch 2, Step 140 - valid_rmse:0.57298
Epoch 2 - avg_train_loss: 0.62922  avg_val_loss: 0.63097  time: 284s
Epoch 2 - train_rmse:0.57282  valid_rmse:0.57298
Starting 3 epoch...
Epoch 3, Step 10 - valid_rmse:0.54212
Epoch 3, Step 20 - valid_rmse:0.54500
Epoch 3, Step 30 - valid_rmse:0.58216
Epoch 3, Step 40 - valid_rmse:0.51569
>>>>>>>> Model Improved From 0.5183067596837119 ----> 0.5156889809539865
Epoch 3, Step 50 - valid_rmse:0.52370
Epoch 3, Step 60 - valid_rmse:0.52000
Epoch 3, Step 70 - valid_rmse:0.59340
Epoch 3, Step 80 - valid_rmse:0.52739
Epoch 3, Step 90 - valid_rmse:0.54594
Epoch 3, Step 100 - valid_rmse:0.54071
Epoch 3, Step 110 - valid_rmse:0.59463
Epoch 3, Step 120 - valid_rmse:0.54938
Epoch 3, Step 130 - valid_rmse:0.54798
Epoch 3, Step 140 - valid_rmse:0.53817
Epoch 3 - avg_train_loss: 0.55678  avg_val_loss: 0.61393  time: 269s
Epoch 3 - train_rmse:0.42719  valid_rmse:0.53817
Starting 4 epoch...
Epoch 4, Step 10 - valid_rmse:0.60010
Epoch 4, Step 20 - valid_rmse:0.55662
Epoch 4, Step 30 - valid_rmse:0.57434
Epoch 4, Step 40 - valid_rmse:0.53671
Epoch 4, Step 50 - valid_rmse:0.58757
Epoch 4, Step 60 - valid_rmse:0.52367
Epoch 4, Step 70 - valid_rmse:0.52410
Epoch 4, Step 80 - valid_rmse:0.51532
>>>>>>>> Model Improved From 0.5156889809539865 ----> 0.515315860277939
Epoch 4, Step 90 - valid_rmse:0.52019
Epoch 4, Step 100 - valid_rmse:0.50391
>>>>>>>> Model Improved From 0.515315860277939 ----> 0.5039053618659156
Epoch 4, Step 110 - valid_rmse:0.52899
Epoch 4, Step 120 - valid_rmse:0.51804
Epoch 4, Step 130 - valid_rmse:0.52128
Epoch 4, Step 140 - valid_rmse:0.51688
Epoch 4 - avg_train_loss: 0.51406  avg_val_loss: 0.60241  time: 276s
Epoch 4 - train_rmse:0.34231  valid_rmse:0.51688
Starting 5 epoch...
Epoch 5, Step 10 - valid_rmse:0.64900
Epoch 5, Step 20 - valid_rmse:0.51833
Epoch 5, Step 30 - valid_rmse:0.52439
Epoch 5, Step 40 - valid_rmse:0.53998
Epoch 5, Step 50 - valid_rmse:0.51334
Epoch 5, Step 60 - valid_rmse:0.52114
Epoch 5, Step 70 - valid_rmse:0.50189
>>>>>>>> Model Improved From 0.5039053618659156 ----> 0.5018890769189412
Epoch 5, Step 80 - valid_rmse:0.51105
Epoch 5, Step 90 - valid_rmse:0.52397
Epoch 5, Step 100 - valid_rmse:0.54594
Epoch 5, Step 110 - valid_rmse:0.51074
Epoch 5, Step 120 - valid_rmse:0.50699
Epoch 5, Step 130 - valid_rmse:0.50472
Epoch 5, Step 140 - valid_rmse:0.51063
Epoch 5 - avg_train_loss: 0.49212  avg_val_loss: 0.59871  time: 268s
Epoch 5 - train_rmse:0.30217  valid_rmse:0.51063
========================================================================================================================
Fold 2 Training
========================================================================================================================
Starting 1 epoch...
========================================================================================================================
Fold 0 Training
========================================================================================================================
Starting 1 epoch...
Epoch 1, Step 10 - valid_rmse:0.96628
>>>>>>>> Model Improved From inf ----> 0.9662819480331765
Epoch 1, Step 20 - valid_rmse:0.75610
>>>>>>>> Model Improved From 0.9662819480331765 ----> 0.7560959920007037
Epoch 1, Step 30 - valid_rmse:0.64140
>>>>>>>> Model Improved From 0.7560959920007037 ----> 0.6414018463434504
Epoch 1, Step 40 - valid_rmse:0.63642
>>>>>>>> Model Improved From 0.6414018463434504 ----> 0.6364225399671954
Epoch 1, Step 50 - valid_rmse:0.60100
>>>>>>>> Model Improved From 0.6364225399671954 ----> 0.6010006691123083
Epoch 1, Step 60 - valid_rmse:0.59171
>>>>>>>> Model Improved From 0.6010006691123083 ----> 0.5917135433997748
Epoch 1, Step 70 - valid_rmse:0.68238
Epoch 1, Step 80 - valid_rmse:0.66793
Epoch 1, Step 90 - valid_rmse:0.59356
Epoch 1, Step 100 - valid_rmse:0.55108
>>>>>>>> Model Improved From 0.5917135433997748 ----> 0.551076648920415
Epoch 1, Step 110 - valid_rmse:0.61520
Epoch 1, Step 120 - valid_rmse:0.57996
Epoch 1, Step 130 - valid_rmse:0.75516
Epoch 1, Step 140 - valid_rmse:0.61658
Epoch 1 - avg_train_loss: 0.72398  avg_val_loss: 0.66031  time: 298s
Epoch 1 - train_rmse:0.73984  valid_rmse:0.61658
Starting 2 epoch...
Epoch 2, Step 10 - valid_rmse:0.59792
Epoch 2, Step 20 - valid_rmse:0.55336
Epoch 2, Step 30 - valid_rmse:0.57725
Epoch 2, Step 40 - valid_rmse:0.58354
Epoch 2, Step 50 - valid_rmse:0.52447
>>>>>>>> Model Improved From 0.551076648920415 ----> 0.5244739260969622
Epoch 2, Step 60 - valid_rmse:0.52438
>>>>>>>> Model Improved From 0.5244739260969622 ----> 0.524382637468929
Epoch 2, Step 70 - valid_rmse:0.52442
Epoch 2, Step 80 - valid_rmse:0.51866
>>>>>>>> Model Improved From 0.524382637468929 ----> 0.5186572411563708
Epoch 2, Step 90 - valid_rmse:0.50727
>>>>>>>> Model Improved From 0.5186572411563708 ----> 0.5072690585783471
Epoch 2, Step 100 - valid_rmse:0.60789
Epoch 2, Step 110 - valid_rmse:0.53637
Epoch 2, Step 120 - valid_rmse:0.51808
Epoch 2, Step 130 - valid_rmse:0.52932
Epoch 2, Step 140 - valid_rmse:0.52205
Epoch 2 - avg_train_loss: 0.56305  avg_val_loss: 0.60848  time: 291s
Epoch 2 - train_rmse:0.43310  valid_rmse:0.52205
Starting 3 epoch...
Epoch 3, Step 10 - valid_rmse:0.53898
Epoch 3, Step 20 - valid_rmse:0.52422
Epoch 3, Step 30 - valid_rmse:0.53340
Epoch 3, Step 40 - valid_rmse:0.51497
Epoch 3, Step 50 - valid_rmse:0.55029
Epoch 3, Step 60 - valid_rmse:0.50369
>>>>>>>> Model Improved From 0.5072690585783471 ----> 0.5036927221809908
Epoch 3, Step 70 - valid_rmse:0.50171
>>>>>>>> Model Improved From 0.5036927221809908 ----> 0.5017115817543301
Epoch 3, Step 80 - valid_rmse:0.51420
Epoch 3, Step 90 - valid_rmse:0.49170
>>>>>>>> Model Improved From 0.5017115817543301 ----> 0.49170289982478144
Epoch 3, Step 100 - valid_rmse:0.50826
Epoch 3, Step 110 - valid_rmse:0.57065
Epoch 3, Step 120 - valid_rmse:0.52969
Epoch 3, Step 130 - valid_rmse:0.52685
Epoch 3, Step 140 - valid_rmse:0.50786
Epoch 3 - avg_train_loss: 0.49882  avg_val_loss: 0.60108  time: 282s
Epoch 3 - train_rmse:0.30741  valid_rmse:0.50786
Starting 4 epoch...
Epoch 4, Step 10 - valid_rmse:0.72892
Epoch 4, Step 20 - valid_rmse:0.54932
Epoch 4, Step 30 - valid_rmse:0.49937
Epoch 4, Step 40 - valid_rmse:0.50802
Epoch 4, Step 50 - valid_rmse:0.50150
Epoch 4, Step 60 - valid_rmse:0.49619
Epoch 4, Step 70 - valid_rmse:0.53563
Epoch 4, Step 80 - valid_rmse:0.49746
Epoch 4, Step 90 - valid_rmse:0.49491
Epoch 4, Step 100 - valid_rmse:0.48593
>>>>>>>> Model Improved From 0.49170289982478144 ----> 0.48592509158117314
Epoch 4, Step 110 - valid_rmse:0.51532
Epoch 4, Step 120 - valid_rmse:0.50310
Epoch 4, Step 130 - valid_rmse:0.51859
Epoch 4, Step 140 - valid_rmse:0.49969
Epoch 4 - avg_train_loss: 0.47689  avg_val_loss: 0.59558  time: 269s
Epoch 4 - train_rmse:0.26616  valid_rmse:0.49969
Starting 5 epoch...
Epoch 5, Step 10 - valid_rmse:0.55582
Epoch 5, Step 20 - valid_rmse:0.52379
Epoch 5, Step 30 - valid_rmse:0.53076
Epoch 5, Step 40 - valid_rmse:0.50499
Epoch 5, Step 50 - valid_rmse:0.51453
Epoch 5, Step 60 - valid_rmse:0.49918
Epoch 5, Step 70 - valid_rmse:0.50815
Epoch 5, Step 80 - valid_rmse:0.49704
Epoch 5, Step 90 - valid_rmse:0.50252
Epoch 5, Step 100 - valid_rmse:0.50839
Epoch 5, Step 110 - valid_rmse:0.48975
Epoch 5, Step 120 - valid_rmse:0.49831
Epoch 5, Step 130 - valid_rmse:0.48933
Epoch 5, Step 140 - valid_rmse:0.49455
Epoch 5 - avg_train_loss: 0.45429  avg_val_loss: 0.59304  time: 261s
Epoch 5 - train_rmse:0.21969  valid_rmse:0.49455
========================================================================================================================
Fold 1 Training
========================================================================================================================
Starting 1 epoch...
Epoch 1, Step 10 - valid_rmse:1.02735
>>>>>>>> Model Improved From inf ----> 1.027349618929244
Epoch 1, Step 20 - valid_rmse:0.71589
>>>>>>>> Model Improved From 1.027349618929244 ----> 0.7158902846129643
Epoch 1, Step 30 - valid_rmse:0.67911
>>>>>>>> Model Improved From 0.7158902846129643 ----> 0.6791068282667458
Epoch 1, Step 40 - valid_rmse:0.62099
>>>>>>>> Model Improved From 0.6791068282667458 ----> 0.6209905713805687
Epoch 1, Step 50 - valid_rmse:0.61887
>>>>>>>> Model Improved From 0.6209905713805687 ----> 0.6188727913184551
Epoch 1, Step 60 - valid_rmse:0.54086
>>>>>>>> Model Improved From 0.6188727913184551 ----> 0.5408610695036263
Epoch 1, Step 70 - valid_rmse:0.57657
Epoch 1, Step 80 - valid_rmse:0.56967
Epoch 1, Step 90 - valid_rmse:0.52755
>>>>>>>> Model Improved From 0.5408610695036263 ----> 0.5275492324699244
Epoch 1, Step 100 - valid_rmse:0.64143
Epoch 1, Step 110 - valid_rmse:0.56263
Epoch 1, Step 120 - valid_rmse:0.51667
>>>>>>>> Model Improved From 0.5275492324699244 ----> 0.5166654257152815
Epoch 1, Step 130 - valid_rmse:0.59905
Epoch 1, Step 140 - valid_rmse:0.58856
Epoch 1 - avg_train_loss: 0.68946  avg_val_loss: 0.64421  time: 316s
Epoch 1 - train_rmse:0.67871  valid_rmse:0.58856
Starting 2 epoch...
Epoch 2, Step 10 - valid_rmse:0.68175
Epoch 2, Step 20 - valid_rmse:0.51517
>>>>>>>> Model Improved From 0.5166654257152815 ----> 0.5151710371578427
Epoch 2, Step 30 - valid_rmse:0.54323
Epoch 2, Step 40 - valid_rmse:0.50331
>>>>>>>> Model Improved From 0.5151710371578427 ----> 0.5033091130658163
Epoch 2, Step 50 - valid_rmse:0.51206
Epoch 2, Step 60 - valid_rmse:0.60567
Epoch 2, Step 70 - valid_rmse:0.48939
>>>>>>>> Model Improved From 0.5033091130658163 ----> 0.48938726281076217
Epoch 2, Step 80 - valid_rmse:0.50789
Epoch 2, Step 90 - valid_rmse:0.49540
Epoch 2, Step 100 - valid_rmse:0.53999
Epoch 2, Step 110 - valid_rmse:0.49016
Epoch 2, Step 120 - valid_rmse:0.53035
Epoch 2, Step 130 - valid_rmse:0.59399
Epoch 2, Step 140 - valid_rmse:0.53944
Epoch 2 - avg_train_loss: 0.56257  avg_val_loss: 0.61682  time: 283s
Epoch 2 - train_rmse:0.43393  valid_rmse:0.53944
Starting 3 epoch...
Epoch 3, Step 10 - valid_rmse:0.58160
Epoch 3, Step 20 - valid_rmse:0.49445
Epoch 3, Step 30 - valid_rmse:0.51387
Epoch 3, Step 40 - valid_rmse:0.50923
Epoch 3, Step 50 - valid_rmse:0.49672
Epoch 3, Step 60 - valid_rmse:0.49518
Epoch 3, Step 70 - valid_rmse:0.48492
>>>>>>>> Model Improved From 0.48938726281076217 ----> 0.4849177715181353
Epoch 3, Step 80 - valid_rmse:0.47257
>>>>>>>> Model Improved From 0.4849177715181353 ----> 0.4725668410954214
Epoch 3, Step 90 - valid_rmse:0.47951
Epoch 3, Step 100 - valid_rmse:0.48275
Epoch 3, Step 110 - valid_rmse:0.51614
Epoch 3, Step 120 - valid_rmse:0.51835
Epoch 3, Step 130 - valid_rmse:0.49703
Epoch 3, Step 140 - valid_rmse:0.50196
Epoch 3 - avg_train_loss: 0.50419  avg_val_loss: 0.59629  time: 275s
Epoch 3 - train_rmse:0.32061  valid_rmse:0.50196
Starting 4 epoch...
Epoch 4, Step 10 - valid_rmse:0.60762
Epoch 4, Step 20 - valid_rmse:0.63082
Epoch 4, Step 30 - valid_rmse:0.50657
Epoch 4, Step 40 - valid_rmse:0.50655
Epoch 4, Step 50 - valid_rmse:0.50080
Epoch 4, Step 60 - valid_rmse:0.49337
Epoch 4, Step 70 - valid_rmse:0.53622
Epoch 4, Step 80 - valid_rmse:0.49533
Epoch 4, Step 90 - valid_rmse:0.48778
Epoch 4, Step 100 - valid_rmse:0.51725
Epoch 4, Step 110 - valid_rmse:0.54708
Epoch 4, Step 120 - valid_rmse:0.49018
Epoch 4, Step 130 - valid_rmse:0.50104
Epoch 4, Step 140 - valid_rmse:0.47925
Epoch 4 - avg_train_loss: 0.48901  avg_val_loss: 0.58409  time: 261s
Epoch 4 - train_rmse:0.29495  valid_rmse:0.47925
Starting 5 epoch...
Epoch 5, Step 10 - valid_rmse:0.59062
Epoch 5, Step 20 - valid_rmse:0.55213
Epoch 5, Step 30 - valid_rmse:0.49012
Epoch 5, Step 40 - valid_rmse:0.50257
Epoch 5, Step 50 - valid_rmse:0.51573
Epoch 5, Step 60 - valid_rmse:0.48890
Epoch 5, Step 70 - valid_rmse:0.49342
Epoch 5, Step 80 - valid_rmse:0.47470
Epoch 5, Step 90 - valid_rmse:0.49486
Epoch 5, Step 100 - valid_rmse:0.48636
Epoch 5, Step 110 - valid_rmse:0.49136
Epoch 5, Step 120 - valid_rmse:0.47674
Epoch 5, Step 130 - valid_rmse:0.50126
Epoch 5, Step 140 - valid_rmse:0.48696
Epoch 5 - avg_train_loss: 0.46679  avg_val_loss: 0.58820  time: 260s
Epoch 5 - train_rmse:0.24701  valid_rmse:0.48696
========================================================================================================================
Fold 2 Training
========================================================================================================================
Starting 1 epoch...
Epoch 1, Step 10 - valid_rmse:0.89536
>>>>>>>> Model Improved From inf ----> 0.8953598097722001
Epoch 1, Step 20 - valid_rmse:0.79926
>>>>>>>> Model Improved From 0.8953598097722001 ----> 0.7992597629103907
Epoch 1, Step 30 - valid_rmse:0.67600
>>>>>>>> Model Improved From 0.7992597629103907 ----> 0.6760033411465861
Epoch 1, Step 40 - valid_rmse:0.61317
>>>>>>>> Model Improved From 0.6760033411465861 ----> 0.6131669577800805
Epoch 1, Step 50 - valid_rmse:0.63795
Epoch 1, Step 60 - valid_rmse:0.58166
>>>>>>>> Model Improved From 0.6131669577800805 ----> 0.5816593571279092
Epoch 1, Step 70 - valid_rmse:0.61529
Epoch 1, Step 80 - valid_rmse:0.63191
Epoch 1, Step 90 - valid_rmse:0.64002
Epoch 1, Step 100 - valid_rmse:0.65947
Epoch 1, Step 110 - valid_rmse:0.71068
Epoch 1, Step 120 - valid_rmse:0.57683
>>>>>>>> Model Improved From 0.5816593571279092 ----> 0.5768255576697298
Epoch 1, Step 130 - valid_rmse:0.60121
Epoch 1, Step 140 - valid_rmse:0.53078
>>>>>>>> Model Improved From 0.5768255576697298 ----> 0.530779578128258
Epoch 1 - avg_train_loss: 0.71499  avg_val_loss: 0.61372  time: 307s
Epoch 1 - train_rmse:0.74115  valid_rmse:0.53078
Starting 2 epoch...
Epoch 2, Step 10 - valid_rmse:0.54603
Epoch 2, Step 20 - valid_rmse:0.57000
Epoch 2, Step 30 - valid_rmse:0.54289
Epoch 2, Step 40 - valid_rmse:0.57656
Epoch 2, Step 50 - valid_rmse:0.56439
Epoch 2, Step 60 - valid_rmse:0.57326
Epoch 2, Step 70 - valid_rmse:0.53057
>>>>>>>> Model Improved From 0.530779578128258 ----> 0.5305728741214105
Epoch 2, Step 80 - valid_rmse:0.60481
Epoch 2, Step 90 - valid_rmse:0.51409
>>>>>>>> Model Improved From 0.5305728741214105 ----> 0.5140935437689081
Epoch 2, Step 100 - valid_rmse:0.51592
Epoch 2, Step 110 - valid_rmse:0.51091
>>>>>>>> Model Improved From 0.5140935437689081 ----> 0.5109079548908115
Epoch 2, Step 120 - valid_rmse:0.57000
Epoch 2, Step 130 - valid_rmse:0.56435
Epoch 2, Step 140 - valid_rmse:0.52959
Epoch 2 - avg_train_loss: 0.55529  avg_val_loss: 0.61125  time: 282s
Epoch 2 - train_rmse:0.41765  valid_rmse:0.52959
Starting 3 epoch...
Epoch 3, Step 10 - valid_rmse:0.57889
Epoch 3, Step 20 - valid_rmse:0.53221
Epoch 3, Step 30 - valid_rmse:0.54830
Epoch 3, Step 40 - valid_rmse:0.71278
Epoch 3, Step 50 - valid_rmse:0.53235
Epoch 3, Step 60 - valid_rmse:0.53128
Epoch 3, Step 70 - valid_rmse:0.52789
Epoch 3, Step 80 - valid_rmse:0.52889
Epoch 3, Step 90 - valid_rmse:0.54347
Epoch 3, Step 100 - valid_rmse:0.55462
Epoch 3, Step 110 - valid_rmse:0.53014
Epoch 3, Step 120 - valid_rmse:0.64260
Epoch 3, Step 130 - valid_rmse:0.54440
Epoch 3, Step 140 - valid_rmse:0.57103
Epoch 3 - avg_train_loss: 0.50966  avg_val_loss: 0.62994  time: 262s
Epoch 3 - train_rmse:0.33130  valid_rmse:0.57103
Starting 4 epoch...
Epoch 4, Step 10 - valid_rmse:0.62104
Epoch 4, Step 20 - valid_rmse:0.53784
Epoch 4, Step 30 - valid_rmse:0.52058
Epoch 4, Step 40 - valid_rmse:0.51826
Epoch 4, Step 50 - valid_rmse:0.51991
Epoch 4, Step 60 - valid_rmse:0.53660
Epoch 4, Step 70 - valid_rmse:0.51921
Epoch 4, Step 80 - valid_rmse:0.52770
Epoch 4, Step 90 - valid_rmse:0.52826
Epoch 4, Step 100 - valid_rmse:0.51294
Epoch 4, Step 110 - valid_rmse:0.52132
Epoch 4, Step 120 - valid_rmse:0.56626
Epoch 4, Step 130 - valid_rmse:0.50335
>>>>>>>> Model Improved From 0.5109079548908115 ----> 0.5033530050439043
Epoch 4, Step 140 - valid_rmse:0.51445
Epoch 4 - avg_train_loss: 0.48658  avg_val_loss: 0.60191  time: 268s
Epoch 4 - train_rmse:0.28555  valid_rmse:0.51445
Starting 5 epoch...
Epoch 5, Step 10 - valid_rmse:0.62296
Epoch 5, Step 20 - valid_rmse:0.53269
Epoch 5, Step 30 - valid_rmse:0.54108
Epoch 5, Step 40 - valid_rmse:0.53039
Epoch 5, Step 50 - valid_rmse:0.51860
Epoch 5, Step 60 - valid_rmse:0.55792
Epoch 5, Step 70 - valid_rmse:0.54390
Epoch 5, Step 80 - valid_rmse:0.58127
Epoch 5, Step 90 - valid_rmse:0.53173
Epoch 5, Step 100 - valid_rmse:0.55280
Epoch 5, Step 110 - valid_rmse:0.51518
Epoch 5, Step 120 - valid_rmse:0.50649
Epoch 5, Step 130 - valid_rmse:0.54188
Epoch 5, Step 140 - valid_rmse:0.52447
Epoch 5 - avg_train_loss: 0.47018  avg_val_loss: 0.60636  time: 261s
Epoch 5 - train_rmse:0.25104  valid_rmse:0.52447
========================================================================================================================
Fold 3 Training
========================================================================================================================
Starting 1 epoch...
Epoch 1, Step 10 - valid_rmse:0.98863
>>>>>>>> Model Improved From inf ----> 0.9886341822900935
Epoch 1, Step 20 - valid_rmse:0.74701
>>>>>>>> Model Improved From 0.9886341822900935 ----> 0.7470116625610786
Epoch 1, Step 30 - valid_rmse:0.68453
>>>>>>>> Model Improved From 0.7470116625610786 ----> 0.684525148233524
Epoch 1, Step 40 - valid_rmse:0.71637
Epoch 1, Step 50 - valid_rmse:0.71228
Epoch 1, Step 60 - valid_rmse:0.78832
Epoch 1, Step 70 - valid_rmse:0.66531
>>>>>>>> Model Improved From 0.684525148233524 ----> 0.6653140583178669
Epoch 1, Step 80 - valid_rmse:0.64877
>>>>>>>> Model Improved From 0.6653140583178669 ----> 0.6487739053462352
Epoch 1, Step 90 - valid_rmse:0.58846
>>>>>>>> Model Improved From 0.6487739053462352 ----> 0.5884609183400554
Epoch 1, Step 100 - valid_rmse:0.54723
>>>>>>>> Model Improved From 0.5884609183400554 ----> 0.547229327395959
Epoch 1, Step 110 - valid_rmse:0.56502
Epoch 1, Step 120 - valid_rmse:0.57179
Epoch 1, Step 130 - valid_rmse:0.54606
>>>>>>>> Model Improved From 0.547229327395959 ----> 0.5460621844331737
Epoch 1, Step 140 - valid_rmse:0.52611
>>>>>>>> Model Improved From 0.5460621844331737 ----> 0.526114356514005
Epoch 1 - avg_train_loss: 0.69601  avg_val_loss: 0.61559  time: 317s
Epoch 1 - train_rmse:0.69616  valid_rmse:0.52611
Starting 2 epoch...
Epoch 2, Step 10 - valid_rmse:0.67726
Epoch 2, Step 20 - valid_rmse:0.57892
Epoch 2, Step 30 - valid_rmse:0.51524
>>>>>>>> Model Improved From 0.526114356514005 ----> 0.5152429079060817
Epoch 2, Step 40 - valid_rmse:0.51488
>>>>>>>> Model Improved From 0.5152429079060817 ----> 0.5148841854519838
Epoch 2, Step 50 - valid_rmse:0.53503
Epoch 2, Step 60 - valid_rmse:0.54216
Epoch 2, Step 70 - valid_rmse:0.51451
>>>>>>>> Model Improved From 0.5148841854519838 ----> 0.5145079478059666
Epoch 2, Step 80 - valid_rmse:0.64315
Epoch 2, Step 90 - valid_rmse:0.61420
Epoch 2, Step 100 - valid_rmse:0.52964
Epoch 2, Step 110 - valid_rmse:0.61442
Epoch 2, Step 120 - valid_rmse:0.53720
Epoch 2, Step 130 - valid_rmse:0.53938
Epoch 2, Step 140 - valid_rmse:0.51810
Epoch 2 - avg_train_loss: 0.56363  avg_val_loss: 0.60669  time: 283s
Epoch 2 - train_rmse:0.43675  valid_rmse:0.51810
Starting 3 epoch...
Epoch 3, Step 10 - valid_rmse:0.58910
Epoch 3, Step 20 - valid_rmse:0.53426
Epoch 3, Step 30 - valid_rmse:0.50523
>>>>>>>> Model Improved From 0.5145079478059666 ----> 0.5052340996499384
Epoch 3, Step 40 - valid_rmse:0.51788
Epoch 3, Step 50 - valid_rmse:0.56559
Epoch 3, Step 60 - valid_rmse:0.57743
Epoch 3, Step 70 - valid_rmse:0.58745
Epoch 3, Step 80 - valid_rmse:0.52867
Epoch 3, Step 90 - valid_rmse:0.52721
Epoch 3, Step 100 - valid_rmse:0.51133
Epoch 3, Step 110 - valid_rmse:0.51308
Epoch 3, Step 120 - valid_rmse:0.51795
Epoch 3, Step 130 - valid_rmse:0.51035
Epoch 3, Step 140 - valid_rmse:0.52637
Epoch 3 - avg_train_loss: 0.50906  avg_val_loss: 0.60968  time: 268s
Epoch 3 - train_rmse:0.32773  valid_rmse:0.52637
Starting 4 epoch...
Epoch 4, Step 10 - valid_rmse:0.69505
Epoch 4, Step 20 - valid_rmse:0.53905
Epoch 4, Step 30 - valid_rmse:0.56823
Epoch 4, Step 40 - valid_rmse:0.54099
Epoch 4, Step 50 - valid_rmse:0.51649
Epoch 4, Step 60 - valid_rmse:0.49847
>>>>>>>> Model Improved From 0.5052340996499384 ----> 0.49846680241154506
Epoch 4, Step 70 - valid_rmse:0.54539
Epoch 4, Step 80 - valid_rmse:0.51727
Epoch 4, Step 90 - valid_rmse:0.52746
Epoch 4, Step 100 - valid_rmse:0.53919
Epoch 4, Step 110 - valid_rmse:0.53900
Epoch 4, Step 120 - valid_rmse:0.56316
Epoch 4, Step 130 - valid_rmse:0.50525
Epoch 4, Step 140 - valid_rmse:0.53284
Epoch 4 - avg_train_loss: 0.49408  avg_val_loss: 0.61176  time: 271s
Epoch 4 - train_rmse:0.30127  valid_rmse:0.53284
Starting 5 epoch...
Epoch 5, Step 10 - valid_rmse:0.52134
Epoch 5, Step 20 - valid_rmse:0.52771
Epoch 5, Step 30 - valid_rmse:0.52963
Epoch 5, Step 40 - valid_rmse:0.52888
Epoch 5, Step 50 - valid_rmse:0.50308
Epoch 5, Step 60 - valid_rmse:0.50599
Epoch 5, Step 70 - valid_rmse:0.55428
Epoch 5, Step 80 - valid_rmse:0.50102
Epoch 5, Step 90 - valid_rmse:0.57358
Epoch 5, Step 100 - valid_rmse:0.53291
Epoch 5, Step 110 - valid_rmse:0.53199
Epoch 5, Step 120 - valid_rmse:0.50929
Epoch 5, Step 130 - valid_rmse:0.52928
Epoch 5, Step 140 - valid_rmse:0.50938
Epoch 5 - avg_train_loss: 0.46876  avg_val_loss: 0.60111  time: 261s
Epoch 5 - train_rmse:0.25179  valid_rmse:0.50938
========================================================================================================================
Fold 4 Training
========================================================================================================================
Starting 1 epoch...
Epoch 1, Step 10 - valid_rmse:0.95007
>>>>>>>> Model Improved From inf ----> 0.950072134279569
Epoch 1, Step 20 - valid_rmse:0.82338
>>>>>>>> Model Improved From 0.950072134279569 ----> 0.823378962591118
Epoch 1, Step 30 - valid_rmse:0.68851
>>>>>>>> Model Improved From 0.823378962591118 ----> 0.6885127891969287
Epoch 1, Step 40 - valid_rmse:0.60985
>>>>>>>> Model Improved From 0.6885127891969287 ----> 0.6098477557648422
Epoch 1, Step 50 - valid_rmse:0.56566
>>>>>>>> Model Improved From 0.6098477557648422 ----> 0.5656562724728459
Epoch 1, Step 60 - valid_rmse:0.62817
Epoch 1, Step 70 - valid_rmse:0.54825
>>>>>>>> Model Improved From 0.5656562724728459 ----> 0.5482545479068749
Epoch 1, Step 80 - valid_rmse:0.64901
Epoch 1, Step 90 - valid_rmse:0.69194
Epoch 1, Step 100 - valid_rmse:0.57419
Epoch 1, Step 110 - valid_rmse:0.52960
>>>>>>>> Model Improved From 0.5482545479068749 ----> 0.5296029658964276
Epoch 1, Step 120 - valid_rmse:0.60514
Epoch 1, Step 130 - valid_rmse:0.61732
Epoch 1, Step 140 - valid_rmse:0.61858
Epoch 1 - avg_train_loss: 0.71277  avg_val_loss: 0.66116  time: 302s
Epoch 1 - train_rmse:0.71545  valid_rmse:0.61858
Starting 2 epoch...
Epoch 2, Step 10 - valid_rmse:0.52966
Epoch 2, Step 20 - valid_rmse:0.54926
Epoch 2, Step 30 - valid_rmse:0.60432
Epoch 2, Step 40 - valid_rmse:0.51675
>>>>>>>> Model Improved From 0.5296029658964276 ----> 0.5167485825520299
Epoch 2, Step 50 - valid_rmse:0.51040
>>>>>>>> Model Improved From 0.5167485825520299 ----> 0.5103989559251477
Epoch 2, Step 60 - valid_rmse:0.51586
Epoch 2, Step 70 - valid_rmse:0.51543
Epoch 2, Step 80 - valid_rmse:0.51562
Epoch 2, Step 90 - valid_rmse:0.59890
Epoch 2, Step 100 - valid_rmse:0.59212
Epoch 2, Step 110 - valid_rmse:0.56006
Epoch 2, Step 120 - valid_rmse:0.51291
Epoch 2, Step 130 - valid_rmse:0.55085
Epoch 2, Step 140 - valid_rmse:0.52632
Epoch 2 - avg_train_loss: 0.56742  avg_val_loss: 0.60934  time: 279s
Epoch 2 - train_rmse:0.44132  valid_rmse:0.52632
Starting 3 epoch...
Epoch 3, Step 10 - valid_rmse:0.59067
Epoch 3, Step 20 - valid_rmse:0.50553
>>>>>>>> Model Improved From 0.5103989559251477 ----> 0.5055282601712618
Epoch 3, Step 30 - valid_rmse:0.51622
Epoch 3, Step 40 - valid_rmse:0.58979
Epoch 3, Step 50 - valid_rmse:0.54992
Epoch 3, Step 60 - valid_rmse:0.51721
Epoch 3, Step 70 - valid_rmse:0.51190
Epoch 3, Step 80 - valid_rmse:0.56436
Epoch 3, Step 90 - valid_rmse:0.52435
Epoch 3, Step 100 - valid_rmse:0.55678
Epoch 3, Step 110 - valid_rmse:0.54592
Epoch 3, Step 120 - valid_rmse:0.56489
Epoch 3, Step 130 - valid_rmse:0.62125
Epoch 3, Step 140 - valid_rmse:0.51374
Epoch 3 - avg_train_loss: 0.50577  avg_val_loss: 0.60314  time: 268s
Epoch 3 - train_rmse:0.31897  valid_rmse:0.51374
Starting 4 epoch...
Epoch 4, Step 10 - valid_rmse:0.65248
Epoch 4, Step 20 - valid_rmse:0.57531
Epoch 4, Step 30 - valid_rmse:0.54530
Epoch 4, Step 40 - valid_rmse:0.52001
Epoch 4, Step 50 - valid_rmse:0.52163
Epoch 4, Step 60 - valid_rmse:0.51250
Epoch 4, Step 70 - valid_rmse:0.51281
Epoch 4, Step 80 - valid_rmse:0.51630
Epoch 4, Step 90 - valid_rmse:0.53275
Epoch 4, Step 100 - valid_rmse:0.57080
Epoch 4, Step 110 - valid_rmse:0.58766
Epoch 4, Step 120 - valid_rmse:0.52068
Epoch 4, Step 130 - valid_rmse:0.52308
Epoch 4, Step 140 - valid_rmse:0.55553
Epoch 4 - avg_train_loss: 0.49032  avg_val_loss: 0.62236  time: 260s
Epoch 4 - train_rmse:0.28990  valid_rmse:0.55553
Starting 5 epoch...
Epoch 5, Step 10 - valid_rmse:0.50244
>>>>>>>> Model Improved From 0.5055282601712618 ----> 0.5024355203584622
Epoch 5, Step 20 - valid_rmse:0.55228
Epoch 5, Step 30 - valid_rmse:0.51745
Epoch 5, Step 40 - valid_rmse:0.55928
Epoch 5, Step 50 - valid_rmse:0.54970
Epoch 5, Step 60 - valid_rmse:0.52739
Epoch 5, Step 70 - valid_rmse:0.52248
Epoch 5, Step 80 - valid_rmse:0.51730
Epoch 5, Step 90 - valid_rmse:0.50902
Epoch 5, Step 100 - valid_rmse:0.50474
Epoch 5, Step 110 - valid_rmse:0.50118
>>>>>>>> Model Improved From 0.5024355203584622 ----> 0.5011803552400803
Epoch 5, Step 120 - valid_rmse:0.50973
Epoch 5, Step 130 - valid_rmse:0.49809
>>>>>>>> Model Improved From 0.5011803552400803 ----> 0.4980936324836525
Epoch 5, Step 140 - valid_rmse:0.51224
Epoch 5 - avg_train_loss: 0.46736  avg_val_loss: 0.60086  time: 280s
Epoch 5 - train_rmse:0.24934  valid_rmse:0.51224
0.4863379350704947
0.47479070311030636
0.5048552568263518
0.5015386769915715
0.49908998401984805
cv score 0.493447384926293
