========================================================================================================================
Fold 0 Training
========================================================================================================================
Starting 1 epoch...
Epoch 1, Step 10 - valid_rmse:1.12863
>>>>>>>> Model Improved From inf ----> 1.128633956675714
Epoch 1, Step 20 - valid_rmse:0.82127
>>>>>>>> Model Improved From 1.128633956675714 ----> 0.8212700911877344
Epoch 1, Step 30 - valid_rmse:0.78020
>>>>>>>> Model Improved From 0.8212700911877344 ----> 0.7801985401732497
Epoch 1, Step 40 - valid_rmse:0.67558
>>>>>>>> Model Improved From 0.7801985401732497 ----> 0.6755815766114217
Epoch 1, Step 50 - valid_rmse:0.73719
Epoch 1, Step 60 - valid_rmse:0.63062
>>>>>>>> Model Improved From 0.6755815766114217 ----> 0.6306158352183722
Epoch 1, Step 70 - valid_rmse:0.78009
Epoch 1, Step 80 - valid_rmse:0.64272
Epoch 1, Step 90 - valid_rmse:0.56400
>>>>>>>> Model Improved From 0.6306158352183722 ----> 0.5640014465950542
Epoch 1, Step 100 - valid_rmse:0.67701
Epoch 1, Step 110 - valid_rmse:0.56339
>>>>>>>> Model Improved From 0.5640014465950542 ----> 0.5633858474024277
Epoch 1, Step 120 - valid_rmse:0.55505
>>>>>>>> Model Improved From 0.5633858474024277 ----> 0.5550470408987731
Epoch 1, Step 130 - valid_rmse:0.54741
>>>>>>>> Model Improved From 0.5550470408987731 ----> 0.5474132039528428
Epoch 1, Step 140 - valid_rmse:0.54442
>>>>>>>> Model Improved From 0.5474132039528428 ----> 0.5444193730803625
Epoch 1 - avg_train_loss: 0.73365  avg_val_loss: 0.62454  time: 315s
Epoch 1 - train_rmse:0.72075  valid_rmse:0.54442
Starting 2 epoch...
Epoch 2, Step 10 - valid_rmse:0.74749
Epoch 2, Step 20 - valid_rmse:0.51352
>>>>>>>> Model Improved From 0.5444193730803625 ----> 0.5135151578482431
Epoch 2, Step 30 - valid_rmse:0.51666
Epoch 2, Step 40 - valid_rmse:0.80330
Epoch 2, Step 50 - valid_rmse:0.62690
Epoch 2, Step 60 - valid_rmse:0.51621
Epoch 2, Step 70 - valid_rmse:0.58495
Epoch 2, Step 80 - valid_rmse:0.56418
Epoch 2, Step 90 - valid_rmse:0.52936
Epoch 2, Step 100 - valid_rmse:0.54988
Epoch 2, Step 110 - valid_rmse:0.54008
Epoch 2, Step 120 - valid_rmse:0.51627
Epoch 2, Step 130 - valid_rmse:0.56582
Epoch 2, Step 140 - valid_rmse:0.55051
Epoch 2 - avg_train_loss: 0.58168  avg_val_loss: 0.62354  time: 270s
Epoch 2 - train_rmse:0.47215  valid_rmse:0.55051
Starting 3 epoch...
Epoch 3, Step 10 - valid_rmse:0.65494
Epoch 3, Step 20 - valid_rmse:0.54441
Epoch 3, Step 30 - valid_rmse:0.52912
Epoch 3, Step 40 - valid_rmse:0.50884
>>>>>>>> Model Improved From 0.5135151578482431 ----> 0.5088395723527543
Epoch 3, Step 50 - valid_rmse:0.49628
>>>>>>>> Model Improved From 0.5088395723527543 ----> 0.4962839228784552
Epoch 3, Step 60 - valid_rmse:0.49361
>>>>>>>> Model Improved From 0.4962839228784552 ----> 0.49361285145112266
Epoch 3, Step 70 - valid_rmse:0.54620
Epoch 3, Step 80 - valid_rmse:0.55773
Epoch 3, Step 90 - valid_rmse:0.51326
Epoch 3, Step 100 - valid_rmse:0.51203
Epoch 3, Step 110 - valid_rmse:0.50112
Epoch 3, Step 120 - valid_rmse:0.50372
Epoch 3, Step 130 - valid_rmse:0.52049
Epoch 3, Step 140 - valid_rmse:0.53928
Epoch 3 - avg_train_loss: 0.50519  avg_val_loss: 0.61542  time: 286s
Epoch 3 - train_rmse:0.32270  valid_rmse:0.53928
Starting 4 epoch...
Epoch 4, Step 10 - valid_rmse:0.58398
Epoch 4, Step 20 - valid_rmse:0.52888
Epoch 4, Step 30 - valid_rmse:0.51773
Epoch 4, Step 40 - valid_rmse:0.53057
Epoch 4, Step 50 - valid_rmse:0.51219
Epoch 4, Step 60 - valid_rmse:0.53536
Epoch 4, Step 70 - valid_rmse:0.50113
Epoch 4, Step 80 - valid_rmse:0.48724
>>>>>>>> Model Improved From 0.49361285145112266 ----> 0.48723971077247136
Epoch 4, Step 90 - valid_rmse:0.54787
Epoch 4, Step 100 - valid_rmse:0.53233
Epoch 4, Step 110 - valid_rmse:0.51914
Epoch 4, Step 120 - valid_rmse:0.49198
Epoch 4, Step 130 - valid_rmse:0.56514
Epoch 4, Step 140 - valid_rmse:0.49491
Epoch 4 - avg_train_loss: 0.48069  avg_val_loss: 0.59377  time: 273s
Epoch 4 - train_rmse:0.27405  valid_rmse:0.49491
Starting 5 epoch...
Epoch 5, Step 10 - valid_rmse:0.62450
Epoch 5, Step 20 - valid_rmse:0.53356
Epoch 5, Step 30 - valid_rmse:0.49472
Epoch 5, Step 40 - valid_rmse:0.50500
Epoch 5, Step 50 - valid_rmse:0.50173
Epoch 5, Step 60 - valid_rmse:0.50981
Epoch 5, Step 70 - valid_rmse:0.49717
Epoch 5, Step 80 - valid_rmse:0.53906
Epoch 5, Step 90 - valid_rmse:0.52436
Epoch 5, Step 100 - valid_rmse:0.49941
Epoch 5, Step 110 - valid_rmse:0.50194
Epoch 5, Step 120 - valid_rmse:0.48655
>>>>>>>> Model Improved From 0.48723971077247136 ----> 0.48655014560554943
Epoch 5, Step 130 - valid_rmse:0.51946
Epoch 5, Step 140 - valid_rmse:0.50008
Epoch 5 - avg_train_loss: 0.46717  avg_val_loss: 0.59537  time: 269s
Epoch 5 - train_rmse:0.24944  valid_rmse:0.50008
========================================================================================================================
Fold 1 Training
========================================================================================================================
Starting 1 epoch...
Epoch 1, Step 10 - valid_rmse:1.00862
>>>>>>>> Model Improved From inf ----> 1.0086226761752222
Epoch 1, Step 20 - valid_rmse:0.82874
>>>>>>>> Model Improved From 1.0086226761752222 ----> 0.8287428926365479
Epoch 1, Step 30 - valid_rmse:0.74742
>>>>>>>> Model Improved From 0.8287428926365479 ----> 0.7474179522328579
Epoch 1, Step 40 - valid_rmse:0.69030
>>>>>>>> Model Improved From 0.7474179522328579 ----> 0.6903025324522863
Epoch 1, Step 50 - valid_rmse:0.66203
>>>>>>>> Model Improved From 0.6903025324522863 ----> 0.6620264993562279
Epoch 1, Step 60 - valid_rmse:0.70662
Epoch 1, Step 70 - valid_rmse:0.56537
>>>>>>>> Model Improved From 0.6620264993562279 ----> 0.5653656988525746
Epoch 1, Step 80 - valid_rmse:0.62019
Epoch 1, Step 90 - valid_rmse:1.02076
Epoch 1, Step 100 - valid_rmse:0.63061
Epoch 1, Step 110 - valid_rmse:0.55167
>>>>>>>> Model Improved From 0.5653656988525746 ----> 0.551665755598025
Epoch 1, Step 120 - valid_rmse:0.68673
Epoch 1, Step 130 - valid_rmse:0.57888
Epoch 1, Step 140 - valid_rmse:0.66519
Epoch 1 - avg_train_loss: 0.71740  avg_val_loss: 0.68311  time: 306s
Epoch 1 - train_rmse:0.71883  valid_rmse:0.66519
Starting 2 epoch...
Epoch 2, Step 10 - valid_rmse:0.66072
Epoch 2, Step 20 - valid_rmse:0.53769
>>>>>>>> Model Improved From 0.551665755598025 ----> 0.5376867058100021
Epoch 2, Step 30 - valid_rmse:0.65209
Epoch 2, Step 40 - valid_rmse:0.50995
>>>>>>>> Model Improved From 0.5376867058100021 ----> 0.50995062139162
Epoch 2, Step 50 - valid_rmse:0.52627
Epoch 2, Step 60 - valid_rmse:0.53029
Epoch 2, Step 70 - valid_rmse:0.59460
Epoch 2, Step 80 - valid_rmse:0.51671
Epoch 2, Step 90 - valid_rmse:0.53059
Epoch 2, Step 100 - valid_rmse:0.53125
Epoch 2, Step 110 - valid_rmse:0.50443
>>>>>>>> Model Improved From 0.50995062139162 ----> 0.5044269653799003
Epoch 2, Step 120 - valid_rmse:0.49984
>>>>>>>> Model Improved From 0.5044269653799003 ----> 0.49983692795304235
Epoch 2, Step 130 - valid_rmse:0.50041
Epoch 2, Step 140 - valid_rmse:0.52336
Epoch 2 - avg_train_loss: 0.56560  avg_val_loss: 0.60838  time: 291s
Epoch 2 - train_rmse:0.44040  valid_rmse:0.52336
Starting 3 epoch...
Epoch 3, Step 10 - valid_rmse:0.88672
Epoch 3, Step 20 - valid_rmse:0.52423
Epoch 3, Step 30 - valid_rmse:0.57195
Epoch 3, Step 40 - valid_rmse:0.51508
Epoch 3, Step 50 - valid_rmse:0.55743
Epoch 3, Step 60 - valid_rmse:0.55022
Epoch 3, Step 70 - valid_rmse:0.51054
Epoch 3, Step 80 - valid_rmse:0.52885
Epoch 3, Step 90 - valid_rmse:0.52290
Epoch 3, Step 100 - valid_rmse:0.50814
Epoch 3, Step 110 - valid_rmse:0.50010
Epoch 3, Step 120 - valid_rmse:0.49933
>>>>>>>> Model Improved From 0.49983692795304235 ----> 0.4993346134749458
Epoch 3, Step 130 - valid_rmse:0.49142
>>>>>>>> Model Improved From 0.4993346134749458 ----> 0.4914164880872206
Epoch 3, Step 140 - valid_rmse:0.48719
>>>>>>>> Model Improved From 0.4914164880872206 ----> 0.48719260092988853
Epoch 3 - avg_train_loss: 0.51708  avg_val_loss: 0.58877  time: 287s
Epoch 3 - train_rmse:0.35122  valid_rmse:0.48719
Starting 4 epoch...
Epoch 4, Step 10 - valid_rmse:0.99465
Epoch 4, Step 20 - valid_rmse:0.64470
Epoch 4, Step 30 - valid_rmse:0.58316
Epoch 4, Step 40 - valid_rmse:0.52121
Epoch 4, Step 50 - valid_rmse:0.50181
Epoch 4, Step 60 - valid_rmse:0.51298
Epoch 4, Step 70 - valid_rmse:0.54046
Epoch 4, Step 80 - valid_rmse:0.57770
Epoch 4, Step 90 - valid_rmse:0.56775
Epoch 4, Step 100 - valid_rmse:0.50655
Epoch 4, Step 110 - valid_rmse:0.51615
Epoch 4, Step 120 - valid_rmse:0.52768
Epoch 4, Step 130 - valid_rmse:0.52238
Epoch 4, Step 140 - valid_rmse:0.52558
Epoch 4 - avg_train_loss: 0.52154  avg_val_loss: 0.60681  time: 266s
Epoch 4 - train_rmse:0.38040  valid_rmse:0.52558
Starting 5 epoch...
Epoch 5, Step 10 - valid_rmse:0.56018
Epoch 5, Step 20 - valid_rmse:0.56774
Epoch 5, Step 30 - valid_rmse:0.50699
Epoch 5, Step 40 - valid_rmse:0.49610
Epoch 5, Step 50 - valid_rmse:0.50634
Epoch 5, Step 60 - valid_rmse:0.50630
Epoch 5, Step 70 - valid_rmse:0.58694
Epoch 5, Step 80 - valid_rmse:0.54386
Epoch 5, Step 90 - valid_rmse:0.50071
Epoch 5, Step 100 - valid_rmse:0.54305
Epoch 5, Step 110 - valid_rmse:0.50095
Epoch 5, Step 120 - valid_rmse:0.51789
Epoch 5, Step 130 - valid_rmse:0.50749
Epoch 5, Step 140 - valid_rmse:0.59355
Epoch 5 - avg_train_loss: 0.48400  avg_val_loss: 0.64151  time: 264s
Epoch 5 - train_rmse:0.28714  valid_rmse:0.59355
========================================================================================================================
Fold 2 Training
========================================================================================================================
Starting 1 epoch...
Epoch 1, Step 10 - valid_rmse:0.94634
>>>>>>>> Model Improved From inf ----> 0.9463432369509084
Epoch 1, Step 20 - valid_rmse:0.72843
>>>>>>>> Model Improved From 0.9463432369509084 ----> 0.7284317842805432
Epoch 1, Step 30 - valid_rmse:0.73207
Epoch 1, Step 40 - valid_rmse:0.69468
>>>>>>>> Model Improved From 0.7284317842805432 ----> 0.6946848982755486
Epoch 1, Step 50 - valid_rmse:0.64466
>>>>>>>> Model Improved From 0.6946848982755486 ----> 0.6446574531721507
Epoch 1, Step 60 - valid_rmse:0.58341
>>>>>>>> Model Improved From 0.6446574531721507 ----> 0.5834145343998031
Epoch 1, Step 70 - valid_rmse:0.60829
Epoch 1, Step 80 - valid_rmse:0.59424
Epoch 1, Step 90 - valid_rmse:0.59469
Epoch 1, Step 100 - valid_rmse:0.55028
>>>>>>>> Model Improved From 0.5834145343998031 ----> 0.5502810992861668
Epoch 1, Step 110 - valid_rmse:0.58240
Epoch 1, Step 120 - valid_rmse:0.53991
>>>>>>>> Model Improved From 0.5502810992861668 ----> 0.5399132411741371
Epoch 1, Step 130 - valid_rmse:0.54360
Epoch 1, Step 140 - valid_rmse:0.51684
>>>>>>>> Model Improved From 0.5399132411741371 ----> 0.5168368304872129
Epoch 1 - avg_train_loss: 0.72348  avg_val_loss: 0.60934  time: 311s
Epoch 1 - train_rmse:0.70078  valid_rmse:0.51684
Starting 2 epoch...
Epoch 2, Step 10 - valid_rmse:0.71091
Epoch 2, Step 20 - valid_rmse:0.58629
Epoch 2, Step 30 - valid_rmse:0.54238
Epoch 2, Step 40 - valid_rmse:0.58023
Epoch 2, Step 50 - valid_rmse:0.53788
Epoch 2, Step 60 - valid_rmse:0.55090
Epoch 2, Step 70 - valid_rmse:0.62354
Epoch 2, Step 80 - valid_rmse:0.55688
Epoch 2, Step 90 - valid_rmse:0.55528
Epoch 2, Step 100 - valid_rmse:0.57615
Epoch 2, Step 110 - valid_rmse:0.62306
Epoch 2, Step 120 - valid_rmse:0.54934
Epoch 2, Step 130 - valid_rmse:0.54455
Epoch 2, Step 140 - valid_rmse:0.57716
Epoch 2 - avg_train_loss: 0.55543  avg_val_loss: 0.63462  time: 265s
Epoch 2 - train_rmse:0.41742  valid_rmse:0.57716
Starting 3 epoch...
Epoch 3, Step 10 - valid_rmse:0.81819
Epoch 3, Step 20 - valid_rmse:0.61694
Epoch 3, Step 30 - valid_rmse:0.55048
Epoch 3, Step 40 - valid_rmse:0.64651
Epoch 3, Step 50 - valid_rmse:0.52757
Epoch 3, Step 60 - valid_rmse:0.53410
Epoch 3, Step 70 - valid_rmse:0.57978
Epoch 3, Step 80 - valid_rmse:0.53834
Epoch 3, Step 90 - valid_rmse:0.52830
Epoch 3, Step 100 - valid_rmse:0.53779
Epoch 3, Step 110 - valid_rmse:0.55471
Epoch 3, Step 120 - valid_rmse:0.53704
Epoch 3, Step 130 - valid_rmse:0.56545
Epoch 3, Step 140 - valid_rmse:0.53252
Epoch 3 - avg_train_loss: 0.51083  avg_val_loss: 0.61031  time: 263s
Epoch 3 - train_rmse:0.33147  valid_rmse:0.53252
Starting 4 epoch...
Epoch 4, Step 10 - valid_rmse:0.56573
Epoch 4, Step 20 - valid_rmse:0.55212
Epoch 4, Step 30 - valid_rmse:0.53019
Epoch 4, Step 40 - valid_rmse:0.51786
Epoch 4, Step 50 - valid_rmse:0.52745
Epoch 4, Step 60 - valid_rmse:0.53298
Epoch 4, Step 70 - valid_rmse:0.52332
Epoch 4, Step 80 - valid_rmse:0.51688
Epoch 4, Step 90 - valid_rmse:0.59271
Epoch 4, Step 100 - valid_rmse:0.53963
Epoch 4, Step 110 - valid_rmse:0.52256
Epoch 4, Step 120 - valid_rmse:0.51020
>>>>>>>> Model Improved From 0.5168368304872129 ----> 0.5101961780892614
Epoch 4, Step 130 - valid_rmse:0.52294
Epoch 4, Step 140 - valid_rmse:0.51001
>>>>>>>> Model Improved From 0.5101961780892614 ----> 0.5100080343563949
Epoch 4 - avg_train_loss: 0.47891  avg_val_loss: 0.59884  time: 275s
Epoch 4 - train_rmse:0.26902  valid_rmse:0.51001
Starting 5 epoch...
Epoch 5, Step 10 - valid_rmse:0.73173
Epoch 5, Step 20 - valid_rmse:0.58740
Epoch 5, Step 30 - valid_rmse:0.52833
Epoch 5, Step 40 - valid_rmse:0.52896
Epoch 5, Step 50 - valid_rmse:0.53358
Epoch 5, Step 60 - valid_rmse:0.52661
Epoch 5, Step 70 - valid_rmse:0.52815
Epoch 5, Step 80 - valid_rmse:0.52320
Epoch 5, Step 90 - valid_rmse:0.52245
Epoch 5, Step 100 - valid_rmse:0.53764
Epoch 5, Step 110 - valid_rmse:0.52671
Epoch 5, Step 120 - valid_rmse:0.56948
Epoch 5, Step 130 - valid_rmse:0.52092
Epoch 5, Step 140 - valid_rmse:0.52399
Epoch 5 - avg_train_loss: 0.46536  avg_val_loss: 0.60476  time: 264s
Epoch 5 - train_rmse:0.24443  valid_rmse:0.52399
========================================================================================================================
Fold 3 Training
========================================================================================================================
Starting 1 epoch...
Epoch 1, Step 10 - valid_rmse:0.97810
>>>>>>>> Model Improved From inf ----> 0.978102354322605
Epoch 1, Step 20 - valid_rmse:0.78295
>>>>>>>> Model Improved From 0.978102354322605 ----> 0.7829514431188994
Epoch 1, Step 30 - valid_rmse:0.82845
Epoch 1, Step 40 - valid_rmse:0.82661
Epoch 1, Step 50 - valid_rmse:0.71405
>>>>>>>> Model Improved From 0.7829514431188994 ----> 0.7140450031887459
Epoch 1, Step 60 - valid_rmse:0.64759
>>>>>>>> Model Improved From 0.7140450031887459 ----> 0.647590555501732
Epoch 1, Step 70 - valid_rmse:0.66084
Epoch 1, Step 80 - valid_rmse:0.66027
Epoch 1, Step 90 - valid_rmse:0.66008
Epoch 1, Step 100 - valid_rmse:0.63673
>>>>>>>> Model Improved From 0.647590555501732 ----> 0.6367327251656673
Epoch 1, Step 110 - valid_rmse:0.56900
>>>>>>>> Model Improved From 0.6367327251656673 ----> 0.5690041385923812
Epoch 1, Step 120 - valid_rmse:0.58382
Epoch 1, Step 130 - valid_rmse:0.57607
Epoch 1, Step 140 - valid_rmse:0.63655
Epoch 1 - avg_train_loss: 0.74927  avg_val_loss: 0.67128  time: 298s
Epoch 1 - train_rmse:0.77838  valid_rmse:0.63655
Starting 2 epoch...
Epoch 2, Step 10 - valid_rmse:0.65909
Epoch 2, Step 20 - valid_rmse:0.58014
Epoch 2, Step 30 - valid_rmse:0.62744
Epoch 2, Step 40 - valid_rmse:0.60429
Epoch 2, Step 50 - valid_rmse:0.54702
>>>>>>>> Model Improved From 0.5690041385923812 ----> 0.5470247710266384
Epoch 2, Step 60 - valid_rmse:0.54038
>>>>>>>> Model Improved From 0.5470247710266384 ----> 0.5403751153713683
Epoch 2, Step 70 - valid_rmse:0.58074
Epoch 2, Step 80 - valid_rmse:0.71055
Epoch 2, Step 90 - valid_rmse:0.55205
Epoch 2, Step 100 - valid_rmse:0.53912
>>>>>>>> Model Improved From 0.5403751153713683 ----> 0.5391190682970017
Epoch 2, Step 110 - valid_rmse:0.56206
Epoch 2, Step 120 - valid_rmse:0.52409
>>>>>>>> Model Improved From 0.5391190682970017 ----> 0.5240883810541843
Epoch 2, Step 130 - valid_rmse:0.52782
Epoch 2, Step 140 - valid_rmse:0.54844
Epoch 2 - avg_train_loss: 0.59241  avg_val_loss: 0.62388  time: 293s
Epoch 2 - train_rmse:0.49414  valid_rmse:0.54844
Starting 3 epoch...
Epoch 3, Step 10 - valid_rmse:0.88210
Epoch 3, Step 20 - valid_rmse:0.59754
Epoch 3, Step 30 - valid_rmse:0.52418
Epoch 3, Step 40 - valid_rmse:0.54715
Epoch 3, Step 50 - valid_rmse:0.66275
Epoch 3, Step 60 - valid_rmse:0.52642
Epoch 3, Step 70 - valid_rmse:0.52317
>>>>>>>> Model Improved From 0.5240883810541843 ----> 0.5231716819047567
Epoch 3, Step 80 - valid_rmse:0.52749
Epoch 3, Step 90 - valid_rmse:0.52616
Epoch 3, Step 100 - valid_rmse:0.54610
Epoch 3, Step 110 - valid_rmse:0.52448
Epoch 3, Step 120 - valid_rmse:0.53780
Epoch 3, Step 130 - valid_rmse:0.52155
>>>>>>>> Model Improved From 0.5231716819047567 ----> 0.5215540532274042
Epoch 3, Step 140 - valid_rmse:0.53758
Epoch 3 - avg_train_loss: 0.52245  avg_val_loss: 0.61604  time: 278s
Epoch 3 - train_rmse:0.35929  valid_rmse:0.53758
Starting 4 epoch...
Epoch 4, Step 10 - valid_rmse:0.67522
Epoch 4, Step 20 - valid_rmse:0.55469
Epoch 4, Step 30 - valid_rmse:0.55598
Epoch 4, Step 40 - valid_rmse:0.52060
>>>>>>>> Model Improved From 0.5215540532274042 ----> 0.5206022880822546
Epoch 4, Step 50 - valid_rmse:0.53258
Epoch 4, Step 60 - valid_rmse:0.51492
>>>>>>>> Model Improved From 0.5206022880822546 ----> 0.5149220178759695
Epoch 4, Step 70 - valid_rmse:0.51257
>>>>>>>> Model Improved From 0.5149220178759695 ----> 0.5125678051537688
Epoch 4, Step 80 - valid_rmse:0.51788
Epoch 4, Step 90 - valid_rmse:0.54249
Epoch 4, Step 100 - valid_rmse:0.53307
Epoch 4, Step 110 - valid_rmse:0.51179
>>>>>>>> Model Improved From 0.5125678051537688 ----> 0.511793770202711
Epoch 4, Step 120 - valid_rmse:0.50681
>>>>>>>> Model Improved From 0.511793770202711 ----> 0.5068135459290924
Epoch 4, Step 130 - valid_rmse:0.51201
Epoch 4, Step 140 - valid_rmse:0.51123
Epoch 4 - avg_train_loss: 0.48509  avg_val_loss: 0.60283  time: 298s
Epoch 4 - train_rmse:0.28427  valid_rmse:0.51123
Starting 5 epoch...
Epoch 5, Step 10 - valid_rmse:0.53981
Epoch 5, Step 20 - valid_rmse:0.56348
Epoch 5, Step 30 - valid_rmse:0.51857
Epoch 5, Step 40 - valid_rmse:0.51201
Epoch 5, Step 50 - valid_rmse:0.51630
Epoch 5, Step 60 - valid_rmse:0.57153
Epoch 5, Step 70 - valid_rmse:0.53221
Epoch 5, Step 80 - valid_rmse:0.52087
Epoch 5, Step 90 - valid_rmse:0.51884
Epoch 5, Step 100 - valid_rmse:0.52831
Epoch 5, Step 110 - valid_rmse:0.52246
Epoch 5, Step 120 - valid_rmse:0.52554
Epoch 5, Step 130 - valid_rmse:0.51192
Epoch 5, Step 140 - valid_rmse:0.51796
Epoch 5 - avg_train_loss: 0.46689  avg_val_loss: 0.60578  time: 265s
Epoch 5 - train_rmse:0.24777  valid_rmse:0.51796
========================================================================================================================
Fold 4 Training
========================================================================================================================
Starting 1 epoch...
Epoch 1, Step 10 - valid_rmse:0.95283
>>>>>>>> Model Improved From inf ----> 0.9528334004766564
Epoch 1, Step 20 - valid_rmse:0.78416
>>>>>>>> Model Improved From 0.9528334004766564 ----> 0.7841643847644028
Epoch 1, Step 30 - valid_rmse:0.73050
>>>>>>>> Model Improved From 0.7841643847644028 ----> 0.7305035345814599
Epoch 1, Step 40 - valid_rmse:0.70887
>>>>>>>> Model Improved From 0.7305035345814599 ----> 0.7088731378202892
Epoch 1, Step 50 - valid_rmse:0.60339
>>>>>>>> Model Improved From 0.7088731378202892 ----> 0.6033905000110156
Epoch 1, Step 60 - valid_rmse:0.71451
Epoch 1, Step 70 - valid_rmse:0.59792
>>>>>>>> Model Improved From 0.6033905000110156 ----> 0.5979239579278304
Epoch 1, Step 80 - valid_rmse:0.57427
>>>>>>>> Model Improved From 0.5979239579278304 ----> 0.5742666503654
Epoch 1, Step 90 - valid_rmse:0.81008
Epoch 1, Step 100 - valid_rmse:0.56274
>>>>>>>> Model Improved From 0.5742666503654 ----> 0.5627378696152063
Epoch 1, Step 110 - valid_rmse:0.53491
>>>>>>>> Model Improved From 0.5627378696152063 ----> 0.5349134281672805
Epoch 1, Step 120 - valid_rmse:0.81875
Epoch 1, Step 130 - valid_rmse:0.67271
Epoch 1, Step 140 - valid_rmse:0.65017
Epoch 1 - avg_train_loss: 0.71423  avg_val_loss: 0.67323  time: 319s
Epoch 1 - train_rmse:0.73031  valid_rmse:0.65017
Starting 2 epoch...
Epoch 2, Step 10 - valid_rmse:0.57735
Epoch 2, Step 20 - valid_rmse:0.55839
Epoch 2, Step 30 - valid_rmse:0.53253
>>>>>>>> Model Improved From 0.5349134281672805 ----> 0.5325327797899784
Epoch 2, Step 40 - valid_rmse:0.53388
Epoch 2, Step 50 - valid_rmse:0.52554
>>>>>>>> Model Improved From 0.5325327797899784 ----> 0.5255395041658442
Epoch 2, Step 60 - valid_rmse:0.52955
Epoch 2, Step 70 - valid_rmse:0.57738
Epoch 2, Step 80 - valid_rmse:0.55881
Epoch 2, Step 90 - valid_rmse:0.52322
>>>>>>>> Model Improved From 0.5255395041658442 ----> 0.5232204045551414
Epoch 2, Step 100 - valid_rmse:0.65301
Epoch 2, Step 110 - valid_rmse:0.54493
Epoch 2, Step 120 - valid_rmse:0.59227
Epoch 2, Step 130 - valid_rmse:0.52340
Epoch 2, Step 140 - valid_rmse:0.57296
Epoch 2 - avg_train_loss: 0.58208  avg_val_loss: 0.63272  time: 285s
Epoch 2 - train_rmse:0.48080  valid_rmse:0.57296
Starting 3 epoch...
Epoch 3, Step 10 - valid_rmse:0.56412
Epoch 3, Step 20 - valid_rmse:0.53425
Epoch 3, Step 30 - valid_rmse:0.54138
Epoch 3, Step 40 - valid_rmse:0.55386
Epoch 3, Step 50 - valid_rmse:0.50618
>>>>>>>> Model Improved From 0.5232204045551414 ----> 0.5061837885643288
Epoch 3, Step 60 - valid_rmse:0.50293
>>>>>>>> Model Improved From 0.5061837885643288 ----> 0.502934192800776
Epoch 3, Step 70 - valid_rmse:0.50391
Epoch 3, Step 80 - valid_rmse:0.54846
Epoch 3, Step 90 - valid_rmse:0.54505
Epoch 3, Step 100 - valid_rmse:0.55510
Epoch 3, Step 110 - valid_rmse:0.51696
Epoch 3, Step 120 - valid_rmse:0.50729
Epoch 3, Step 130 - valid_rmse:0.52394
Epoch 3, Step 140 - valid_rmse:0.51124
Epoch 3 - avg_train_loss: 0.51667  avg_val_loss: 0.60210  time: 278s
Epoch 3 - train_rmse:0.35010  valid_rmse:0.51124
Starting 4 epoch...
Epoch 4, Step 10 - valid_rmse:0.88928
Epoch 4, Step 20 - valid_rmse:0.79762
Epoch 4, Step 30 - valid_rmse:0.58400
Epoch 4, Step 40 - valid_rmse:0.57960
Epoch 4, Step 50 - valid_rmse:0.51334
Epoch 4, Step 60 - valid_rmse:0.51791
Epoch 4, Step 70 - valid_rmse:0.52623
Epoch 4, Step 80 - valid_rmse:0.52270
Epoch 4, Step 90 - valid_rmse:0.50143
>>>>>>>> Model Improved From 0.502934192800776 ----> 0.5014251448659973
Epoch 4, Step 100 - valid_rmse:0.52379
Epoch 4, Step 110 - valid_rmse:0.51378
Epoch 4, Step 120 - valid_rmse:0.57816
Epoch 4, Step 130 - valid_rmse:0.50770
Epoch 4, Step 140 - valid_rmse:0.53403
Epoch 4 - avg_train_loss: 0.50192  avg_val_loss: 0.61320  time: 270s
Epoch 4 - train_rmse:0.32906  valid_rmse:0.53403
Starting 5 epoch...
Epoch 5, Step 10 - valid_rmse:0.69259
Epoch 5, Step 20 - valid_rmse:0.61517
Epoch 5, Step 30 - valid_rmse:0.52718
Epoch 5, Step 40 - valid_rmse:0.52854
Epoch 5, Step 50 - valid_rmse:0.51927
Epoch 5, Step 60 - valid_rmse:0.54941
Epoch 5, Step 70 - valid_rmse:0.51405
Epoch 5, Step 80 - valid_rmse:0.51648
Epoch 5, Step 90 - valid_rmse:0.51331
Epoch 5, Step 100 - valid_rmse:0.52672
Epoch 5, Step 110 - valid_rmse:0.49873
>>>>>>>> Model Improved From 0.5014251448659973 ----> 0.4987299519004017
Epoch 5, Step 120 - valid_rmse:0.50486
Epoch 5, Step 130 - valid_rmse:0.51328
Epoch 5, Step 140 - valid_rmse:0.51055
Epoch 5 - avg_train_loss: 0.48032  avg_val_loss: 0.60061  time: 270s
Epoch 5 - train_rmse:0.27381  valid_rmse:0.51055
0.48558020075626174
0.48667520771513917
0.5096625770977778
0.525545210049662
0.5005421903258115
cv score 0.5018245412017578
========================================================================================================================
Fold 0 Training
========================================================================================================================
Starting 1 epoch...
Epoch 1, Step 10 - valid_rmse:1.03227
>>>>>>>> Model Improved From inf ----> 1.0322684340623138
Epoch 1, Step 20 - valid_rmse:0.95794
>>>>>>>> Model Improved From 1.0322684340623138 ----> 0.9579422188741616
Epoch 1, Step 30 - valid_rmse:0.84535
>>>>>>>> Model Improved From 0.9579422188741616 ----> 0.8453539032314614
Epoch 1, Step 40 - valid_rmse:0.66329
>>>>>>>> Model Improved From 0.8453539032314614 ----> 0.6632910332557362
Epoch 1, Step 50 - valid_rmse:0.68532
Epoch 1, Step 60 - valid_rmse:0.75669
Epoch 1, Step 70 - valid_rmse:0.78082
Epoch 1, Step 80 - valid_rmse:0.58902
>>>>>>>> Model Improved From 0.6632910332557362 ----> 0.5890166385333139
Epoch 1, Step 90 - valid_rmse:0.64772
Epoch 1, Step 100 - valid_rmse:0.53855
>>>>>>>> Model Improved From 0.5890166385333139 ----> 0.5385530087093315
Epoch 1, Step 110 - valid_rmse:0.54360
Epoch 1, Step 120 - valid_rmse:0.52494
>>>>>>>> Model Improved From 0.5385530087093315 ----> 0.5249366877727222
Epoch 1, Step 130 - valid_rmse:0.53026
Epoch 1, Step 140 - valid_rmse:0.57049
Epoch 1 - avg_train_loss: 0.71014  avg_val_loss: 0.63544  time: 299s
Epoch 1 - train_rmse:0.72239  valid_rmse:0.57049
Starting 2 epoch...
Epoch 2, Step 10 - valid_rmse:0.71843
Epoch 2, Step 20 - valid_rmse:0.55856
Epoch 2, Step 30 - valid_rmse:0.58051
Epoch 2, Step 40 - valid_rmse:0.53413
Epoch 2, Step 50 - valid_rmse:0.59800
Epoch 2, Step 60 - valid_rmse:0.52146
>>>>>>>> Model Improved From 0.5249366877727222 ----> 0.5214612094579888
Epoch 2, Step 70 - valid_rmse:0.54142
Epoch 2, Step 80 - valid_rmse:0.54511
Epoch 2, Step 90 - valid_rmse:0.53401
Epoch 2, Step 100 - valid_rmse:0.50129
>>>>>>>> Model Improved From 0.5214612094579888 ----> 0.5012904068231181
Epoch 2, Step 110 - valid_rmse:0.51259
Epoch 2, Step 120 - valid_rmse:0.49640
>>>>>>>> Model Improved From 0.5012904068231181 ----> 0.49640211435335735
Epoch 2, Step 130 - valid_rmse:0.55095
Epoch 2, Step 140 - valid_rmse:0.56132
Epoch 2 - avg_train_loss: 0.57597  avg_val_loss: 0.62876  time: 282s
Epoch 2 - train_rmse:0.46040  valid_rmse:0.56132
Starting 3 epoch...
Epoch 3, Step 10 - valid_rmse:0.62888
Epoch 3, Step 20 - valid_rmse:0.52870
Epoch 3, Step 30 - valid_rmse:0.49775
Epoch 3, Step 40 - valid_rmse:0.49996
Epoch 3, Step 50 - valid_rmse:0.50340
Epoch 3, Step 60 - valid_rmse:0.49353
>>>>>>>> Model Improved From 0.49640211435335735 ----> 0.4935298547521822
Epoch 3, Step 70 - valid_rmse:0.50355
Epoch 3, Step 80 - valid_rmse:0.54601
Epoch 3, Step 90 - valid_rmse:0.53947
Epoch 3, Step 100 - valid_rmse:0.48616
>>>>>>>> Model Improved From 0.4935298547521822 ----> 0.48615887722454953
Epoch 3, Step 110 - valid_rmse:0.50547
Epoch 3, Step 120 - valid_rmse:0.50258
Epoch 3, Step 130 - valid_rmse:0.53342
Epoch 3, Step 140 - valid_rmse:0.53322
Epoch 3 - avg_train_loss: 0.50118  avg_val_loss: 0.61291  time: 278s
Epoch 3 - train_rmse:0.31297  valid_rmse:0.53322
Starting 4 epoch...
Epoch 4, Step 10 - valid_rmse:0.78435
Epoch 4, Step 20 - valid_rmse:0.68853
Epoch 4, Step 30 - valid_rmse:0.53342
Epoch 4, Step 40 - valid_rmse:0.50964
Epoch 4, Step 50 - valid_rmse:0.53151
Epoch 4, Step 60 - valid_rmse:0.50705
Epoch 4, Step 70 - valid_rmse:0.54692
Epoch 4, Step 80 - valid_rmse:0.56551
Epoch 4, Step 90 - valid_rmse:0.50409
Epoch 4, Step 100 - valid_rmse:0.53331
Epoch 4, Step 110 - valid_rmse:0.49717
Epoch 4, Step 120 - valid_rmse:0.51303
Epoch 4, Step 130 - valid_rmse:0.49768
Epoch 4, Step 140 - valid_rmse:0.51418
Epoch 4 - avg_train_loss: 0.48710  avg_val_loss: 0.60255  time: 263s
Epoch 4 - train_rmse:0.28934  valid_rmse:0.51418
Starting 5 epoch...
Epoch 5, Step 10 - valid_rmse:0.61153
Epoch 5, Step 20 - valid_rmse:0.50303
Epoch 5, Step 30 - valid_rmse:0.49698
Epoch 5, Step 40 - valid_rmse:0.48484
>>>>>>>> Model Improved From 0.48615887722454953 ----> 0.4848390169477168
Epoch 5, Step 50 - valid_rmse:0.52812
Epoch 5, Step 60 - valid_rmse:0.48980
Epoch 5, Step 70 - valid_rmse:0.51869
Epoch 5, Step 80 - valid_rmse:0.50369
Epoch 5, Step 90 - valid_rmse:0.48626
Epoch 5, Step 100 - valid_rmse:0.48650
Epoch 5, Step 110 - valid_rmse:0.49269
Epoch 5, Step 120 - valid_rmse:0.50552
Epoch 5, Step 130 - valid_rmse:0.48726
Epoch 5, Step 140 - valid_rmse:0.49797
Epoch 5 - avg_train_loss: 0.46055  avg_val_loss: 0.59531  time: 268s
Epoch 5 - train_rmse:0.23282  valid_rmse:0.49797
========================================================================================================================
Fold 1 Training
========================================================================================================================
Starting 1 epoch...
Epoch 1, Step 10 - valid_rmse:1.10691
>>>>>>>> Model Improved From inf ----> 1.1069070228895328
Epoch 1, Step 20 - valid_rmse:0.97272
>>>>>>>> Model Improved From 1.1069070228895328 ----> 0.9727161350580691
Epoch 1, Step 30 - valid_rmse:0.71559
>>>>>>>> Model Improved From 0.9727161350580691 ----> 0.7155912296758918
Epoch 1, Step 40 - valid_rmse:0.66725
>>>>>>>> Model Improved From 0.7155912296758918 ----> 0.6672539297344439
Epoch 1, Step 50 - valid_rmse:0.70747
Epoch 1, Step 60 - valid_rmse:0.68252
Epoch 1, Step 70 - valid_rmse:0.55484
>>>>>>>> Model Improved From 0.6672539297344439 ----> 0.5548416876159629
Epoch 1, Step 80 - valid_rmse:0.53744
>>>>>>>> Model Improved From 0.5548416876159629 ----> 0.5374352858093245
Epoch 1, Step 90 - valid_rmse:0.79402
Epoch 1, Step 100 - valid_rmse:0.60657
Epoch 1, Step 110 - valid_rmse:0.52071
>>>>>>>> Model Improved From 0.5374352858093245 ----> 0.5207148455962873
Epoch 1, Step 120 - valid_rmse:0.55531
Epoch 1, Step 130 - valid_rmse:0.50831
>>>>>>>> Model Improved From 0.5207148455962873 ----> 0.5083096469007675
Epoch 1, Step 140 - valid_rmse:0.56834
Epoch 1 - avg_train_loss: 0.72585  avg_val_loss: 0.63458  time: 314s
Epoch 1 - train_rmse:0.74250  valid_rmse:0.56834
Starting 2 epoch...
Epoch 2, Step 10 - valid_rmse:0.50969
Epoch 2, Step 20 - valid_rmse:0.51245
Epoch 2, Step 30 - valid_rmse:0.57312
Epoch 2, Step 40 - valid_rmse:0.56793
Epoch 2, Step 50 - valid_rmse:0.51008
Epoch 2, Step 60 - valid_rmse:0.49733
>>>>>>>> Model Improved From 0.5083096469007675 ----> 0.4973323064028006
Epoch 2, Step 70 - valid_rmse:0.47771
>>>>>>>> Model Improved From 0.4973323064028006 ----> 0.47771465448737205
Epoch 2, Step 80 - valid_rmse:0.54728
Epoch 2, Step 90 - valid_rmse:0.48904
Epoch 2, Step 100 - valid_rmse:0.54759
Epoch 2, Step 110 - valid_rmse:0.50528
Epoch 2, Step 120 - valid_rmse:0.47489
>>>>>>>> Model Improved From 0.47771465448737205 ----> 0.4748925698484965
Epoch 2, Step 130 - valid_rmse:0.54002
Epoch 2, Step 140 - valid_rmse:0.49556
Epoch 2 - avg_train_loss: 0.56783  avg_val_loss: 0.59237  time: 282s
Epoch 2 - train_rmse:0.44352  valid_rmse:0.49556
Starting 3 epoch...
Epoch 3, Step 10 - valid_rmse:0.73501
Epoch 3, Step 20 - valid_rmse:0.51534
Epoch 3, Step 30 - valid_rmse:0.56022
Epoch 3, Step 40 - valid_rmse:0.49370
Epoch 3, Step 50 - valid_rmse:0.48630
Epoch 3, Step 60 - valid_rmse:0.58016
Epoch 3, Step 70 - valid_rmse:0.49402
Epoch 3, Step 80 - valid_rmse:0.48759
Epoch 3, Step 90 - valid_rmse:0.49817
Epoch 3, Step 100 - valid_rmse:0.51088
Epoch 3, Step 110 - valid_rmse:0.49992
Epoch 3, Step 120 - valid_rmse:0.50336
Epoch 3, Step 130 - valid_rmse:0.51058
Epoch 3, Step 140 - valid_rmse:0.50602
Epoch 3 - avg_train_loss: 0.51111  avg_val_loss: 0.59891  time: 262s
Epoch 3 - train_rmse:0.33468  valid_rmse:0.50602
Starting 4 epoch...
Epoch 4, Step 10 - valid_rmse:0.63226
Epoch 4, Step 20 - valid_rmse:0.58822
Epoch 4, Step 30 - valid_rmse:0.50357
Epoch 4, Step 40 - valid_rmse:0.49801
Epoch 4, Step 50 - valid_rmse:0.51655
Epoch 4, Step 60 - valid_rmse:0.49818
Epoch 4, Step 70 - valid_rmse:0.49022
Epoch 4, Step 80 - valid_rmse:0.51640
Epoch 4, Step 90 - valid_rmse:0.47593
Epoch 4, Step 100 - valid_rmse:0.47643
Epoch 4, Step 110 - valid_rmse:0.49436
Epoch 4, Step 120 - valid_rmse:0.52626
Epoch 4, Step 130 - valid_rmse:0.47384
>>>>>>>> Model Improved From 0.4748925698484965 ----> 0.47384211053916975
Epoch 4, Step 140 - valid_rmse:0.49499
Epoch 4 - avg_train_loss: 0.49148  avg_val_loss: 0.59185  time: 269s
Epoch 4 - train_rmse:0.29583  valid_rmse:0.49499
Starting 5 epoch...
Epoch 5, Step 10 - valid_rmse:0.75878
Epoch 5, Step 20 - valid_rmse:0.54873
Epoch 5, Step 30 - valid_rmse:0.49342
Epoch 5, Step 40 - valid_rmse:0.48735
Epoch 5, Step 50 - valid_rmse:0.49238
Epoch 5, Step 60 - valid_rmse:0.49720
Epoch 5, Step 70 - valid_rmse:0.48749
Epoch 5, Step 80 - valid_rmse:0.48280
Epoch 5, Step 90 - valid_rmse:0.47428
Epoch 5, Step 100 - valid_rmse:0.47336
>>>>>>>> Model Improved From 0.47384211053916975 ----> 0.47336027884933696
Epoch 5, Step 110 - valid_rmse:0.51435
Epoch 5, Step 120 - valid_rmse:0.48568
Epoch 5, Step 130 - valid_rmse:0.58356
Epoch 5, Step 140 - valid_rmse:0.49577
Epoch 5 - avg_train_loss: 0.47760  avg_val_loss: 0.59348  time: 268s
Epoch 5 - train_rmse:0.27704  valid_rmse:0.49577
========================================================================================================================
Fold 2 Training
========================================================================================================================
Starting 1 epoch...
Epoch 1, Step 10 - valid_rmse:0.98189
>>>>>>>> Model Improved From inf ----> 0.9818861968408561
Epoch 1, Step 20 - valid_rmse:0.87559
>>>>>>>> Model Improved From 0.9818861968408561 ----> 0.8755871661984218
Epoch 1, Step 30 - valid_rmse:0.75565
>>>>>>>> Model Improved From 0.8755871661984218 ----> 0.7556546542548553
Epoch 1, Step 40 - valid_rmse:0.73197
>>>>>>>> Model Improved From 0.7556546542548553 ----> 0.7319691710206484
Epoch 1, Step 50 - valid_rmse:0.61921
>>>>>>>> Model Improved From 0.7319691710206484 ----> 0.619214523065775
Epoch 1, Step 60 - valid_rmse:0.58851
>>>>>>>> Model Improved From 0.619214523065775 ----> 0.5885149517831373
Epoch 1, Step 70 - valid_rmse:0.88591
Epoch 1, Step 80 - valid_rmse:0.71665
Epoch 1, Step 90 - valid_rmse:0.57809
>>>>>>>> Model Improved From 0.5885149517831373 ----> 0.5780933507719914
Epoch 1, Step 100 - valid_rmse:0.70611
Epoch 1, Step 110 - valid_rmse:0.90564
Epoch 1, Step 120 - valid_rmse:0.64907
Epoch 1, Step 130 - valid_rmse:0.54926
>>>>>>>> Model Improved From 0.5780933507719914 ----> 0.5492607042542421
Epoch 1, Step 140 - valid_rmse:0.55555
Epoch 1 - avg_train_loss: 0.72891  avg_val_loss: 0.62663  time: 315s
Epoch 1 - train_rmse:0.73309  valid_rmse:0.55555
Starting 2 epoch...
Epoch 2, Step 10 - valid_rmse:0.67567
Epoch 2, Step 20 - valid_rmse:0.53484
>>>>>>>> Model Improved From 0.5492607042542421 ----> 0.534841577176939
Epoch 2, Step 30 - valid_rmse:0.57944
Epoch 2, Step 40 - valid_rmse:0.58561
Epoch 2, Step 50 - valid_rmse:0.51459
>>>>>>>> Model Improved From 0.534841577176939 ----> 0.5145928257930377
Epoch 2, Step 60 - valid_rmse:0.51303
>>>>>>>> Model Improved From 0.5145928257930377 ----> 0.5130341554952572
Epoch 2, Step 70 - valid_rmse:0.50802
>>>>>>>> Model Improved From 0.5130341554952572 ----> 0.5080200397854093
Epoch 2, Step 80 - valid_rmse:0.52929
Epoch 2, Step 90 - valid_rmse:0.50703
>>>>>>>> Model Improved From 0.5080200397854093 ----> 0.5070292304219816
Epoch 2, Step 100 - valid_rmse:0.57911
Epoch 2, Step 110 - valid_rmse:0.55381
Epoch 2, Step 120 - valid_rmse:0.51824
Epoch 2, Step 130 - valid_rmse:0.67614
Epoch 2, Step 140 - valid_rmse:0.72906
Epoch 2 - avg_train_loss: 0.57743  avg_val_loss: 0.70982  time: 295s
Epoch 2 - train_rmse:0.46420  valid_rmse:0.72906
Starting 3 epoch...
Epoch 3, Step 10 - valid_rmse:0.58130
Epoch 3, Step 20 - valid_rmse:0.63210
Epoch 3, Step 30 - valid_rmse:0.50871
Epoch 3, Step 40 - valid_rmse:0.50405
>>>>>>>> Model Improved From 0.5070292304219816 ----> 0.5040504004268409
Epoch 3, Step 50 - valid_rmse:0.50042
>>>>>>>> Model Improved From 0.5040504004268409 ----> 0.5004246924723061
Epoch 3, Step 60 - valid_rmse:0.49885
>>>>>>>> Model Improved From 0.5004246924723061 ----> 0.4988474622956738
Epoch 3, Step 70 - valid_rmse:0.56900
Epoch 3, Step 80 - valid_rmse:0.53108
Epoch 3, Step 90 - valid_rmse:0.50969
Epoch 3, Step 100 - valid_rmse:0.50471
Epoch 3, Step 110 - valid_rmse:0.51190
Epoch 3, Step 120 - valid_rmse:0.49702
>>>>>>>> Model Improved From 0.4988474622956738 ----> 0.4970217829918563
Epoch 3, Step 130 - valid_rmse:0.51126
Epoch 3, Step 140 - valid_rmse:0.50460
Epoch 3 - avg_train_loss: 0.52170  avg_val_loss: 0.59605  time: 289s
Epoch 3 - train_rmse:0.36256  valid_rmse:0.50460
Starting 4 epoch...
Epoch 4, Step 10 - valid_rmse:0.64239
Epoch 4, Step 20 - valid_rmse:0.52900
Epoch 4, Step 30 - valid_rmse:0.51660
Epoch 4, Step 40 - valid_rmse:0.54221
Epoch 4, Step 50 - valid_rmse:0.50581
Epoch 4, Step 60 - valid_rmse:0.50616
Epoch 4, Step 70 - valid_rmse:0.52248
Epoch 4, Step 80 - valid_rmse:0.51576
Epoch 4, Step 90 - valid_rmse:0.51850
Epoch 4, Step 100 - valid_rmse:0.50197
Epoch 4, Step 110 - valid_rmse:0.53932
Epoch 4, Step 120 - valid_rmse:0.50514
Epoch 4, Step 130 - valid_rmse:0.51965
Epoch 4, Step 140 - valid_rmse:0.50389
Epoch 4 - avg_train_loss: 0.47771  avg_val_loss: 0.59610  time: 262s
Epoch 4 - train_rmse:0.26723  valid_rmse:0.50389
Starting 5 epoch...
Epoch 5, Step 10 - valid_rmse:0.87179
Epoch 5, Step 20 - valid_rmse:0.58828
Epoch 5, Step 30 - valid_rmse:0.57376
Epoch 5, Step 40 - valid_rmse:0.52120
Epoch 5, Step 50 - valid_rmse:0.50962
Epoch 5, Step 60 - valid_rmse:0.51746
Epoch 5, Step 70 - valid_rmse:0.52484
Epoch 5, Step 80 - valid_rmse:0.54255
Epoch 5, Step 90 - valid_rmse:0.50964
Epoch 5, Step 100 - valid_rmse:0.50899
Epoch 5, Step 110 - valid_rmse:0.50954
Epoch 5, Step 120 - valid_rmse:0.52289
Epoch 5, Step 130 - valid_rmse:0.50139
Epoch 5, Step 140 - valid_rmse:0.50035
Epoch 5 - avg_train_loss: 0.46647  avg_val_loss: 0.59374  time: 260s
Epoch 5 - train_rmse:0.25114  valid_rmse:0.50035
========================================================================================================================
Fold 3 Training
========================================================================================================================
Starting 1 epoch...
Epoch 1, Step 10 - valid_rmse:0.96670
>>>>>>>> Model Improved From inf ----> 0.9667011755644525
Epoch 1, Step 20 - valid_rmse:0.92028
>>>>>>>> Model Improved From 0.9667011755644525 ----> 0.9202782786476301
Epoch 1, Step 30 - valid_rmse:0.88064
>>>>>>>> Model Improved From 0.9202782786476301 ----> 0.8806416635695526
Epoch 1, Step 40 - valid_rmse:0.81748
>>>>>>>> Model Improved From 0.8806416635695526 ----> 0.8174827816738454
Epoch 1, Step 50 - valid_rmse:0.74927
>>>>>>>> Model Improved From 0.8174827816738454 ----> 0.7492704594579097
Epoch 1, Step 60 - valid_rmse:0.64080
>>>>>>>> Model Improved From 0.7492704594579097 ----> 0.6407985422277657
Epoch 1, Step 70 - valid_rmse:0.64883
Epoch 1, Step 80 - valid_rmse:0.61558
>>>>>>>> Model Improved From 0.6407985422277657 ----> 0.6155761811974543
Epoch 1, Step 90 - valid_rmse:0.58135
>>>>>>>> Model Improved From 0.6155761811974543 ----> 0.5813525454110616
Epoch 1, Step 100 - valid_rmse:0.58351
Epoch 1, Step 110 - valid_rmse:0.55500
>>>>>>>> Model Improved From 0.5813525454110616 ----> 0.555004881949515
Epoch 1, Step 120 - valid_rmse:0.59211
Epoch 1, Step 130 - valid_rmse:0.55719
Epoch 1, Step 140 - valid_rmse:0.58709
Epoch 1 - avg_train_loss: 0.74880  avg_val_loss: 0.64682  time: 321s
Epoch 1 - train_rmse:0.78634  valid_rmse:0.58709
Starting 2 epoch...
Epoch 2, Step 10 - valid_rmse:0.55246
>>>>>>>> Model Improved From 0.555004881949515 ----> 0.5524615632132137
Epoch 2, Step 20 - valid_rmse:0.60760
Epoch 2, Step 30 - valid_rmse:0.55459
Epoch 2, Step 40 - valid_rmse:0.53308
>>>>>>>> Model Improved From 0.5524615632132137 ----> 0.5330810282807495
Epoch 2, Step 50 - valid_rmse:0.53767
Epoch 2, Step 60 - valid_rmse:0.53851
Epoch 2, Step 70 - valid_rmse:0.51408
>>>>>>>> Model Improved From 0.5330810282807495 ----> 0.5140798236598783
Epoch 2, Step 80 - valid_rmse:0.63172
Epoch 2, Step 90 - valid_rmse:0.51510
Epoch 2, Step 100 - valid_rmse:0.53069
Epoch 2, Step 110 - valid_rmse:0.53503
Epoch 2, Step 120 - valid_rmse:0.53588
Epoch 2, Step 130 - valid_rmse:0.51046
>>>>>>>> Model Improved From 0.5140798236598783 ----> 0.510458623612264
Epoch 2, Step 140 - valid_rmse:0.61531
Epoch 2 - avg_train_loss: 0.58545  avg_val_loss: 0.65610  time: 290s
Epoch 2 - train_rmse:0.47792  valid_rmse:0.61531
Starting 3 epoch...
Epoch 3, Step 10 - valid_rmse:0.73274
Epoch 3, Step 20 - valid_rmse:0.52305
Epoch 3, Step 30 - valid_rmse:0.52776
Epoch 3, Step 40 - valid_rmse:0.52241
Epoch 3, Step 50 - valid_rmse:0.53342
Epoch 3, Step 60 - valid_rmse:0.55010
Epoch 3, Step 70 - valid_rmse:0.51268
Epoch 3, Step 80 - valid_rmse:0.52233
Epoch 3, Step 90 - valid_rmse:0.50779
>>>>>>>> Model Improved From 0.510458623612264 ----> 0.5077870893589331
Epoch 3, Step 100 - valid_rmse:0.57571
Epoch 3, Step 110 - valid_rmse:0.51585
Epoch 3, Step 120 - valid_rmse:0.50716
>>>>>>>> Model Improved From 0.5077870893589331 ----> 0.5071565514705061
Epoch 3, Step 130 - valid_rmse:0.50772
Epoch 3, Step 140 - valid_rmse:0.50538
>>>>>>>> Model Improved From 0.5071565514705061 ----> 0.505383285945821
Epoch 3 - avg_train_loss: 0.51730  avg_val_loss: 0.60010  time: 283s
Epoch 3 - train_rmse:0.34657  valid_rmse:0.50538
Starting 4 epoch...
Epoch 4, Step 10 - valid_rmse:0.58684
Epoch 4, Step 20 - valid_rmse:0.55920
Epoch 4, Step 30 - valid_rmse:0.50784
Epoch 4, Step 40 - valid_rmse:0.50900
Epoch 4, Step 50 - valid_rmse:0.51629
Epoch 4, Step 60 - valid_rmse:0.51026
Epoch 4, Step 70 - valid_rmse:0.50388
>>>>>>>> Model Improved From 0.505383285945821 ----> 0.5038790508747314
Epoch 4, Step 80 - valid_rmse:0.55426
Epoch 4, Step 90 - valid_rmse:0.50587
Epoch 4, Step 100 - valid_rmse:0.49873
>>>>>>>> Model Improved From 0.5038790508747314 ----> 0.4987295420161581
Epoch 4, Step 110 - valid_rmse:0.52544
Epoch 4, Step 120 - valid_rmse:0.49775
>>>>>>>> Model Improved From 0.4987295420161581 ----> 0.4977527919220566
Epoch 4, Step 130 - valid_rmse:0.52980
Epoch 4, Step 140 - valid_rmse:0.50251
Epoch 4 - avg_train_loss: 0.48634  avg_val_loss: 0.59769  time: 282s
Epoch 4 - train_rmse:0.28513  valid_rmse:0.50251
Starting 5 epoch...
Epoch 5, Step 10 - valid_rmse:0.51495
Epoch 5, Step 20 - valid_rmse:0.55998
Epoch 5, Step 30 - valid_rmse:0.51529
Epoch 5, Step 40 - valid_rmse:0.53298
Epoch 5, Step 50 - valid_rmse:0.50699
Epoch 5, Step 60 - valid_rmse:0.50239
Epoch 5, Step 70 - valid_rmse:0.49804
Epoch 5, Step 80 - valid_rmse:0.50300
Epoch 5, Step 90 - valid_rmse:0.53058
Epoch 5, Step 100 - valid_rmse:0.49829
Epoch 5, Step 110 - valid_rmse:0.49904
Epoch 5, Step 120 - valid_rmse:0.53094
Epoch 5, Step 130 - valid_rmse:0.50152
Epoch 5, Step 140 - valid_rmse:0.50493
Epoch 5 - avg_train_loss: 0.46952  avg_val_loss: 0.59839  time: 262s
Epoch 5 - train_rmse:0.25306  valid_rmse:0.50493
========================================================================================================================
Fold 4 Training
========================================================================================================================
Starting 1 epoch...
Epoch 1, Step 10 - valid_rmse:1.00980
>>>>>>>> Model Improved From inf ----> 1.0097996800939122
Epoch 1, Step 20 - valid_rmse:0.99181
>>>>>>>> Model Improved From 1.0097996800939122 ----> 0.9918092884592332
Epoch 1, Step 30 - valid_rmse:0.73783
>>>>>>>> Model Improved From 0.9918092884592332 ----> 0.7378336583777577
Epoch 1, Step 40 - valid_rmse:0.80011
Epoch 1, Step 50 - valid_rmse:0.74330
Epoch 1, Step 60 - valid_rmse:0.67419
>>>>>>>> Model Improved From 0.7378336583777577 ----> 0.6741919656267146
Epoch 1, Step 70 - valid_rmse:0.55070
>>>>>>>> Model Improved From 0.6741919656267146 ----> 0.5507009342881881
Epoch 1, Step 80 - valid_rmse:0.54405
>>>>>>>> Model Improved From 0.5507009342881881 ----> 0.5440515090607712
Epoch 1, Step 90 - valid_rmse:0.64781
Epoch 1, Step 100 - valid_rmse:0.53603
>>>>>>>> Model Improved From 0.5440515090607712 ----> 0.5360258132978071
Epoch 1, Step 110 - valid_rmse:0.51918
>>>>>>>> Model Improved From 0.5360258132978071 ----> 0.5191849050631755
Epoch 1, Step 120 - valid_rmse:0.64134
Epoch 1, Step 130 - valid_rmse:0.54174
Epoch 1, Step 140 - valid_rmse:0.51897
>>>>>>>> Model Improved From 0.5191849050631755 ----> 0.5189668378954211
Epoch 1 - avg_train_loss: 0.71133  avg_val_loss: 0.60919  time: 323s
Epoch 1 - train_rmse:0.71393  valid_rmse:0.51897
Starting 2 epoch...
Epoch 2, Step 10 - valid_rmse:0.63381
Epoch 2, Step 20 - valid_rmse:0.52178
Epoch 2, Step 30 - valid_rmse:0.54888
Epoch 2, Step 40 - valid_rmse:0.54476
Epoch 2, Step 50 - valid_rmse:0.50156
>>>>>>>> Model Improved From 0.5189668378954211 ----> 0.5015563948097314
Epoch 2, Step 60 - valid_rmse:0.52283
Epoch 2, Step 70 - valid_rmse:0.54388
Epoch 2, Step 80 - valid_rmse:0.50430
Epoch 2, Step 90 - valid_rmse:0.63114
Epoch 2, Step 100 - valid_rmse:0.50236
Epoch 2, Step 110 - valid_rmse:0.53736
Epoch 2, Step 120 - valid_rmse:0.58606
Epoch 2, Step 130 - valid_rmse:0.63734
Epoch 2, Step 140 - valid_rmse:0.51028
Epoch 2 - avg_train_loss: 0.58418  avg_val_loss: 0.60408  time: 271s
Epoch 2 - train_rmse:0.48225  valid_rmse:0.51028
Starting 3 epoch...
Epoch 3, Step 10 - valid_rmse:0.53338
Epoch 3, Step 20 - valid_rmse:0.54948
Epoch 3, Step 30 - valid_rmse:0.49265
>>>>>>>> Model Improved From 0.5015563948097314 ----> 0.49264534275614313
Epoch 3, Step 40 - valid_rmse:0.52919
Epoch 3, Step 50 - valid_rmse:0.56353
Epoch 3, Step 60 - valid_rmse:0.50526
Epoch 3, Step 70 - valid_rmse:0.50577
Epoch 3, Step 80 - valid_rmse:0.50274
Epoch 3, Step 90 - valid_rmse:0.53615
Epoch 3, Step 100 - valid_rmse:0.50297
Epoch 3, Step 110 - valid_rmse:0.49716
Epoch 3, Step 120 - valid_rmse:0.49326
Epoch 3, Step 130 - valid_rmse:0.52738
Epoch 3, Step 140 - valid_rmse:0.55714
Epoch 3 - avg_train_loss: 0.50966  avg_val_loss: 0.62412  time: 269s
Epoch 3 - train_rmse:0.32772  valid_rmse:0.55714
Starting 4 epoch...
Epoch 4, Step 10 - valid_rmse:0.59531
Epoch 4, Step 20 - valid_rmse:0.56837
Epoch 4, Step 30 - valid_rmse:0.49309
Epoch 4, Step 40 - valid_rmse:0.49251
>>>>>>>> Model Improved From 0.49264534275614313 ----> 0.49251023884375206
Epoch 4, Step 50 - valid_rmse:0.49017
>>>>>>>> Model Improved From 0.49251023884375206 ----> 0.4901711707329106
Epoch 4, Step 60 - valid_rmse:0.49137
Epoch 4, Step 70 - valid_rmse:0.49358
Epoch 4, Step 80 - valid_rmse:0.51359
Epoch 4, Step 90 - valid_rmse:0.49962
Epoch 4, Step 100 - valid_rmse:0.54733
Epoch 4, Step 110 - valid_rmse:0.51030
Epoch 4, Step 120 - valid_rmse:0.53012
Epoch 4, Step 130 - valid_rmse:0.58612
Epoch 4, Step 140 - valid_rmse:0.51264
Epoch 4 - avg_train_loss: 0.48504  avg_val_loss: 0.60139  time: 274s
Epoch 4 - train_rmse:0.28678  valid_rmse:0.51264
Starting 5 epoch...
Epoch 5, Step 10 - valid_rmse:0.63928
Epoch 5, Step 20 - valid_rmse:0.59828
Epoch 5, Step 30 - valid_rmse:0.49704
Epoch 5, Step 40 - valid_rmse:0.49804
Epoch 5, Step 50 - valid_rmse:0.50430
Epoch 5, Step 60 - valid_rmse:0.53174
Epoch 5, Step 70 - valid_rmse:0.48328
>>>>>>>> Model Improved From 0.4901711707329106 ----> 0.483284169042328
Epoch 5, Step 80 - valid_rmse:0.48402
Epoch 5, Step 90 - valid_rmse:0.51338
Epoch 5, Step 100 - valid_rmse:0.50084
Epoch 5, Step 110 - valid_rmse:0.49738
Epoch 5, Step 120 - valid_rmse:0.50507
Epoch 5, Step 130 - valid_rmse:0.50168
Epoch 5, Step 140 - valid_rmse:0.51232
Epoch 5 - avg_train_loss: 0.46601  avg_val_loss: 0.60161  time: 268s
Epoch 5 - train_rmse:0.24286  valid_rmse:0.51232
0.4842391986939115
0.4780325651736744
0.4969212419825575
0.5135805177266262
0.4883314623989087
cv score 0.49237648551840474
