========================================================================================================================
Fold 0 Training
========================================================================================================================
Starting 1 epoch...
Epoch 1, Step 10 - valid_rmse:0.88062
>>>>>>>> Model Improved From inf ----> 0.8806215525869026
Epoch 1, Step 20 - valid_rmse:0.67775
>>>>>>>> Model Improved From 0.8806215525869026 ----> 0.6777547105710219
Epoch 1, Step 30 - valid_rmse:0.64637
>>>>>>>> Model Improved From 0.6777547105710219 ----> 0.6463671721558526
Epoch 1, Step 40 - valid_rmse:0.61774
>>>>>>>> Model Improved From 0.6463671721558526 ----> 0.6177404306959445
Epoch 1, Step 50 - valid_rmse:0.56822
>>>>>>>> Model Improved From 0.6177404306959445 ----> 0.5682166138494487
Epoch 1, Step 60 - valid_rmse:0.69782
Epoch 1, Step 70 - valid_rmse:0.58193
Epoch 1, Step 80 - valid_rmse:0.63093
Epoch 1, Step 90 - valid_rmse:0.60638
Epoch 1, Step 100 - valid_rmse:0.56501
>>>>>>>> Model Improved From 0.5682166138494487 ----> 0.5650124737883854
Epoch 1, Step 110 - valid_rmse:0.55836
>>>>>>>> Model Improved From 0.5650124737883854 ----> 0.5583565939163965
Epoch 1, Step 120 - valid_rmse:0.68237
Epoch 1, Step 130 - valid_rmse:0.68556
Epoch 1, Step 140 - valid_rmse:0.53052
>>>>>>>> Model Improved From 0.5583565939163965 ----> 0.5305175148076238
Epoch 1 - avg_train_loss: 0.70403  avg_val_loss: 0.61816  time: 304s
Epoch 1 - train_rmse:0.67445  valid_rmse:0.53052
Starting 2 epoch...
Epoch 2, Step 10 - valid_rmse:0.50732
>>>>>>>> Model Improved From 0.5305175148076238 ----> 0.5073154741469785
Epoch 2, Step 20 - valid_rmse:0.62664
Epoch 2, Step 30 - valid_rmse:0.49771
>>>>>>>> Model Improved From 0.5073154741469785 ----> 0.4977080933146355
Epoch 2, Step 40 - valid_rmse:0.50642
Epoch 2, Step 50 - valid_rmse:0.55163
Epoch 2, Step 60 - valid_rmse:0.52064
Epoch 2, Step 70 - valid_rmse:0.60926
Epoch 2, Step 80 - valid_rmse:0.51772
Epoch 2, Step 90 - valid_rmse:0.51783
Epoch 2, Step 100 - valid_rmse:0.49943
Epoch 2, Step 110 - valid_rmse:0.60230
Epoch 2, Step 120 - valid_rmse:0.50671
Epoch 2, Step 130 - valid_rmse:0.49150
>>>>>>>> Model Improved From 0.4977080933146355 ----> 0.4914994656964762
Epoch 2, Step 140 - valid_rmse:0.54144
Epoch 2 - avg_train_loss: 0.55501  avg_val_loss: 0.61799  time: 280s
Epoch 2 - train_rmse:0.41456  valid_rmse:0.54144
Starting 3 epoch...
Epoch 3, Step 10 - valid_rmse:0.81030
Epoch 3, Step 20 - valid_rmse:0.63339
Epoch 3, Step 30 - valid_rmse:0.54253
Epoch 3, Step 40 - valid_rmse:0.51993
Epoch 3, Step 50 - valid_rmse:0.51249
Epoch 3, Step 60 - valid_rmse:0.51201
Epoch 3, Step 70 - valid_rmse:0.49320
Epoch 3, Step 80 - valid_rmse:0.52649
Epoch 3, Step 90 - valid_rmse:0.62518
Epoch 3, Step 100 - valid_rmse:0.53332
Epoch 3, Step 110 - valid_rmse:0.50918
Epoch 3, Step 120 - valid_rmse:0.60228
Epoch 3, Step 130 - valid_rmse:0.56619
Epoch 3, Step 140 - valid_rmse:0.51866
Epoch 3 - avg_train_loss: 0.51544  avg_val_loss: 0.60727  time: 263s
Epoch 3 - train_rmse:0.34453  valid_rmse:0.51866
Starting 4 epoch...
Epoch 4, Step 10 - valid_rmse:0.54588
Epoch 4, Step 20 - valid_rmse:0.53519
Epoch 4, Step 30 - valid_rmse:0.52548
Epoch 4, Step 40 - valid_rmse:0.50788
Epoch 4, Step 50 - valid_rmse:0.49891
Epoch 4, Step 60 - valid_rmse:0.49473
Epoch 4, Step 70 - valid_rmse:0.50540
Epoch 4, Step 80 - valid_rmse:0.51972
Epoch 4, Step 90 - valid_rmse:0.52139
Epoch 4, Step 100 - valid_rmse:0.48731
>>>>>>>> Model Improved From 0.4914994656964762 ----> 0.4873064061726101
Epoch 4, Step 110 - valid_rmse:0.51150
Epoch 4, Step 120 - valid_rmse:0.54277
Epoch 4, Step 130 - valid_rmse:0.53094
Epoch 4, Step 140 - valid_rmse:0.50336
Epoch 4 - avg_train_loss: 0.48536  avg_val_loss: 0.59891  time: 268s
Epoch 4 - train_rmse:0.28717  valid_rmse:0.50336
Starting 5 epoch...
Epoch 5, Step 10 - valid_rmse:0.63816
Epoch 5, Step 20 - valid_rmse:0.57423
Epoch 5, Step 30 - valid_rmse:0.49824
Epoch 5, Step 40 - valid_rmse:0.51939
Epoch 5, Step 50 - valid_rmse:0.50004
Epoch 5, Step 60 - valid_rmse:0.51365
Epoch 5, Step 70 - valid_rmse:0.49442
Epoch 5, Step 80 - valid_rmse:0.50301
Epoch 5, Step 90 - valid_rmse:0.48540
>>>>>>>> Model Improved From 0.4873064061726101 ----> 0.4854017124919005
Epoch 5, Step 100 - valid_rmse:0.52541
Epoch 5, Step 110 - valid_rmse:0.52664
Epoch 5, Step 120 - valid_rmse:0.48950
Epoch 5, Step 130 - valid_rmse:0.49102
Epoch 5, Step 140 - valid_rmse:0.49775
Epoch 5 - avg_train_loss: 0.45871  avg_val_loss: 0.59511  time: 268s
Epoch 5 - train_rmse:0.23152  valid_rmse:0.49775
========================================================================================================================
Fold 1 Training
========================================================================================================================
Starting 1 epoch...
Epoch 1, Step 10 - valid_rmse:0.97889
>>>>>>>> Model Improved From inf ----> 0.9788905200402042
Epoch 1, Step 20 - valid_rmse:0.75797
>>>>>>>> Model Improved From 0.9788905200402042 ----> 0.7579693678587763
Epoch 1, Step 30 - valid_rmse:0.69865
>>>>>>>> Model Improved From 0.7579693678587763 ----> 0.6986522677202681
Epoch 1, Step 40 - valid_rmse:0.60806
>>>>>>>> Model Improved From 0.6986522677202681 ----> 0.6080598947608705
Epoch 1, Step 50 - valid_rmse:0.63145
Epoch 1, Step 60 - valid_rmse:0.59169
>>>>>>>> Model Improved From 0.6080598947608705 ----> 0.5916940275636102
Epoch 1, Step 70 - valid_rmse:0.72534
Epoch 1, Step 80 - valid_rmse:0.59666
Epoch 1, Step 90 - valid_rmse:0.54596
>>>>>>>> Model Improved From 0.5916940275636102 ----> 0.5459638135579845
Epoch 1, Step 100 - valid_rmse:0.56289
Epoch 1, Step 110 - valid_rmse:0.56043
Epoch 1, Step 120 - valid_rmse:0.53075
>>>>>>>> Model Improved From 0.5459638135579845 ----> 0.5307458388636582
Epoch 1, Step 130 - valid_rmse:0.53820
Epoch 1, Step 140 - valid_rmse:0.51748
>>>>>>>> Model Improved From 0.5307458388636582 ----> 0.5174778856324673
Epoch 1 - avg_train_loss: 0.70564  avg_val_loss: 0.60805  time: 313s
Epoch 1 - train_rmse:0.68124  valid_rmse:0.51748
Starting 2 epoch...
Epoch 2, Step 10 - valid_rmse:0.65187
Epoch 2, Step 20 - valid_rmse:0.50831
>>>>>>>> Model Improved From 0.5174778856324673 ----> 0.5083140697416166
Epoch 2, Step 30 - valid_rmse:0.68827
Epoch 2, Step 40 - valid_rmse:0.53210
Epoch 2, Step 50 - valid_rmse:0.50101
>>>>>>>> Model Improved From 0.5083140697416166 ----> 0.5010061886187648
Epoch 2, Step 60 - valid_rmse:0.50604
Epoch 2, Step 70 - valid_rmse:0.54850
Epoch 2, Step 80 - valid_rmse:0.54492
Epoch 2, Step 90 - valid_rmse:0.50283
Epoch 2, Step 100 - valid_rmse:0.49296
>>>>>>>> Model Improved From 0.5010061886187648 ----> 0.49296032303092335
Epoch 2, Step 110 - valid_rmse:0.52118
Epoch 2, Step 120 - valid_rmse:0.49830
Epoch 2, Step 130 - valid_rmse:0.50289
Epoch 2, Step 140 - valid_rmse:0.49713
Epoch 2 - avg_train_loss: 0.55927  avg_val_loss: 0.59459  time: 283s
Epoch 2 - train_rmse:0.42833  valid_rmse:0.49713
Starting 3 epoch...
Epoch 3, Step 10 - valid_rmse:0.59515
Epoch 3, Step 20 - valid_rmse:0.52063
Epoch 3, Step 30 - valid_rmse:0.49635
Epoch 3, Step 40 - valid_rmse:0.51608
Epoch 3, Step 50 - valid_rmse:0.49236
>>>>>>>> Model Improved From 0.49296032303092335 ----> 0.49235756763286453
Epoch 3, Step 60 - valid_rmse:0.51060
Epoch 3, Step 70 - valid_rmse:0.49878
Epoch 3, Step 80 - valid_rmse:0.50278
Epoch 3, Step 90 - valid_rmse:0.49211
>>>>>>>> Model Improved From 0.49235756763286453 ----> 0.49211211550891226
Epoch 3, Step 100 - valid_rmse:0.47661
>>>>>>>> Model Improved From 0.49211211550891226 ----> 0.47661459390018346
Epoch 3, Step 110 - valid_rmse:0.48140
Epoch 3, Step 120 - valid_rmse:0.56392
Epoch 3, Step 130 - valid_rmse:0.55083
Epoch 3, Step 140 - valid_rmse:0.51023
Epoch 3 - avg_train_loss: 0.49740  avg_val_loss: 0.60157  time: 282s
Epoch 3 - train_rmse:0.30724  valid_rmse:0.51023
Starting 4 epoch...
Epoch 4, Step 10 - valid_rmse:0.60252
Epoch 4, Step 20 - valid_rmse:0.53698
Epoch 4, Step 30 - valid_rmse:0.49273
Epoch 4, Step 40 - valid_rmse:0.52552
Epoch 4, Step 50 - valid_rmse:0.49344
Epoch 4, Step 60 - valid_rmse:0.49451
Epoch 4, Step 70 - valid_rmse:0.49620
Epoch 4, Step 80 - valid_rmse:0.48451
Epoch 4, Step 90 - valid_rmse:0.49027
Epoch 4, Step 100 - valid_rmse:0.48124
Epoch 4, Step 110 - valid_rmse:0.49803
Epoch 4, Step 120 - valid_rmse:0.48935
Epoch 4, Step 130 - valid_rmse:0.48165
Epoch 4, Step 140 - valid_rmse:0.48209
Epoch 4 - avg_train_loss: 0.47211  avg_val_loss: 0.58581  time: 263s
Epoch 4 - train_rmse:0.25732  valid_rmse:0.48209
Starting 5 epoch...
Epoch 5, Step 10 - valid_rmse:0.59459
Epoch 5, Step 20 - valid_rmse:0.50190
Epoch 5, Step 30 - valid_rmse:0.49962
Epoch 5, Step 40 - valid_rmse:0.48759
Epoch 5, Step 50 - valid_rmse:0.50719
Epoch 5, Step 60 - valid_rmse:0.50458
Epoch 5, Step 70 - valid_rmse:0.49916
Epoch 5, Step 80 - valid_rmse:0.48854
Epoch 5, Step 90 - valid_rmse:0.48944
Epoch 5, Step 100 - valid_rmse:0.53773
Epoch 5, Step 110 - valid_rmse:0.48787
Epoch 5, Step 120 - valid_rmse:0.48623
Epoch 5, Step 130 - valid_rmse:0.53671
Epoch 5, Step 140 - valid_rmse:0.49143
Epoch 5 - avg_train_loss: 0.45956  avg_val_loss: 0.59050  time: 261s
Epoch 5 - train_rmse:0.23398  valid_rmse:0.49143
========================================================================================================================
Fold 2 Training
========================================================================================================================
Starting 1 epoch...
Epoch 1, Step 10 - valid_rmse:0.94545
>>>>>>>> Model Improved From inf ----> 0.9454519184970605
Epoch 1, Step 20 - valid_rmse:0.71796
>>>>>>>> Model Improved From 0.9454519184970605 ----> 0.7179572250091671
Epoch 1, Step 30 - valid_rmse:0.77962
Epoch 1, Step 40 - valid_rmse:0.66721
>>>>>>>> Model Improved From 0.7179572250091671 ----> 0.6672050897378683
Epoch 1, Step 50 - valid_rmse:0.65567
>>>>>>>> Model Improved From 0.6672050897378683 ----> 0.6556705845263345
Epoch 1, Step 60 - valid_rmse:0.64034
>>>>>>>> Model Improved From 0.6556705845263345 ----> 0.64034414261266
Epoch 1, Step 70 - valid_rmse:0.69951
Epoch 1, Step 80 - valid_rmse:0.58176
>>>>>>>> Model Improved From 0.64034414261266 ----> 0.5817564387261692
Epoch 1, Step 90 - valid_rmse:0.67945
Epoch 1, Step 100 - valid_rmse:0.56268
>>>>>>>> Model Improved From 0.5817564387261692 ----> 0.5626764940759942
Epoch 1, Step 110 - valid_rmse:0.56688
Epoch 1, Step 120 - valid_rmse:0.56560
Epoch 1, Step 130 - valid_rmse:0.54866
>>>>>>>> Model Improved From 0.5626764940759942 ----> 0.5486587609760492
Epoch 1, Step 140 - valid_rmse:0.54678
>>>>>>>> Model Improved From 0.5486587609760492 ----> 0.5467828377820705
Epoch 1 - avg_train_loss: 0.70683  avg_val_loss: 0.62094  time: 318s
Epoch 1 - train_rmse:0.68949  valid_rmse:0.54678
Starting 2 epoch...
Epoch 2, Step 10 - valid_rmse:0.71423
Epoch 2, Step 20 - valid_rmse:0.61668
Epoch 2, Step 30 - valid_rmse:0.54080
>>>>>>>> Model Improved From 0.5467828377820705 ----> 0.5408023240097471
Epoch 2, Step 40 - valid_rmse:0.55567
Epoch 2, Step 50 - valid_rmse:0.52177
>>>>>>>> Model Improved From 0.5408023240097471 ----> 0.521767264878822
Epoch 2, Step 60 - valid_rmse:0.53832
Epoch 2, Step 70 - valid_rmse:0.63552
Epoch 2, Step 80 - valid_rmse:0.54092
Epoch 2, Step 90 - valid_rmse:0.54664
Epoch 2, Step 100 - valid_rmse:0.52060
>>>>>>>> Model Improved From 0.521767264878822 ----> 0.5205985891504897
Epoch 2, Step 110 - valid_rmse:0.57539
Epoch 2, Step 120 - valid_rmse:0.55294
Epoch 2, Step 130 - valid_rmse:0.58494
Epoch 2, Step 140 - valid_rmse:0.54087
Epoch 2 - avg_train_loss: 0.56007  avg_val_loss: 0.61712  time: 285s
Epoch 2 - train_rmse:0.42949  valid_rmse:0.54087
Starting 3 epoch...
Epoch 3, Step 10 - valid_rmse:0.60142
Epoch 3, Step 20 - valid_rmse:0.65390
Epoch 3, Step 30 - valid_rmse:0.76313
Epoch 3, Step 40 - valid_rmse:0.56482
Epoch 3, Step 50 - valid_rmse:0.55160
Epoch 3, Step 60 - valid_rmse:0.54084
Epoch 3, Step 70 - valid_rmse:0.51954
>>>>>>>> Model Improved From 0.5205985891504897 ----> 0.5195448226993189
Epoch 3, Step 80 - valid_rmse:0.51613
>>>>>>>> Model Improved From 0.5195448226993189 ----> 0.5161347056246154
Epoch 3, Step 90 - valid_rmse:0.51860
Epoch 3, Step 100 - valid_rmse:0.51666
Epoch 3, Step 110 - valid_rmse:0.51908
Epoch 3, Step 120 - valid_rmse:0.51009
>>>>>>>> Model Improved From 0.5161347056246154 ----> 0.5100921317071747
Epoch 3, Step 130 - valid_rmse:0.52893
Epoch 3, Step 140 - valid_rmse:0.58334
Epoch 3 - avg_train_loss: 0.50956  avg_val_loss: 0.63797  time: 282s
Epoch 3 - train_rmse:0.33294  valid_rmse:0.58334
Starting 4 epoch...
Epoch 4, Step 10 - valid_rmse:0.52667
Epoch 4, Step 20 - valid_rmse:0.52788
Epoch 4, Step 30 - valid_rmse:0.52065
Epoch 4, Step 40 - valid_rmse:0.51526
Epoch 4, Step 50 - valid_rmse:0.54206
Epoch 4, Step 60 - valid_rmse:0.51715
Epoch 4, Step 70 - valid_rmse:0.52812
Epoch 4, Step 80 - valid_rmse:0.52812
Epoch 4, Step 90 - valid_rmse:0.54035
Epoch 4, Step 100 - valid_rmse:0.51395
Epoch 4, Step 110 - valid_rmse:0.59814
Epoch 4, Step 120 - valid_rmse:0.51429
Epoch 4, Step 130 - valid_rmse:0.52561
Epoch 4, Step 140 - valid_rmse:0.51664
Epoch 4 - avg_train_loss: 0.47361  avg_val_loss: 0.60307  time: 261s
Epoch 4 - train_rmse:0.25777  valid_rmse:0.51664
Starting 5 epoch...
Epoch 5, Step 10 - valid_rmse:0.62479
Epoch 5, Step 20 - valid_rmse:0.55438
Epoch 5, Step 30 - valid_rmse:0.54056
Epoch 5, Step 40 - valid_rmse:0.52517
Epoch 5, Step 50 - valid_rmse:0.52255
Epoch 5, Step 60 - valid_rmse:0.51701
Epoch 5, Step 70 - valid_rmse:0.50906
>>>>>>>> Model Improved From 0.5100921317071747 ----> 0.5090565942550027
Epoch 5, Step 80 - valid_rmse:0.55248
Epoch 5, Step 90 - valid_rmse:0.51867
Epoch 5, Step 100 - valid_rmse:0.51590
Epoch 5, Step 110 - valid_rmse:0.51770
Epoch 5, Step 120 - valid_rmse:0.53795
Epoch 5, Step 130 - valid_rmse:0.55164
Epoch 5, Step 140 - valid_rmse:0.49865
>>>>>>>> Model Improved From 0.5090565942550027 ----> 0.49864646358309545
Epoch 5 - avg_train_loss: 0.46454  avg_val_loss: 0.59350  time: 273s
Epoch 5 - train_rmse:0.24249  valid_rmse:0.49865
========================================================================================================================
Fold 3 Training
========================================================================================================================
Starting 1 epoch...
Epoch 1, Step 10 - valid_rmse:0.94716
>>>>>>>> Model Improved From inf ----> 0.9471580070891065
Epoch 1, Step 20 - valid_rmse:0.69257
>>>>>>>> Model Improved From 0.9471580070891065 ----> 0.6925717230327166
Epoch 1, Step 30 - valid_rmse:0.66258
>>>>>>>> Model Improved From 0.6925717230327166 ----> 0.6625774634510772
Epoch 1, Step 40 - valid_rmse:0.67283
Epoch 1, Step 50 - valid_rmse:0.59896
>>>>>>>> Model Improved From 0.6625774634510772 ----> 0.5989639821941204
Epoch 1, Step 60 - valid_rmse:0.58801
>>>>>>>> Model Improved From 0.5989639821941204 ----> 0.5880097920842976
Epoch 1, Step 70 - valid_rmse:0.56574
>>>>>>>> Model Improved From 0.5880097920842976 ----> 0.5657410435951642
Epoch 1, Step 80 - valid_rmse:0.57057
Epoch 1, Step 90 - valid_rmse:0.60235
Epoch 1, Step 100 - valid_rmse:0.70582
Epoch 1, Step 110 - valid_rmse:0.64773
Epoch 1, Step 120 - valid_rmse:0.56045
>>>>>>>> Model Improved From 0.5657410435951642 ----> 0.560448694346976
Epoch 1, Step 130 - valid_rmse:0.58782
Epoch 1, Step 140 - valid_rmse:0.51820
>>>>>>>> Model Improved From 0.560448694346976 ----> 0.5181994434802026
Epoch 1 - avg_train_loss: 0.71493  avg_val_loss: 0.60916  time: 309s
Epoch 1 - train_rmse:0.69875  valid_rmse:0.51820
Starting 2 epoch...
Epoch 2, Step 10 - valid_rmse:0.71155
Epoch 2, Step 20 - valid_rmse:0.65499
Epoch 2, Step 30 - valid_rmse:0.51984
Epoch 2, Step 40 - valid_rmse:0.52040
Epoch 2, Step 50 - valid_rmse:0.53988
Epoch 2, Step 60 - valid_rmse:0.55392
Epoch 2, Step 70 - valid_rmse:0.53534
Epoch 2, Step 80 - valid_rmse:0.51578
>>>>>>>> Model Improved From 0.5181994434802026 ----> 0.5157784544006252
Epoch 2, Step 90 - valid_rmse:0.52527
Epoch 2, Step 100 - valid_rmse:0.55804
Epoch 2, Step 110 - valid_rmse:0.51814
Epoch 2, Step 120 - valid_rmse:0.53816
Epoch 2, Step 130 - valid_rmse:0.53652
Epoch 2, Step 140 - valid_rmse:0.52405
Epoch 2 - avg_train_loss: 0.55608  avg_val_loss: 0.60971  time: 270s
Epoch 2 - train_rmse:0.42324  valid_rmse:0.52405
Starting 3 epoch...
Epoch 3, Step 10 - valid_rmse:0.59208
Epoch 3, Step 20 - valid_rmse:0.64416
Epoch 3, Step 30 - valid_rmse:0.54487
Epoch 3, Step 40 - valid_rmse:0.53413
Epoch 3, Step 50 - valid_rmse:0.55219
Epoch 3, Step 60 - valid_rmse:0.51828
Epoch 3, Step 70 - valid_rmse:0.52910
Epoch 3, Step 80 - valid_rmse:0.53214
Epoch 3, Step 90 - valid_rmse:0.53749
Epoch 3, Step 100 - valid_rmse:0.52454
Epoch 3, Step 110 - valid_rmse:0.49533
>>>>>>>> Model Improved From 0.5157784544006252 ----> 0.49532579029377805
Epoch 3, Step 120 - valid_rmse:0.51253
Epoch 3, Step 130 - valid_rmse:0.51595
Epoch 3, Step 140 - valid_rmse:0.51864
Epoch 3 - avg_train_loss: 0.50006  avg_val_loss: 0.60654  time: 268s
Epoch 3 - train_rmse:0.31636  valid_rmse:0.51864
Starting 4 epoch...
Epoch 4, Step 10 - valid_rmse:0.75571
Epoch 4, Step 20 - valid_rmse:0.70217
Epoch 4, Step 30 - valid_rmse:0.62314
Epoch 4, Step 40 - valid_rmse:0.52659
Epoch 4, Step 50 - valid_rmse:0.51141
Epoch 4, Step 60 - valid_rmse:0.52418
Epoch 4, Step 70 - valid_rmse:0.52353
Epoch 4, Step 80 - valid_rmse:0.53336
Epoch 4, Step 90 - valid_rmse:0.63567
Epoch 4, Step 100 - valid_rmse:0.55436
Epoch 4, Step 110 - valid_rmse:0.52013
Epoch 4, Step 120 - valid_rmse:0.53794
Epoch 4, Step 130 - valid_rmse:0.52515
Epoch 4, Step 140 - valid_rmse:0.61813
Epoch 4 - avg_train_loss: 0.51181  avg_val_loss: 0.65472  time: 261s
Epoch 4 - train_rmse:0.34148  valid_rmse:0.61813
Starting 5 epoch...
Epoch 5, Step 10 - valid_rmse:0.73353
Epoch 5, Step 20 - valid_rmse:0.55005
Epoch 5, Step 30 - valid_rmse:0.55016
Epoch 5, Step 40 - valid_rmse:0.51291
Epoch 5, Step 50 - valid_rmse:0.53176
Epoch 5, Step 60 - valid_rmse:0.50023
Epoch 5, Step 70 - valid_rmse:0.49659
Epoch 5, Step 80 - valid_rmse:0.54486
Epoch 5, Step 90 - valid_rmse:0.51147
Epoch 5, Step 100 - valid_rmse:0.51013
Epoch 5, Step 110 - valid_rmse:0.55079
Epoch 5, Step 120 - valid_rmse:0.54313
Epoch 5, Step 130 - valid_rmse:0.52047
Epoch 5, Step 140 - valid_rmse:0.52320
Epoch 5 - avg_train_loss: 0.47999  avg_val_loss: 0.60788  time: 261s
Epoch 5 - train_rmse:0.27353  valid_rmse:0.52320
========================================================================================================================
Fold 4 Training
========================================================================================================================
Starting 1 epoch...
Epoch 1, Step 10 - valid_rmse:0.88334
>>>>>>>> Model Improved From inf ----> 0.8833362607465762
Epoch 1, Step 20 - valid_rmse:0.72885
>>>>>>>> Model Improved From 0.8833362607465762 ----> 0.7288452913307797
Epoch 1, Step 30 - valid_rmse:0.65402
>>>>>>>> Model Improved From 0.7288452913307797 ----> 0.6540173036202979
Epoch 1, Step 40 - valid_rmse:0.66433
Epoch 1, Step 50 - valid_rmse:0.60037
>>>>>>>> Model Improved From 0.6540173036202979 ----> 0.6003712844023505
Epoch 1, Step 60 - valid_rmse:0.57701
>>>>>>>> Model Improved From 0.6003712844023505 ----> 0.5770149561814439
Epoch 1, Step 70 - valid_rmse:0.57562
>>>>>>>> Model Improved From 0.5770149561814439 ----> 0.575622780127216
Epoch 1, Step 80 - valid_rmse:0.60809
Epoch 1, Step 90 - valid_rmse:0.74676
Epoch 1, Step 100 - valid_rmse:0.58558
Epoch 1, Step 110 - valid_rmse:0.58523
Epoch 1, Step 120 - valid_rmse:0.60902
Epoch 1, Step 130 - valid_rmse:0.57259
>>>>>>>> Model Improved From 0.575622780127216 ----> 0.5725898889599184
Epoch 1, Step 140 - valid_rmse:0.56026
>>>>>>>> Model Improved From 0.5725898889599184 ----> 0.5602610692153279
Epoch 1 - avg_train_loss: 0.68952  avg_val_loss: 0.62958  time: 311s
Epoch 1 - train_rmse:0.65741  valid_rmse:0.56026
Starting 2 epoch...
Epoch 2, Step 10 - valid_rmse:0.60365
Epoch 2, Step 20 - valid_rmse:0.55962
>>>>>>>> Model Improved From 0.5602610692153279 ----> 0.5596239842679382
Epoch 2, Step 30 - valid_rmse:0.62414
Epoch 2, Step 40 - valid_rmse:0.73266
Epoch 2, Step 50 - valid_rmse:0.54588
>>>>>>>> Model Improved From 0.5596239842679382 ----> 0.5458848803848967
Epoch 2, Step 60 - valid_rmse:0.56872
Epoch 2, Step 70 - valid_rmse:0.55378
Epoch 2, Step 80 - valid_rmse:0.59052
Epoch 2, Step 90 - valid_rmse:0.60217
Epoch 2, Step 100 - valid_rmse:0.54289
>>>>>>>> Model Improved From 0.5458848803848967 ----> 0.5428910267147787
Epoch 2, Step 110 - valid_rmse:0.52799
>>>>>>>> Model Improved From 0.5428910267147787 ----> 0.527990666998002
Epoch 2, Step 120 - valid_rmse:0.52018
>>>>>>>> Model Improved From 0.527990666998002 ----> 0.5201800628625759
Epoch 2, Step 130 - valid_rmse:0.54306
Epoch 2, Step 140 - valid_rmse:0.54889
Epoch 2 - avg_train_loss: 0.58851  avg_val_loss: 0.61968  time: 295s
Epoch 2 - train_rmse:0.49381  valid_rmse:0.54889
Starting 3 epoch...
Epoch 3, Step 10 - valid_rmse:0.80795
Epoch 3, Step 20 - valid_rmse:0.55397
Epoch 3, Step 30 - valid_rmse:0.53038
Epoch 3, Step 40 - valid_rmse:0.52625
Epoch 3, Step 50 - valid_rmse:0.52820
Epoch 3, Step 60 - valid_rmse:0.53985
Epoch 3, Step 70 - valid_rmse:0.55024
Epoch 3, Step 80 - valid_rmse:0.54105
Epoch 3, Step 90 - valid_rmse:0.53650
Epoch 3, Step 100 - valid_rmse:0.51790
>>>>>>>> Model Improved From 0.5201800628625759 ----> 0.517896515071928
Epoch 3, Step 110 - valid_rmse:0.53457
Epoch 3, Step 120 - valid_rmse:0.52374
Epoch 3, Step 130 - valid_rmse:0.52987
Epoch 3, Step 140 - valid_rmse:0.52928
Epoch 3 - avg_train_loss: 0.50983  avg_val_loss: 0.60983  time: 268s
Epoch 3 - train_rmse:0.33401  valid_rmse:0.52928
Starting 4 epoch...
Epoch 4, Step 10 - valid_rmse:0.64817
Epoch 4, Step 20 - valid_rmse:0.53552
Epoch 4, Step 30 - valid_rmse:0.52370
Epoch 4, Step 40 - valid_rmse:0.55441
Epoch 4, Step 50 - valid_rmse:0.53437
Epoch 4, Step 60 - valid_rmse:0.53267
Epoch 4, Step 70 - valid_rmse:0.53318
Epoch 4, Step 80 - valid_rmse:0.52859
Epoch 4, Step 90 - valid_rmse:0.53342
Epoch 4, Step 100 - valid_rmse:0.62580
Epoch 4, Step 110 - valid_rmse:0.53780
Epoch 4, Step 120 - valid_rmse:0.52981
Epoch 4, Step 130 - valid_rmse:0.52434
Epoch 4, Step 140 - valid_rmse:0.55979
Epoch 4 - avg_train_loss: 0.46775  avg_val_loss: 0.62579  time: 262s
Epoch 4 - train_rmse:0.24738  valid_rmse:0.55979
Starting 5 epoch...
Epoch 5, Step 10 - valid_rmse:0.53511
Epoch 5, Step 20 - valid_rmse:0.61403
Epoch 5, Step 30 - valid_rmse:0.58477
Epoch 5, Step 40 - valid_rmse:0.54009
Epoch 5, Step 50 - valid_rmse:0.58241
Epoch 5, Step 60 - valid_rmse:0.54220
Epoch 5, Step 70 - valid_rmse:0.52998
Epoch 5, Step 80 - valid_rmse:0.52882
Epoch 5, Step 90 - valid_rmse:0.52357
Epoch 5, Step 100 - valid_rmse:0.52662
Epoch 5, Step 110 - valid_rmse:0.57454
Epoch 5, Step 120 - valid_rmse:0.54082
Epoch 5, Step 130 - valid_rmse:0.52063
Epoch 5, Step 140 - valid_rmse:0.53542
Epoch 5 - avg_train_loss: 0.47288  avg_val_loss: 0.61303  time: 260s
Epoch 5 - train_rmse:0.25943  valid_rmse:0.53542
0.48461277733411506
0.474184322531466
0.49757030356862997
0.49696171278021967
0.5194220862496892
cv score 0.4947732168983762
