========================================================================================================================
Fold 0 Training
========================================================================================================================
Starting 1 epoch...
Epoch 1, Step 10 - valid_rmse:0.98086
>>>>>>>> Model Improved From inf ----> 0.9808593483289272
Epoch 1, Step 20 - valid_rmse:0.82757
>>>>>>>> Model Improved From 0.9808593483289272 ----> 0.827566904810557
Epoch 1, Step 30 - valid_rmse:0.83866
Epoch 1, Step 40 - valid_rmse:0.63384
>>>>>>>> Model Improved From 0.827566904810557 ----> 0.633839617463559
Epoch 1, Step 50 - valid_rmse:0.59477
>>>>>>>> Model Improved From 0.633839617463559 ----> 0.5947673453937774
Epoch 1, Step 60 - valid_rmse:0.62329
Epoch 1, Step 70 - valid_rmse:0.57506
>>>>>>>> Model Improved From 0.5947673453937774 ----> 0.5750567198853437
Epoch 1, Step 80 - valid_rmse:0.53351
>>>>>>>> Model Improved From 0.5750567198853437 ----> 0.533513590068362
Epoch 1, Step 90 - valid_rmse:0.57015
Epoch 1, Step 100 - valid_rmse:0.56708
Epoch 1, Step 110 - valid_rmse:0.60995
Epoch 1, Step 120 - valid_rmse:0.57800
Epoch 1, Step 130 - valid_rmse:0.68601
Epoch 1, Step 140 - valid_rmse:0.51274
>>>>>>>> Model Improved From 0.533513590068362 ----> 0.5127410024219512
Epoch 1 - avg_train_loss: 0.72007  avg_val_loss: 0.60866  time: 295s
Epoch 1 - train_rmse:0.72001  valid_rmse:0.51274
Starting 2 epoch...
Epoch 2, Step 10 - valid_rmse:0.51563
Epoch 2, Step 20 - valid_rmse:0.56051
Epoch 2, Step 30 - valid_rmse:0.50190
>>>>>>>> Model Improved From 0.5127410024219512 ----> 0.501904835867358
Epoch 2, Step 40 - valid_rmse:0.50987
Epoch 2, Step 50 - valid_rmse:0.59748
Epoch 2, Step 60 - valid_rmse:0.51067
Epoch 2, Step 70 - valid_rmse:0.63666
Epoch 2, Step 80 - valid_rmse:0.60576
Epoch 2, Step 90 - valid_rmse:0.54771
Epoch 2, Step 100 - valid_rmse:0.55589
Epoch 2, Step 110 - valid_rmse:0.51155
Epoch 2, Step 120 - valid_rmse:0.52206
Epoch 2, Step 130 - valid_rmse:0.54462
Epoch 2, Step 140 - valid_rmse:0.51278
Epoch 2 - avg_train_loss: 0.57197  avg_val_loss: 0.60559  time: 266s
Epoch 2 - train_rmse:0.45124  valid_rmse:0.51278
Starting 3 epoch...
Epoch 3, Step 10 - valid_rmse:0.54171
Epoch 3, Step 20 - valid_rmse:0.56594
Epoch 3, Step 30 - valid_rmse:0.51090
Epoch 3, Step 40 - valid_rmse:0.52029
Epoch 3, Step 50 - valid_rmse:0.52312
Epoch 3, Step 60 - valid_rmse:0.52956
Epoch 3, Step 70 - valid_rmse:0.51299
Epoch 3, Step 80 - valid_rmse:0.56653
Epoch 3, Step 90 - valid_rmse:0.48797
>>>>>>>> Model Improved From 0.501904835867358 ----> 0.48796962657675585
Epoch 3, Step 100 - valid_rmse:0.51272
Epoch 3, Step 110 - valid_rmse:0.50580
Epoch 3, Step 120 - valid_rmse:0.52295
Epoch 3, Step 130 - valid_rmse:0.48808
Epoch 3, Step 140 - valid_rmse:0.50068
Epoch 3 - avg_train_loss: 0.50710  avg_val_loss: 0.59730  time: 268s
Epoch 3 - train_rmse:0.32291  valid_rmse:0.50068
Starting 4 epoch...
Epoch 4, Step 10 - valid_rmse:0.61309
Epoch 4, Step 20 - valid_rmse:0.64844
Epoch 4, Step 30 - valid_rmse:0.55171
Epoch 4, Step 40 - valid_rmse:0.51247
Epoch 4, Step 50 - valid_rmse:0.51357
Epoch 4, Step 60 - valid_rmse:0.50240
Epoch 4, Step 70 - valid_rmse:0.49553
Epoch 4, Step 80 - valid_rmse:0.51184
Epoch 4, Step 90 - valid_rmse:0.51773
Epoch 4, Step 100 - valid_rmse:0.49310
Epoch 4, Step 110 - valid_rmse:0.49097
Epoch 4, Step 120 - valid_rmse:0.51942
Epoch 4, Step 130 - valid_rmse:0.49060
Epoch 4, Step 140 - valid_rmse:0.56485
Epoch 4 - avg_train_loss: 0.48222  avg_val_loss: 0.62867  time: 260s
Epoch 4 - train_rmse:0.27680  valid_rmse:0.56485
Starting 5 epoch...
Epoch 5, Step 10 - valid_rmse:0.54693
Epoch 5, Step 20 - valid_rmse:0.54358
Epoch 5, Step 30 - valid_rmse:0.50218
Epoch 5, Step 40 - valid_rmse:0.51631
Epoch 5, Step 50 - valid_rmse:0.49674
Epoch 5, Step 60 - valid_rmse:0.50159
Epoch 5, Step 70 - valid_rmse:0.60574
Epoch 5, Step 80 - valid_rmse:0.54838
Epoch 5, Step 90 - valid_rmse:0.49344
Epoch 5, Step 100 - valid_rmse:0.49679
Epoch 5, Step 110 - valid_rmse:0.49659
Epoch 5, Step 120 - valid_rmse:0.52939
Epoch 5, Step 130 - valid_rmse:0.49924
Epoch 5, Step 140 - valid_rmse:0.50533
Epoch 5 - avg_train_loss: 0.46552  avg_val_loss: 0.59870  time: 260s
Epoch 5 - train_rmse:0.24520  valid_rmse:0.50533
========================================================================================================================
Fold 1 Training
========================================================================================================================
Starting 1 epoch...
Epoch 1, Step 10 - valid_rmse:0.89571
>>>>>>>> Model Improved From inf ----> 0.8957069592945838
Epoch 1, Step 20 - valid_rmse:0.90414
Epoch 1, Step 30 - valid_rmse:0.66964
>>>>>>>> Model Improved From 0.8957069592945838 ----> 0.6696410738651342
Epoch 1, Step 40 - valid_rmse:0.60460
>>>>>>>> Model Improved From 0.6696410738651342 ----> 0.6045961469580624
Epoch 1, Step 50 - valid_rmse:0.58566
>>>>>>>> Model Improved From 0.6045961469580624 ----> 0.5856585909545794
Epoch 1, Step 60 - valid_rmse:0.66578
Epoch 1, Step 70 - valid_rmse:0.59276
Epoch 1, Step 80 - valid_rmse:0.56847
>>>>>>>> Model Improved From 0.5856585909545794 ----> 0.568467741396031
Epoch 1, Step 90 - valid_rmse:0.53643
>>>>>>>> Model Improved From 0.568467741396031 ----> 0.5364292259763442
Epoch 1, Step 100 - valid_rmse:0.57232
Epoch 1, Step 110 - valid_rmse:0.53126
>>>>>>>> Model Improved From 0.5364292259763442 ----> 0.5312551417166242
Epoch 1, Step 120 - valid_rmse:0.53690
Epoch 1, Step 130 - valid_rmse:0.55288
Epoch 1, Step 140 - valid_rmse:0.51398
>>>>>>>> Model Improved From 0.5312551417166242 ----> 0.5139781549579064
Epoch 1 - avg_train_loss: 0.69933  avg_val_loss: 0.60653  time: 309s
Epoch 1 - train_rmse:0.67908  valid_rmse:0.51398
Starting 2 epoch...
Epoch 2, Step 10 - valid_rmse:0.54977
Epoch 2, Step 20 - valid_rmse:0.55638
Epoch 2, Step 30 - valid_rmse:0.68983
Epoch 2, Step 40 - valid_rmse:0.50289
>>>>>>>> Model Improved From 0.5139781549579064 ----> 0.502887515649334
Epoch 2, Step 50 - valid_rmse:0.53557
Epoch 2, Step 60 - valid_rmse:0.52875
Epoch 2, Step 70 - valid_rmse:0.49682
>>>>>>>> Model Improved From 0.502887515649334 ----> 0.4968202430319154
Epoch 2, Step 80 - valid_rmse:0.51173
Epoch 2, Step 90 - valid_rmse:0.48769
>>>>>>>> Model Improved From 0.4968202430319154 ----> 0.48768957436665683
Epoch 2, Step 100 - valid_rmse:0.51953
Epoch 2, Step 110 - valid_rmse:0.53640
Epoch 2, Step 120 - valid_rmse:0.50081
Epoch 2, Step 130 - valid_rmse:0.50099
Epoch 2, Step 140 - valid_rmse:0.56790
Epoch 2 - avg_train_loss: 0.55545  avg_val_loss: 0.63073  time: 281s
Epoch 2 - train_rmse:0.41996  valid_rmse:0.56790
Starting 3 epoch...
Epoch 3, Step 10 - valid_rmse:0.49617
Epoch 3, Step 20 - valid_rmse:0.49510
Epoch 3, Step 30 - valid_rmse:0.48126
>>>>>>>> Model Improved From 0.48768957436665683 ----> 0.4812632169929683
Epoch 3, Step 40 - valid_rmse:0.52199
Epoch 3, Step 50 - valid_rmse:0.51580
Epoch 3, Step 60 - valid_rmse:0.49858
Epoch 3, Step 70 - valid_rmse:0.48957
Epoch 3, Step 80 - valid_rmse:0.52620
Epoch 3, Step 90 - valid_rmse:1.15644
Epoch 3, Step 100 - valid_rmse:1.10943
Epoch 3, Step 110 - valid_rmse:1.06754
Epoch 3, Step 120 - valid_rmse:1.05224
Epoch 3, Step 130 - valid_rmse:1.05866
Epoch 3, Step 140 - valid_rmse:1.25057
Epoch 3 - avg_train_loss: 0.64667  avg_val_loss: 0.96934  time: 267s
Epoch 3 - train_rmse:0.70997  valid_rmse:1.25057
Starting 4 epoch...
Epoch 4, Step 10 - valid_rmse:1.05005
Epoch 4, Step 20 - valid_rmse:1.09050
Epoch 4, Step 30 - valid_rmse:1.10539
Epoch 4, Step 40 - valid_rmse:1.08362
Epoch 4, Step 50 - valid_rmse:1.06158
Epoch 4, Step 60 - valid_rmse:1.09581
Epoch 4, Step 70 - valid_rmse:1.04757
Epoch 4, Step 80 - valid_rmse:1.04613
Epoch 4, Step 90 - valid_rmse:1.04636
Epoch 4, Step 100 - valid_rmse:1.05312
Epoch 4, Step 110 - valid_rmse:1.05214
Epoch 4, Step 120 - valid_rmse:1.04500
Epoch 4, Step 130 - valid_rmse:1.04875
Epoch 4, Step 140 - valid_rmse:1.06778
Epoch 4 - avg_train_loss: 0.87173  avg_val_loss: 0.87717  time: 258s
Epoch 4 - train_rmse:1.05899  valid_rmse:1.06778
Starting 5 epoch...
Epoch 5, Step 10 - valid_rmse:1.04666
Epoch 5, Step 20 - valid_rmse:1.06299
Epoch 5, Step 30 - valid_rmse:1.06826
Epoch 5, Step 40 - valid_rmse:1.05158
Epoch 5, Step 50 - valid_rmse:1.05581
Epoch 5, Step 60 - valid_rmse:1.04539
Epoch 5, Step 70 - valid_rmse:1.05510
Epoch 5, Step 80 - valid_rmse:1.06898
Epoch 5, Step 90 - valid_rmse:1.05593
Epoch 5, Step 100 - valid_rmse:1.04891
Epoch 5, Step 110 - valid_rmse:1.04722
Epoch 5, Step 120 - valid_rmse:1.04779
Epoch 5, Step 130 - valid_rmse:1.14515
Epoch 5, Step 140 - valid_rmse:1.10802
Epoch 5 - avg_train_loss: 0.86872  avg_val_loss: 0.89720  time: 258s
Epoch 5 - train_rmse:1.05001  valid_rmse:1.10802
========================================================================================================================
Fold 2 Training
========================================================================================================================
Starting 1 epoch...
Epoch 1, Step 10 - valid_rmse:0.85259
>>>>>>>> Model Improved From inf ----> 0.8525918137756912
Epoch 1, Step 20 - valid_rmse:0.72147
>>>>>>>> Model Improved From 0.8525918137756912 ----> 0.7214676372838319
Epoch 1, Step 30 - valid_rmse:0.69354
>>>>>>>> Model Improved From 0.7214676372838319 ----> 0.6935449461450719
Epoch 1, Step 40 - valid_rmse:0.66949
>>>>>>>> Model Improved From 0.6935449461450719 ----> 0.6694893367930068
Epoch 1, Step 50 - valid_rmse:0.61266
>>>>>>>> Model Improved From 0.6694893367930068 ----> 0.6126585805601847
Epoch 1, Step 60 - valid_rmse:0.59102
>>>>>>>> Model Improved From 0.6126585805601847 ----> 0.5910210479893747
Epoch 1, Step 70 - valid_rmse:0.58217
>>>>>>>> Model Improved From 0.5910210479893747 ----> 0.5821674063475832
Epoch 1, Step 80 - valid_rmse:0.59825
Epoch 1, Step 90 - valid_rmse:0.59878
Epoch 1, Step 100 - valid_rmse:0.60692
Epoch 1, Step 110 - valid_rmse:0.75149
Epoch 1, Step 120 - valid_rmse:0.59343
Epoch 1, Step 130 - valid_rmse:0.60694
Epoch 1, Step 140 - valid_rmse:0.58259
Epoch 1 - avg_train_loss: 0.69577  avg_val_loss: 0.63901  time: 302s
Epoch 1 - train_rmse:0.68559  valid_rmse:0.58259
Starting 2 epoch...
Epoch 2, Step 10 - valid_rmse:0.63452
Epoch 2, Step 20 - valid_rmse:0.56528
>>>>>>>> Model Improved From 0.5821674063475832 ----> 0.5652787222087357
Epoch 2, Step 30 - valid_rmse:0.52339
>>>>>>>> Model Improved From 0.5652787222087357 ----> 0.5233879389107711
Epoch 2, Step 40 - valid_rmse:0.53676
Epoch 2, Step 50 - valid_rmse:0.53639
Epoch 2, Step 60 - valid_rmse:0.56630
Epoch 2, Step 70 - valid_rmse:0.52470
Epoch 2, Step 80 - valid_rmse:0.60950
Epoch 2, Step 90 - valid_rmse:0.53057
Epoch 2, Step 100 - valid_rmse:0.60619
Epoch 2, Step 110 - valid_rmse:0.58630
Epoch 2, Step 120 - valid_rmse:0.62760
Epoch 2, Step 130 - valid_rmse:0.54023
Epoch 2, Step 140 - valid_rmse:0.52368
Epoch 2 - avg_train_loss: 0.56107  avg_val_loss: 0.60672  time: 275s
Epoch 2 - train_rmse:0.43235  valid_rmse:0.52368
Starting 3 epoch...
Epoch 3, Step 10 - valid_rmse:0.80786
Epoch 3, Step 20 - valid_rmse:0.55144
Epoch 3, Step 30 - valid_rmse:0.52500
Epoch 3, Step 40 - valid_rmse:0.52527
Epoch 3, Step 50 - valid_rmse:0.56278
Epoch 3, Step 60 - valid_rmse:0.53156
Epoch 3, Step 70 - valid_rmse:0.54069
Epoch 3, Step 80 - valid_rmse:0.54110
Epoch 3, Step 90 - valid_rmse:0.60300
Epoch 3, Step 100 - valid_rmse:0.54160
Epoch 3, Step 110 - valid_rmse:0.54476
Epoch 3, Step 120 - valid_rmse:0.59801
Epoch 3, Step 130 - valid_rmse:0.53156
Epoch 3, Step 140 - valid_rmse:0.54677
Epoch 3 - avg_train_loss: 0.51105  avg_val_loss: 0.61902  time: 260s
Epoch 3 - train_rmse:0.33342  valid_rmse:0.54677
Starting 4 epoch...
Epoch 4, Step 10 - valid_rmse:0.53686
Epoch 4, Step 20 - valid_rmse:0.52000
>>>>>>>> Model Improved From 0.5233879389107711 ----> 0.5200025635744766
Epoch 4, Step 30 - valid_rmse:0.54293
Epoch 4, Step 40 - valid_rmse:0.54653
Epoch 4, Step 50 - valid_rmse:0.53352
Epoch 4, Step 60 - valid_rmse:0.52991
Epoch 4, Step 70 - valid_rmse:0.53573
Epoch 4, Step 80 - valid_rmse:0.52852
Epoch 4, Step 90 - valid_rmse:0.50773
>>>>>>>> Model Improved From 0.5200025635744766 ----> 0.5077348351100862
Epoch 4, Step 100 - valid_rmse:0.51512
Epoch 4, Step 110 - valid_rmse:0.61533
Epoch 4, Step 120 - valid_rmse:0.54154
Epoch 4, Step 130 - valid_rmse:0.53461
Epoch 4, Step 140 - valid_rmse:0.53409
Epoch 4 - avg_train_loss: 0.48822  avg_val_loss: 0.61018  time: 273s
Epoch 4 - train_rmse:0.28896  valid_rmse:0.53409
Starting 5 epoch...
Epoch 5, Step 10 - valid_rmse:0.70308
Epoch 5, Step 20 - valid_rmse:0.60329
Epoch 5, Step 30 - valid_rmse:0.53971
Epoch 5, Step 40 - valid_rmse:0.53526
Epoch 5, Step 50 - valid_rmse:0.53527
Epoch 5, Step 60 - valid_rmse:0.54085
Epoch 5, Step 70 - valid_rmse:0.54539
Epoch 5, Step 80 - valid_rmse:0.51981
Epoch 5, Step 90 - valid_rmse:0.52679
Epoch 5, Step 100 - valid_rmse:0.52588
Epoch 5, Step 110 - valid_rmse:0.52432
Epoch 5, Step 120 - valid_rmse:0.52022
Epoch 5, Step 130 - valid_rmse:0.51611
Epoch 5, Step 140 - valid_rmse:0.53312
Epoch 5 - avg_train_loss: 0.47027  avg_val_loss: 0.61015  time: 260s
Epoch 5 - train_rmse:0.25610  valid_rmse:0.53312
========================================================================================================================
Fold 3 Training
========================================================================================================================
Starting 1 epoch...
Epoch 1, Step 10 - valid_rmse:0.90288
>>>>>>>> Model Improved From inf ----> 0.9028761271844942
Epoch 1, Step 20 - valid_rmse:0.70956
>>>>>>>> Model Improved From 0.9028761271844942 ----> 0.709561601538187
Epoch 1, Step 30 - valid_rmse:0.63583
>>>>>>>> Model Improved From 0.709561601538187 ----> 0.6358276369978568
Epoch 1, Step 40 - valid_rmse:0.72420
Epoch 1, Step 50 - valid_rmse:0.59055
>>>>>>>> Model Improved From 0.6358276369978568 ----> 0.5905530080851097
Epoch 1, Step 60 - valid_rmse:0.62378
Epoch 1, Step 70 - valid_rmse:0.62641
Epoch 1, Step 80 - valid_rmse:0.55871
>>>>>>>> Model Improved From 0.5905530080851097 ----> 0.5587065453851242
Epoch 1, Step 90 - valid_rmse:0.57670
Epoch 1, Step 100 - valid_rmse:0.52826
>>>>>>>> Model Improved From 0.5587065453851242 ----> 0.5282590462585414
Epoch 1, Step 110 - valid_rmse:0.63807
Epoch 1, Step 120 - valid_rmse:0.56878
Epoch 1, Step 130 - valid_rmse:0.65955
Epoch 1, Step 140 - valid_rmse:0.55311
Epoch 1 - avg_train_loss: 0.69449  avg_val_loss: 0.62707  time: 296s
Epoch 1 - train_rmse:0.68131  valid_rmse:0.55311
Starting 2 epoch...
Epoch 2, Step 10 - valid_rmse:0.71894
Epoch 2, Step 20 - valid_rmse:0.73335
Epoch 2, Step 30 - valid_rmse:0.51107
>>>>>>>> Model Improved From 0.5282590462585414 ----> 0.511070885744987
Epoch 2, Step 40 - valid_rmse:0.52406
Epoch 2, Step 50 - valid_rmse:0.54880
Epoch 2, Step 60 - valid_rmse:0.55754
Epoch 2, Step 70 - valid_rmse:0.51618
Epoch 2, Step 80 - valid_rmse:0.53980
Epoch 2, Step 90 - valid_rmse:0.51439
Epoch 2, Step 100 - valid_rmse:0.55580
Epoch 2, Step 110 - valid_rmse:0.62438
Epoch 2, Step 120 - valid_rmse:0.50457
>>>>>>>> Model Improved From 0.511070885744987 ----> 0.5045681373397715
Epoch 2, Step 130 - valid_rmse:0.54704
Epoch 2, Step 140 - valid_rmse:0.52463
Epoch 2 - avg_train_loss: 0.57238  avg_val_loss: 0.61018  time: 279s
Epoch 2 - train_rmse:0.45949  valid_rmse:0.52463
Starting 3 epoch...
Epoch 3, Step 10 - valid_rmse:0.67791
Epoch 3, Step 20 - valid_rmse:0.58781
Epoch 3, Step 30 - valid_rmse:0.52438
Epoch 3, Step 40 - valid_rmse:0.52317
Epoch 3, Step 50 - valid_rmse:0.51239
Epoch 3, Step 60 - valid_rmse:0.50587
Epoch 3, Step 70 - valid_rmse:0.49775
>>>>>>>> Model Improved From 0.5045681373397715 ----> 0.49774556538813386
Epoch 3, Step 80 - valid_rmse:0.51832
Epoch 3, Step 90 - valid_rmse:0.53911
Epoch 3, Step 100 - valid_rmse:0.51695
Epoch 3, Step 110 - valid_rmse:0.50243
Epoch 3, Step 120 - valid_rmse:0.51731
Epoch 3, Step 130 - valid_rmse:0.52080
Epoch 3, Step 140 - valid_rmse:0.50278
Epoch 3 - avg_train_loss: 0.50125  avg_val_loss: 0.59836  time: 268s
Epoch 3 - train_rmse:0.31344  valid_rmse:0.50278
Starting 4 epoch...
Epoch 4, Step 10 - valid_rmse:0.70596
Epoch 4, Step 20 - valid_rmse:0.52435
Epoch 4, Step 30 - valid_rmse:0.57060
Epoch 4, Step 40 - valid_rmse:0.51378
Epoch 4, Step 50 - valid_rmse:0.51397
Epoch 4, Step 60 - valid_rmse:0.52593
Epoch 4, Step 70 - valid_rmse:0.50161
Epoch 4, Step 80 - valid_rmse:0.53364
Epoch 4, Step 90 - valid_rmse:0.51714
Epoch 4, Step 100 - valid_rmse:0.51317
Epoch 4, Step 110 - valid_rmse:0.49616
>>>>>>>> Model Improved From 0.49774556538813386 ----> 0.49615720665448204
Epoch 4, Step 120 - valid_rmse:0.52264
Epoch 4, Step 130 - valid_rmse:0.49782
Epoch 4, Step 140 - valid_rmse:0.53047
Epoch 4 - avg_train_loss: 0.47484  avg_val_loss: 0.61170  time: 267s
Epoch 4 - train_rmse:0.26246  valid_rmse:0.53047
Starting 5 epoch...
Epoch 5, Step 10 - valid_rmse:0.54649
Epoch 5, Step 20 - valid_rmse:0.55838
Epoch 5, Step 30 - valid_rmse:0.49347
>>>>>>>> Model Improved From 0.49615720665448204 ----> 0.493471452076765
Epoch 5, Step 40 - valid_rmse:0.55550
Epoch 5, Step 50 - valid_rmse:0.49337
>>>>>>>> Model Improved From 0.493471452076765 ----> 0.4933698404799279
Epoch 5, Step 60 - valid_rmse:0.52725
Epoch 5, Step 70 - valid_rmse:0.53579
Epoch 5, Step 80 - valid_rmse:0.55362
Epoch 5, Step 90 - valid_rmse:0.50215
Epoch 5, Step 100 - valid_rmse:0.52417
Epoch 5, Step 110 - valid_rmse:0.50531
Epoch 5, Step 120 - valid_rmse:0.51313
Epoch 5, Step 130 - valid_rmse:0.58381
Epoch 5, Step 140 - valid_rmse:0.52177
Epoch 5 - avg_train_loss: 0.47206  avg_val_loss: 0.60689  time: 274s
Epoch 5 - train_rmse:0.25447  valid_rmse:0.52177
========================================================================================================================
Fold 4 Training
========================================================================================================================
Starting 1 epoch...
Epoch 1, Step 10 - valid_rmse:0.94268
>>>>>>>> Model Improved From inf ----> 0.9426809757495311
Epoch 1, Step 20 - valid_rmse:0.88205
>>>>>>>> Model Improved From 0.9426809757495311 ----> 0.8820536210159318
Epoch 1, Step 30 - valid_rmse:0.65534
>>>>>>>> Model Improved From 0.8820536210159318 ----> 0.655336242329934
Epoch 1, Step 40 - valid_rmse:0.75421
Epoch 1, Step 50 - valid_rmse:0.57419
>>>>>>>> Model Improved From 0.655336242329934 ----> 0.5741880784997241
Epoch 1, Step 60 - valid_rmse:0.56202
>>>>>>>> Model Improved From 0.5741880784997241 ----> 0.5620221490359106
Epoch 1, Step 70 - valid_rmse:0.59541
Epoch 1, Step 80 - valid_rmse:0.54983
>>>>>>>> Model Improved From 0.5620221490359106 ----> 0.5498332273506162
Epoch 1, Step 90 - valid_rmse:0.67019
Epoch 1, Step 100 - valid_rmse:0.53742
>>>>>>>> Model Improved From 0.5498332273506162 ----> 0.5374167228555745
Epoch 1, Step 110 - valid_rmse:0.56935
Epoch 1, Step 120 - valid_rmse:0.54988
Epoch 1, Step 130 - valid_rmse:0.55896
Epoch 1, Step 140 - valid_rmse:0.55387
Epoch 1 - avg_train_loss: 0.68343  avg_val_loss: 0.62642  time: 303s
Epoch 1 - train_rmse:0.65031  valid_rmse:0.55387
Starting 2 epoch...
Epoch 2, Step 10 - valid_rmse:0.59780
Epoch 2, Step 20 - valid_rmse:0.56228
Epoch 2, Step 30 - valid_rmse:0.62403
Epoch 2, Step 40 - valid_rmse:0.50819
>>>>>>>> Model Improved From 0.5374167228555745 ----> 0.5081905356759657
Epoch 2, Step 50 - valid_rmse:0.55374
Epoch 2, Step 60 - valid_rmse:0.50809
>>>>>>>> Model Improved From 0.5081905356759657 ----> 0.5080887035202875
Epoch 2, Step 70 - valid_rmse:0.51672
Epoch 2, Step 80 - valid_rmse:0.54324
Epoch 2, Step 90 - valid_rmse:0.55535
Epoch 2, Step 100 - valid_rmse:0.55143
Epoch 2, Step 110 - valid_rmse:0.56114
Epoch 2, Step 120 - valid_rmse:0.52176
Epoch 2, Step 130 - valid_rmse:0.55316
Epoch 2, Step 140 - valid_rmse:0.52652
Epoch 2 - avg_train_loss: 0.55285  avg_val_loss: 0.61053  time: 275s
Epoch 2 - train_rmse:0.41743  valid_rmse:0.52652
Starting 3 epoch...
Epoch 3, Step 10 - valid_rmse:0.81460
Epoch 3, Step 20 - valid_rmse:0.55465
Epoch 3, Step 30 - valid_rmse:0.55180
Epoch 3, Step 40 - valid_rmse:0.53935
Epoch 3, Step 50 - valid_rmse:0.51847
Epoch 3, Step 60 - valid_rmse:0.52153
Epoch 3, Step 70 - valid_rmse:0.53077
Epoch 3, Step 80 - valid_rmse:0.52031
Epoch 3, Step 90 - valid_rmse:0.52092
Epoch 3, Step 100 - valid_rmse:0.53059
Epoch 3, Step 110 - valid_rmse:0.51683
Epoch 3, Step 120 - valid_rmse:0.52405
Epoch 3, Step 130 - valid_rmse:0.53547
Epoch 3, Step 140 - valid_rmse:0.51581
Epoch 3 - avg_train_loss: 0.50272  avg_val_loss: 0.60362  time: 260s
Epoch 3 - train_rmse:0.31817  valid_rmse:0.51581
Starting 4 epoch...
Epoch 4, Step 10 - valid_rmse:0.63441
Epoch 4, Step 20 - valid_rmse:0.53800
Epoch 4, Step 30 - valid_rmse:0.51449
Epoch 4, Step 40 - valid_rmse:0.52325
Epoch 4, Step 50 - valid_rmse:0.52120
Epoch 4, Step 60 - valid_rmse:0.54382
Epoch 4, Step 70 - valid_rmse:0.52530
Epoch 4, Step 80 - valid_rmse:0.51328
Epoch 4, Step 90 - valid_rmse:0.50849
Epoch 4, Step 100 - valid_rmse:0.54542
Epoch 4, Step 110 - valid_rmse:0.50180
>>>>>>>> Model Improved From 0.5080887035202875 ----> 0.5018001570302429
Epoch 4, Step 120 - valid_rmse:0.50289
Epoch 4, Step 130 - valid_rmse:0.51749
Epoch 4, Step 140 - valid_rmse:0.51002
Epoch 4 - avg_train_loss: 0.46581  avg_val_loss: 0.59985  time: 267s
Epoch 4 - train_rmse:0.24129  valid_rmse:0.51002
Starting 5 epoch...
Epoch 5, Step 10 - valid_rmse:0.61832
Epoch 5, Step 20 - valid_rmse:0.63325
Epoch 5, Step 30 - valid_rmse:0.56090
Epoch 5, Step 40 - valid_rmse:0.54004
Epoch 5, Step 50 - valid_rmse:0.57286
Epoch 5, Step 60 - valid_rmse:0.53630
Epoch 5, Step 70 - valid_rmse:0.54948
Epoch 5, Step 80 - valid_rmse:0.54006
Epoch 5, Step 90 - valid_rmse:0.52302
Epoch 5, Step 100 - valid_rmse:0.52691
Epoch 5, Step 110 - valid_rmse:0.52751
Epoch 5, Step 120 - valid_rmse:0.53087
Epoch 5, Step 130 - valid_rmse:0.50519
Epoch 5, Step 140 - valid_rmse:0.50423
Epoch 5 - avg_train_loss: 0.47061  avg_val_loss: 0.59717  time: 261s
Epoch 5 - train_rmse:0.25564  valid_rmse:0.50423
0.48699649837990555
0.47984157650423326
0.507983176993685
0.49992645279947123
0.5012098316200237
cv score 0.49529542598524395
