========================================================================================================================
Fold 0 Training
========================================================================================================================
Starting 1 epoch...
Epoch 1, Step 10 - valid_rmse:0.88709
>>>>>>>> Model Improved From inf ----> 0.8870898765735706
Epoch 1, Step 20 - valid_rmse:0.70920
>>>>>>>> Model Improved From 0.8870898765735706 ----> 0.7092045167742063
Epoch 1, Step 30 - valid_rmse:0.66165
>>>>>>>> Model Improved From 0.7092045167742063 ----> 0.6616496847454814
Epoch 1, Step 40 - valid_rmse:0.62769
>>>>>>>> Model Improved From 0.6616496847454814 ----> 0.627688959481737
Epoch 1, Step 50 - valid_rmse:0.61838
>>>>>>>> Model Improved From 0.627688959481737 ----> 0.6183768417340069
Epoch 1, Step 60 - valid_rmse:0.55964
>>>>>>>> Model Improved From 0.6183768417340069 ----> 0.5596442756317472
Epoch 1, Step 70 - valid_rmse:0.61142
Epoch 1, Step 80 - valid_rmse:0.60667
Epoch 1, Step 90 - valid_rmse:0.74505
Epoch 1, Step 100 - valid_rmse:0.59786
Epoch 1, Step 110 - valid_rmse:0.57267
Epoch 1, Step 120 - valid_rmse:0.56028
Epoch 1, Step 130 - valid_rmse:0.53617
>>>>>>>> Model Improved From 0.5596442756317472 ----> 0.5361704085442945
Epoch 1, Step 140 - valid_rmse:0.60510
Epoch 1 - avg_train_loss: 0.62357  avg_val_loss: 0.54354  time: 96s
Epoch 1 - train_rmse:0.67262  valid_rmse:0.60510
Starting 2 epoch...
Epoch 2, Step 10 - valid_rmse:0.78800
Epoch 2, Step 20 - valid_rmse:0.51802
>>>>>>>> Model Improved From 0.5361704085442945 ----> 0.5180191340175292
Epoch 2, Step 30 - valid_rmse:0.52462
Epoch 2, Step 40 - valid_rmse:0.51379
>>>>>>>> Model Improved From 0.5180191340175292 ----> 0.513790162599179
Epoch 2, Step 50 - valid_rmse:0.53425
Epoch 2, Step 60 - valid_rmse:0.52536
Epoch 2, Step 70 - valid_rmse:0.58877
Epoch 2, Step 80 - valid_rmse:0.52972
Epoch 2, Step 90 - valid_rmse:0.51189
>>>>>>>> Model Improved From 0.513790162599179 ----> 0.5118897199889512
Epoch 2, Step 100 - valid_rmse:0.50414
>>>>>>>> Model Improved From 0.5118897199889512 ----> 0.5041379766889702
Epoch 2, Step 110 - valid_rmse:0.50217
>>>>>>>> Model Improved From 0.5041379766889702 ----> 0.5021663503786473
Epoch 2, Step 120 - valid_rmse:0.50232
Epoch 2, Step 130 - valid_rmse:0.49938
>>>>>>>> Model Improved From 0.5021663503786473 ----> 0.4993791950587543
Epoch 2, Step 140 - valid_rmse:0.55023
Epoch 2 - avg_train_loss: 0.47262  avg_val_loss: 0.50398  time: 95s
Epoch 2 - train_rmse:0.48343  valid_rmse:0.55023
Starting 3 epoch...
Epoch 3, Step 10 - valid_rmse:0.53145
Epoch 3, Step 20 - valid_rmse:0.50675
Epoch 3, Step 30 - valid_rmse:0.50552
Epoch 3, Step 40 - valid_rmse:0.49571
>>>>>>>> Model Improved From 0.4993791950587543 ----> 0.4957113240338719
Epoch 3, Step 50 - valid_rmse:0.51176
Epoch 3, Step 60 - valid_rmse:0.49135
>>>>>>>> Model Improved From 0.4957113240338719 ----> 0.4913481698650761
Epoch 3, Step 70 - valid_rmse:0.51514
Epoch 3, Step 80 - valid_rmse:0.49861
Epoch 3, Step 90 - valid_rmse:0.50127
Epoch 3, Step 100 - valid_rmse:0.48953
>>>>>>>> Model Improved From 0.4913481698650761 ----> 0.48952588847952533
Epoch 3, Step 110 - valid_rmse:0.54664
Epoch 3, Step 120 - valid_rmse:0.52698
Epoch 3, Step 130 - valid_rmse:0.49657
Epoch 3, Step 140 - valid_rmse:0.48803
>>>>>>>> Model Improved From 0.48952588847952533 ----> 0.4880330115742678
Epoch 3 - avg_train_loss: 0.42889  avg_val_loss: 0.46900  time: 93s
Epoch 3 - train_rmse:0.39346  valid_rmse:0.48803
Starting 4 epoch...
Epoch 4, Step 10 - valid_rmse:0.69199
Epoch 4, Step 20 - valid_rmse:0.59664
Epoch 4, Step 30 - valid_rmse:0.53878
Epoch 4, Step 40 - valid_rmse:0.52143
Epoch 4, Step 50 - valid_rmse:0.49190
Epoch 4, Step 60 - valid_rmse:0.47872
>>>>>>>> Model Improved From 0.4880330115742678 ----> 0.4787220074717697
Epoch 4, Step 70 - valid_rmse:0.48832
Epoch 4, Step 80 - valid_rmse:0.48239
Epoch 4, Step 90 - valid_rmse:0.52405
Epoch 4, Step 100 - valid_rmse:0.50925
Epoch 4, Step 110 - valid_rmse:0.50124
Epoch 4, Step 120 - valid_rmse:0.53447
Epoch 4, Step 130 - valid_rmse:0.53365
Epoch 4, Step 140 - valid_rmse:0.49074
Epoch 4 - avg_train_loss: 0.39032  avg_val_loss: 0.46911  time: 88s
Epoch 4 - train_rmse:0.28629  valid_rmse:0.49074
Starting 5 epoch...
Epoch 5, Step 10 - valid_rmse:0.68518
Epoch 5, Step 20 - valid_rmse:0.57004
Epoch 5, Step 30 - valid_rmse:0.50854
Epoch 5, Step 40 - valid_rmse:0.49321
Epoch 5, Step 50 - valid_rmse:0.49232
Epoch 5, Step 60 - valid_rmse:0.48772
Epoch 5, Step 70 - valid_rmse:0.48842
Epoch 5, Step 80 - valid_rmse:0.48534
Epoch 5, Step 90 - valid_rmse:0.49485
Epoch 5, Step 100 - valid_rmse:0.49773
Epoch 5, Step 110 - valid_rmse:0.51551
Epoch 5, Step 120 - valid_rmse:0.47719
>>>>>>>> Model Improved From 0.4787220074717697 ----> 0.47718831489789987
Epoch 5, Step 130 - valid_rmse:0.47689
>>>>>>>> Model Improved From 0.47718831489789987 ----> 0.4768917683545361
Epoch 5, Step 140 - valid_rmse:0.48369
Epoch 5 - avg_train_loss: 0.38093  avg_val_loss: 0.46501  time: 91s
Epoch 5 - train_rmse:0.25454  valid_rmse:0.48369
========================================================================================================================
Fold 1 Training
========================================================================================================================
Starting 1 epoch...
Epoch 1, Step 10 - valid_rmse:0.91653
>>>>>>>> Model Improved From inf ----> 0.9165285505818284
Epoch 1, Step 20 - valid_rmse:0.73915
>>>>>>>> Model Improved From 0.9165285505818284 ----> 0.7391491712718584
Epoch 1, Step 30 - valid_rmse:0.67165
>>>>>>>> Model Improved From 0.7391491712718584 ----> 0.6716474552729481
Epoch 1, Step 40 - valid_rmse:0.65433
>>>>>>>> Model Improved From 0.6716474552729481 ----> 0.654326534299052
Epoch 1, Step 50 - valid_rmse:0.61418
>>>>>>>> Model Improved From 0.654326534299052 ----> 0.6141841593435469
Epoch 1, Step 60 - valid_rmse:0.63570
Epoch 1, Step 70 - valid_rmse:0.73245
Epoch 1, Step 80 - valid_rmse:0.58147
>>>>>>>> Model Improved From 0.6141841593435469 ----> 0.5814727026236723
Epoch 1, Step 90 - valid_rmse:0.57349
>>>>>>>> Model Improved From 0.5814727026236723 ----> 0.5734857185053959
Epoch 1, Step 100 - valid_rmse:0.56886
>>>>>>>> Model Improved From 0.5734857185053959 ----> 0.5688630640140035
Epoch 1, Step 110 - valid_rmse:0.56737
>>>>>>>> Model Improved From 0.5688630640140035 ----> 0.5673683262705315
Epoch 1, Step 120 - valid_rmse:0.58424
Epoch 1, Step 130 - valid_rmse:0.55276
>>>>>>>> Model Improved From 0.5673683262705315 ----> 0.5527643746957265
Epoch 1, Step 140 - valid_rmse:0.74925
Epoch 1 - avg_train_loss: 0.66069  avg_val_loss: 0.64418  time: 106s
Epoch 1 - train_rmse:0.71284  valid_rmse:0.74925
Starting 2 epoch...
Epoch 2, Step 10 - valid_rmse:0.59702
Epoch 2, Step 20 - valid_rmse:0.57050
Epoch 2, Step 30 - valid_rmse:0.53379
>>>>>>>> Model Improved From 0.5527643746957265 ----> 0.5337946770288741
Epoch 2, Step 40 - valid_rmse:0.53986
Epoch 2, Step 50 - valid_rmse:0.58598
Epoch 2, Step 60 - valid_rmse:0.51626
>>>>>>>> Model Improved From 0.5337946770288741 ----> 0.5162585013413696
Epoch 2, Step 70 - valid_rmse:0.51053
>>>>>>>> Model Improved From 0.5162585013413696 ----> 0.510526011916135
Epoch 2, Step 80 - valid_rmse:0.52554
Epoch 2, Step 90 - valid_rmse:0.50250
>>>>>>>> Model Improved From 0.510526011916135 ----> 0.5025040531571907
Epoch 2, Step 100 - valid_rmse:0.52270
Epoch 2, Step 110 - valid_rmse:0.52242
Epoch 2, Step 120 - valid_rmse:0.50101
>>>>>>>> Model Improved From 0.5025040531571907 ----> 0.501012436052942
Epoch 2, Step 130 - valid_rmse:0.50819
Epoch 2, Step 140 - valid_rmse:0.50138
Epoch 2 - avg_train_loss: 0.48886  avg_val_loss: 0.47812  time: 95s
Epoch 2 - train_rmse:0.51006  valid_rmse:0.50138
Starting 3 epoch...
Epoch 3, Step 10 - valid_rmse:0.67970
Epoch 3, Step 20 - valid_rmse:0.52100
Epoch 3, Step 30 - valid_rmse:0.49920
>>>>>>>> Model Improved From 0.501012436052942 ----> 0.4992036439452966
Epoch 3, Step 40 - valid_rmse:0.50112
Epoch 3, Step 50 - valid_rmse:0.50079
Epoch 3, Step 60 - valid_rmse:0.49877
>>>>>>>> Model Improved From 0.4992036439452966 ----> 0.49876528802095393
Epoch 3, Step 70 - valid_rmse:0.50344
Epoch 3, Step 80 - valid_rmse:0.51670
Epoch 3, Step 90 - valid_rmse:0.52523
Epoch 3, Step 100 - valid_rmse:0.49439
>>>>>>>> Model Improved From 0.49876528802095393 ----> 0.49438777452169774
Epoch 3, Step 110 - valid_rmse:0.49219
>>>>>>>> Model Improved From 0.49438777452169774 ----> 0.49219322358197404
Epoch 3, Step 120 - valid_rmse:0.50557
Epoch 3, Step 130 - valid_rmse:0.53672
Epoch 3, Step 140 - valid_rmse:0.51949
Epoch 3 - avg_train_loss: 0.43118  avg_val_loss: 0.48507  time: 95s
Epoch 3 - train_rmse:0.39927  valid_rmse:0.51949
Starting 4 epoch...
Epoch 4, Step 10 - valid_rmse:0.66698
Epoch 4, Step 20 - valid_rmse:0.58972
Epoch 4, Step 30 - valid_rmse:0.63508
Epoch 4, Step 40 - valid_rmse:0.52199
Epoch 4, Step 50 - valid_rmse:0.49251
Epoch 4, Step 60 - valid_rmse:0.49365
Epoch 4, Step 70 - valid_rmse:0.50611
Epoch 4, Step 80 - valid_rmse:0.51026
Epoch 4, Step 90 - valid_rmse:0.49720
Epoch 4, Step 100 - valid_rmse:0.50243
Epoch 4, Step 110 - valid_rmse:0.49458
Epoch 4, Step 120 - valid_rmse:0.50606
Epoch 4, Step 130 - valid_rmse:0.52026
Epoch 4, Step 140 - valid_rmse:0.51735
Epoch 4 - avg_train_loss: 0.39471  avg_val_loss: 0.48243  time: 87s
Epoch 4 - train_rmse:0.30102  valid_rmse:0.51735
Starting 5 epoch...
Epoch 5, Step 10 - valid_rmse:0.76460
Epoch 5, Step 20 - valid_rmse:0.52164
Epoch 5, Step 30 - valid_rmse:0.50966
Epoch 5, Step 40 - valid_rmse:0.49653
Epoch 5, Step 50 - valid_rmse:0.49851
Epoch 5, Step 60 - valid_rmse:0.49359
Epoch 5, Step 70 - valid_rmse:0.49102
>>>>>>>> Model Improved From 0.49219322358197404 ----> 0.49101679668745046
Epoch 5, Step 80 - valid_rmse:0.49682
Epoch 5, Step 90 - valid_rmse:0.49321
Epoch 5, Step 100 - valid_rmse:0.49460
Epoch 5, Step 110 - valid_rmse:0.49529
Epoch 5, Step 120 - valid_rmse:0.50931
Epoch 5, Step 130 - valid_rmse:0.50001
Epoch 5, Step 140 - valid_rmse:0.49740
Epoch 5 - avg_train_loss: 0.38528  avg_val_loss: 0.47185  time: 89s
Epoch 5 - train_rmse:0.27066  valid_rmse:0.49740
========================================================================================================================
Fold 2 Training
========================================================================================================================
Starting 1 epoch...
Epoch 1, Step 10 - valid_rmse:0.91190
>>>>>>>> Model Improved From inf ----> 0.9119011060575375
Epoch 1, Step 20 - valid_rmse:0.72111
>>>>>>>> Model Improved From 0.9119011060575375 ----> 0.7211113677161766
Epoch 1, Step 30 - valid_rmse:0.69203
>>>>>>>> Model Improved From 0.7211113677161766 ----> 0.6920262478892476
Epoch 1, Step 40 - valid_rmse:0.71349
Epoch 1, Step 50 - valid_rmse:0.69801
Epoch 1, Step 60 - valid_rmse:0.63063
>>>>>>>> Model Improved From 0.6920262478892476 ----> 0.6306271387543829
Epoch 1, Step 70 - valid_rmse:0.60362
>>>>>>>> Model Improved From 0.6306271387543829 ----> 0.6036174034200092
Epoch 1, Step 80 - valid_rmse:0.58471
>>>>>>>> Model Improved From 0.6036174034200092 ----> 0.5847080587090523
Epoch 1, Step 90 - valid_rmse:0.58387
>>>>>>>> Model Improved From 0.5847080587090523 ----> 0.5838696552272779
Epoch 1, Step 100 - valid_rmse:0.59471
Epoch 1, Step 110 - valid_rmse:0.55523
>>>>>>>> Model Improved From 0.5838696552272779 ----> 0.5552332129491904
Epoch 1, Step 120 - valid_rmse:0.67809
Epoch 1, Step 130 - valid_rmse:0.58161
Epoch 1, Step 140 - valid_rmse:0.62055
Epoch 1 - avg_train_loss: 0.62362  avg_val_loss: 0.55771  time: 102s
Epoch 1 - train_rmse:0.67418  valid_rmse:0.62055
Starting 2 epoch...
Epoch 2, Step 10 - valid_rmse:0.72503
Epoch 2, Step 20 - valid_rmse:0.55646
Epoch 2, Step 30 - valid_rmse:0.56719
Epoch 2, Step 40 - valid_rmse:0.60671
Epoch 2, Step 50 - valid_rmse:0.53462
>>>>>>>> Model Improved From 0.5552332129491904 ----> 0.5346155753457975
Epoch 2, Step 60 - valid_rmse:0.53816
Epoch 2, Step 70 - valid_rmse:0.53872
Epoch 2, Step 80 - valid_rmse:0.53218
>>>>>>>> Model Improved From 0.5346155753457975 ----> 0.5321846176370352
Epoch 2, Step 90 - valid_rmse:0.72141
Epoch 2, Step 100 - valid_rmse:0.54070
Epoch 2, Step 110 - valid_rmse:0.55431
Epoch 2, Step 120 - valid_rmse:0.55977
Epoch 2, Step 130 - valid_rmse:0.55157
Epoch 2, Step 140 - valid_rmse:0.52687
>>>>>>>> Model Improved From 0.5321846176370352 ----> 0.5268693363920443
Epoch 2 - avg_train_loss: 0.46772  avg_val_loss: 0.49040  time: 93s
Epoch 2 - train_rmse:0.47379  valid_rmse:0.52687
Starting 3 epoch...
Epoch 3, Step 10 - valid_rmse:0.79232
Epoch 3, Step 20 - valid_rmse:0.66040
Epoch 3, Step 30 - valid_rmse:0.54941
Epoch 3, Step 40 - valid_rmse:0.55611
Epoch 3, Step 50 - valid_rmse:0.53173
Epoch 3, Step 60 - valid_rmse:0.54118
Epoch 3, Step 70 - valid_rmse:0.54020
Epoch 3, Step 80 - valid_rmse:0.56460
Epoch 3, Step 90 - valid_rmse:0.53214
Epoch 3, Step 100 - valid_rmse:0.52653
>>>>>>>> Model Improved From 0.5268693363920443 ----> 0.5265301690853912
Epoch 3, Step 110 - valid_rmse:0.54935
Epoch 3, Step 120 - valid_rmse:0.58829
Epoch 3, Step 130 - valid_rmse:0.55247
Epoch 3, Step 140 - valid_rmse:0.52492
>>>>>>>> Model Improved From 0.5265301690853912 ----> 0.5249181066368649
Epoch 3 - avg_train_loss: 0.43133  avg_val_loss: 0.48702  time: 90s
Epoch 3 - train_rmse:0.40198  valid_rmse:0.52492
Starting 4 epoch...
Epoch 4, Step 10 - valid_rmse:0.99598
Epoch 4, Step 20 - valid_rmse:0.73051
Epoch 4, Step 30 - valid_rmse:0.61710
Epoch 4, Step 40 - valid_rmse:0.56419
Epoch 4, Step 50 - valid_rmse:0.52697
Epoch 4, Step 60 - valid_rmse:0.52587
Epoch 4, Step 70 - valid_rmse:0.51838
>>>>>>>> Model Improved From 0.5249181066368649 ----> 0.5183787815139831
Epoch 4, Step 80 - valid_rmse:0.53744
Epoch 4, Step 90 - valid_rmse:0.52595
Epoch 4, Step 100 - valid_rmse:0.53049
Epoch 4, Step 110 - valid_rmse:0.53334
Epoch 4, Step 120 - valid_rmse:0.54628
Epoch 4, Step 130 - valid_rmse:0.51942
Epoch 4, Step 140 - valid_rmse:0.53670
Epoch 4 - avg_train_loss: 0.40544  avg_val_loss: 0.49250  time: 89s
Epoch 4 - train_rmse:0.33481  valid_rmse:0.53670
Starting 5 epoch...
Epoch 5, Step 10 - valid_rmse:0.59143
Epoch 5, Step 20 - valid_rmse:0.57214
Epoch 5, Step 30 - valid_rmse:0.53661
Epoch 5, Step 40 - valid_rmse:0.52617
Epoch 5, Step 50 - valid_rmse:0.52931
Epoch 5, Step 60 - valid_rmse:0.54121
Epoch 5, Step 70 - valid_rmse:0.51993
Epoch 5, Step 80 - valid_rmse:0.51467
>>>>>>>> Model Improved From 0.5183787815139831 ----> 0.5146740292869122
Epoch 5, Step 90 - valid_rmse:0.52301
Epoch 5, Step 100 - valid_rmse:0.51869
Epoch 5, Step 110 - valid_rmse:0.51797
Epoch 5, Step 120 - valid_rmse:0.51949
Epoch 5, Step 130 - valid_rmse:0.52202
Epoch 5, Step 140 - valid_rmse:0.55121
Epoch 5 - avg_train_loss: 0.37680  avg_val_loss: 0.49996  time: 89s
Epoch 5 - train_rmse:0.23851  valid_rmse:0.55121
========================================================================================================================
Fold 3 Training
========================================================================================================================
Starting 1 epoch...
Epoch 1, Step 10 - valid_rmse:0.99266
>>>>>>>> Model Improved From inf ----> 0.9926591639789601
Epoch 1, Step 20 - valid_rmse:0.94807
>>>>>>>> Model Improved From 0.9926591639789601 ----> 0.9480741738328309
Epoch 1, Step 30 - valid_rmse:0.88154
>>>>>>>> Model Improved From 0.9480741738328309 ----> 0.8815448918094687
Epoch 1, Step 40 - valid_rmse:0.71296
>>>>>>>> Model Improved From 0.8815448918094687 ----> 0.7129579364262725
Epoch 1, Step 50 - valid_rmse:0.66222
>>>>>>>> Model Improved From 0.7129579364262725 ----> 0.6622205668010299
Epoch 1, Step 60 - valid_rmse:0.62854
>>>>>>>> Model Improved From 0.6622205668010299 ----> 0.6285422110993087
Epoch 1, Step 70 - valid_rmse:0.63165
Epoch 1, Step 80 - valid_rmse:0.61686
>>>>>>>> Model Improved From 0.6285422110993087 ----> 0.6168636888787995
Epoch 1, Step 90 - valid_rmse:0.58953
>>>>>>>> Model Improved From 0.6168636888787995 ----> 0.5895285637160357
Epoch 1, Step 100 - valid_rmse:0.59775
Epoch 1, Step 110 - valid_rmse:0.58070
>>>>>>>> Model Improved From 0.5895285637160357 ----> 0.580695458270924
Epoch 1, Step 120 - valid_rmse:0.59959
Epoch 1, Step 130 - valid_rmse:0.57151
>>>>>>>> Model Improved From 0.580695458270924 ----> 0.5715108086216959
Epoch 1, Step 140 - valid_rmse:0.59763
Epoch 1 - avg_train_loss: 0.69683  avg_val_loss: 0.55011  time: 103s
Epoch 1 - train_rmse:0.75894  valid_rmse:0.59763
Starting 2 epoch...
Epoch 2, Step 10 - valid_rmse:0.57722
Epoch 2, Step 20 - valid_rmse:0.56027
>>>>>>>> Model Improved From 0.5715108086216959 ----> 0.5602689492091409
Epoch 2, Step 30 - valid_rmse:0.54590
>>>>>>>> Model Improved From 0.5602689492091409 ----> 0.5458951673488673
Epoch 2, Step 40 - valid_rmse:0.54118
>>>>>>>> Model Improved From 0.5458951673488673 ----> 0.5411752940996433
Epoch 2, Step 50 - valid_rmse:0.57721
Epoch 2, Step 60 - valid_rmse:0.65433
Epoch 2, Step 70 - valid_rmse:0.55097
Epoch 2, Step 80 - valid_rmse:0.54478
Epoch 2, Step 90 - valid_rmse:0.54518
Epoch 2, Step 100 - valid_rmse:0.57615
Epoch 2, Step 110 - valid_rmse:0.52495
>>>>>>>> Model Improved From 0.5411752940996433 ----> 0.524947453743348
Epoch 2, Step 120 - valid_rmse:0.51600
>>>>>>>> Model Improved From 0.524947453743348 ----> 0.5160005960092043
Epoch 2, Step 130 - valid_rmse:0.51691
Epoch 2, Step 140 - valid_rmse:0.52940
Epoch 2 - avg_train_loss: 0.48073  avg_val_loss: 0.49218  time: 98s
Epoch 2 - train_rmse:0.49562  valid_rmse:0.52940
Starting 3 epoch...
Epoch 3, Step 10 - valid_rmse:0.53975
Epoch 3, Step 20 - valid_rmse:0.53004
Epoch 3, Step 30 - valid_rmse:0.56059
Epoch 3, Step 40 - valid_rmse:0.56454
Epoch 3, Step 50 - valid_rmse:0.54129
Epoch 3, Step 60 - valid_rmse:0.51367
>>>>>>>> Model Improved From 0.5160005960092043 ----> 0.5136692927809898
Epoch 3, Step 70 - valid_rmse:0.53548
Epoch 3, Step 80 - valid_rmse:0.55594
Epoch 3, Step 90 - valid_rmse:0.52757
Epoch 3, Step 100 - valid_rmse:0.54143
Epoch 3, Step 110 - valid_rmse:0.50646
>>>>>>>> Model Improved From 0.5136692927809898 ----> 0.506459576313532
Epoch 3, Step 120 - valid_rmse:0.52552
Epoch 3, Step 130 - valid_rmse:0.51739
Epoch 3, Step 140 - valid_rmse:0.51427
Epoch 3 - avg_train_loss: 0.42682  avg_val_loss: 0.48168  time: 90s
Epoch 3 - train_rmse:0.38893  valid_rmse:0.51427
Starting 4 epoch...
Epoch 4, Step 10 - valid_rmse:0.81499
Epoch 4, Step 20 - valid_rmse:0.70654
Epoch 4, Step 30 - valid_rmse:0.55315
Epoch 4, Step 40 - valid_rmse:0.52715
Epoch 4, Step 50 - valid_rmse:0.53260
Epoch 4, Step 60 - valid_rmse:0.52206
Epoch 4, Step 70 - valid_rmse:0.52318
Epoch 4, Step 80 - valid_rmse:0.52171
Epoch 4, Step 90 - valid_rmse:0.52629
Epoch 4, Step 100 - valid_rmse:0.51663
Epoch 4, Step 110 - valid_rmse:0.51108
Epoch 4, Step 120 - valid_rmse:0.51004
Epoch 4, Step 130 - valid_rmse:0.52270
Epoch 4, Step 140 - valid_rmse:0.52525
Epoch 4 - avg_train_loss: 0.39630  avg_val_loss: 0.48644  time: 88s
Epoch 4 - train_rmse:0.30651  valid_rmse:0.52525
Starting 5 epoch...
Epoch 5, Step 10 - valid_rmse:0.65703
Epoch 5, Step 20 - valid_rmse:0.56219
Epoch 5, Step 30 - valid_rmse:0.51816
Epoch 5, Step 40 - valid_rmse:0.53782
Epoch 5, Step 50 - valid_rmse:0.52201
Epoch 5, Step 60 - valid_rmse:0.52202
Epoch 5, Step 70 - valid_rmse:0.51666
Epoch 5, Step 80 - valid_rmse:0.51842
Epoch 5, Step 90 - valid_rmse:0.51552
Epoch 5, Step 100 - valid_rmse:0.51316
Epoch 5, Step 110 - valid_rmse:0.51156
Epoch 5, Step 120 - valid_rmse:0.51031
Epoch 5, Step 130 - valid_rmse:0.50781
Epoch 5, Step 140 - valid_rmse:0.51500
Epoch 5 - avg_train_loss: 0.37867  avg_val_loss: 0.48056  time: 87s
Epoch 5 - train_rmse:0.24515  valid_rmse:0.51500
========================================================================================================================
Fold 4 Training
========================================================================================================================
Starting 1 epoch...
Epoch 1, Step 10 - valid_rmse:0.91250
>>>>>>>> Model Improved From inf ----> 0.9125047055477502
Epoch 1, Step 20 - valid_rmse:0.81527
>>>>>>>> Model Improved From 0.9125047055477502 ----> 0.8152688493134526
Epoch 1, Step 30 - valid_rmse:0.72754
>>>>>>>> Model Improved From 0.8152688493134526 ----> 0.727535876255488
Epoch 1, Step 40 - valid_rmse:0.69310
>>>>>>>> Model Improved From 0.727535876255488 ----> 0.6930952896380385
Epoch 1, Step 50 - valid_rmse:0.66721
>>>>>>>> Model Improved From 0.6930952896380385 ----> 0.6672135796226799
Epoch 1, Step 60 - valid_rmse:0.61019
>>>>>>>> Model Improved From 0.6672135796226799 ----> 0.6101908401907365
Epoch 1, Step 70 - valid_rmse:0.59440
>>>>>>>> Model Improved From 0.6101908401907365 ----> 0.5943955023603602
Epoch 1, Step 80 - valid_rmse:0.59547
Epoch 1, Step 90 - valid_rmse:0.55618
>>>>>>>> Model Improved From 0.5943955023603602 ----> 0.5561763749022676
Epoch 1, Step 100 - valid_rmse:0.62511
Epoch 1, Step 110 - valid_rmse:0.58150
Epoch 1, Step 120 - valid_rmse:0.54799
>>>>>>>> Model Improved From 0.5561763749022676 ----> 0.5479937980278654
Epoch 1, Step 130 - valid_rmse:0.60188
Epoch 1, Step 140 - valid_rmse:0.56739
Epoch 1 - avg_train_loss: 0.64748  avg_val_loss: 0.52827  time: 102s
Epoch 1 - train_rmse:0.69229  valid_rmse:0.56739
Starting 2 epoch...
Epoch 2, Step 10 - valid_rmse:0.70891
Epoch 2, Step 20 - valid_rmse:0.69935
Epoch 2, Step 30 - valid_rmse:0.53996
>>>>>>>> Model Improved From 0.5479937980278654 ----> 0.5399574029777124
Epoch 2, Step 40 - valid_rmse:0.54246
Epoch 2, Step 50 - valid_rmse:0.53553
>>>>>>>> Model Improved From 0.5399574029777124 ----> 0.5355310572961534
Epoch 2, Step 60 - valid_rmse:0.56566
Epoch 2, Step 70 - valid_rmse:0.52666
>>>>>>>> Model Improved From 0.5355310572961534 ----> 0.5266574297779855
Epoch 2, Step 80 - valid_rmse:0.54664
Epoch 2, Step 90 - valid_rmse:0.55751
Epoch 2, Step 100 - valid_rmse:0.55116
Epoch 2, Step 110 - valid_rmse:0.57519
Epoch 2, Step 120 - valid_rmse:0.53287
Epoch 2, Step 130 - valid_rmse:0.51844
>>>>>>>> Model Improved From 0.5266574297779855 ----> 0.518435382082191
Epoch 2, Step 140 - valid_rmse:0.51775
>>>>>>>> Model Improved From 0.518435382082191 ----> 0.5177509945151616
Epoch 2 - avg_train_loss: 0.48090  avg_val_loss: 0.48730  time: 95s
Epoch 2 - train_rmse:0.49594  valid_rmse:0.51775
Starting 3 epoch...
Epoch 3, Step 10 - valid_rmse:0.71893
Epoch 3, Step 20 - valid_rmse:0.60381
Epoch 3, Step 30 - valid_rmse:0.62729
Epoch 3, Step 40 - valid_rmse:0.64399
Epoch 3, Step 50 - valid_rmse:0.60510
Epoch 3, Step 60 - valid_rmse:0.55657
Epoch 3, Step 70 - valid_rmse:0.53142
Epoch 3, Step 80 - valid_rmse:0.51328
>>>>>>>> Model Improved From 0.5177509945151616 ----> 0.5132762698928641
Epoch 3, Step 90 - valid_rmse:0.50807
>>>>>>>> Model Improved From 0.5132762698928641 ----> 0.5080740281433376
Epoch 3, Step 100 - valid_rmse:0.51588
Epoch 3, Step 110 - valid_rmse:0.59845
Epoch 3, Step 120 - valid_rmse:0.58712
Epoch 3, Step 130 - valid_rmse:0.50837
Epoch 3, Step 140 - valid_rmse:0.50861
Epoch 3 - avg_train_loss: 0.44134  avg_val_loss: 0.47962  time: 91s
Epoch 3 - train_rmse:0.42387  valid_rmse:0.50861
Starting 4 epoch...
Epoch 4, Step 10 - valid_rmse:0.81158
Epoch 4, Step 20 - valid_rmse:0.59414
Epoch 4, Step 30 - valid_rmse:0.51411
Epoch 4, Step 40 - valid_rmse:0.51476
Epoch 4, Step 50 - valid_rmse:0.51408
Epoch 4, Step 60 - valid_rmse:0.50380
>>>>>>>> Model Improved From 0.5080740281433376 ----> 0.5038028377347936
Epoch 4, Step 70 - valid_rmse:0.50110
>>>>>>>> Model Improved From 0.5038028377347936 ----> 0.5011025540071544
Epoch 4, Step 80 - valid_rmse:0.52442
Epoch 4, Step 90 - valid_rmse:0.51546
Epoch 4, Step 100 - valid_rmse:0.53020
Epoch 4, Step 110 - valid_rmse:0.50928
Epoch 4, Step 120 - valid_rmse:0.50668
Epoch 4, Step 130 - valid_rmse:0.51185
Epoch 4, Step 140 - valid_rmse:0.51766
Epoch 4 - avg_train_loss: 0.39733  avg_val_loss: 0.48263  time: 92s
Epoch 4 - train_rmse:0.30887  valid_rmse:0.51766
Starting 5 epoch...
Epoch 5, Step 10 - valid_rmse:0.59500
Epoch 5, Step 20 - valid_rmse:0.55982
Epoch 5, Step 30 - valid_rmse:0.51037
Epoch 5, Step 40 - valid_rmse:0.51005
Epoch 5, Step 50 - valid_rmse:0.51229
Epoch 5, Step 60 - valid_rmse:0.51241
Epoch 5, Step 70 - valid_rmse:0.50972
Epoch 5, Step 80 - valid_rmse:0.51151
Epoch 5, Step 90 - valid_rmse:0.50455
Epoch 5, Step 100 - valid_rmse:0.50397
Epoch 5, Step 110 - valid_rmse:0.51254
Epoch 5, Step 120 - valid_rmse:0.51023
Epoch 5, Step 130 - valid_rmse:0.50733
Epoch 5, Step 140 - valid_rmse:0.51055
Epoch 5 - avg_train_loss: 0.37255  avg_val_loss: 0.47821  time: 87s
Epoch 5 - train_rmse:0.21954  valid_rmse:0.51055
0.475544693166356
0.49154606798641987
0.518157607910609
0.5095667354676398
0.5019735431901159
cv score 0.499575631726134
