========================================================================================================================
Fold 0 Training
========================================================================================================================
Starting 1 epoch...
Epoch 1, Step 10 - valid_rmse:0.88947
>>>>>>>> Model Improved From inf ----> 0.8894713195547866
Epoch 1, Step 20 - valid_rmse:0.83084
>>>>>>>> Model Improved From 0.8894713195547866 ----> 0.8308356041968741
Epoch 1, Step 30 - valid_rmse:0.73260
>>>>>>>> Model Improved From 0.8308356041968741 ----> 0.7326041598923262
Epoch 1, Step 40 - valid_rmse:0.60078
>>>>>>>> Model Improved From 0.7326041598923262 ----> 0.6007780891301329
Epoch 1, Step 50 - valid_rmse:0.55632
>>>>>>>> Model Improved From 0.6007780891301329 ----> 0.5563230423936675
Epoch 1, Step 60 - valid_rmse:0.56667
Epoch 1, Step 70 - valid_rmse:0.54071
>>>>>>>> Model Improved From 0.5563230423936675 ----> 0.5407061107363185
Epoch 1, Step 80 - valid_rmse:0.56614
Epoch 1, Step 90 - valid_rmse:0.57448
Epoch 1, Step 100 - valid_rmse:0.69567
Epoch 1, Step 110 - valid_rmse:0.55262
Epoch 1, Step 120 - valid_rmse:0.54835
Epoch 1, Step 130 - valid_rmse:0.57100
Epoch 1, Step 140 - valid_rmse:0.58734
Epoch 1 - avg_train_loss: 0.60485  avg_val_loss: 0.52699  time: 283s
Epoch 1 - train_rmse:0.67717  valid_rmse:0.58734
Starting 2 epoch...
Epoch 2, Step 10 - valid_rmse:0.64217
Epoch 2, Step 20 - valid_rmse:0.69459
Epoch 2, Step 30 - valid_rmse:0.54036
>>>>>>>> Model Improved From 0.5407061107363185 ----> 0.5403563759077582
Epoch 2, Step 40 - valid_rmse:0.71428
Epoch 2, Step 50 - valid_rmse:0.62148
Epoch 2, Step 60 - valid_rmse:0.51221
>>>>>>>> Model Improved From 0.5403563759077582 ----> 0.5122092012343982
Epoch 2, Step 70 - valid_rmse:0.51265
Epoch 2, Step 80 - valid_rmse:0.52739
Epoch 2, Step 90 - valid_rmse:0.49978
>>>>>>>> Model Improved From 0.5122092012343982 ----> 0.4997775876023386
Epoch 2, Step 100 - valid_rmse:0.54042
Epoch 2, Step 110 - valid_rmse:0.51441
Epoch 2, Step 120 - valid_rmse:0.50722
Epoch 2, Step 130 - valid_rmse:0.52617
Epoch 2, Step 140 - valid_rmse:0.51900
Epoch 2 - avg_train_loss: 0.43451  avg_val_loss: 0.48414  time: 279s
Epoch 2 - train_rmse:0.40723  valid_rmse:0.51900
Starting 3 epoch...
Epoch 3, Step 10 - valid_rmse:0.72000
Epoch 3, Step 20 - valid_rmse:0.64513
Epoch 3, Step 30 - valid_rmse:0.50907
Epoch 3, Step 40 - valid_rmse:0.51565
Epoch 3, Step 50 - valid_rmse:0.51094
Epoch 3, Step 60 - valid_rmse:0.50338
Epoch 3, Step 70 - valid_rmse:0.50126
Epoch 3, Step 80 - valid_rmse:0.50720
Epoch 3, Step 90 - valid_rmse:0.52345
Epoch 3, Step 100 - valid_rmse:0.53728
Epoch 3, Step 110 - valid_rmse:0.53920
Epoch 3, Step 120 - valid_rmse:0.51487
Epoch 3, Step 130 - valid_rmse:0.50051
Epoch 3, Step 140 - valid_rmse:0.51795
Epoch 3 - avg_train_loss: 0.39229  avg_val_loss: 0.48254  time: 261s
Epoch 3 - train_rmse:0.29431  valid_rmse:0.51795
Starting 4 epoch...
Epoch 4, Step 10 - valid_rmse:0.57246
Epoch 4, Step 20 - valid_rmse:0.54023
Epoch 4, Step 30 - valid_rmse:0.50813
Epoch 4, Step 40 - valid_rmse:0.50545
Epoch 4, Step 50 - valid_rmse:0.50487
Epoch 4, Step 60 - valid_rmse:0.50875
Epoch 4, Step 70 - valid_rmse:0.50004
Epoch 4, Step 80 - valid_rmse:0.50626
Epoch 4, Step 90 - valid_rmse:0.49656
>>>>>>>> Model Improved From 0.4997775876023386 ----> 0.49655675205227384
Epoch 4, Step 100 - valid_rmse:0.50862
Epoch 4, Step 110 - valid_rmse:0.50761
Epoch 4, Step 120 - valid_rmse:0.51469
Epoch 4, Step 130 - valid_rmse:0.49408
>>>>>>>> Model Improved From 0.49655675205227384 ----> 0.49407677091996743
Epoch 4, Step 140 - valid_rmse:0.52301
Epoch 4 - avg_train_loss: 0.37147  avg_val_loss: 0.48439  time: 275s
Epoch 4 - train_rmse:0.21624  valid_rmse:0.52301
Starting 5 epoch...
Epoch 5, Step 10 - valid_rmse:0.67901
Epoch 5, Step 20 - valid_rmse:0.63605
Epoch 5, Step 30 - valid_rmse:0.51206
Epoch 5, Step 40 - valid_rmse:0.51158
Epoch 5, Step 50 - valid_rmse:0.50168
Epoch 5, Step 60 - valid_rmse:0.51214
Epoch 5, Step 70 - valid_rmse:0.49897
Epoch 5, Step 80 - valid_rmse:0.51531
Epoch 5, Step 90 - valid_rmse:0.49671
Epoch 5, Step 100 - valid_rmse:0.50683
Epoch 5, Step 110 - valid_rmse:0.49804
Epoch 5, Step 120 - valid_rmse:0.49787
Epoch 5, Step 130 - valid_rmse:0.49549
Epoch 5, Step 140 - valid_rmse:0.50783
Epoch 5 - avg_train_loss: 0.36736  avg_val_loss: 0.47629  time: 260s
Epoch 5 - train_rmse:0.19853  valid_rmse:0.50783
========================================================================================================================
Fold 1 Training
========================================================================================================================
Starting 1 epoch...
Epoch 1, Step 10 - valid_rmse:0.86885
>>>>>>>> Model Improved From inf ----> 0.8688477942270972
Epoch 1, Step 20 - valid_rmse:0.68417
>>>>>>>> Model Improved From 0.8688477942270972 ----> 0.6841664683666319
Epoch 1, Step 30 - valid_rmse:0.65711
>>>>>>>> Model Improved From 0.6841664683666319 ----> 0.6571072342107007
Epoch 1, Step 40 - valid_rmse:0.55001
>>>>>>>> Model Improved From 0.6571072342107007 ----> 0.550012343154857
Epoch 1, Step 50 - valid_rmse:0.54463
>>>>>>>> Model Improved From 0.550012343154857 ----> 0.5446255578805309
Epoch 1, Step 60 - valid_rmse:0.53529
>>>>>>>> Model Improved From 0.5446255578805309 ----> 0.5352900182807839
Epoch 1, Step 70 - valid_rmse:0.54334
Epoch 1, Step 80 - valid_rmse:0.55524
Epoch 1, Step 90 - valid_rmse:0.57182
Epoch 1, Step 100 - valid_rmse:0.65644
Epoch 1, Step 110 - valid_rmse:0.49838
>>>>>>>> Model Improved From 0.5352900182807839 ----> 0.4983826586297967
Epoch 1, Step 120 - valid_rmse:0.56287
Epoch 1, Step 130 - valid_rmse:0.49793
>>>>>>>> Model Improved From 0.4983826586297967 ----> 0.49792817561857894
Epoch 1, Step 140 - valid_rmse:0.53580
Epoch 1 - avg_train_loss: 0.60105  avg_val_loss: 0.49785  time: 310s
Epoch 1 - train_rmse:0.67094  valid_rmse:0.53580
Starting 2 epoch...
Epoch 2, Step 10 - valid_rmse:0.56693
Epoch 2, Step 20 - valid_rmse:0.64414
Epoch 2, Step 30 - valid_rmse:0.49646
>>>>>>>> Model Improved From 0.49792817561857894 ----> 0.4964643308566511
Epoch 2, Step 40 - valid_rmse:0.51046
Epoch 2, Step 50 - valid_rmse:0.52534
Epoch 2, Step 60 - valid_rmse:0.49763
Epoch 2, Step 70 - valid_rmse:0.47881
>>>>>>>> Model Improved From 0.4964643308566511 ----> 0.4788051785409491
Epoch 2, Step 80 - valid_rmse:0.53513
Epoch 2, Step 90 - valid_rmse:0.50310
Epoch 2, Step 100 - valid_rmse:0.48808
Epoch 2, Step 110 - valid_rmse:0.49066
Epoch 2, Step 120 - valid_rmse:0.48579
Epoch 2, Step 130 - valid_rmse:0.49925
Epoch 2, Step 140 - valid_rmse:0.49516
Epoch 2 - avg_train_loss: 0.43333  avg_val_loss: 0.47224  time: 274s
Epoch 2 - train_rmse:0.40406  valid_rmse:0.49516
Starting 3 epoch...
Epoch 3, Step 10 - valid_rmse:0.77175
Epoch 3, Step 20 - valid_rmse:0.55577
Epoch 3, Step 30 - valid_rmse:0.53141
Epoch 3, Step 40 - valid_rmse:0.48048
Epoch 3, Step 50 - valid_rmse:0.48524
Epoch 3, Step 60 - valid_rmse:0.50123
Epoch 3, Step 70 - valid_rmse:0.50509
Epoch 3, Step 80 - valid_rmse:0.51723
Epoch 3, Step 90 - valid_rmse:0.48327
Epoch 3, Step 100 - valid_rmse:0.51825
Epoch 3, Step 110 - valid_rmse:0.48527
Epoch 3, Step 120 - valid_rmse:0.49774
Epoch 3, Step 130 - valid_rmse:0.50204
Epoch 3, Step 140 - valid_rmse:0.47861
>>>>>>>> Model Improved From 0.4788051785409491 ----> 0.47861154457242794
Epoch 3 - avg_train_loss: 0.39749  avg_val_loss: 0.46301  time: 267s
Epoch 3 - train_rmse:0.31017  valid_rmse:0.47861
Starting 4 epoch...
Epoch 4, Step 10 - valid_rmse:0.68371
Epoch 4, Step 20 - valid_rmse:0.58353
Epoch 4, Step 30 - valid_rmse:0.52851
Epoch 4, Step 40 - valid_rmse:0.50946
Epoch 4, Step 50 - valid_rmse:0.47732
>>>>>>>> Model Improved From 0.47861154457242794 ----> 0.47731788867485897
Epoch 4, Step 60 - valid_rmse:0.47477
>>>>>>>> Model Improved From 0.47731788867485897 ----> 0.47477406835885166
Epoch 4, Step 70 - valid_rmse:0.47647
Epoch 4, Step 80 - valid_rmse:0.47393
>>>>>>>> Model Improved From 0.47477406835885166 ----> 0.4739325915371647
Epoch 4, Step 90 - valid_rmse:0.47334
>>>>>>>> Model Improved From 0.4739325915371647 ----> 0.47334224488945337
Epoch 4, Step 100 - valid_rmse:0.46938
>>>>>>>> Model Improved From 0.47334224488945337 ----> 0.46938110869233424
Epoch 4, Step 110 - valid_rmse:0.47104
Epoch 4, Step 120 - valid_rmse:0.47214
Epoch 4, Step 130 - valid_rmse:0.47654
Epoch 4, Step 140 - valid_rmse:0.47897
Epoch 4 - avg_train_loss: 0.37946  avg_val_loss: 0.46247  time: 292s
Epoch 4 - train_rmse:0.24977  valid_rmse:0.47897
Starting 5 epoch...
Epoch 5, Step 10 - valid_rmse:0.60168
Epoch 5, Step 20 - valid_rmse:0.50614
Epoch 5, Step 30 - valid_rmse:0.47457
Epoch 5, Step 40 - valid_rmse:0.47204
Epoch 5, Step 50 - valid_rmse:0.47420
Epoch 5, Step 60 - valid_rmse:0.46723
>>>>>>>> Model Improved From 0.46938110869233424 ----> 0.4672325968368941
Epoch 5, Step 70 - valid_rmse:0.47166
Epoch 5, Step 80 - valid_rmse:0.48473
Epoch 5, Step 90 - valid_rmse:0.47868
Epoch 5, Step 100 - valid_rmse:0.46869
Epoch 5, Step 110 - valid_rmse:0.46829
Epoch 5, Step 120 - valid_rmse:0.47438
Epoch 5, Step 130 - valid_rmse:0.48355
Epoch 5, Step 140 - valid_rmse:0.46933
Epoch 5 - avg_train_loss: 0.36848  avg_val_loss: 0.45758  time: 267s
Epoch 5 - train_rmse:0.20430  valid_rmse:0.46933
========================================================================================================================
Fold 2 Training
========================================================================================================================
Starting 1 epoch...
Epoch 1, Step 10 - valid_rmse:1.03393
>>>>>>>> Model Improved From inf ----> 1.0339314976478993
Epoch 1, Step 20 - valid_rmse:0.90013
>>>>>>>> Model Improved From 1.0339314976478993 ----> 0.9001273084921637
Epoch 1, Step 30 - valid_rmse:0.76084
>>>>>>>> Model Improved From 0.9001273084921637 ----> 0.7608388251466356
Epoch 1, Step 40 - valid_rmse:0.65658
>>>>>>>> Model Improved From 0.7608388251466356 ----> 0.6565809444925618
Epoch 1, Step 50 - valid_rmse:0.61137
>>>>>>>> Model Improved From 0.6565809444925618 ----> 0.6113665725677645
Epoch 1, Step 60 - valid_rmse:0.62850
Epoch 1, Step 70 - valid_rmse:0.63001
Epoch 1, Step 80 - valid_rmse:0.67014
Epoch 1, Step 90 - valid_rmse:0.68240
Epoch 1, Step 100 - valid_rmse:0.66603
Epoch 1, Step 110 - valid_rmse:0.58252
>>>>>>>> Model Improved From 0.6113665725677645 ----> 0.5825199761431569
Epoch 1, Step 120 - valid_rmse:0.56847
>>>>>>>> Model Improved From 0.5825199761431569 ----> 0.5684663679925814
Epoch 1, Step 130 - valid_rmse:0.57204
Epoch 1, Step 140 - valid_rmse:0.53855
>>>>>>>> Model Improved From 0.5684663679925814 ----> 0.5385548677932811
Epoch 1 - avg_train_loss: 0.66816  avg_val_loss: 0.50133  time: 310s
Epoch 1 - train_rmse:0.73910  valid_rmse:0.53855
Starting 2 epoch...
Epoch 2, Step 10 - valid_rmse:0.92043
Epoch 2, Step 20 - valid_rmse:0.65113
Epoch 2, Step 30 - valid_rmse:0.58376
Epoch 2, Step 40 - valid_rmse:0.53299
>>>>>>>> Model Improved From 0.5385548677932811 ----> 0.5329905441228264
Epoch 2, Step 50 - valid_rmse:0.51922
>>>>>>>> Model Improved From 0.5329905441228264 ----> 0.5192197025121035
Epoch 2, Step 60 - valid_rmse:0.51105
>>>>>>>> Model Improved From 0.5192197025121035 ----> 0.5110474582422778
Epoch 2, Step 70 - valid_rmse:0.55857
Epoch 2, Step 80 - valid_rmse:0.55752
Epoch 2, Step 90 - valid_rmse:0.51976
Epoch 2, Step 100 - valid_rmse:0.51377
Epoch 2, Step 110 - valid_rmse:0.51688
Epoch 2, Step 120 - valid_rmse:0.49978
>>>>>>>> Model Improved From 0.5110474582422778 ----> 0.4997753867285802
Epoch 2, Step 130 - valid_rmse:0.50013
Epoch 2, Step 140 - valid_rmse:0.49339
>>>>>>>> Model Improved From 0.4997753867285802 ----> 0.49339001906640195
Epoch 2 - avg_train_loss: 0.44542  avg_val_loss: 0.47139  time: 294s
Epoch 2 - train_rmse:0.42979  valid_rmse:0.49339
Starting 3 epoch...
Epoch 3, Step 10 - valid_rmse:0.83248
Epoch 3, Step 20 - valid_rmse:0.63452
Epoch 3, Step 30 - valid_rmse:0.58701
Epoch 3, Step 40 - valid_rmse:0.53185
Epoch 3, Step 50 - valid_rmse:0.51124
Epoch 3, Step 60 - valid_rmse:0.50958
Epoch 3, Step 70 - valid_rmse:0.52814
Epoch 3, Step 80 - valid_rmse:0.50706
Epoch 3, Step 90 - valid_rmse:0.49858
Epoch 3, Step 100 - valid_rmse:0.51234
Epoch 3, Step 110 - valid_rmse:0.50191
Epoch 3, Step 120 - valid_rmse:0.50500
Epoch 3, Step 130 - valid_rmse:0.53329
Epoch 3, Step 140 - valid_rmse:0.51500
Epoch 3 - avg_train_loss: 0.39135  avg_val_loss: 0.48108  time: 261s
Epoch 3 - train_rmse:0.28952  valid_rmse:0.51500
Starting 4 epoch...
Epoch 4, Step 10 - valid_rmse:0.61538
Epoch 4, Step 20 - valid_rmse:0.57693
Epoch 4, Step 30 - valid_rmse:0.56011
Epoch 4, Step 40 - valid_rmse:0.52202
Epoch 4, Step 50 - valid_rmse:0.50572
Epoch 4, Step 60 - valid_rmse:0.50204
Epoch 4, Step 70 - valid_rmse:0.50432
Epoch 4, Step 80 - valid_rmse:0.50569
Epoch 4, Step 90 - valid_rmse:0.50170
Epoch 4, Step 100 - valid_rmse:0.50535
Epoch 4, Step 110 - valid_rmse:0.50196
Epoch 4, Step 120 - valid_rmse:0.50845
Epoch 4, Step 130 - valid_rmse:0.50252
Epoch 4, Step 140 - valid_rmse:0.50514
Epoch 4 - avg_train_loss: 0.37505  avg_val_loss: 0.47535  time: 260s
Epoch 4 - train_rmse:0.23101  valid_rmse:0.50514
Starting 5 epoch...
Epoch 5, Step 10 - valid_rmse:0.63493
Epoch 5, Step 20 - valid_rmse:0.55553
Epoch 5, Step 30 - valid_rmse:0.51082
Epoch 5, Step 40 - valid_rmse:0.50033
Epoch 5, Step 50 - valid_rmse:0.49984
Epoch 5, Step 60 - valid_rmse:0.50275
Epoch 5, Step 70 - valid_rmse:0.49714
Epoch 5, Step 80 - valid_rmse:0.49578
Epoch 5, Step 90 - valid_rmse:0.49308
>>>>>>>> Model Improved From 0.49339001906640195 ----> 0.49308178914339573
Epoch 5, Step 100 - valid_rmse:0.49536
Epoch 5, Step 110 - valid_rmse:0.50112
Epoch 5, Step 120 - valid_rmse:0.49748
Epoch 5, Step 130 - valid_rmse:0.49302
>>>>>>>> Model Improved From 0.49308178914339573 ----> 0.493019590204255
Epoch 5, Step 140 - valid_rmse:0.49328
Epoch 5 - avg_train_loss: 0.36508  avg_val_loss: 0.46906  time: 273s
Epoch 5 - train_rmse:0.18663  valid_rmse:0.49328
========================================================================================================================
Fold 3 Training
========================================================================================================================
Starting 1 epoch...
Epoch 1, Step 10 - valid_rmse:0.74845
>>>>>>>> Model Improved From inf ----> 0.7484461643083247
Epoch 1, Step 20 - valid_rmse:0.74377
>>>>>>>> Model Improved From 0.7484461643083247 ----> 0.7437743808227679
Epoch 1, Step 30 - valid_rmse:0.73020
>>>>>>>> Model Improved From 0.7437743808227679 ----> 0.7302030188603693
Epoch 1, Step 40 - valid_rmse:0.73499
Epoch 1, Step 50 - valid_rmse:0.59903
>>>>>>>> Model Improved From 0.7302030188603693 ----> 0.5990314134120196
Epoch 1, Step 60 - valid_rmse:0.60499
Epoch 1, Step 70 - valid_rmse:0.70732
Epoch 1, Step 80 - valid_rmse:0.58796
>>>>>>>> Model Improved From 0.5990314134120196 ----> 0.5879649392601963
Epoch 1, Step 90 - valid_rmse:0.58863
Epoch 1, Step 100 - valid_rmse:0.61330
Epoch 1, Step 110 - valid_rmse:0.54202
>>>>>>>> Model Improved From 0.5879649392601963 ----> 0.5420215292651683
Epoch 1, Step 120 - valid_rmse:0.52704
>>>>>>>> Model Improved From 0.5420215292651683 ----> 0.5270440313062279
Epoch 1, Step 130 - valid_rmse:0.59554
Epoch 1, Step 140 - valid_rmse:0.52281
>>>>>>>> Model Improved From 0.5270440313062279 ----> 0.522811825327943
Epoch 1 - avg_train_loss: 0.59304  avg_val_loss: 0.49137  time: 309s
Epoch 1 - train_rmse:0.65275  valid_rmse:0.52281
Starting 2 epoch...
Epoch 2, Step 10 - valid_rmse:0.78813
Epoch 2, Step 20 - valid_rmse:0.53242
Epoch 2, Step 30 - valid_rmse:0.53927
Epoch 2, Step 40 - valid_rmse:0.57404
Epoch 2, Step 50 - valid_rmse:0.56755
Epoch 2, Step 60 - valid_rmse:0.53232
Epoch 2, Step 70 - valid_rmse:0.53710
Epoch 2, Step 80 - valid_rmse:0.51555
>>>>>>>> Model Improved From 0.522811825327943 ----> 0.5155526829530189
Epoch 2, Step 90 - valid_rmse:0.52636
Epoch 2, Step 100 - valid_rmse:0.54247
Epoch 2, Step 110 - valid_rmse:0.51782
Epoch 2, Step 120 - valid_rmse:0.53047
Epoch 2, Step 130 - valid_rmse:0.50623
>>>>>>>> Model Improved From 0.5155526829530189 ----> 0.5062265493756046
Epoch 2, Step 140 - valid_rmse:0.53145
Epoch 2 - avg_train_loss: 0.43841  avg_val_loss: 0.49125  time: 274s
Epoch 2 - train_rmse:0.41435  valid_rmse:0.53145
Starting 3 epoch...
Epoch 3, Step 10 - valid_rmse:0.75272
Epoch 3, Step 20 - valid_rmse:0.56415
Epoch 3, Step 30 - valid_rmse:0.52928
Epoch 3, Step 40 - valid_rmse:0.53915
Epoch 3, Step 50 - valid_rmse:0.54966
Epoch 3, Step 60 - valid_rmse:0.52279
Epoch 3, Step 70 - valid_rmse:0.53925
Epoch 3, Step 80 - valid_rmse:0.51049
Epoch 3, Step 90 - valid_rmse:0.52721
Epoch 3, Step 100 - valid_rmse:0.51374
Epoch 3, Step 110 - valid_rmse:0.50168
>>>>>>>> Model Improved From 0.5062265493756046 ----> 0.501678871498123
Epoch 3, Step 120 - valid_rmse:0.50835
Epoch 3, Step 130 - valid_rmse:0.52594
Epoch 3, Step 140 - valid_rmse:0.51517
Epoch 3 - avg_train_loss: 0.39066  avg_val_loss: 0.48109  time: 268s
Epoch 3 - train_rmse:0.28661  valid_rmse:0.51517
Starting 4 epoch...
Epoch 4, Step 10 - valid_rmse:0.67398
Epoch 4, Step 20 - valid_rmse:0.56625
Epoch 4, Step 30 - valid_rmse:0.53107
Epoch 4, Step 40 - valid_rmse:0.52157
Epoch 4, Step 50 - valid_rmse:0.51268
Epoch 4, Step 60 - valid_rmse:0.51706
Epoch 4, Step 70 - valid_rmse:0.50961
Epoch 4, Step 80 - valid_rmse:0.49961
>>>>>>>> Model Improved From 0.501678871498123 ----> 0.4996120511142442
Epoch 4, Step 90 - valid_rmse:0.50364
Epoch 4, Step 100 - valid_rmse:0.50536
Epoch 4, Step 110 - valid_rmse:0.50010
Epoch 4, Step 120 - valid_rmse:0.52536
Epoch 4, Step 130 - valid_rmse:0.49957
>>>>>>>> Model Improved From 0.4996120511142442 ----> 0.49957357439895805
Epoch 4, Step 140 - valid_rmse:0.49953
>>>>>>>> Model Improved From 0.49957357439895805 ----> 0.49952561375085563
Epoch 4 - avg_train_loss: 0.37554  avg_val_loss: 0.47252  time: 280s
Epoch 4 - train_rmse:0.23325  valid_rmse:0.49953
Starting 5 epoch...
Epoch 5, Step 10 - valid_rmse:0.55301
Epoch 5, Step 20 - valid_rmse:0.52983
Epoch 5, Step 30 - valid_rmse:0.51241
Epoch 5, Step 40 - valid_rmse:0.53079
Epoch 5, Step 50 - valid_rmse:0.51626
Epoch 5, Step 60 - valid_rmse:0.50288
Epoch 5, Step 70 - valid_rmse:0.49750
>>>>>>>> Model Improved From 0.49952561375085563 ----> 0.49749853432902585
Epoch 5, Step 80 - valid_rmse:0.50580
Epoch 5, Step 90 - valid_rmse:0.49804
Epoch 5, Step 100 - valid_rmse:0.50998
Epoch 5, Step 110 - valid_rmse:0.50725
Epoch 5, Step 120 - valid_rmse:0.49279
>>>>>>>> Model Improved From 0.49749853432902585 ----> 0.4927945950553351
Epoch 5, Step 130 - valid_rmse:0.49755
Epoch 5, Step 140 - valid_rmse:0.50673
Epoch 5 - avg_train_loss: 0.36861  avg_val_loss: 0.47589  time: 274s
Epoch 5 - train_rmse:0.20394  valid_rmse:0.50673
========================================================================================================================
Fold 4 Training
========================================================================================================================
Starting 1 epoch...
Epoch 1, Step 10 - valid_rmse:0.95388
>>>>>>>> Model Improved From inf ----> 0.9538814492951715
Epoch 1, Step 20 - valid_rmse:0.94440
>>>>>>>> Model Improved From 0.9538814492951715 ----> 0.9444040688928748
Epoch 1, Step 30 - valid_rmse:0.73545
>>>>>>>> Model Improved From 0.9444040688928748 ----> 0.7354496477436443
Epoch 1, Step 40 - valid_rmse:0.66885
>>>>>>>> Model Improved From 0.7354496477436443 ----> 0.6688470179282694
Epoch 1, Step 50 - valid_rmse:0.64228
>>>>>>>> Model Improved From 0.6688470179282694 ----> 0.6422836981436185
Epoch 1, Step 60 - valid_rmse:0.63465
>>>>>>>> Model Improved From 0.6422836981436185 ----> 0.6346519678752742
Epoch 1, Step 70 - valid_rmse:0.66351
Epoch 1, Step 80 - valid_rmse:0.70116
Epoch 1, Step 90 - valid_rmse:0.57697
>>>>>>>> Model Improved From 0.6346519678752742 ----> 0.5769734544798395
Epoch 1, Step 100 - valid_rmse:0.60273
Epoch 1, Step 110 - valid_rmse:0.75601
Epoch 1, Step 120 - valid_rmse:0.62023
Epoch 1, Step 130 - valid_rmse:0.55293
>>>>>>>> Model Improved From 0.5769734544798395 ----> 0.5529280162287808
Epoch 1, Step 140 - valid_rmse:0.57396
Epoch 1 - avg_train_loss: 0.65245  avg_val_loss: 0.52178  time: 310s
Epoch 1 - train_rmse:0.73431  valid_rmse:0.57396
Starting 2 epoch...
Epoch 2, Step 10 - valid_rmse:0.62891
Epoch 2, Step 20 - valid_rmse:0.53690
>>>>>>>> Model Improved From 0.5529280162287808 ----> 0.5369043751869618
Epoch 2, Step 30 - valid_rmse:0.56619
Epoch 2, Step 40 - valid_rmse:0.51928
>>>>>>>> Model Improved From 0.5369043751869618 ----> 0.5192823967903865
Epoch 2, Step 50 - valid_rmse:0.51192
>>>>>>>> Model Improved From 0.5192823967903865 ----> 0.5119215046065847
Epoch 2, Step 60 - valid_rmse:0.52778
Epoch 2, Step 70 - valid_rmse:0.51882
Epoch 2, Step 80 - valid_rmse:0.62628
Epoch 2, Step 90 - valid_rmse:0.53181
Epoch 2, Step 100 - valid_rmse:0.50036
>>>>>>>> Model Improved From 0.5119215046065847 ----> 0.5003565676380882
Epoch 2, Step 110 - valid_rmse:0.50349
Epoch 2, Step 120 - valid_rmse:0.52003
Epoch 2, Step 130 - valid_rmse:0.52221
Epoch 2, Step 140 - valid_rmse:0.51919
Epoch 2 - avg_train_loss: 0.44583  avg_val_loss: 0.48469  time: 289s
Epoch 2 - train_rmse:0.43234  valid_rmse:0.51919
Starting 3 epoch...
Epoch 3, Step 10 - valid_rmse:0.64018
Epoch 3, Step 20 - valid_rmse:0.53403
Epoch 3, Step 30 - valid_rmse:0.51401
Epoch 3, Step 40 - valid_rmse:0.52192
Epoch 3, Step 50 - valid_rmse:0.51315
Epoch 3, Step 60 - valid_rmse:0.60228
Epoch 3, Step 70 - valid_rmse:0.51692
Epoch 3, Step 80 - valid_rmse:0.51220
Epoch 3, Step 90 - valid_rmse:0.50952
Epoch 3, Step 100 - valid_rmse:0.52050
Epoch 3, Step 110 - valid_rmse:0.50448
Epoch 3, Step 120 - valid_rmse:0.53094
Epoch 3, Step 130 - valid_rmse:0.50413
Epoch 3, Step 140 - valid_rmse:0.53394
Epoch 3 - avg_train_loss: 0.38828  avg_val_loss: 0.49108  time: 262s
Epoch 3 - train_rmse:0.27958  valid_rmse:0.53394
Starting 4 epoch...
Epoch 4, Step 10 - valid_rmse:0.54125
Epoch 4, Step 20 - valid_rmse:0.51587
Epoch 4, Step 30 - valid_rmse:0.50917
Epoch 4, Step 40 - valid_rmse:0.50503
Epoch 4, Step 50 - valid_rmse:0.50479
Epoch 4, Step 60 - valid_rmse:0.50732
Epoch 4, Step 70 - valid_rmse:0.50681
Epoch 4, Step 80 - valid_rmse:0.50730
Epoch 4, Step 90 - valid_rmse:0.50495
Epoch 4, Step 100 - valid_rmse:0.50763
Epoch 4, Step 110 - valid_rmse:0.50995
Epoch 4, Step 120 - valid_rmse:0.50467
Epoch 4, Step 130 - valid_rmse:0.50830
Epoch 4, Step 140 - valid_rmse:0.51773
Epoch 4 - avg_train_loss: 0.37235  avg_val_loss: 0.48177  time: 260s
Epoch 4 - train_rmse:0.21961  valid_rmse:0.51773
Starting 5 epoch...
Epoch 5, Step 10 - valid_rmse:0.66682
Epoch 5, Step 20 - valid_rmse:0.53986
Epoch 5, Step 30 - valid_rmse:0.53968
Epoch 5, Step 40 - valid_rmse:0.54682
Epoch 5, Step 50 - valid_rmse:0.51238
Epoch 5, Step 60 - valid_rmse:0.50777
Epoch 5, Step 70 - valid_rmse:0.52226
Epoch 5, Step 80 - valid_rmse:0.51334
Epoch 5, Step 90 - valid_rmse:0.51697
Epoch 5, Step 100 - valid_rmse:0.51477
Epoch 5, Step 110 - valid_rmse:0.50600
Epoch 5, Step 120 - valid_rmse:0.50480
Epoch 5, Step 130 - valid_rmse:0.50317
Epoch 5, Step 140 - valid_rmse:0.50897
Epoch 5 - avg_train_loss: 0.36705  avg_val_loss: 0.47700  time: 260s
Epoch 5 - train_rmse:0.19644  valid_rmse:0.50897
0.49407677554339585
0.4672325966651247
0.4930195896508465
0.49279459679041515
0.5003565686535816
cv score 0.48962658243608026
