========================================================================================================================
Fold 0 Training
========================================================================================================================
Starting 1 epoch...
Epoch 1, Step 10 - valid_rmse:0.98032
>>>>>>>> Model Improved From inf ----> 0.9803216058821317
Epoch 1, Step 20 - valid_rmse:0.81061
>>>>>>>> Model Improved From 0.9803216058821317 ----> 0.8106075775143482
Epoch 1, Step 30 - valid_rmse:0.74256
>>>>>>>> Model Improved From 0.8106075775143482 ----> 0.7425557038699401
Epoch 1, Step 40 - valid_rmse:0.65593
>>>>>>>> Model Improved From 0.7425557038699401 ----> 0.6559345620948297
Epoch 1, Step 50 - valid_rmse:0.60256
>>>>>>>> Model Improved From 0.6559345620948297 ----> 0.6025632473203025
Epoch 1, Step 60 - valid_rmse:0.57681
>>>>>>>> Model Improved From 0.6025632473203025 ----> 0.5768130091537849
Epoch 1, Step 70 - valid_rmse:0.56105
>>>>>>>> Model Improved From 0.5768130091537849 ----> 0.5610547712191245
Epoch 1, Step 80 - valid_rmse:0.57159
Epoch 1, Step 90 - valid_rmse:0.59075
Epoch 1, Step 100 - valid_rmse:0.53123
>>>>>>>> Model Improved From 0.5610547712191245 ----> 0.5312253386568855
Epoch 1, Step 110 - valid_rmse:0.51356
>>>>>>>> Model Improved From 0.5312253386568855 ----> 0.5135635863281222
Epoch 1, Step 120 - valid_rmse:0.58138
Epoch 1, Step 130 - valid_rmse:0.54331
Epoch 1, Step 140 - valid_rmse:0.53987
Epoch 1 - avg_train_loss: 0.66667  avg_val_loss: 0.52046  time: 97s
Epoch 1 - train_rmse:0.69701  valid_rmse:0.53987
Starting 2 epoch...
Epoch 2, Step 10 - valid_rmse:0.57008
Epoch 2, Step 20 - valid_rmse:0.56049
Epoch 2, Step 30 - valid_rmse:0.57884
Epoch 2, Step 40 - valid_rmse:0.49844
>>>>>>>> Model Improved From 0.5135635863281222 ----> 0.4984435357303832
Epoch 2, Step 50 - valid_rmse:0.49911
Epoch 2, Step 60 - valid_rmse:0.51932
Epoch 2, Step 70 - valid_rmse:0.55449
Epoch 2, Step 80 - valid_rmse:0.51877
Epoch 2, Step 90 - valid_rmse:0.50290
Epoch 2, Step 100 - valid_rmse:0.48580
>>>>>>>> Model Improved From 0.4984435357303832 ----> 0.4857958219206116
Epoch 2, Step 110 - valid_rmse:0.52224
Epoch 2, Step 120 - valid_rmse:0.50643
Epoch 2, Step 130 - valid_rmse:0.56335
Epoch 2, Step 140 - valid_rmse:0.50887
Epoch 2 - avg_train_loss: 0.46845  avg_val_loss: 0.48358  time: 86s
Epoch 2 - train_rmse:0.46393  valid_rmse:0.50887
Starting 3 epoch...
Epoch 3, Step 10 - valid_rmse:0.73213
Epoch 3, Step 20 - valid_rmse:0.54694
Epoch 3, Step 30 - valid_rmse:0.50911
Epoch 3, Step 40 - valid_rmse:0.50809
Epoch 3, Step 50 - valid_rmse:0.49465
Epoch 3, Step 60 - valid_rmse:0.48102
>>>>>>>> Model Improved From 0.4857958219206116 ----> 0.4810201486842081
Epoch 3, Step 70 - valid_rmse:0.48909
Epoch 3, Step 80 - valid_rmse:0.47577
>>>>>>>> Model Improved From 0.4810201486842081 ----> 0.47577351846404925
Epoch 3, Step 90 - valid_rmse:0.47791
Epoch 3, Step 100 - valid_rmse:0.47958
Epoch 3, Step 110 - valid_rmse:0.52828
Epoch 3, Step 120 - valid_rmse:0.47369
>>>>>>>> Model Improved From 0.47577351846404925 ----> 0.4736892734936949
Epoch 3, Step 130 - valid_rmse:0.49608
Epoch 3, Step 140 - valid_rmse:0.49119
Epoch 3 - avg_train_loss: 0.41887  avg_val_loss: 0.47119  time: 88s
Epoch 3 - train_rmse:0.36425  valid_rmse:0.49119
Starting 4 epoch...
Epoch 4, Step 10 - valid_rmse:0.62256
Epoch 4, Step 20 - valid_rmse:0.52581
Epoch 4, Step 30 - valid_rmse:0.48169
Epoch 4, Step 40 - valid_rmse:0.49223
Epoch 4, Step 50 - valid_rmse:0.48397
Epoch 4, Step 60 - valid_rmse:0.47511
Epoch 4, Step 70 - valid_rmse:0.47367
>>>>>>>> Model Improved From 0.4736892734936949 ----> 0.473673533413814
Epoch 4, Step 80 - valid_rmse:0.47348
>>>>>>>> Model Improved From 0.473673533413814 ----> 0.4734813155678051
Epoch 4, Step 90 - valid_rmse:0.47540
Epoch 4, Step 100 - valid_rmse:0.47707
Epoch 4, Step 110 - valid_rmse:0.48557
Epoch 4, Step 120 - valid_rmse:0.47404
Epoch 4, Step 130 - valid_rmse:0.47075
>>>>>>>> Model Improved From 0.4734813155678051 ----> 0.47075234218945927
Epoch 4, Step 140 - valid_rmse:0.46727
>>>>>>>> Model Improved From 0.47075234218945927 ----> 0.46727305825524557
Epoch 4 - avg_train_loss: 0.38292  avg_val_loss: 0.45838  time: 91s
Epoch 4 - train_rmse:0.25656  valid_rmse:0.46727
Starting 5 epoch...
Epoch 5, Step 10 - valid_rmse:0.73271
Epoch 5, Step 20 - valid_rmse:0.63798
Epoch 5, Step 30 - valid_rmse:0.51869
Epoch 5, Step 40 - valid_rmse:0.50725
Epoch 5, Step 50 - valid_rmse:0.48433
Epoch 5, Step 60 - valid_rmse:0.47923
Epoch 5, Step 70 - valid_rmse:0.47465
Epoch 5, Step 80 - valid_rmse:0.47533
Epoch 5, Step 90 - valid_rmse:0.47247
Epoch 5, Step 100 - valid_rmse:0.47294
Epoch 5, Step 110 - valid_rmse:0.47163
Epoch 5, Step 120 - valid_rmse:0.47685
Epoch 5, Step 130 - valid_rmse:0.47155
Epoch 5, Step 140 - valid_rmse:0.48906
Epoch 5 - avg_train_loss: 0.37187  avg_val_loss: 0.46802  time: 83s
Epoch 5 - train_rmse:0.21398  valid_rmse:0.48906
========================================================================================================================
Fold 1 Training
========================================================================================================================
Starting 1 epoch...
Epoch 1, Step 10 - valid_rmse:0.91389
>>>>>>>> Model Improved From inf ----> 0.9138887660671599
Epoch 1, Step 20 - valid_rmse:0.76697
>>>>>>>> Model Improved From 0.9138887660671599 ----> 0.7669731937643565
Epoch 1, Step 30 - valid_rmse:0.78746
Epoch 1, Step 40 - valid_rmse:0.66048
>>>>>>>> Model Improved From 0.7669731937643565 ----> 0.6604757005855704
Epoch 1, Step 50 - valid_rmse:0.62032
>>>>>>>> Model Improved From 0.6604757005855704 ----> 0.620315156775797
Epoch 1, Step 60 - valid_rmse:0.57575
>>>>>>>> Model Improved From 0.620315156775797 ----> 0.5757536875073294
Epoch 1, Step 70 - valid_rmse:0.62134
Epoch 1, Step 80 - valid_rmse:0.54305
>>>>>>>> Model Improved From 0.5757536875073294 ----> 0.5430490283942591
Epoch 1, Step 90 - valid_rmse:0.53651
>>>>>>>> Model Improved From 0.5430490283942591 ----> 0.5365112483996344
Epoch 1, Step 100 - valid_rmse:0.56161
Epoch 1, Step 110 - valid_rmse:0.52786
>>>>>>>> Model Improved From 0.5365112483996344 ----> 0.5278610531067695
Epoch 1, Step 120 - valid_rmse:0.52931
Epoch 1, Step 130 - valid_rmse:0.57990
Epoch 1, Step 140 - valid_rmse:0.52518
>>>>>>>> Model Improved From 0.5278610531067695 ----> 0.5251777706070392
Epoch 1 - avg_train_loss: 0.64451  avg_val_loss: 0.50830  time: 102s
Epoch 1 - train_rmse:0.67568  valid_rmse:0.52518
Starting 2 epoch...
Epoch 2, Step 10 - valid_rmse:0.56221
Epoch 2, Step 20 - valid_rmse:0.56408
Epoch 2, Step 30 - valid_rmse:0.53131
Epoch 2, Step 40 - valid_rmse:0.52872
Epoch 2, Step 50 - valid_rmse:0.55860
Epoch 2, Step 60 - valid_rmse:0.50866
>>>>>>>> Model Improved From 0.5251777706070392 ----> 0.5086620710758375
Epoch 2, Step 70 - valid_rmse:0.49537
>>>>>>>> Model Improved From 0.5086620710758375 ----> 0.495371169786253
Epoch 2, Step 80 - valid_rmse:0.50012
Epoch 2, Step 90 - valid_rmse:0.53597
Epoch 2, Step 100 - valid_rmse:0.50258
Epoch 2, Step 110 - valid_rmse:0.49794
Epoch 2, Step 120 - valid_rmse:0.52830
Epoch 2, Step 130 - valid_rmse:0.51939
Epoch 2, Step 140 - valid_rmse:0.51133
Epoch 2 - avg_train_loss: 0.46464  avg_val_loss: 0.48449  time: 87s
Epoch 2 - train_rmse:0.45627  valid_rmse:0.51133
Starting 3 epoch...
Epoch 3, Step 10 - valid_rmse:0.55427
Epoch 3, Step 20 - valid_rmse:0.49294
>>>>>>>> Model Improved From 0.495371169786253 ----> 0.49294365483842706
Epoch 3, Step 30 - valid_rmse:0.49647
Epoch 3, Step 40 - valid_rmse:0.51884
Epoch 3, Step 50 - valid_rmse:0.50862
Epoch 3, Step 60 - valid_rmse:0.51179
Epoch 3, Step 70 - valid_rmse:0.59397
Epoch 3, Step 80 - valid_rmse:0.49555
Epoch 3, Step 90 - valid_rmse:0.50750
Epoch 3, Step 100 - valid_rmse:0.54643
Epoch 3, Step 110 - valid_rmse:0.51297
Epoch 3, Step 120 - valid_rmse:0.50765
Epoch 3, Step 130 - valid_rmse:0.50196
Epoch 3, Step 140 - valid_rmse:0.50063
Epoch 3 - avg_train_loss: 0.40560  avg_val_loss: 0.47574  time: 85s
Epoch 3 - train_rmse:0.32733  valid_rmse:0.50063
Starting 4 epoch...
Epoch 4, Step 10 - valid_rmse:0.72179
Epoch 4, Step 20 - valid_rmse:0.52069
Epoch 4, Step 30 - valid_rmse:0.50556
Epoch 4, Step 40 - valid_rmse:0.51028
Epoch 4, Step 50 - valid_rmse:0.49833
Epoch 4, Step 60 - valid_rmse:0.49205
>>>>>>>> Model Improved From 0.49294365483842706 ----> 0.492048038880507
Epoch 4, Step 70 - valid_rmse:0.49592
Epoch 4, Step 80 - valid_rmse:0.49562
Epoch 4, Step 90 - valid_rmse:0.49854
Epoch 4, Step 100 - valid_rmse:0.49171
>>>>>>>> Model Improved From 0.492048038880507 ----> 0.49170531707901804
Epoch 4, Step 110 - valid_rmse:0.49432
Epoch 4, Step 120 - valid_rmse:0.51156
Epoch 4, Step 130 - valid_rmse:0.52188
Epoch 4, Step 140 - valid_rmse:0.51180
Epoch 4 - avg_train_loss: 0.38100  avg_val_loss: 0.47993  time: 88s
Epoch 4 - train_rmse:0.24944  valid_rmse:0.51180
Starting 5 epoch...
Epoch 5, Step 10 - valid_rmse:0.71925
Epoch 5, Step 20 - valid_rmse:0.52255
Epoch 5, Step 30 - valid_rmse:0.51345
Epoch 5, Step 40 - valid_rmse:0.50047
Epoch 5, Step 50 - valid_rmse:0.49888
Epoch 5, Step 60 - valid_rmse:0.50001
Epoch 5, Step 70 - valid_rmse:0.52869
Epoch 5, Step 80 - valid_rmse:0.49468
Epoch 5, Step 90 - valid_rmse:0.49031
>>>>>>>> Model Improved From 0.49170531707901804 ----> 0.4903132650667862
Epoch 5, Step 100 - valid_rmse:0.49220
Epoch 5, Step 110 - valid_rmse:0.49189
Epoch 5, Step 120 - valid_rmse:0.49503
Epoch 5, Step 130 - valid_rmse:0.49467
Epoch 5, Step 140 - valid_rmse:0.49216
Epoch 5 - avg_train_loss: 0.36824  avg_val_loss: 0.46940  time: 86s
Epoch 5 - train_rmse:0.19707  valid_rmse:0.49216
========================================================================================================================
Fold 2 Training
========================================================================================================================
Starting 1 epoch...
Epoch 1, Step 10 - valid_rmse:0.98139
>>>>>>>> Model Improved From inf ----> 0.9813898728137541
Epoch 1, Step 20 - valid_rmse:0.83263
>>>>>>>> Model Improved From 0.9813898728137541 ----> 0.8326322749980473
Epoch 1, Step 30 - valid_rmse:0.80804
>>>>>>>> Model Improved From 0.8326322749980473 ----> 0.808042347876995
Epoch 1, Step 40 - valid_rmse:0.65650
>>>>>>>> Model Improved From 0.808042347876995 ----> 0.6564965160366735
Epoch 1, Step 50 - valid_rmse:0.64341
>>>>>>>> Model Improved From 0.6564965160366735 ----> 0.6434106181915232
Epoch 1, Step 60 - valid_rmse:0.60659
>>>>>>>> Model Improved From 0.6434106181915232 ----> 0.6065935284794731
Epoch 1, Step 70 - valid_rmse:0.59163
>>>>>>>> Model Improved From 0.6065935284794731 ----> 0.5916314787731807
Epoch 1, Step 80 - valid_rmse:0.56977
>>>>>>>> Model Improved From 0.5916314787731807 ----> 0.5697658891752774
Epoch 1, Step 90 - valid_rmse:0.56985
Epoch 1, Step 100 - valid_rmse:0.57353
Epoch 1, Step 110 - valid_rmse:0.55065
>>>>>>>> Model Improved From 0.5697658891752774 ----> 0.5506510738028184
Epoch 1, Step 120 - valid_rmse:0.54469
>>>>>>>> Model Improved From 0.5506510738028184 ----> 0.5446881604504
Epoch 1, Step 130 - valid_rmse:0.59383
Epoch 1, Step 140 - valid_rmse:0.55357
Epoch 1 - avg_train_loss: 0.66059  avg_val_loss: 0.52544  time: 103s
Epoch 1 - train_rmse:0.69376  valid_rmse:0.55357
Starting 2 epoch...
Epoch 2, Step 10 - valid_rmse:0.55553
Epoch 2, Step 20 - valid_rmse:0.53763
>>>>>>>> Model Improved From 0.5446881604504 ----> 0.5376280284976197
Epoch 2, Step 30 - valid_rmse:0.54084
Epoch 2, Step 40 - valid_rmse:0.56832
Epoch 2, Step 50 - valid_rmse:0.52118
>>>>>>>> Model Improved From 0.5376280284976197 ----> 0.5211797819465921
Epoch 2, Step 60 - valid_rmse:0.51629
>>>>>>>> Model Improved From 0.5211797819465921 ----> 0.5162879662454375
Epoch 2, Step 70 - valid_rmse:0.52879
Epoch 2, Step 80 - valid_rmse:0.52104
Epoch 2, Step 90 - valid_rmse:0.57649
Epoch 2, Step 100 - valid_rmse:0.58829
Epoch 2, Step 110 - valid_rmse:0.53796
Epoch 2, Step 120 - valid_rmse:0.53228
Epoch 2, Step 130 - valid_rmse:0.50698
>>>>>>>> Model Improved From 0.5162879662454375 ----> 0.5069819553084673
Epoch 2, Step 140 - valid_rmse:0.57261
Epoch 2 - avg_train_loss: 0.47323  avg_val_loss: 0.51799  time: 91s
Epoch 2 - train_rmse:0.47256  valid_rmse:0.57261
Starting 3 epoch...
Epoch 3, Step 10 - valid_rmse:0.55120
Epoch 3, Step 20 - valid_rmse:0.49571
>>>>>>>> Model Improved From 0.5069819553084673 ----> 0.4957139914885728
Epoch 3, Step 30 - valid_rmse:0.51683
Epoch 3, Step 40 - valid_rmse:0.51217
Epoch 3, Step 50 - valid_rmse:0.49842
Epoch 3, Step 60 - valid_rmse:0.49866
Epoch 3, Step 70 - valid_rmse:0.51393
Epoch 3, Step 80 - valid_rmse:0.50740
Epoch 3, Step 90 - valid_rmse:0.50938
Epoch 3, Step 100 - valid_rmse:0.53544
Epoch 3, Step 110 - valid_rmse:0.52641
Epoch 3, Step 120 - valid_rmse:0.50847
Epoch 3, Step 130 - valid_rmse:0.55098
Epoch 3, Step 140 - valid_rmse:0.50360
Epoch 3 - avg_train_loss: 0.41891  avg_val_loss: 0.47755  time: 86s
Epoch 3 - train_rmse:0.36473  valid_rmse:0.50360
Starting 4 epoch...
Epoch 4, Step 10 - valid_rmse:0.52122
Epoch 4, Step 20 - valid_rmse:0.52556
Epoch 4, Step 30 - valid_rmse:0.53638
Epoch 4, Step 40 - valid_rmse:0.51269
Epoch 4, Step 50 - valid_rmse:0.51534
Epoch 4, Step 60 - valid_rmse:0.52660
Epoch 4, Step 70 - valid_rmse:0.51029
Epoch 4, Step 80 - valid_rmse:0.51712
Epoch 4, Step 90 - valid_rmse:0.52095
Epoch 4, Step 100 - valid_rmse:0.50594
Epoch 4, Step 110 - valid_rmse:0.49989
Epoch 4, Step 120 - valid_rmse:0.49921
Epoch 4, Step 130 - valid_rmse:0.50846
Epoch 4, Step 140 - valid_rmse:0.49832
Epoch 4 - avg_train_loss: 0.39004  avg_val_loss: 0.47326  time: 84s
Epoch 4 - train_rmse:0.28217  valid_rmse:0.49832
Starting 5 epoch...
Epoch 5, Step 10 - valid_rmse:0.70809
Epoch 5, Step 20 - valid_rmse:0.50523
Epoch 5, Step 30 - valid_rmse:0.51253
Epoch 5, Step 40 - valid_rmse:0.50881
Epoch 5, Step 50 - valid_rmse:0.50898
Epoch 5, Step 60 - valid_rmse:0.50852
Epoch 5, Step 70 - valid_rmse:0.50751
Epoch 5, Step 80 - valid_rmse:0.51212
Epoch 5, Step 90 - valid_rmse:0.50871
Epoch 5, Step 100 - valid_rmse:0.50630
Epoch 5, Step 110 - valid_rmse:0.50916
Epoch 5, Step 120 - valid_rmse:0.51228
Epoch 5, Step 130 - valid_rmse:0.51268
Epoch 5, Step 140 - valid_rmse:0.51276
Epoch 5 - avg_train_loss: 0.37280  avg_val_loss: 0.47991  time: 84s
Epoch 5 - train_rmse:0.21791  valid_rmse:0.51276
========================================================================================================================
Fold 3 Training
========================================================================================================================
Starting 1 epoch...
Epoch 1, Step 10 - valid_rmse:0.92678
>>>>>>>> Model Improved From inf ----> 0.9267837179467431
Epoch 1, Step 20 - valid_rmse:0.72967
>>>>>>>> Model Improved From 0.9267837179467431 ----> 0.7296738456307442
Epoch 1, Step 30 - valid_rmse:0.80706
Epoch 1, Step 40 - valid_rmse:0.68774
>>>>>>>> Model Improved From 0.7296738456307442 ----> 0.687741754997095
Epoch 1, Step 50 - valid_rmse:0.73394
Epoch 1, Step 60 - valid_rmse:0.61171
>>>>>>>> Model Improved From 0.687741754997095 ----> 0.6117091325513312
Epoch 1, Step 70 - valid_rmse:0.59597
>>>>>>>> Model Improved From 0.6117091325513312 ----> 0.5959656902792825
Epoch 1, Step 80 - valid_rmse:0.58714
>>>>>>>> Model Improved From 0.5959656902792825 ----> 0.5871372253966536
Epoch 1, Step 90 - valid_rmse:0.57171
>>>>>>>> Model Improved From 0.5871372253966536 ----> 0.5717062442672699
Epoch 1, Step 100 - valid_rmse:0.52829
>>>>>>>> Model Improved From 0.5717062442672699 ----> 0.5282904561144539
Epoch 1, Step 110 - valid_rmse:0.58694
Epoch 1, Step 120 - valid_rmse:0.59419
Epoch 1, Step 130 - valid_rmse:0.78737
Epoch 1, Step 140 - valid_rmse:0.58073
Epoch 1 - avg_train_loss: 0.66474  avg_val_loss: 0.55091  time: 99s
Epoch 1 - train_rmse:0.68988  valid_rmse:0.58073
Starting 2 epoch...
Epoch 2, Step 10 - valid_rmse:0.54344
Epoch 2, Step 20 - valid_rmse:0.55152
Epoch 2, Step 30 - valid_rmse:0.52104
>>>>>>>> Model Improved From 0.5282904561144539 ----> 0.5210396209579281
Epoch 2, Step 40 - valid_rmse:0.51673
>>>>>>>> Model Improved From 0.5210396209579281 ----> 0.5167338350188587
Epoch 2, Step 50 - valid_rmse:0.49908
>>>>>>>> Model Improved From 0.5167338350188587 ----> 0.4990796933432394
Epoch 2, Step 60 - valid_rmse:0.53107
Epoch 2, Step 70 - valid_rmse:0.50914
Epoch 2, Step 80 - valid_rmse:0.57465
Epoch 2, Step 90 - valid_rmse:0.51259
Epoch 2, Step 100 - valid_rmse:0.50544
Epoch 2, Step 110 - valid_rmse:0.50316
Epoch 2, Step 120 - valid_rmse:0.50136
Epoch 2, Step 130 - valid_rmse:0.51120
Epoch 2, Step 140 - valid_rmse:0.51561
Epoch 2 - avg_train_loss: 0.46791  avg_val_loss: 0.48731  time: 89s
Epoch 2 - train_rmse:0.45873  valid_rmse:0.51561
Starting 3 epoch...
Epoch 3, Step 10 - valid_rmse:0.50081
Epoch 3, Step 20 - valid_rmse:0.49511
>>>>>>>> Model Improved From 0.4990796933432394 ----> 0.49510549551933436
Epoch 3, Step 30 - valid_rmse:0.52126
Epoch 3, Step 40 - valid_rmse:0.50481
Epoch 3, Step 50 - valid_rmse:0.49811
Epoch 3, Step 60 - valid_rmse:0.52006
Epoch 3, Step 70 - valid_rmse:0.48923
>>>>>>>> Model Improved From 0.49510549551933436 ----> 0.48923484313691423
Epoch 3, Step 80 - valid_rmse:0.48647
>>>>>>>> Model Improved From 0.48923484313691423 ----> 0.4864665110517333
Epoch 3, Step 90 - valid_rmse:0.49343
Epoch 3, Step 100 - valid_rmse:0.49179
Epoch 3, Step 110 - valid_rmse:0.48733
Epoch 3, Step 120 - valid_rmse:0.55097
Epoch 3, Step 130 - valid_rmse:0.55371
Epoch 3, Step 140 - valid_rmse:0.53835
Epoch 3 - avg_train_loss: 0.41024  avg_val_loss: 0.49582  time: 90s
Epoch 3 - train_rmse:0.34035  valid_rmse:0.53835
Starting 4 epoch...
Epoch 4, Step 10 - valid_rmse:0.51660
Epoch 4, Step 20 - valid_rmse:0.52144
Epoch 4, Step 30 - valid_rmse:0.51623
Epoch 4, Step 40 - valid_rmse:0.49719
Epoch 4, Step 50 - valid_rmse:0.48692
Epoch 4, Step 60 - valid_rmse:0.49230
Epoch 4, Step 70 - valid_rmse:0.48634
>>>>>>>> Model Improved From 0.4864665110517333 ----> 0.4863383451316245
Epoch 4, Step 80 - valid_rmse:0.48475
>>>>>>>> Model Improved From 0.4863383451316245 ----> 0.4847526944455574
Epoch 4, Step 90 - valid_rmse:0.48579
Epoch 4, Step 100 - valid_rmse:0.50297
Epoch 4, Step 110 - valid_rmse:0.49739
Epoch 4, Step 120 - valid_rmse:0.49088
Epoch 4, Step 130 - valid_rmse:0.49494
Epoch 4, Step 140 - valid_rmse:0.49639
Epoch 4 - avg_train_loss: 0.37961  avg_val_loss: 0.47212  time: 88s
Epoch 4 - train_rmse:0.24333  valid_rmse:0.49639
Starting 5 epoch...
Epoch 5, Step 10 - valid_rmse:0.56426
Epoch 5, Step 20 - valid_rmse:0.49931
Epoch 5, Step 30 - valid_rmse:0.49508
Epoch 5, Step 40 - valid_rmse:0.50077
Epoch 5, Step 50 - valid_rmse:0.49290
Epoch 5, Step 60 - valid_rmse:0.49512
Epoch 5, Step 70 - valid_rmse:0.50097
Epoch 5, Step 80 - valid_rmse:0.49447
Epoch 5, Step 90 - valid_rmse:0.49038
Epoch 5, Step 100 - valid_rmse:0.49092
Epoch 5, Step 110 - valid_rmse:0.50272
Epoch 5, Step 120 - valid_rmse:0.49384
Epoch 5, Step 130 - valid_rmse:0.49976
Epoch 5, Step 140 - valid_rmse:0.50081
Epoch 5 - avg_train_loss: 0.36386  avg_val_loss: 0.47361  time: 84s
Epoch 5 - train_rmse:0.17432  valid_rmse:0.50081
========================================================================================================================
Fold 4 Training
========================================================================================================================
Starting 1 epoch...
Epoch 1, Step 10 - valid_rmse:0.81305
>>>>>>>> Model Improved From inf ----> 0.8130535217488529
Epoch 1, Step 20 - valid_rmse:0.71422
>>>>>>>> Model Improved From 0.8130535217488529 ----> 0.714217588902539
Epoch 1, Step 30 - valid_rmse:0.64959
>>>>>>>> Model Improved From 0.714217588902539 ----> 0.6495906173038232
Epoch 1, Step 40 - valid_rmse:0.69514
Epoch 1, Step 50 - valid_rmse:0.62757
>>>>>>>> Model Improved From 0.6495906173038232 ----> 0.6275654305509621
Epoch 1, Step 60 - valid_rmse:0.60311
>>>>>>>> Model Improved From 0.6275654305509621 ----> 0.6031072732157742
Epoch 1, Step 70 - valid_rmse:0.62419
Epoch 1, Step 80 - valid_rmse:0.55956
>>>>>>>> Model Improved From 0.6031072732157742 ----> 0.5595618567640996
Epoch 1, Step 90 - valid_rmse:0.55690
>>>>>>>> Model Improved From 0.5595618567640996 ----> 0.5569001009437126
Epoch 1, Step 100 - valid_rmse:0.54352
>>>>>>>> Model Improved From 0.5569001009437126 ----> 0.5435241264909195
Epoch 1, Step 110 - valid_rmse:0.53851
>>>>>>>> Model Improved From 0.5435241264909195 ----> 0.5385121422714623
Epoch 1, Step 120 - valid_rmse:0.59588
Epoch 1, Step 130 - valid_rmse:0.56348
Epoch 1, Step 140 - valid_rmse:0.54175
Epoch 1 - avg_train_loss: 0.62336  avg_val_loss: 0.51074  time: 100s
Epoch 1 - train_rmse:0.65552  valid_rmse:0.54175
Starting 2 epoch...
Epoch 2, Step 10 - valid_rmse:0.62907
Epoch 2, Step 20 - valid_rmse:0.54238
Epoch 2, Step 30 - valid_rmse:0.50766
>>>>>>>> Model Improved From 0.5385121422714623 ----> 0.5076637633360609
Epoch 2, Step 40 - valid_rmse:0.50565
>>>>>>>> Model Improved From 0.5076637633360609 ----> 0.5056547954570905
Epoch 2, Step 50 - valid_rmse:0.49806
>>>>>>>> Model Improved From 0.5056547954570905 ----> 0.498057693124499
Epoch 2, Step 60 - valid_rmse:0.54194
Epoch 2, Step 70 - valid_rmse:0.51528
Epoch 2, Step 80 - valid_rmse:0.49828
Epoch 2, Step 90 - valid_rmse:0.51767
Epoch 2, Step 100 - valid_rmse:0.53443
Epoch 2, Step 110 - valid_rmse:0.53914
Epoch 2, Step 120 - valid_rmse:0.52356
Epoch 2, Step 130 - valid_rmse:0.50624
Epoch 2, Step 140 - valid_rmse:0.50411
Epoch 2 - avg_train_loss: 0.46409  avg_val_loss: 0.48088  time: 89s
Epoch 2 - train_rmse:0.46182  valid_rmse:0.50411
Starting 3 epoch...
Epoch 3, Step 10 - valid_rmse:0.72067
Epoch 3, Step 20 - valid_rmse:0.63331
Epoch 3, Step 30 - valid_rmse:0.64108
Epoch 3, Step 40 - valid_rmse:0.58056
Epoch 3, Step 50 - valid_rmse:0.52337
Epoch 3, Step 60 - valid_rmse:0.50510
Epoch 3, Step 70 - valid_rmse:0.51958
Epoch 3, Step 80 - valid_rmse:0.54033
Epoch 3, Step 90 - valid_rmse:0.49972
Epoch 3, Step 100 - valid_rmse:0.49400
>>>>>>>> Model Improved From 0.498057693124499 ----> 0.4939986075521557
Epoch 3, Step 110 - valid_rmse:0.50116
Epoch 3, Step 120 - valid_rmse:0.49504
Epoch 3, Step 130 - valid_rmse:0.50278
Epoch 3, Step 140 - valid_rmse:0.49909
Epoch 3 - avg_train_loss: 0.42390  avg_val_loss: 0.47483  time: 86s
Epoch 3 - train_rmse:0.37883  valid_rmse:0.49909
Starting 4 epoch...
Epoch 4, Step 10 - valid_rmse:0.58986
Epoch 4, Step 20 - valid_rmse:0.55024
Epoch 4, Step 30 - valid_rmse:0.51060
Epoch 4, Step 40 - valid_rmse:0.53758
Epoch 4, Step 50 - valid_rmse:0.50236
Epoch 4, Step 60 - valid_rmse:0.50176
Epoch 4, Step 70 - valid_rmse:0.52392
Epoch 4, Step 80 - valid_rmse:0.52370
Epoch 4, Step 90 - valid_rmse:0.51677
Epoch 4, Step 100 - valid_rmse:0.50987
Epoch 4, Step 110 - valid_rmse:0.50918
Epoch 4, Step 120 - valid_rmse:0.50347
Epoch 4, Step 130 - valid_rmse:0.52753
Epoch 4, Step 140 - valid_rmse:0.52234
Epoch 4 - avg_train_loss: 0.39041  avg_val_loss: 0.48557  time: 84s
Epoch 4 - train_rmse:0.28430  valid_rmse:0.52234
Starting 5 epoch...
Epoch 5, Step 10 - valid_rmse:0.60736
Epoch 5, Step 20 - valid_rmse:0.54644
Epoch 5, Step 30 - valid_rmse:0.53852
Epoch 5, Step 40 - valid_rmse:0.50695
Epoch 5, Step 50 - valid_rmse:0.50500
Epoch 5, Step 60 - valid_rmse:0.50579
Epoch 5, Step 70 - valid_rmse:0.51022
Epoch 5, Step 80 - valid_rmse:0.50442
Epoch 5, Step 90 - valid_rmse:0.51606
Epoch 5, Step 100 - valid_rmse:0.52754
Epoch 5, Step 110 - valid_rmse:0.52414
Epoch 5, Step 120 - valid_rmse:0.50916
Epoch 5, Step 130 - valid_rmse:0.50197
Epoch 5, Step 140 - valid_rmse:0.50056
Epoch 5 - avg_train_loss: 0.37149  avg_val_loss: 0.47370  time: 84s
Epoch 5 - train_rmse:0.21286  valid_rmse:0.50056
0.46593279144665906
0.48984089705814554
0.4917579075804924
0.4881333746642015
0.5064879927703457
cv score 0.48859721452402505
