========================================================================================================================
Fold 0 Training
========================================================================================================================
Starting 1 epoch...
Epoch 1, Step 10 - valid_rmse:1.00792
>>>>>>>> Model Improved From inf ----> 1.0079245578164968
Epoch 1, Step 20 - valid_rmse:0.92575
>>>>>>>> Model Improved From 1.0079245578164968 ----> 0.9257486240005973
Epoch 1, Step 30 - valid_rmse:0.78191
>>>>>>>> Model Improved From 0.9257486240005973 ----> 0.7819105571417374
Epoch 1, Step 40 - valid_rmse:0.66836
>>>>>>>> Model Improved From 0.7819105571417374 ----> 0.6683565601228009
Epoch 1, Step 50 - valid_rmse:0.64534
>>>>>>>> Model Improved From 0.6683565601228009 ----> 0.6453355714873739
Epoch 1, Step 60 - valid_rmse:0.59854
>>>>>>>> Model Improved From 0.6453355714873739 ----> 0.598543958894004
Epoch 1, Step 70 - valid_rmse:0.56641
>>>>>>>> Model Improved From 0.598543958894004 ----> 0.5664072607471148
Epoch 1, Step 80 - valid_rmse:0.55212
>>>>>>>> Model Improved From 0.5664072607471148 ----> 0.5521194431879664
Epoch 1, Step 90 - valid_rmse:0.55669
Epoch 1, Step 100 - valid_rmse:0.66653
Epoch 1, Step 110 - valid_rmse:0.57750
Epoch 1, Step 120 - valid_rmse:0.61782
Epoch 1, Step 130 - valid_rmse:0.56463
Epoch 1, Step 140 - valid_rmse:0.64700
Epoch 1 - avg_train_loss: 0.45452  avg_val_loss: 0.39485  time: 52s
Epoch 1 - train_rmse:0.71022  valid_rmse:0.64700
Starting 2 epoch...
Epoch 2, Step 10 - valid_rmse:0.66102
Epoch 2, Step 20 - valid_rmse:0.54283
>>>>>>>> Model Improved From 0.5521194431879664 ----> 0.5428340195464686
Epoch 2, Step 30 - valid_rmse:0.57350
Epoch 2, Step 40 - valid_rmse:0.51131
>>>>>>>> Model Improved From 0.5428340195464686 ----> 0.5113113614168883
Epoch 2, Step 50 - valid_rmse:0.50789
>>>>>>>> Model Improved From 0.5113113614168883 ----> 0.5078918758553391
Epoch 2, Step 60 - valid_rmse:0.56453
Epoch 2, Step 70 - valid_rmse:0.52469
Epoch 2, Step 80 - valid_rmse:0.50779
>>>>>>>> Model Improved From 0.5078918758553391 ----> 0.5077935759131256
Epoch 2, Step 90 - valid_rmse:0.51020
Epoch 2, Step 100 - valid_rmse:0.49717
>>>>>>>> Model Improved From 0.5077935759131256 ----> 0.49717052693017905
Epoch 2, Step 110 - valid_rmse:0.51658
Epoch 2, Step 120 - valid_rmse:0.50186
Epoch 2, Step 130 - valid_rmse:0.59914
Epoch 2, Step 140 - valid_rmse:0.56656
Epoch 2 - avg_train_loss: 0.32682  avg_val_loss: 0.34510  time: 48s
Epoch 2 - train_rmse:0.49530  valid_rmse:0.56656
Starting 3 epoch...
Epoch 3, Step 10 - valid_rmse:0.61087
Epoch 3, Step 20 - valid_rmse:0.50683
Epoch 3, Step 30 - valid_rmse:0.52732
Epoch 3, Step 40 - valid_rmse:0.49977
Epoch 3, Step 50 - valid_rmse:0.49298
>>>>>>>> Model Improved From 0.49717052693017905 ----> 0.49298397045193376
Epoch 3, Step 60 - valid_rmse:0.49345
Epoch 3, Step 70 - valid_rmse:0.51318
Epoch 3, Step 80 - valid_rmse:0.48658
>>>>>>>> Model Improved From 0.49298397045193376 ----> 0.48657846597092475
Epoch 3, Step 90 - valid_rmse:0.48965
Epoch 3, Step 100 - valid_rmse:0.50019
Epoch 3, Step 110 - valid_rmse:0.48759
Epoch 3, Step 120 - valid_rmse:0.48798
Epoch 3, Step 130 - valid_rmse:0.49373
Epoch 3, Step 140 - valid_rmse:0.50939
Epoch 3 - avg_train_loss: 0.28495  avg_val_loss: 0.32157  time: 44s
Epoch 3 - train_rmse:0.37781  valid_rmse:0.50939
Starting 4 epoch...
Epoch 4, Step 10 - valid_rmse:0.65132
Epoch 4, Step 20 - valid_rmse:0.54265
Epoch 4, Step 30 - valid_rmse:0.49565
Epoch 4, Step 40 - valid_rmse:0.49294
Epoch 4, Step 50 - valid_rmse:0.49094
Epoch 4, Step 60 - valid_rmse:0.49573
Epoch 4, Step 70 - valid_rmse:0.49761
Epoch 4, Step 80 - valid_rmse:0.50472
Epoch 4, Step 90 - valid_rmse:0.49373
Epoch 4, Step 100 - valid_rmse:0.49456
Epoch 4, Step 110 - valid_rmse:0.58993
Epoch 4, Step 120 - valid_rmse:0.59671
Epoch 4, Step 130 - valid_rmse:0.53813
Epoch 4, Step 140 - valid_rmse:0.51145
Epoch 4 - avg_train_loss: 0.26356  avg_val_loss: 0.32186  time: 42s
Epoch 4 - train_rmse:0.28855  valid_rmse:0.51145
Starting 5 epoch...
Epoch 5, Step 10 - valid_rmse:0.53315
Epoch 5, Step 20 - valid_rmse:0.52591
Epoch 5, Step 30 - valid_rmse:0.50488
Epoch 5, Step 40 - valid_rmse:0.51926
Epoch 5, Step 50 - valid_rmse:0.51474
Epoch 5, Step 60 - valid_rmse:0.51787
Epoch 5, Step 70 - valid_rmse:0.54101
Epoch 5, Step 80 - valid_rmse:0.50624
Epoch 5, Step 90 - valid_rmse:0.49620
Epoch 5, Step 100 - valid_rmse:0.49365
Epoch 5, Step 110 - valid_rmse:0.49468
Epoch 5, Step 120 - valid_rmse:0.50514
Epoch 5, Step 130 - valid_rmse:0.50216
Epoch 5, Step 140 - valid_rmse:0.50871
Epoch 5 - avg_train_loss: 0.25312  avg_val_loss: 0.32050  time: 43s
Epoch 5 - train_rmse:0.23344  valid_rmse:0.50871
========================================================================================================================
Fold 1 Training
========================================================================================================================
Starting 1 epoch...
Epoch 1, Step 10 - valid_rmse:0.94861
>>>>>>>> Model Improved From inf ----> 0.9486091369496814
Epoch 1, Step 20 - valid_rmse:0.79790
>>>>>>>> Model Improved From 0.9486091369496814 ----> 0.7978952184586184
Epoch 1, Step 30 - valid_rmse:0.70787
>>>>>>>> Model Improved From 0.7978952184586184 ----> 0.7078689229534053
Epoch 1, Step 40 - valid_rmse:0.67002
>>>>>>>> Model Improved From 0.7078689229534053 ----> 0.6700224977816797
Epoch 1, Step 50 - valid_rmse:0.66857
>>>>>>>> Model Improved From 0.6700224977816797 ----> 0.6685732886607958
Epoch 1, Step 60 - valid_rmse:0.61084
>>>>>>>> Model Improved From 0.6685732886607958 ----> 0.61083624869771
Epoch 1, Step 70 - valid_rmse:0.57980
>>>>>>>> Model Improved From 0.61083624869771 ----> 0.5797960797643509
Epoch 1, Step 80 - valid_rmse:0.59421
Epoch 1, Step 90 - valid_rmse:0.58089
Epoch 1, Step 100 - valid_rmse:0.58406
Epoch 1, Step 110 - valid_rmse:0.54325
>>>>>>>> Model Improved From 0.5797960797643509 ----> 0.543247259378472
Epoch 1, Step 120 - valid_rmse:0.54571
Epoch 1, Step 130 - valid_rmse:0.55342
Epoch 1, Step 140 - valid_rmse:0.62460
Epoch 1 - avg_train_loss: 0.45192  avg_val_loss: 0.38321  time: 52s
Epoch 1 - train_rmse:0.69986  valid_rmse:0.62460
Starting 2 epoch...
Epoch 2, Step 10 - valid_rmse:0.52329
>>>>>>>> Model Improved From 0.543247259378472 ----> 0.523288809938378
Epoch 2, Step 20 - valid_rmse:0.57512
Epoch 2, Step 30 - valid_rmse:0.57463
Epoch 2, Step 40 - valid_rmse:0.52672
Epoch 2, Step 50 - valid_rmse:0.52304
>>>>>>>> Model Improved From 0.523288809938378 ----> 0.5230422133543574
Epoch 2, Step 60 - valid_rmse:0.54544
Epoch 2, Step 70 - valid_rmse:0.52988
Epoch 2, Step 80 - valid_rmse:0.56186
Epoch 2, Step 90 - valid_rmse:0.65142
Epoch 2, Step 100 - valid_rmse:0.59576
Epoch 2, Step 110 - valid_rmse:0.50310
>>>>>>>> Model Improved From 0.5230422133543574 ----> 0.5031000858011772
Epoch 2, Step 120 - valid_rmse:0.55578
Epoch 2, Step 130 - valid_rmse:0.57271
Epoch 2, Step 140 - valid_rmse:0.50602
Epoch 2 - avg_train_loss: 0.33197  avg_val_loss: 0.32405  time: 46s
Epoch 2 - train_rmse:0.51387  valid_rmse:0.50602
Starting 3 epoch...
Epoch 3, Step 10 - valid_rmse:0.54385
Epoch 3, Step 20 - valid_rmse:0.51175
Epoch 3, Step 30 - valid_rmse:0.52632
Epoch 3, Step 40 - valid_rmse:0.53866
Epoch 3, Step 50 - valid_rmse:0.50375
Epoch 3, Step 60 - valid_rmse:0.49594
>>>>>>>> Model Improved From 0.5031000858011772 ----> 0.4959418670553374
Epoch 3, Step 70 - valid_rmse:0.50086
Epoch 3, Step 80 - valid_rmse:0.54407
Epoch 3, Step 90 - valid_rmse:0.50458
Epoch 3, Step 100 - valid_rmse:0.57496
Epoch 3, Step 110 - valid_rmse:0.52291
Epoch 3, Step 120 - valid_rmse:0.51307
Epoch 3, Step 130 - valid_rmse:0.54965
Epoch 3, Step 140 - valid_rmse:0.50169
Epoch 3 - avg_train_loss: 0.29034  avg_val_loss: 0.31932  time: 44s
Epoch 3 - train_rmse:0.39832  valid_rmse:0.50169
Starting 4 epoch...
Epoch 4, Step 10 - valid_rmse:0.56238
Epoch 4, Step 20 - valid_rmse:0.51827
Epoch 4, Step 30 - valid_rmse:0.50152
Epoch 4, Step 40 - valid_rmse:0.50310
Epoch 4, Step 50 - valid_rmse:0.51006
Epoch 4, Step 60 - valid_rmse:0.50939
Epoch 4, Step 70 - valid_rmse:0.50650
Epoch 4, Step 80 - valid_rmse:0.50440
Epoch 4, Step 90 - valid_rmse:0.52034
Epoch 4, Step 100 - valid_rmse:0.54067
Epoch 4, Step 110 - valid_rmse:0.51595
Epoch 4, Step 120 - valid_rmse:0.56972
Epoch 4, Step 130 - valid_rmse:0.50183
Epoch 4, Step 140 - valid_rmse:0.51840
Epoch 4 - avg_train_loss: 0.26843  avg_val_loss: 0.32407  time: 43s
Epoch 4 - train_rmse:0.31341  valid_rmse:0.51840
Starting 5 epoch...
Epoch 5, Step 10 - valid_rmse:0.53381
Epoch 5, Step 20 - valid_rmse:0.51565
Epoch 5, Step 30 - valid_rmse:0.51278
Epoch 5, Step 40 - valid_rmse:0.51193
Epoch 5, Step 50 - valid_rmse:0.51570
Epoch 5, Step 60 - valid_rmse:0.51803
Epoch 5, Step 70 - valid_rmse:0.54345
Epoch 5, Step 80 - valid_rmse:0.51774
Epoch 5, Step 90 - valid_rmse:0.52127
Epoch 5, Step 100 - valid_rmse:0.51581
Epoch 5, Step 110 - valid_rmse:0.51385
Epoch 5, Step 120 - valid_rmse:0.51821
Epoch 5, Step 130 - valid_rmse:0.52356
Epoch 5, Step 140 - valid_rmse:0.51912
Epoch 5 - avg_train_loss: 0.25527  avg_val_loss: 0.32399  time: 43s
Epoch 5 - train_rmse:0.24647  valid_rmse:0.51912
========================================================================================================================
Fold 2 Training
========================================================================================================================
Starting 1 epoch...
Epoch 1, Step 10 - valid_rmse:1.01900
>>>>>>>> Model Improved From inf ----> 1.019003733274573
Epoch 1, Step 20 - valid_rmse:0.89134
>>>>>>>> Model Improved From 1.019003733274573 ----> 0.8913440537932188
Epoch 1, Step 30 - valid_rmse:0.75279
>>>>>>>> Model Improved From 0.8913440537932188 ----> 0.752791767400193
Epoch 1, Step 40 - valid_rmse:0.69100
>>>>>>>> Model Improved From 0.752791767400193 ----> 0.6910011776471122
Epoch 1, Step 50 - valid_rmse:0.70551
Epoch 1, Step 60 - valid_rmse:0.66594
>>>>>>>> Model Improved From 0.6910011776471122 ----> 0.6659437767208868
Epoch 1, Step 70 - valid_rmse:0.60089
>>>>>>>> Model Improved From 0.6659437767208868 ----> 0.600893222247973
Epoch 1, Step 80 - valid_rmse:0.58128
>>>>>>>> Model Improved From 0.600893222247973 ----> 0.5812836058608047
Epoch 1, Step 90 - valid_rmse:0.57551
>>>>>>>> Model Improved From 0.5812836058608047 ----> 0.5755107933198895
Epoch 1, Step 100 - valid_rmse:0.57554
Epoch 1, Step 110 - valid_rmse:0.61583
Epoch 1, Step 120 - valid_rmse:0.56596
>>>>>>>> Model Improved From 0.5755107933198895 ----> 0.5659584848121926
Epoch 1, Step 130 - valid_rmse:0.54927
>>>>>>>> Model Improved From 0.5659584848121926 ----> 0.54927374194257
Epoch 1, Step 140 - valid_rmse:0.53353
>>>>>>>> Model Improved From 0.54927374194257 ----> 0.5335348592974963
Epoch 1 - avg_train_loss: 0.46675  avg_val_loss: 0.34952  time: 55s
Epoch 1 - train_rmse:0.71063  valid_rmse:0.53353
Starting 2 epoch...
Epoch 2, Step 10 - valid_rmse:0.94720
Epoch 2, Step 20 - valid_rmse:0.84265
Epoch 2, Step 30 - valid_rmse:0.58161
Epoch 2, Step 40 - valid_rmse:0.59574
Epoch 2, Step 50 - valid_rmse:0.54341
Epoch 2, Step 60 - valid_rmse:0.53757
Epoch 2, Step 70 - valid_rmse:0.53760
Epoch 2, Step 80 - valid_rmse:0.52640
>>>>>>>> Model Improved From 0.5335348592974963 ----> 0.526402202270593
Epoch 2, Step 90 - valid_rmse:0.57103
Epoch 2, Step 100 - valid_rmse:0.53983
Epoch 2, Step 110 - valid_rmse:0.52860
Epoch 2, Step 120 - valid_rmse:0.51014
>>>>>>>> Model Improved From 0.526402202270593 ----> 0.5101430698237682
Epoch 2, Step 130 - valid_rmse:0.51583
Epoch 2, Step 140 - valid_rmse:0.53082
Epoch 2 - avg_train_loss: 0.33662  avg_val_loss: 0.33230  time: 45s
Epoch 2 - train_rmse:0.51782  valid_rmse:0.53082
Starting 3 epoch...
Epoch 3, Step 10 - valid_rmse:0.50901
>>>>>>>> Model Improved From 0.5101430698237682 ----> 0.5090091048240385
Epoch 3, Step 20 - valid_rmse:0.51595
Epoch 3, Step 30 - valid_rmse:0.51081
Epoch 3, Step 40 - valid_rmse:0.50138
>>>>>>>> Model Improved From 0.5090091048240385 ----> 0.501377835969472
Epoch 3, Step 50 - valid_rmse:0.50540
Epoch 3, Step 60 - valid_rmse:0.50674
Epoch 3, Step 70 - valid_rmse:0.50059
>>>>>>>> Model Improved From 0.501377835969472 ----> 0.500587592859264
Epoch 3, Step 80 - valid_rmse:0.54430
Epoch 3, Step 90 - valid_rmse:0.50799
Epoch 3, Step 100 - valid_rmse:0.51189
Epoch 3, Step 110 - valid_rmse:0.50002
>>>>>>>> Model Improved From 0.500587592859264 ----> 0.500022486138577
Epoch 3, Step 120 - valid_rmse:0.52920
Epoch 3, Step 130 - valid_rmse:0.51136
Epoch 3, Step 140 - valid_rmse:0.50575
Epoch 3 - avg_train_loss: 0.28953  avg_val_loss: 0.32078  time: 47s
Epoch 3 - train_rmse:0.39393  valid_rmse:0.50575
Starting 4 epoch...
Epoch 4, Step 10 - valid_rmse:0.53000
Epoch 4, Step 20 - valid_rmse:0.49638
>>>>>>>> Model Improved From 0.500022486138577 ----> 0.49637816601545026
Epoch 4, Step 30 - valid_rmse:0.51524
Epoch 4, Step 40 - valid_rmse:0.50874
Epoch 4, Step 50 - valid_rmse:0.50177
Epoch 4, Step 60 - valid_rmse:0.50301
Epoch 4, Step 70 - valid_rmse:0.50730
Epoch 4, Step 80 - valid_rmse:0.50184
Epoch 4, Step 90 - valid_rmse:0.50660
Epoch 4, Step 100 - valid_rmse:0.53757
Epoch 4, Step 110 - valid_rmse:0.50889
Epoch 4, Step 120 - valid_rmse:0.58499
Epoch 4, Step 130 - valid_rmse:0.53333
Epoch 4, Step 140 - valid_rmse:0.53629
Epoch 4 - avg_train_loss: 0.26859  avg_val_loss: 0.33108  time: 44s
Epoch 4 - train_rmse:0.31333  valid_rmse:0.53629
Starting 5 epoch...
Epoch 5, Step 10 - valid_rmse:0.57009
Epoch 5, Step 20 - valid_rmse:0.51576
Epoch 5, Step 30 - valid_rmse:0.52405
Epoch 5, Step 40 - valid_rmse:0.49963
Epoch 5, Step 50 - valid_rmse:0.50706
Epoch 5, Step 60 - valid_rmse:0.50292
Epoch 5, Step 70 - valid_rmse:0.50352
Epoch 5, Step 80 - valid_rmse:0.50962
Epoch 5, Step 90 - valid_rmse:0.52153
Epoch 5, Step 100 - valid_rmse:0.54201
Epoch 5, Step 110 - valid_rmse:0.50556
Epoch 5, Step 120 - valid_rmse:0.51391
Epoch 5, Step 130 - valid_rmse:0.52916
Epoch 5, Step 140 - valid_rmse:0.52016
Epoch 5 - avg_train_loss: 0.25651  avg_val_loss: 0.32490  time: 43s
Epoch 5 - train_rmse:0.25255  valid_rmse:0.52016
========================================================================================================================
Fold 3 Training
========================================================================================================================
Starting 1 epoch...
Epoch 1, Step 10 - valid_rmse:1.01993
>>>>>>>> Model Improved From inf ----> 1.019925250862789
Epoch 1, Step 20 - valid_rmse:0.89938
>>>>>>>> Model Improved From 1.019925250862789 ----> 0.8993771785732328
Epoch 1, Step 30 - valid_rmse:0.77481
>>>>>>>> Model Improved From 0.8993771785732328 ----> 0.7748123115773977
Epoch 1, Step 40 - valid_rmse:0.69451
>>>>>>>> Model Improved From 0.7748123115773977 ----> 0.6945073948571627
Epoch 1, Step 50 - valid_rmse:0.64124
>>>>>>>> Model Improved From 0.6945073948571627 ----> 0.6412405594598588
Epoch 1, Step 60 - valid_rmse:0.76345
Epoch 1, Step 70 - valid_rmse:0.62658
>>>>>>>> Model Improved From 0.6412405594598588 ----> 0.6265785848288649
Epoch 1, Step 80 - valid_rmse:0.61343
>>>>>>>> Model Improved From 0.6265785848288649 ----> 0.6134336618031497
Epoch 1, Step 90 - valid_rmse:0.59361
>>>>>>>> Model Improved From 0.6134336618031497 ----> 0.5936056779084947
Epoch 1, Step 100 - valid_rmse:0.67856
Epoch 1, Step 110 - valid_rmse:0.61631
Epoch 1, Step 120 - valid_rmse:0.60168
Epoch 1, Step 130 - valid_rmse:0.57335
>>>>>>>> Model Improved From 0.5936056779084947 ----> 0.5733542823919591
Epoch 1, Step 140 - valid_rmse:0.60902
Epoch 1 - avg_train_loss: 0.47260  avg_val_loss: 0.38805  time: 52s
Epoch 1 - train_rmse:0.73251  valid_rmse:0.60902
Starting 2 epoch...
Epoch 2, Step 10 - valid_rmse:0.92224
Epoch 2, Step 20 - valid_rmse:0.62891
Epoch 2, Step 30 - valid_rmse:0.59738
Epoch 2, Step 40 - valid_rmse:0.55186
>>>>>>>> Model Improved From 0.5733542823919591 ----> 0.5518576178272114
Epoch 2, Step 50 - valid_rmse:0.56371
Epoch 2, Step 60 - valid_rmse:0.54976
>>>>>>>> Model Improved From 0.5518576178272114 ----> 0.549763118985815
Epoch 2, Step 70 - valid_rmse:0.57453
Epoch 2, Step 80 - valid_rmse:0.53995
>>>>>>>> Model Improved From 0.549763118985815 ----> 0.5399472637856437
Epoch 2, Step 90 - valid_rmse:0.55873
Epoch 2, Step 100 - valid_rmse:0.58726
Epoch 2, Step 110 - valid_rmse:0.55877
Epoch 2, Step 120 - valid_rmse:0.52927
>>>>>>>> Model Improved From 0.5399472637856437 ----> 0.5292661438837046
Epoch 2, Step 130 - valid_rmse:0.53727
Epoch 2, Step 140 - valid_rmse:0.53060
Epoch 2 - avg_train_loss: 0.33989  avg_val_loss: 0.33322  time: 47s
Epoch 2 - train_rmse:0.51889  valid_rmse:0.53060
Starting 3 epoch...
Epoch 3, Step 10 - valid_rmse:0.53935
Epoch 3, Step 20 - valid_rmse:0.52243
>>>>>>>> Model Improved From 0.5292661438837046 ----> 0.5224327483279151
Epoch 3, Step 30 - valid_rmse:0.53320
Epoch 3, Step 40 - valid_rmse:0.52008
>>>>>>>> Model Improved From 0.5224327483279151 ----> 0.520083993755079
Epoch 3, Step 50 - valid_rmse:0.52724
Epoch 3, Step 60 - valid_rmse:0.52490
Epoch 3, Step 70 - valid_rmse:0.51436
>>>>>>>> Model Improved From 0.520083993755079 ----> 0.5143561582395718
Epoch 3, Step 80 - valid_rmse:0.51606
Epoch 3, Step 90 - valid_rmse:0.56975
Epoch 3, Step 100 - valid_rmse:0.57906
Epoch 3, Step 110 - valid_rmse:0.52540
Epoch 3, Step 120 - valid_rmse:0.52269
Epoch 3, Step 130 - valid_rmse:0.56516
Epoch 3, Step 140 - valid_rmse:0.55523
Epoch 3 - avg_train_loss: 0.29297  avg_val_loss: 0.33901  time: 45s
Epoch 3 - train_rmse:0.40579  valid_rmse:0.55523
Starting 4 epoch...
Epoch 4, Step 10 - valid_rmse:0.53475
Epoch 4, Step 20 - valid_rmse:0.54729
Epoch 4, Step 30 - valid_rmse:0.51464
Epoch 4, Step 40 - valid_rmse:0.52689
Epoch 4, Step 50 - valid_rmse:0.55980
Epoch 4, Step 60 - valid_rmse:0.53859
Epoch 4, Step 70 - valid_rmse:0.53022
Epoch 4, Step 80 - valid_rmse:0.52931
Epoch 4, Step 90 - valid_rmse:0.53354
Epoch 4, Step 100 - valid_rmse:0.54013
Epoch 4, Step 110 - valid_rmse:0.52047
Epoch 4, Step 120 - valid_rmse:0.51439
Epoch 4, Step 130 - valid_rmse:0.52086
Epoch 4, Step 140 - valid_rmse:0.51852
Epoch 4 - avg_train_loss: 0.26985  avg_val_loss: 0.32511  time: 43s
Epoch 4 - train_rmse:0.31806  valid_rmse:0.51852
Starting 5 epoch...
Epoch 5, Step 10 - valid_rmse:0.62068
Epoch 5, Step 20 - valid_rmse:0.54717
Epoch 5, Step 30 - valid_rmse:0.53463
Epoch 5, Step 40 - valid_rmse:0.53765
Epoch 5, Step 50 - valid_rmse:0.54639
Epoch 5, Step 60 - valid_rmse:0.53383
Epoch 5, Step 70 - valid_rmse:0.53285
Epoch 5, Step 80 - valid_rmse:0.52918
Epoch 5, Step 90 - valid_rmse:0.53067
Epoch 5, Step 100 - valid_rmse:0.52916
Epoch 5, Step 110 - valid_rmse:0.53407
Epoch 5, Step 120 - valid_rmse:0.53535
Epoch 5, Step 130 - valid_rmse:0.53153
Epoch 5, Step 140 - valid_rmse:0.53079
Epoch 5 - avg_train_loss: 0.25498  avg_val_loss: 0.32860  time: 43s
Epoch 5 - train_rmse:0.24339  valid_rmse:0.53079
========================================================================================================================
Fold 4 Training
========================================================================================================================
Starting 1 epoch...
Epoch 1, Step 10 - valid_rmse:1.02192
>>>>>>>> Model Improved From inf ----> 1.0219166877903343
Epoch 1, Step 20 - valid_rmse:0.97074
>>>>>>>> Model Improved From 1.0219166877903343 ----> 0.9707418909305605
Epoch 1, Step 30 - valid_rmse:0.96481
>>>>>>>> Model Improved From 0.9707418909305605 ----> 0.9648093791702546
Epoch 1, Step 40 - valid_rmse:0.85844
>>>>>>>> Model Improved From 0.9648093791702546 ----> 0.858440816897143
Epoch 1, Step 50 - valid_rmse:0.72947
>>>>>>>> Model Improved From 0.858440816897143 ----> 0.7294680726926067
Epoch 1, Step 60 - valid_rmse:0.64366
>>>>>>>> Model Improved From 0.7294680726926067 ----> 0.643659023764368
Epoch 1, Step 70 - valid_rmse:0.61291
>>>>>>>> Model Improved From 0.643659023764368 ----> 0.6129122079250885
Epoch 1, Step 80 - valid_rmse:0.62129
Epoch 1, Step 90 - valid_rmse:0.63572
Epoch 1, Step 100 - valid_rmse:0.57329
>>>>>>>> Model Improved From 0.6129122079250885 ----> 0.5732920165694377
Epoch 1, Step 110 - valid_rmse:0.58809
Epoch 1, Step 120 - valid_rmse:0.57604
Epoch 1, Step 130 - valid_rmse:0.54994
>>>>>>>> Model Improved From 0.5732920165694377 ----> 0.5499390486177607
Epoch 1, Step 140 - valid_rmse:0.63286
Epoch 1 - avg_train_loss: 0.50938  avg_val_loss: 0.38653  time: 51s
Epoch 1 - train_rmse:0.78853  valid_rmse:0.63286
Starting 2 epoch...
Epoch 2, Step 10 - valid_rmse:0.63724
Epoch 2, Step 20 - valid_rmse:0.53120
>>>>>>>> Model Improved From 0.5499390486177607 ----> 0.5311961993040266
Epoch 2, Step 30 - valid_rmse:0.53574
Epoch 2, Step 40 - valid_rmse:0.58653
Epoch 2, Step 50 - valid_rmse:0.53393
Epoch 2, Step 60 - valid_rmse:0.54419
Epoch 2, Step 70 - valid_rmse:0.53861
Epoch 2, Step 80 - valid_rmse:0.51179
>>>>>>>> Model Improved From 0.5311961993040266 ----> 0.5117947041961132
Epoch 2, Step 90 - valid_rmse:0.51173
>>>>>>>> Model Improved From 0.5117947041961132 ----> 0.5117256202061423
Epoch 2, Step 100 - valid_rmse:0.55289
Epoch 2, Step 110 - valid_rmse:0.63613
Epoch 2, Step 120 - valid_rmse:0.58728
Epoch 2, Step 130 - valid_rmse:0.53378
Epoch 2, Step 140 - valid_rmse:0.51896
Epoch 2 - avg_train_loss: 0.33752  avg_val_loss: 0.32720  time: 46s
Epoch 2 - train_rmse:0.52435  valid_rmse:0.51896
Starting 3 epoch...
Epoch 3, Step 10 - valid_rmse:0.51342
Epoch 3, Step 20 - valid_rmse:0.51395
Epoch 3, Step 30 - valid_rmse:0.50881
>>>>>>>> Model Improved From 0.5117256202061423 ----> 0.5088092168422157
Epoch 3, Step 40 - valid_rmse:0.49818
>>>>>>>> Model Improved From 0.5088092168422157 ----> 0.49817678305087293
Epoch 3, Step 50 - valid_rmse:0.50349
Epoch 3, Step 60 - valid_rmse:0.50755
Epoch 3, Step 70 - valid_rmse:0.50763
Epoch 3, Step 80 - valid_rmse:0.50942
Epoch 3, Step 90 - valid_rmse:0.60490
Epoch 3, Step 100 - valid_rmse:0.54387
Epoch 3, Step 110 - valid_rmse:0.49658
>>>>>>>> Model Improved From 0.49817678305087293 ----> 0.4965818110505974
Epoch 3, Step 120 - valid_rmse:0.50206
Epoch 3, Step 130 - valid_rmse:0.53108
Epoch 3, Step 140 - valid_rmse:0.55762
Epoch 3 - avg_train_loss: 0.29284  avg_val_loss: 0.33929  time: 47s
Epoch 3 - train_rmse:0.40914  valid_rmse:0.55762
Starting 4 epoch...
Epoch 4, Step 10 - valid_rmse:0.51530
Epoch 4, Step 20 - valid_rmse:0.53184
Epoch 4, Step 30 - valid_rmse:0.53810
Epoch 4, Step 40 - valid_rmse:0.54175
Epoch 4, Step 50 - valid_rmse:0.52394
Epoch 4, Step 60 - valid_rmse:0.50420
Epoch 4, Step 70 - valid_rmse:0.51461
Epoch 4, Step 80 - valid_rmse:0.51767
Epoch 4, Step 90 - valid_rmse:0.51983
Epoch 4, Step 100 - valid_rmse:0.50415
Epoch 4, Step 110 - valid_rmse:0.52038
Epoch 4, Step 120 - valid_rmse:0.53694
Epoch 4, Step 130 - valid_rmse:0.50402
Epoch 4, Step 140 - valid_rmse:0.50563
Epoch 4 - avg_train_loss: 0.26987  avg_val_loss: 0.32003  time: 43s
Epoch 4 - train_rmse:0.32083  valid_rmse:0.50563
Starting 5 epoch...
Epoch 5, Step 10 - valid_rmse:0.67769
Epoch 5, Step 20 - valid_rmse:0.54774
Epoch 5, Step 30 - valid_rmse:0.52526
Epoch 5, Step 40 - valid_rmse:0.50917
Epoch 5, Step 50 - valid_rmse:0.50204
Epoch 5, Step 60 - valid_rmse:0.51848
Epoch 5, Step 70 - valid_rmse:0.52549
Epoch 5, Step 80 - valid_rmse:0.51382
Epoch 5, Step 90 - valid_rmse:0.50533
Epoch 5, Step 100 - valid_rmse:0.51921
Epoch 5, Step 110 - valid_rmse:0.52014
Epoch 5, Step 120 - valid_rmse:0.50163
Epoch 5, Step 130 - valid_rmse:0.50365
Epoch 5, Step 140 - valid_rmse:0.50281
Epoch 5 - avg_train_loss: 0.25231  avg_val_loss: 0.31814  time: 43s
Epoch 5 - train_rmse:0.22904  valid_rmse:0.50281
0.4859734975350014
0.4962736042916241
0.4964605845319019
0.5190379633879909
0.4993120821627978
cv score 0.499528615175982
