========================================================================================================================
Fold 0 Training
========================================================================================================================
Starting 1 epoch...
Epoch 1, Step 10 - valid_rmse:0.97534
>>>>>>>> Model Improved From inf ----> 0.9753389696614004
Epoch 1, Step 20 - valid_rmse:0.82904
>>>>>>>> Model Improved From 0.9753389696614004 ----> 0.8290436320159431
Epoch 1, Step 30 - valid_rmse:0.73262
>>>>>>>> Model Improved From 0.8290436320159431 ----> 0.7326164159743329
Epoch 1, Step 40 - valid_rmse:0.59323
>>>>>>>> Model Improved From 0.7326164159743329 ----> 0.5932303703980032
Epoch 1, Step 50 - valid_rmse:0.61495
Epoch 1, Step 60 - valid_rmse:0.58466
>>>>>>>> Model Improved From 0.5932303703980032 ----> 0.5846617004788676
Epoch 1, Step 70 - valid_rmse:0.56892
>>>>>>>> Model Improved From 0.5846617004788676 ----> 0.5689231421632397
Epoch 1, Step 80 - valid_rmse:0.52951
>>>>>>>> Model Improved From 0.5689231421632397 ----> 0.5295055065226026
Epoch 1, Step 90 - valid_rmse:0.65383
Epoch 1, Step 100 - valid_rmse:0.62565
Epoch 1, Step 110 - valid_rmse:0.60255
Epoch 1, Step 120 - valid_rmse:0.51193
>>>>>>>> Model Improved From 0.5295055065226026 ----> 0.5119289136434999
Epoch 1, Step 130 - valid_rmse:0.53743
Epoch 1, Step 140 - valid_rmse:0.51520
Epoch 1 - avg_train_loss: 0.62741  avg_val_loss: 0.49853  time: 94s
Epoch 1 - train_rmse:0.67721  valid_rmse:0.51520
Starting 2 epoch...
Epoch 2, Step 10 - valid_rmse:0.63522
Epoch 2, Step 20 - valid_rmse:0.52540
Epoch 2, Step 30 - valid_rmse:0.61943
Epoch 2, Step 40 - valid_rmse:0.57137
Epoch 2, Step 50 - valid_rmse:0.54928
Epoch 2, Step 60 - valid_rmse:0.54362
Epoch 2, Step 70 - valid_rmse:0.51266
Epoch 2, Step 80 - valid_rmse:0.49993
>>>>>>>> Model Improved From 0.5119289136434999 ----> 0.49992916514551117
Epoch 2, Step 90 - valid_rmse:0.56447
Epoch 2, Step 100 - valid_rmse:0.48917
>>>>>>>> Model Improved From 0.49992916514551117 ----> 0.4891709189304488
Epoch 2, Step 110 - valid_rmse:0.53717
Epoch 2, Step 120 - valid_rmse:0.49096
Epoch 2, Step 130 - valid_rmse:0.50024
Epoch 2, Step 140 - valid_rmse:0.52586
Epoch 2 - avg_train_loss: 0.46028  avg_val_loss: 0.49322  time: 83s
Epoch 2 - train_rmse:0.44957  valid_rmse:0.52586
Starting 3 epoch...
Epoch 3, Step 10 - valid_rmse:0.62941
Epoch 3, Step 20 - valid_rmse:0.56618
Epoch 3, Step 30 - valid_rmse:0.51706
Epoch 3, Step 40 - valid_rmse:0.50504
Epoch 3, Step 50 - valid_rmse:0.49554
Epoch 3, Step 60 - valid_rmse:0.52127
Epoch 3, Step 70 - valid_rmse:0.49862
Epoch 3, Step 80 - valid_rmse:0.49596
Epoch 3, Step 90 - valid_rmse:0.52641
Epoch 3, Step 100 - valid_rmse:0.54046
Epoch 3, Step 110 - valid_rmse:0.51873
Epoch 3, Step 120 - valid_rmse:0.56419
Epoch 3, Step 130 - valid_rmse:0.52758
Epoch 3, Step 140 - valid_rmse:0.49661
Epoch 3 - avg_train_loss: 0.40900  avg_val_loss: 0.47475  time: 80s
Epoch 3 - train_rmse:0.33427  valid_rmse:0.49661
Starting 4 epoch...
Epoch 4, Step 10 - valid_rmse:0.64052
Epoch 4, Step 20 - valid_rmse:0.55430
Epoch 4, Step 30 - valid_rmse:0.52293
Epoch 4, Step 40 - valid_rmse:0.50905
Epoch 4, Step 50 - valid_rmse:0.53212
Epoch 4, Step 60 - valid_rmse:0.53140
Epoch 4, Step 70 - valid_rmse:0.52039
Epoch 4, Step 80 - valid_rmse:0.51787
Epoch 4, Step 90 - valid_rmse:0.51812
Epoch 4, Step 100 - valid_rmse:0.50349
Epoch 4, Step 110 - valid_rmse:0.50239
Epoch 4, Step 120 - valid_rmse:0.50210
Epoch 4, Step 130 - valid_rmse:0.50128
Epoch 4, Step 140 - valid_rmse:0.50365
Epoch 4 - avg_train_loss: 0.38187  avg_val_loss: 0.47652  time: 81s
Epoch 4 - train_rmse:0.24959  valid_rmse:0.50365
Starting 5 epoch...
Epoch 5, Step 10 - valid_rmse:0.59032
Epoch 5, Step 20 - valid_rmse:0.55128
Epoch 5, Step 30 - valid_rmse:0.51590
Epoch 5, Step 40 - valid_rmse:0.50957
Epoch 5, Step 50 - valid_rmse:0.53381
Epoch 5, Step 60 - valid_rmse:0.52373
Epoch 5, Step 70 - valid_rmse:0.50671
Epoch 5, Step 80 - valid_rmse:0.50632
Epoch 5, Step 90 - valid_rmse:0.50743
Epoch 5, Step 100 - valid_rmse:0.50736
Epoch 5, Step 110 - valid_rmse:0.50569
Epoch 5, Step 120 - valid_rmse:0.50174
Epoch 5, Step 130 - valid_rmse:0.50830
Epoch 5, Step 140 - valid_rmse:0.50663
Epoch 5 - avg_train_loss: 0.36844  avg_val_loss: 0.47716  time: 82s
Epoch 5 - train_rmse:0.19525  valid_rmse:0.50663
========================================================================================================================
Fold 1 Training
========================================================================================================================
Starting 1 epoch...
Epoch 1, Step 10 - valid_rmse:0.99608
>>>>>>>> Model Improved From inf ----> 0.9960752587264243
Epoch 1, Step 20 - valid_rmse:0.74208
>>>>>>>> Model Improved From 0.9960752587264243 ----> 0.7420768604963401
Epoch 1, Step 30 - valid_rmse:0.60136
>>>>>>>> Model Improved From 0.7420768604963401 ----> 0.6013576760010219
Epoch 1, Step 40 - valid_rmse:0.61030
Epoch 1, Step 50 - valid_rmse:0.56479
>>>>>>>> Model Improved From 0.6013576760010219 ----> 0.5647887355744177
Epoch 1, Step 60 - valid_rmse:0.55776
>>>>>>>> Model Improved From 0.5647887355744177 ----> 0.5577612245316966
Epoch 1, Step 70 - valid_rmse:0.53666
>>>>>>>> Model Improved From 0.5577612245316966 ----> 0.5366551699831045
Epoch 1, Step 80 - valid_rmse:0.84728
Epoch 1, Step 90 - valid_rmse:0.60509
Epoch 1, Step 100 - valid_rmse:0.61216
Epoch 1, Step 110 - valid_rmse:0.53506
>>>>>>>> Model Improved From 0.5366551699831045 ----> 0.5350637934975313
Epoch 1, Step 120 - valid_rmse:0.55506
Epoch 1, Step 130 - valid_rmse:0.51519
>>>>>>>> Model Improved From 0.5350637934975313 ----> 0.5151861890093946
Epoch 1, Step 140 - valid_rmse:0.53082
Epoch 1 - avg_train_loss: 0.63124  avg_val_loss: 0.50436  time: 96s
Epoch 1 - train_rmse:0.68498  valid_rmse:0.53082
Starting 2 epoch...
Epoch 2, Step 10 - valid_rmse:0.52539
Epoch 2, Step 20 - valid_rmse:0.56134
Epoch 2, Step 30 - valid_rmse:0.53091
Epoch 2, Step 40 - valid_rmse:0.56965
Epoch 2, Step 50 - valid_rmse:0.52289
Epoch 2, Step 60 - valid_rmse:0.52467
Epoch 2, Step 70 - valid_rmse:0.52216
Epoch 2, Step 80 - valid_rmse:0.50081
>>>>>>>> Model Improved From 0.5151861890093946 ----> 0.5008089204355789
Epoch 2, Step 90 - valid_rmse:0.50524
Epoch 2, Step 100 - valid_rmse:0.53291
Epoch 2, Step 110 - valid_rmse:0.51333
Epoch 2, Step 120 - valid_rmse:0.52484
Epoch 2, Step 130 - valid_rmse:0.55282
Epoch 2, Step 140 - valid_rmse:0.49515
>>>>>>>> Model Improved From 0.5008089204355789 ----> 0.49515176983166226
Epoch 2 - avg_train_loss: 0.45838  avg_val_loss: 0.47640  time: 86s
Epoch 2 - train_rmse:0.44931  valid_rmse:0.49515
Starting 3 epoch...
Epoch 3, Step 10 - valid_rmse:0.65845
Epoch 3, Step 20 - valid_rmse:0.52866
Epoch 3, Step 30 - valid_rmse:0.51461
Epoch 3, Step 40 - valid_rmse:0.50098
Epoch 3, Step 50 - valid_rmse:0.52626
Epoch 3, Step 60 - valid_rmse:0.53004
Epoch 3, Step 70 - valid_rmse:0.52371
Epoch 3, Step 80 - valid_rmse:0.52909
Epoch 3, Step 90 - valid_rmse:0.52364
Epoch 3, Step 100 - valid_rmse:0.50547
Epoch 3, Step 110 - valid_rmse:0.50411
Epoch 3, Step 120 - valid_rmse:0.50824
Epoch 3, Step 130 - valid_rmse:0.52133
Epoch 3, Step 140 - valid_rmse:0.53358
Epoch 3 - avg_train_loss: 0.40693  avg_val_loss: 0.49317  time: 82s
Epoch 3 - train_rmse:0.33036  valid_rmse:0.53358
Starting 4 epoch...
Epoch 4, Step 10 - valid_rmse:0.61896
Epoch 4, Step 20 - valid_rmse:0.53762
Epoch 4, Step 30 - valid_rmse:0.52319
Epoch 4, Step 40 - valid_rmse:0.52099
Epoch 4, Step 50 - valid_rmse:0.52115
Epoch 4, Step 60 - valid_rmse:0.50331
Epoch 4, Step 70 - valid_rmse:0.50594
Epoch 4, Step 80 - valid_rmse:0.51090
Epoch 4, Step 90 - valid_rmse:0.51003
Epoch 4, Step 100 - valid_rmse:0.55719
Epoch 4, Step 110 - valid_rmse:0.50398
Epoch 4, Step 120 - valid_rmse:0.54828
Epoch 4, Step 130 - valid_rmse:0.49920
Epoch 4, Step 140 - valid_rmse:0.50540
Epoch 4 - avg_train_loss: 0.38428  avg_val_loss: 0.47721  time: 82s
Epoch 4 - train_rmse:0.26098  valid_rmse:0.50540
Starting 5 epoch...
Epoch 5, Step 10 - valid_rmse:0.71481
Epoch 5, Step 20 - valid_rmse:0.53826
Epoch 5, Step 30 - valid_rmse:0.55645
Epoch 5, Step 40 - valid_rmse:0.51533
Epoch 5, Step 50 - valid_rmse:0.51488
Epoch 5, Step 60 - valid_rmse:0.51178
Epoch 5, Step 70 - valid_rmse:0.50412
Epoch 5, Step 80 - valid_rmse:0.50007
Epoch 5, Step 90 - valid_rmse:0.54815
Epoch 5, Step 100 - valid_rmse:0.50076
Epoch 5, Step 110 - valid_rmse:0.51643
Epoch 5, Step 120 - valid_rmse:0.51744
Epoch 5, Step 130 - valid_rmse:0.53896
Epoch 5, Step 140 - valid_rmse:0.51827
Epoch 5 - avg_train_loss: 0.37647  avg_val_loss: 0.48302  time: 81s
Epoch 5 - train_rmse:0.23370  valid_rmse:0.51827
========================================================================================================================
Fold 2 Training
========================================================================================================================
Starting 1 epoch...
Epoch 1, Step 10 - valid_rmse:1.10736
>>>>>>>> Model Improved From inf ----> 1.1073556216792908
Epoch 1, Step 20 - valid_rmse:0.78518
>>>>>>>> Model Improved From 1.1073556216792908 ----> 0.7851789864137287
Epoch 1, Step 30 - valid_rmse:0.66714
>>>>>>>> Model Improved From 0.7851789864137287 ----> 0.6671364425792587
Epoch 1, Step 40 - valid_rmse:0.66194
>>>>>>>> Model Improved From 0.6671364425792587 ----> 0.6619365454320957
Epoch 1, Step 50 - valid_rmse:0.60107
>>>>>>>> Model Improved From 0.6619365454320957 ----> 0.601066768470146
Epoch 1, Step 60 - valid_rmse:0.61800
Epoch 1, Step 70 - valid_rmse:0.55734
>>>>>>>> Model Improved From 0.601066768470146 ----> 0.5573395234815889
Epoch 1, Step 80 - valid_rmse:0.55960
Epoch 1, Step 90 - valid_rmse:0.55673
>>>>>>>> Model Improved From 0.5573395234815889 ----> 0.5567269474982841
Epoch 1, Step 100 - valid_rmse:0.55577
>>>>>>>> Model Improved From 0.5567269474982841 ----> 0.5557689974895804
Epoch 1, Step 110 - valid_rmse:0.64693
Epoch 1, Step 120 - valid_rmse:0.54733
>>>>>>>> Model Improved From 0.5557689974895804 ----> 0.547325197388943
Epoch 1, Step 130 - valid_rmse:0.55513
Epoch 1, Step 140 - valid_rmse:0.49488
>>>>>>>> Model Improved From 0.547325197388943 ----> 0.49488265826353023
Epoch 1 - avg_train_loss: 0.63268  avg_val_loss: 0.49159  time: 102s
Epoch 1 - train_rmse:0.67348  valid_rmse:0.49488
Starting 2 epoch...
Epoch 2, Step 10 - valid_rmse:0.71769
Epoch 2, Step 20 - valid_rmse:0.59008
Epoch 2, Step 30 - valid_rmse:0.57165
Epoch 2, Step 40 - valid_rmse:0.55091
Epoch 2, Step 50 - valid_rmse:0.53975
Epoch 2, Step 60 - valid_rmse:0.54618
Epoch 2, Step 70 - valid_rmse:0.51427
Epoch 2, Step 80 - valid_rmse:0.53544
Epoch 2, Step 90 - valid_rmse:0.53770
Epoch 2, Step 100 - valid_rmse:0.53372
Epoch 2, Step 110 - valid_rmse:0.49991
Epoch 2, Step 120 - valid_rmse:0.49048
>>>>>>>> Model Improved From 0.49488265826353023 ----> 0.4904841147527822
Epoch 2, Step 130 - valid_rmse:0.49766
Epoch 2, Step 140 - valid_rmse:0.48040
>>>>>>>> Model Improved From 0.4904841147527822 ----> 0.4803966398492145
Epoch 2 - avg_train_loss: 0.46125  avg_val_loss: 0.47048  time: 87s
Epoch 2 - train_rmse:0.44714  valid_rmse:0.48040
Starting 3 epoch...
Epoch 3, Step 10 - valid_rmse:0.76948
Epoch 3, Step 20 - valid_rmse:0.59056
Epoch 3, Step 30 - valid_rmse:0.50075
Epoch 3, Step 40 - valid_rmse:0.51715
Epoch 3, Step 50 - valid_rmse:0.49079
Epoch 3, Step 60 - valid_rmse:0.48760
Epoch 3, Step 70 - valid_rmse:0.48707
Epoch 3, Step 80 - valid_rmse:0.49056
Epoch 3, Step 90 - valid_rmse:0.48656
Epoch 3, Step 100 - valid_rmse:0.48847
Epoch 3, Step 110 - valid_rmse:0.48969
Epoch 3, Step 120 - valid_rmse:0.49772
Epoch 3, Step 130 - valid_rmse:0.49049
Epoch 3, Step 140 - valid_rmse:0.51624
Epoch 3 - avg_train_loss: 0.40699  avg_val_loss: 0.48486  time: 82s
Epoch 3 - train_rmse:0.32683  valid_rmse:0.51624
Starting 4 epoch...
Epoch 4, Step 10 - valid_rmse:0.60719
Epoch 4, Step 20 - valid_rmse:0.54118
Epoch 4, Step 30 - valid_rmse:0.49526
Epoch 4, Step 40 - valid_rmse:0.50928
Epoch 4, Step 50 - valid_rmse:0.49571
Epoch 4, Step 60 - valid_rmse:0.50779
Epoch 4, Step 70 - valid_rmse:0.48981
Epoch 4, Step 80 - valid_rmse:0.48362
Epoch 4, Step 90 - valid_rmse:0.49126
Epoch 4, Step 100 - valid_rmse:0.48609
Epoch 4, Step 110 - valid_rmse:0.48982
Epoch 4, Step 120 - valid_rmse:0.49545
Epoch 4, Step 130 - valid_rmse:0.50278
Epoch 4, Step 140 - valid_rmse:0.48923
Epoch 4 - avg_train_loss: 0.38048  avg_val_loss: 0.46945  time: 82s
Epoch 4 - train_rmse:0.24361  valid_rmse:0.48923
Starting 5 epoch...
Epoch 5, Step 10 - valid_rmse:0.69271
Epoch 5, Step 20 - valid_rmse:0.53694
Epoch 5, Step 30 - valid_rmse:0.49608
Epoch 5, Step 40 - valid_rmse:0.49333
Epoch 5, Step 50 - valid_rmse:0.49074
Epoch 5, Step 60 - valid_rmse:0.48890
Epoch 5, Step 70 - valid_rmse:0.48560
Epoch 5, Step 80 - valid_rmse:0.48702
Epoch 5, Step 90 - valid_rmse:0.49044
Epoch 5, Step 100 - valid_rmse:0.50314
Epoch 5, Step 110 - valid_rmse:0.48971
Epoch 5, Step 120 - valid_rmse:0.49054
Epoch 5, Step 130 - valid_rmse:0.48986
Epoch 5, Step 140 - valid_rmse:0.49638
Epoch 5 - avg_train_loss: 0.37046  avg_val_loss: 0.47211  time: 82s
Epoch 5 - train_rmse:0.20451  valid_rmse:0.49638
========================================================================================================================
Fold 3 Training
========================================================================================================================
Starting 1 epoch...
Epoch 1, Step 10 - valid_rmse:0.79988
>>>>>>>> Model Improved From inf ----> 0.7998792857663848
Epoch 1, Step 20 - valid_rmse:0.64288
>>>>>>>> Model Improved From 0.7998792857663848 ----> 0.6428761881358194
Epoch 1, Step 30 - valid_rmse:0.60582
>>>>>>>> Model Improved From 0.6428761881358194 ----> 0.605817712894366
Epoch 1, Step 40 - valid_rmse:0.60078
>>>>>>>> Model Improved From 0.605817712894366 ----> 0.6007840292057521
Epoch 1, Step 50 - valid_rmse:0.61147
Epoch 1, Step 60 - valid_rmse:0.55916
>>>>>>>> Model Improved From 0.6007840292057521 ----> 0.5591624096999374
Epoch 1, Step 70 - valid_rmse:0.54999
>>>>>>>> Model Improved From 0.5591624096999374 ----> 0.549988994746712
Epoch 1, Step 80 - valid_rmse:0.55546
Epoch 1, Step 90 - valid_rmse:0.62567
Epoch 1, Step 100 - valid_rmse:0.65409
Epoch 1, Step 110 - valid_rmse:0.57512
Epoch 1, Step 120 - valid_rmse:0.70367
Epoch 1, Step 130 - valid_rmse:0.66693
Epoch 1, Step 140 - valid_rmse:0.52861
>>>>>>>> Model Improved From 0.549988994746712 ----> 0.5286087250687631
Epoch 1 - avg_train_loss: 0.61624  avg_val_loss: 0.51005  time: 95s
Epoch 1 - train_rmse:0.65444  valid_rmse:0.52861
Starting 2 epoch...
Epoch 2, Step 10 - valid_rmse:0.53259
Epoch 2, Step 20 - valid_rmse:0.51373
>>>>>>>> Model Improved From 0.5286087250687631 ----> 0.5137345937412596
Epoch 2, Step 30 - valid_rmse:0.53513
Epoch 2, Step 40 - valid_rmse:0.60613
Epoch 2, Step 50 - valid_rmse:0.55987
Epoch 2, Step 60 - valid_rmse:0.51762
Epoch 2, Step 70 - valid_rmse:0.51351
>>>>>>>> Model Improved From 0.5137345937412596 ----> 0.5135091037480441
Epoch 2, Step 80 - valid_rmse:0.56387
Epoch 2, Step 90 - valid_rmse:0.54548
Epoch 2, Step 100 - valid_rmse:0.52305
Epoch 2, Step 110 - valid_rmse:0.59877
Epoch 2, Step 120 - valid_rmse:0.58208
Epoch 2, Step 130 - valid_rmse:0.49479
>>>>>>>> Model Improved From 0.5135091037480441 ----> 0.4947931238662957
Epoch 2, Step 140 - valid_rmse:0.51783
Epoch 2 - avg_train_loss: 0.46310  avg_val_loss: 0.48953  time: 89s
Epoch 2 - train_rmse:0.45355  valid_rmse:0.51783
Starting 3 epoch...
Epoch 3, Step 10 - valid_rmse:0.51606
Epoch 3, Step 20 - valid_rmse:0.52009
Epoch 3, Step 30 - valid_rmse:0.50598
Epoch 3, Step 40 - valid_rmse:0.51775
Epoch 3, Step 50 - valid_rmse:0.50961
Epoch 3, Step 60 - valid_rmse:0.50099
Epoch 3, Step 70 - valid_rmse:0.53552
Epoch 3, Step 80 - valid_rmse:0.52861
Epoch 3, Step 90 - valid_rmse:0.50515
Epoch 3, Step 100 - valid_rmse:0.51488
Epoch 3, Step 110 - valid_rmse:0.52473
Epoch 3, Step 120 - valid_rmse:0.49911
Epoch 3, Step 130 - valid_rmse:0.51354
Epoch 3, Step 140 - valid_rmse:0.54259
Epoch 3 - avg_train_loss: 0.40922  avg_val_loss: 0.49870  time: 82s
Epoch 3 - train_rmse:0.33495  valid_rmse:0.54259
Starting 4 epoch...
Epoch 4, Step 10 - valid_rmse:0.51479
Epoch 4, Step 20 - valid_rmse:0.51089
Epoch 4, Step 30 - valid_rmse:0.50421
Epoch 4, Step 40 - valid_rmse:0.50198
Epoch 4, Step 50 - valid_rmse:0.50310
Epoch 4, Step 60 - valid_rmse:0.50458
Epoch 4, Step 70 - valid_rmse:0.49509
Epoch 4, Step 80 - valid_rmse:0.49948
Epoch 4, Step 90 - valid_rmse:0.49326
>>>>>>>> Model Improved From 0.4947931238662957 ----> 0.49325687209128494
Epoch 4, Step 100 - valid_rmse:0.49705
Epoch 4, Step 110 - valid_rmse:0.50607
Epoch 4, Step 120 - valid_rmse:0.49891
Epoch 4, Step 130 - valid_rmse:0.49791
Epoch 4, Step 140 - valid_rmse:0.49579
Epoch 4 - avg_train_loss: 0.38278  avg_val_loss: 0.47252  time: 84s
Epoch 4 - train_rmse:0.25320  valid_rmse:0.49579
Starting 5 epoch...
Epoch 5, Step 10 - valid_rmse:0.67390
Epoch 5, Step 20 - valid_rmse:0.57357
Epoch 5, Step 30 - valid_rmse:0.52939
Epoch 5, Step 40 - valid_rmse:0.50154
Epoch 5, Step 50 - valid_rmse:0.50206
Epoch 5, Step 60 - valid_rmse:0.50318
Epoch 5, Step 70 - valid_rmse:0.50075
Epoch 5, Step 80 - valid_rmse:0.50112
Epoch 5, Step 90 - valid_rmse:0.50028
Epoch 5, Step 100 - valid_rmse:0.50906
Epoch 5, Step 110 - valid_rmse:0.49846
Epoch 5, Step 120 - valid_rmse:0.50648
Epoch 5, Step 130 - valid_rmse:0.49954
Epoch 5, Step 140 - valid_rmse:0.49903
Epoch 5 - avg_train_loss: 0.37163  avg_val_loss: 0.47333  time: 82s
Epoch 5 - train_rmse:0.21056  valid_rmse:0.49903
========================================================================================================================
Fold 4 Training
========================================================================================================================
Starting 1 epoch...
Epoch 1, Step 10 - valid_rmse:0.88586
>>>>>>>> Model Improved From inf ----> 0.8858578068647538
Epoch 1, Step 20 - valid_rmse:0.73303
>>>>>>>> Model Improved From 0.8858578068647538 ----> 0.7330296986459754
Epoch 1, Step 30 - valid_rmse:0.77617
Epoch 1, Step 40 - valid_rmse:0.60774
>>>>>>>> Model Improved From 0.7330296986459754 ----> 0.6077440337084032
Epoch 1, Step 50 - valid_rmse:0.58024
>>>>>>>> Model Improved From 0.6077440337084032 ----> 0.5802433494320045
Epoch 1, Step 60 - valid_rmse:0.63145
Epoch 1, Step 70 - valid_rmse:0.68761
Epoch 1, Step 80 - valid_rmse:0.66927
Epoch 1, Step 90 - valid_rmse:0.62206
Epoch 1, Step 100 - valid_rmse:0.53503
>>>>>>>> Model Improved From 0.5802433494320045 ----> 0.5350262525515943
Epoch 1, Step 110 - valid_rmse:0.62130
Epoch 1, Step 120 - valid_rmse:0.65181
Epoch 1, Step 130 - valid_rmse:0.54285
Epoch 1, Step 140 - valid_rmse:0.51344
>>>>>>>> Model Improved From 0.5350262525515943 ----> 0.5134411364064669
Epoch 1 - avg_train_loss: 0.61637  avg_val_loss: 0.49963  time: 94s
Epoch 1 - train_rmse:0.65526  valid_rmse:0.51344
Starting 2 epoch...
Epoch 2, Step 10 - valid_rmse:0.53663
Epoch 2, Step 20 - valid_rmse:0.52650
Epoch 2, Step 30 - valid_rmse:0.51523
Epoch 2, Step 40 - valid_rmse:0.60175
Epoch 2, Step 50 - valid_rmse:0.51860
Epoch 2, Step 60 - valid_rmse:0.50905
>>>>>>>> Model Improved From 0.5134411364064669 ----> 0.5090522995654301
Epoch 2, Step 70 - valid_rmse:0.52440
Epoch 2, Step 80 - valid_rmse:0.52472
Epoch 2, Step 90 - valid_rmse:0.53787
Epoch 2, Step 100 - valid_rmse:0.52648
Epoch 2, Step 110 - valid_rmse:0.51858
Epoch 2, Step 120 - valid_rmse:0.49919
>>>>>>>> Model Improved From 0.5090522995654301 ----> 0.4991913147196206
Epoch 2, Step 130 - valid_rmse:0.59051
Epoch 2, Step 140 - valid_rmse:0.53286
Epoch 2 - avg_train_loss: 0.45812  avg_val_loss: 0.49736  time: 86s
Epoch 2 - train_rmse:0.44107  valid_rmse:0.53286
Starting 3 epoch...
Epoch 3, Step 10 - valid_rmse:0.59331
Epoch 3, Step 20 - valid_rmse:0.56392
Epoch 3, Step 30 - valid_rmse:0.56005
Epoch 3, Step 40 - valid_rmse:0.53252
Epoch 3, Step 50 - valid_rmse:0.54254
Epoch 3, Step 60 - valid_rmse:0.52000
Epoch 3, Step 70 - valid_rmse:0.50351
Epoch 3, Step 80 - valid_rmse:0.50124
Epoch 3, Step 90 - valid_rmse:0.53514
Epoch 3, Step 100 - valid_rmse:0.50403
Epoch 3, Step 110 - valid_rmse:0.50888
Epoch 3, Step 120 - valid_rmse:0.49988
Epoch 3, Step 130 - valid_rmse:0.50460
Epoch 3, Step 140 - valid_rmse:0.54743
Epoch 3 - avg_train_loss: 0.40374  avg_val_loss: 0.50147  time: 82s
Epoch 3 - train_rmse:0.31694  valid_rmse:0.54743
Starting 4 epoch...
Epoch 4, Step 10 - valid_rmse:0.54276
Epoch 4, Step 20 - valid_rmse:0.52760
Epoch 4, Step 30 - valid_rmse:0.51463
Epoch 4, Step 40 - valid_rmse:0.51441
Epoch 4, Step 50 - valid_rmse:0.51632
Epoch 4, Step 60 - valid_rmse:0.51799
Epoch 4, Step 70 - valid_rmse:0.50847
Epoch 4, Step 80 - valid_rmse:0.51750
Epoch 4, Step 90 - valid_rmse:0.52022
Epoch 4, Step 100 - valid_rmse:0.51862
Epoch 4, Step 110 - valid_rmse:0.50642
Epoch 4, Step 120 - valid_rmse:0.52454
Epoch 4, Step 130 - valid_rmse:0.50715
Epoch 4, Step 140 - valid_rmse:0.50797
Epoch 4 - avg_train_loss: 0.37496  avg_val_loss: 0.47873  time: 82s
Epoch 4 - train_rmse:0.22011  valid_rmse:0.50797
Starting 5 epoch...
Epoch 5, Step 10 - valid_rmse:0.77709
Epoch 5, Step 20 - valid_rmse:0.54936
Epoch 5, Step 30 - valid_rmse:0.54062
Epoch 5, Step 40 - valid_rmse:0.53084
Epoch 5, Step 50 - valid_rmse:0.51544
Epoch 5, Step 60 - valid_rmse:0.52938
Epoch 5, Step 70 - valid_rmse:0.51695
Epoch 5, Step 80 - valid_rmse:0.51630
Epoch 5, Step 90 - valid_rmse:0.52239
Epoch 5, Step 100 - valid_rmse:0.51429
Epoch 5, Step 110 - valid_rmse:0.51831
Epoch 5, Step 120 - valid_rmse:0.51278
Epoch 5, Step 130 - valid_rmse:0.51781
Epoch 5, Step 140 - valid_rmse:0.52164
Epoch 5 - avg_train_loss: 0.37162  avg_val_loss: 0.48485  time: 81s
Epoch 5 - train_rmse:0.21011  valid_rmse:0.52164
0.49040115347276453
0.49267239366561116
0.49093235202364505
0.4951352780206107
0.4987790518402173
cv score 0.49359180714074874
