========================================================================================================================
Fold 0 Training
========================================================================================================================
Starting 1 epoch...
Epoch 1, Step 10 - valid_rmse:0.76426
>>>>>>>> Model Improved From inf ----> 0.764258059602362
Epoch 1, Step 20 - valid_rmse:0.69219
>>>>>>>> Model Improved From 0.764258059602362 ----> 0.6921899703627094
Epoch 1, Step 30 - valid_rmse:0.70398
Epoch 1, Step 40 - valid_rmse:0.63779
>>>>>>>> Model Improved From 0.6921899703627094 ----> 0.6377928575175409
Epoch 1, Step 50 - valid_rmse:0.67141
Epoch 1, Step 60 - valid_rmse:0.63452
>>>>>>>> Model Improved From 0.6377928575175409 ----> 0.6345230073435051
Epoch 1, Step 70 - valid_rmse:0.57761
>>>>>>>> Model Improved From 0.6345230073435051 ----> 0.5776066175186316
Epoch 1, Step 80 - valid_rmse:0.56934
>>>>>>>> Model Improved From 0.5776066175186316 ----> 0.5693413201825779
Epoch 1, Step 90 - valid_rmse:0.55161
>>>>>>>> Model Improved From 0.5693413201825779 ----> 0.551607609723212
Epoch 1, Step 100 - valid_rmse:0.61510
Epoch 1, Step 110 - valid_rmse:0.54904
>>>>>>>> Model Improved From 0.551607609723212 ----> 0.5490439020402866
Epoch 1, Step 120 - valid_rmse:0.60633
Epoch 1, Step 130 - valid_rmse:0.54616
>>>>>>>> Model Improved From 0.5490439020402866 ----> 0.5461579933558034
Epoch 1, Step 140 - valid_rmse:0.55782
Epoch 1 - avg_train_loss: 0.61984  avg_val_loss: 0.52166  time: 126s
Epoch 1 - train_rmse:0.65718  valid_rmse:0.55782
Starting 2 epoch...
Epoch 2, Step 10 - valid_rmse:0.69166
Epoch 2, Step 20 - valid_rmse:0.60305
Epoch 2, Step 30 - valid_rmse:0.54576
>>>>>>>> Model Improved From 0.5461579933558034 ----> 0.5457571790708434
Epoch 2, Step 40 - valid_rmse:0.55068
Epoch 2, Step 50 - valid_rmse:0.52185
>>>>>>>> Model Improved From 0.5457571790708434 ----> 0.5218463277218865
Epoch 2, Step 60 - valid_rmse:0.51087
>>>>>>>> Model Improved From 0.5218463277218865 ----> 0.51086671296778
Epoch 2, Step 70 - valid_rmse:0.51555
Epoch 2, Step 80 - valid_rmse:0.51214
Epoch 2, Step 90 - valid_rmse:0.51377
Epoch 2, Step 100 - valid_rmse:0.51475
Epoch 2, Step 110 - valid_rmse:0.50691
>>>>>>>> Model Improved From 0.51086671296778 ----> 0.5069107852233026
Epoch 2, Step 120 - valid_rmse:0.50355
>>>>>>>> Model Improved From 0.5069107852233026 ----> 0.503551427165343
Epoch 2, Step 130 - valid_rmse:0.50794
Epoch 2, Step 140 - valid_rmse:0.65696
Epoch 2 - avg_train_loss: 0.47364  avg_val_loss: 0.57077  time: 120s
Epoch 2 - train_rmse:0.47769  valid_rmse:0.65696
Starting 3 epoch...
Epoch 3, Step 10 - valid_rmse:0.70097
Epoch 3, Step 20 - valid_rmse:0.54136
Epoch 3, Step 30 - valid_rmse:0.52609
Epoch 3, Step 40 - valid_rmse:0.50658
Epoch 3, Step 50 - valid_rmse:0.51083
Epoch 3, Step 60 - valid_rmse:0.51374
Epoch 3, Step 70 - valid_rmse:0.50396
Epoch 3, Step 80 - valid_rmse:0.51068
Epoch 3, Step 90 - valid_rmse:0.51134
Epoch 3, Step 100 - valid_rmse:0.50339
>>>>>>>> Model Improved From 0.503551427165343 ----> 0.5033926368059708
Epoch 3, Step 110 - valid_rmse:0.50413
Epoch 3, Step 120 - valid_rmse:0.51666
Epoch 3, Step 130 - valid_rmse:0.51309
Epoch 3, Step 140 - valid_rmse:0.56917
Epoch 3 - avg_train_loss: 0.40307  avg_val_loss: 0.51217  time: 115s
Epoch 3 - train_rmse:0.31877  valid_rmse:0.56917
Starting 4 epoch...
Epoch 4, Step 10 - valid_rmse:0.83751
Epoch 4, Step 20 - valid_rmse:0.62471
Epoch 4, Step 30 - valid_rmse:0.58084
Epoch 4, Step 40 - valid_rmse:0.51034
Epoch 4, Step 50 - valid_rmse:0.52663
Epoch 4, Step 60 - valid_rmse:0.54219
Epoch 4, Step 70 - valid_rmse:0.54592
Epoch 4, Step 80 - valid_rmse:0.52932
Epoch 4, Step 90 - valid_rmse:0.55844
Epoch 4, Step 100 - valid_rmse:0.51623
Epoch 4, Step 110 - valid_rmse:0.50608
Epoch 4, Step 120 - valid_rmse:0.50280
>>>>>>>> Model Improved From 0.5033926368059708 ----> 0.5027961941002232
Epoch 4, Step 130 - valid_rmse:0.50596
Epoch 4, Step 140 - valid_rmse:0.50348
Epoch 4 - avg_train_loss: 0.39350  avg_val_loss: 0.47595  time: 115s
Epoch 4 - train_rmse:0.29321  valid_rmse:0.50348
Starting 5 epoch...
Epoch 5, Step 10 - valid_rmse:0.75749
Epoch 5, Step 20 - valid_rmse:0.61506
Epoch 5, Step 30 - valid_rmse:0.56122
Epoch 5, Step 40 - valid_rmse:0.57046
Epoch 5, Step 50 - valid_rmse:0.56031
Epoch 5, Step 60 - valid_rmse:0.53605
Epoch 5, Step 70 - valid_rmse:0.54534
Epoch 5, Step 80 - valid_rmse:0.52392
Epoch 5, Step 90 - valid_rmse:0.51358
Epoch 5, Step 100 - valid_rmse:0.51376
Epoch 5, Step 110 - valid_rmse:0.51088
Epoch 5, Step 120 - valid_rmse:0.50712
Epoch 5, Step 130 - valid_rmse:0.51600
Epoch 5, Step 140 - valid_rmse:0.51304
Epoch 5 - avg_train_loss: 0.37703  avg_val_loss: 0.48008  time: 112s
Epoch 5 - train_rmse:0.23615  valid_rmse:0.51304
========================================================================================================================
Fold 1 Training
========================================================================================================================
Starting 1 epoch...
Epoch 1, Step 10 - valid_rmse:0.76154
>>>>>>>> Model Improved From inf ----> 0.7615381151324192
Epoch 1, Step 20 - valid_rmse:0.68244
>>>>>>>> Model Improved From 0.7615381151324192 ----> 0.6824380528889034
Epoch 1, Step 30 - valid_rmse:0.64396
>>>>>>>> Model Improved From 0.6824380528889034 ----> 0.6439627805388751
Epoch 1, Step 40 - valid_rmse:0.62218
>>>>>>>> Model Improved From 0.6439627805388751 ----> 0.6221842679226458
Epoch 1, Step 50 - valid_rmse:0.60690
>>>>>>>> Model Improved From 0.6221842679226458 ----> 0.6069027989267064
Epoch 1, Step 60 - valid_rmse:0.69088
Epoch 1, Step 70 - valid_rmse:0.70765
Epoch 1, Step 80 - valid_rmse:0.73701
Epoch 1, Step 90 - valid_rmse:0.69200
Epoch 1, Step 100 - valid_rmse:0.55962
>>>>>>>> Model Improved From 0.6069027989267064 ----> 0.5596243056371509
Epoch 1, Step 110 - valid_rmse:0.57198
Epoch 1, Step 120 - valid_rmse:0.77160
Epoch 1, Step 130 - valid_rmse:0.71745
Epoch 1, Step 140 - valid_rmse:0.54544
>>>>>>>> Model Improved From 0.5596243056371509 ----> 0.5454362319563248
Epoch 1 - avg_train_loss: 0.65698  avg_val_loss: 0.52710  time: 125s
Epoch 1 - train_rmse:0.69668  valid_rmse:0.54544
Starting 2 epoch...
Epoch 2, Step 10 - valid_rmse:0.54311
>>>>>>>> Model Improved From 0.5454362319563248 ----> 0.5431054816106824
Epoch 2, Step 20 - valid_rmse:0.52597
>>>>>>>> Model Improved From 0.5431054816106824 ----> 0.5259681409890086
Epoch 2, Step 30 - valid_rmse:0.53617
Epoch 2, Step 40 - valid_rmse:0.55182
Epoch 2, Step 50 - valid_rmse:0.52939
Epoch 2, Step 60 - valid_rmse:0.51076
>>>>>>>> Model Improved From 0.5259681409890086 ----> 0.5107612418298125
Epoch 2, Step 70 - valid_rmse:0.50584
>>>>>>>> Model Improved From 0.5107612418298125 ----> 0.5058397729348189
Epoch 2, Step 80 - valid_rmse:0.50944
Epoch 2, Step 90 - valid_rmse:0.51463
Epoch 2, Step 100 - valid_rmse:0.50820
Epoch 2, Step 110 - valid_rmse:0.52021
Epoch 2, Step 120 - valid_rmse:0.51670
Epoch 2, Step 130 - valid_rmse:0.51815
Epoch 2, Step 140 - valid_rmse:0.50551
>>>>>>>> Model Improved From 0.5058397729348189 ----> 0.505513506124817
Epoch 2 - avg_train_loss: 0.47281  avg_val_loss: 0.48352  time: 122s
Epoch 2 - train_rmse:0.46708  valid_rmse:0.50551
Starting 3 epoch...
Epoch 3, Step 10 - valid_rmse:0.72995
Epoch 3, Step 20 - valid_rmse:0.54302
Epoch 3, Step 30 - valid_rmse:0.51324
Epoch 3, Step 40 - valid_rmse:0.51461
Epoch 3, Step 50 - valid_rmse:0.52152
Epoch 3, Step 60 - valid_rmse:0.50888
Epoch 3, Step 70 - valid_rmse:0.50931
Epoch 3, Step 80 - valid_rmse:0.52049
Epoch 3, Step 90 - valid_rmse:0.54625
Epoch 3, Step 100 - valid_rmse:0.56353
Epoch 3, Step 110 - valid_rmse:0.52841
Epoch 3, Step 120 - valid_rmse:0.52348
Epoch 3, Step 130 - valid_rmse:0.51850
Epoch 3, Step 140 - valid_rmse:0.51996
Epoch 3 - avg_train_loss: 0.40733  avg_val_loss: 0.48663  time: 112s
Epoch 3 - train_rmse:0.32778  valid_rmse:0.51996
Starting 4 epoch...
Epoch 4, Step 10 - valid_rmse:0.57157
Epoch 4, Step 20 - valid_rmse:0.52322
Epoch 4, Step 30 - valid_rmse:0.50766
Epoch 4, Step 40 - valid_rmse:0.50792
Epoch 4, Step 50 - valid_rmse:0.51044
Epoch 4, Step 60 - valid_rmse:0.50897
Epoch 4, Step 70 - valid_rmse:0.51231
Epoch 4, Step 80 - valid_rmse:0.51217
Epoch 4, Step 90 - valid_rmse:0.51415
Epoch 4, Step 100 - valid_rmse:0.52736
Epoch 4, Step 110 - valid_rmse:0.52368
Epoch 4, Step 120 - valid_rmse:0.50536
>>>>>>>> Model Improved From 0.505513506124817 ----> 0.5053557621071424
Epoch 4, Step 130 - valid_rmse:0.50948
Epoch 4, Step 140 - valid_rmse:0.52286
Epoch 4 - avg_train_loss: 0.37819  avg_val_loss: 0.48625  time: 115s
Epoch 4 - train_rmse:0.23511  valid_rmse:0.52286
Starting 5 epoch...
Epoch 5, Step 10 - valid_rmse:0.61597
Epoch 5, Step 20 - valid_rmse:0.56180
Epoch 5, Step 30 - valid_rmse:0.52249
Epoch 5, Step 40 - valid_rmse:0.51395
Epoch 5, Step 50 - valid_rmse:0.51134
Epoch 5, Step 60 - valid_rmse:0.50966
Epoch 5, Step 70 - valid_rmse:0.50507
>>>>>>>> Model Improved From 0.5053557621071424 ----> 0.505070169309395
Epoch 5, Step 80 - valid_rmse:0.50862
Epoch 5, Step 90 - valid_rmse:0.51275
Epoch 5, Step 100 - valid_rmse:0.51388
Epoch 5, Step 110 - valid_rmse:0.50740
Epoch 5, Step 120 - valid_rmse:0.51849
Epoch 5, Step 130 - valid_rmse:0.51443
Epoch 5, Step 140 - valid_rmse:0.50909
Epoch 5 - avg_train_loss: 0.36860  avg_val_loss: 0.47818  time: 115s
Epoch 5 - train_rmse:0.19692  valid_rmse:0.50909
========================================================================================================================
Fold 2 Training
========================================================================================================================
Starting 1 epoch...
Epoch 1, Step 10 - valid_rmse:0.98389
>>>>>>>> Model Improved From inf ----> 0.9838878739112765
Epoch 1, Step 20 - valid_rmse:0.74207
>>>>>>>> Model Improved From 0.9838878739112765 ----> 0.7420700222298419
Epoch 1, Step 30 - valid_rmse:0.83321
Epoch 1, Step 40 - valid_rmse:0.68608
>>>>>>>> Model Improved From 0.7420700222298419 ----> 0.6860790986870361
Epoch 1, Step 50 - valid_rmse:0.76337
Epoch 1, Step 60 - valid_rmse:0.72502
Epoch 1, Step 70 - valid_rmse:0.65253
>>>>>>>> Model Improved From 0.6860790986870361 ----> 0.6525283040695031
Epoch 1, Step 80 - valid_rmse:0.61012
>>>>>>>> Model Improved From 0.6525283040695031 ----> 0.6101150294521427
Epoch 1, Step 90 - valid_rmse:0.59113
>>>>>>>> Model Improved From 0.6101150294521427 ----> 0.5911301746020037
Epoch 1, Step 100 - valid_rmse:0.58543
>>>>>>>> Model Improved From 0.5911301746020037 ----> 0.5854279780935122
Epoch 1, Step 110 - valid_rmse:0.60747
Epoch 1, Step 120 - valid_rmse:0.57655
>>>>>>>> Model Improved From 0.5854279780935122 ----> 0.5765531698467435
Epoch 1, Step 130 - valid_rmse:0.57367
>>>>>>>> Model Improved From 0.5765531698467435 ----> 0.5736652292517245
Epoch 1, Step 140 - valid_rmse:0.59601
Epoch 1 - avg_train_loss: 0.65546  avg_val_loss: 0.54698  time: 131s
Epoch 1 - train_rmse:0.70000  valid_rmse:0.59601
Starting 2 epoch...
Epoch 2, Step 10 - valid_rmse:0.66924
Epoch 2, Step 20 - valid_rmse:0.57142
>>>>>>>> Model Improved From 0.5736652292517245 ----> 0.5714227683597223
Epoch 2, Step 30 - valid_rmse:0.55347
>>>>>>>> Model Improved From 0.5714227683597223 ----> 0.5534658476221884
Epoch 2, Step 40 - valid_rmse:0.54309
>>>>>>>> Model Improved From 0.5534658476221884 ----> 0.5430896866651231
Epoch 2, Step 50 - valid_rmse:0.54611
Epoch 2, Step 60 - valid_rmse:0.61081
Epoch 2, Step 70 - valid_rmse:0.62630
Epoch 2, Step 80 - valid_rmse:0.56114
Epoch 2, Step 90 - valid_rmse:0.53750
>>>>>>>> Model Improved From 0.5430896866651231 ----> 0.5375018961716426
Epoch 2, Step 100 - valid_rmse:0.53647
>>>>>>>> Model Improved From 0.5375018961716426 ----> 0.5364709255385458
Epoch 2, Step 110 - valid_rmse:0.54412
Epoch 2, Step 120 - valid_rmse:0.53514
>>>>>>>> Model Improved From 0.5364709255385458 ----> 0.5351409945606612
Epoch 2, Step 130 - valid_rmse:0.56352
Epoch 2, Step 140 - valid_rmse:0.57821
Epoch 2 - avg_train_loss: 0.47561  avg_val_loss: 0.52207  time: 126s
Epoch 2 - train_rmse:0.48080  valid_rmse:0.57821
Starting 3 epoch...
Epoch 3, Step 10 - valid_rmse:0.58871
Epoch 3, Step 20 - valid_rmse:0.53999
Epoch 3, Step 30 - valid_rmse:0.55880
Epoch 3, Step 40 - valid_rmse:0.55632
Epoch 3, Step 50 - valid_rmse:0.53689
Epoch 3, Step 60 - valid_rmse:0.54616
Epoch 3, Step 70 - valid_rmse:0.53330
>>>>>>>> Model Improved From 0.5351409945606612 ----> 0.5332953879006259
Epoch 3, Step 80 - valid_rmse:0.53372
Epoch 3, Step 90 - valid_rmse:0.57648
Epoch 3, Step 100 - valid_rmse:0.52221
>>>>>>>> Model Improved From 0.5332953879006259 ----> 0.522207089025202
Epoch 3, Step 110 - valid_rmse:0.52418
Epoch 3, Step 120 - valid_rmse:0.53855
Epoch 3, Step 130 - valid_rmse:0.53161
Epoch 3, Step 140 - valid_rmse:0.55135
Epoch 3 - avg_train_loss: 0.40751  avg_val_loss: 0.50262  time: 116s
Epoch 3 - train_rmse:0.33147  valid_rmse:0.55135
Starting 4 epoch...
Epoch 4, Step 10 - valid_rmse:0.77348
Epoch 4, Step 20 - valid_rmse:0.57474
Epoch 4, Step 30 - valid_rmse:0.55250
Epoch 4, Step 40 - valid_rmse:0.53087
Epoch 4, Step 50 - valid_rmse:0.53813
Epoch 4, Step 60 - valid_rmse:0.53702
Epoch 4, Step 70 - valid_rmse:0.54984
Epoch 4, Step 80 - valid_rmse:0.52999
Epoch 4, Step 90 - valid_rmse:0.54119
Epoch 4, Step 100 - valid_rmse:0.52492
Epoch 4, Step 110 - valid_rmse:0.52814
Epoch 4, Step 120 - valid_rmse:0.52567
Epoch 4, Step 130 - valid_rmse:0.52652
Epoch 4, Step 140 - valid_rmse:0.52652
Epoch 4 - avg_train_loss: 0.38373  avg_val_loss: 0.48790  time: 112s
Epoch 4 - train_rmse:0.25848  valid_rmse:0.52652
Starting 5 epoch...
Epoch 5, Step 10 - valid_rmse:0.61668
Epoch 5, Step 20 - valid_rmse:0.54030
Epoch 5, Step 30 - valid_rmse:0.53061
Epoch 5, Step 40 - valid_rmse:0.53336
Epoch 5, Step 50 - valid_rmse:0.53091
Epoch 5, Step 60 - valid_rmse:0.53611
Epoch 5, Step 70 - valid_rmse:0.53254
Epoch 5, Step 80 - valid_rmse:0.53167
Epoch 5, Step 90 - valid_rmse:0.52621
Epoch 5, Step 100 - valid_rmse:0.52941
Epoch 5, Step 110 - valid_rmse:0.52222
Epoch 5, Step 120 - valid_rmse:0.52855
Epoch 5, Step 130 - valid_rmse:0.52610
Epoch 5, Step 140 - valid_rmse:0.52604
Epoch 5 - avg_train_loss: 0.37016  avg_val_loss: 0.48672  time: 112s
Epoch 5 - train_rmse:0.20617  valid_rmse:0.52604
========================================================================================================================
Fold 3 Training
========================================================================================================================
Starting 1 epoch...
Epoch 1, Step 10 - valid_rmse:0.91941
>>>>>>>> Model Improved From inf ----> 0.9194065383654905
Epoch 1, Step 20 - valid_rmse:0.75938
>>>>>>>> Model Improved From 0.9194065383654905 ----> 0.7593801394280344
Epoch 1, Step 30 - valid_rmse:0.66755
>>>>>>>> Model Improved From 0.7593801394280344 ----> 0.6675503048065197
Epoch 1, Step 40 - valid_rmse:0.64435
>>>>>>>> Model Improved From 0.6675503048065197 ----> 0.6443485130080807
Epoch 1, Step 50 - valid_rmse:0.68353
Epoch 1, Step 60 - valid_rmse:0.60096
>>>>>>>> Model Improved From 0.6443485130080807 ----> 0.6009622323687721
Epoch 1, Step 70 - valid_rmse:0.64314
Epoch 1, Step 80 - valid_rmse:0.65502
Epoch 1, Step 90 - valid_rmse:0.64689
Epoch 1, Step 100 - valid_rmse:0.61512
Epoch 1, Step 110 - valid_rmse:0.61261
Epoch 1, Step 120 - valid_rmse:0.56115
>>>>>>>> Model Improved From 0.6009622323687721 ----> 0.5611513386315428
Epoch 1, Step 130 - valid_rmse:0.56926
Epoch 1, Step 140 - valid_rmse:0.56697
Epoch 1 - avg_train_loss: 0.64384  avg_val_loss: 0.52813  time: 123s
Epoch 1 - train_rmse:0.69078  valid_rmse:0.56697
Starting 2 epoch...
Epoch 2, Step 10 - valid_rmse:0.56495
Epoch 2, Step 20 - valid_rmse:0.56938
Epoch 2, Step 30 - valid_rmse:0.57140
Epoch 2, Step 40 - valid_rmse:0.53735
>>>>>>>> Model Improved From 0.5611513386315428 ----> 0.5373500611104052
Epoch 2, Step 50 - valid_rmse:0.52705
>>>>>>>> Model Improved From 0.5373500611104052 ----> 0.5270547617152013
Epoch 2, Step 60 - valid_rmse:0.52818
Epoch 2, Step 70 - valid_rmse:0.56592
Epoch 2, Step 80 - valid_rmse:0.59310
Epoch 2, Step 90 - valid_rmse:0.58400
Epoch 2, Step 100 - valid_rmse:0.52906
Epoch 2, Step 110 - valid_rmse:0.53472
Epoch 2, Step 120 - valid_rmse:0.53274
Epoch 2, Step 130 - valid_rmse:0.52974
Epoch 2, Step 140 - valid_rmse:0.52062
>>>>>>>> Model Improved From 0.5270547617152013 ----> 0.5206178957277168
Epoch 2 - avg_train_loss: 0.47393  avg_val_loss: 0.48999  time: 119s
Epoch 2 - train_rmse:0.47853  valid_rmse:0.52062
Starting 3 epoch...
Epoch 3, Step 10 - valid_rmse:0.56576
Epoch 3, Step 20 - valid_rmse:0.52515
Epoch 3, Step 30 - valid_rmse:0.51842
>>>>>>>> Model Improved From 0.5206178957277168 ----> 0.5184153105640845
Epoch 3, Step 40 - valid_rmse:0.52609
Epoch 3, Step 50 - valid_rmse:0.54234
Epoch 3, Step 60 - valid_rmse:0.52115
Epoch 3, Step 70 - valid_rmse:0.54045
Epoch 3, Step 80 - valid_rmse:0.52297
Epoch 3, Step 90 - valid_rmse:0.51601
>>>>>>>> Model Improved From 0.5184153105640845 ----> 0.5160050114931786
Epoch 3, Step 100 - valid_rmse:0.56727
Epoch 3, Step 110 - valid_rmse:0.63413
Epoch 3, Step 120 - valid_rmse:0.52731
Epoch 3, Step 130 - valid_rmse:0.58069
Epoch 3, Step 140 - valid_rmse:0.53818
Epoch 3 - avg_train_loss: 0.41075  avg_val_loss: 0.49590  time: 117s
Epoch 3 - train_rmse:0.34172  valid_rmse:0.53818
Starting 4 epoch...
Epoch 4, Step 10 - valid_rmse:0.72933
Epoch 4, Step 20 - valid_rmse:0.57803
Epoch 4, Step 30 - valid_rmse:0.54335
Epoch 4, Step 40 - valid_rmse:0.53672
Epoch 4, Step 50 - valid_rmse:0.52442
Epoch 4, Step 60 - valid_rmse:0.51980
Epoch 4, Step 70 - valid_rmse:0.51947
Epoch 4, Step 80 - valid_rmse:0.51897
Epoch 4, Step 90 - valid_rmse:0.52509
Epoch 4, Step 100 - valid_rmse:0.52028
Epoch 4, Step 110 - valid_rmse:0.51913
Epoch 4, Step 120 - valid_rmse:0.51579
>>>>>>>> Model Improved From 0.5160050114931786 ----> 0.5157867539190063
Epoch 4, Step 130 - valid_rmse:0.51751
Epoch 4, Step 140 - valid_rmse:0.51703
Epoch 4 - avg_train_loss: 0.38278  avg_val_loss: 0.48266  time: 115s
Epoch 4 - train_rmse:0.25531  valid_rmse:0.51703
Starting 5 epoch...
Epoch 5, Step 10 - valid_rmse:0.72997
Epoch 5, Step 20 - valid_rmse:0.57828
Epoch 5, Step 30 - valid_rmse:0.54552
Epoch 5, Step 40 - valid_rmse:0.52954
Epoch 5, Step 50 - valid_rmse:0.52278
Epoch 5, Step 60 - valid_rmse:0.54466
Epoch 5, Step 70 - valid_rmse:0.53563
Epoch 5, Step 80 - valid_rmse:0.52080
Epoch 5, Step 90 - valid_rmse:0.52664
Epoch 5, Step 100 - valid_rmse:0.52367
Epoch 5, Step 110 - valid_rmse:0.53147
Epoch 5, Step 120 - valid_rmse:0.52201
Epoch 5, Step 130 - valid_rmse:0.52652
Epoch 5, Step 140 - valid_rmse:0.54684
Epoch 5 - avg_train_loss: 0.37216  avg_val_loss: 0.49788  time: 113s
Epoch 5 - train_rmse:0.21571  valid_rmse:0.54684
========================================================================================================================
Fold 4 Training
========================================================================================================================
Starting 1 epoch...
Epoch 1, Step 10 - valid_rmse:0.92940
>>>>>>>> Model Improved From inf ----> 0.9294013233411934
Epoch 1, Step 20 - valid_rmse:0.75074
>>>>>>>> Model Improved From 0.9294013233411934 ----> 0.7507445914367129
Epoch 1, Step 30 - valid_rmse:0.69510
>>>>>>>> Model Improved From 0.7507445914367129 ----> 0.6950971028246702
Epoch 1, Step 40 - valid_rmse:0.63606
>>>>>>>> Model Improved From 0.6950971028246702 ----> 0.6360583958191898
Epoch 1, Step 50 - valid_rmse:0.58931
>>>>>>>> Model Improved From 0.6360583958191898 ----> 0.5893125941951656
Epoch 1, Step 60 - valid_rmse:0.57729
>>>>>>>> Model Improved From 0.5893125941951656 ----> 0.5772879435083916
Epoch 1, Step 70 - valid_rmse:0.58969
Epoch 1, Step 80 - valid_rmse:0.57533
>>>>>>>> Model Improved From 0.5772879435083916 ----> 0.5753282816571248
Epoch 1, Step 90 - valid_rmse:0.66219
Epoch 1, Step 100 - valid_rmse:0.62694
Epoch 1, Step 110 - valid_rmse:0.57357
>>>>>>>> Model Improved From 0.5753282816571248 ----> 0.5735707365431185
Epoch 1, Step 120 - valid_rmse:0.57829
Epoch 1, Step 130 - valid_rmse:0.54124
>>>>>>>> Model Improved From 0.5735707365431185 ----> 0.5412431151407525
Epoch 1, Step 140 - valid_rmse:0.54298
Epoch 1 - avg_train_loss: 0.64403  avg_val_loss: 0.51263  time: 130s
Epoch 1 - train_rmse:0.69642  valid_rmse:0.54298
Starting 2 epoch...
Epoch 2, Step 10 - valid_rmse:0.53888
>>>>>>>> Model Improved From 0.5412431151407525 ----> 0.5388797126768676
Epoch 2, Step 20 - valid_rmse:0.51016
>>>>>>>> Model Improved From 0.5388797126768676 ----> 0.5101626596251458
Epoch 2, Step 30 - valid_rmse:0.51411
Epoch 2, Step 40 - valid_rmse:0.59850
Epoch 2, Step 50 - valid_rmse:0.52977
Epoch 2, Step 60 - valid_rmse:0.52736
Epoch 2, Step 70 - valid_rmse:0.53667
Epoch 2, Step 80 - valid_rmse:0.52540
Epoch 2, Step 90 - valid_rmse:0.50966
>>>>>>>> Model Improved From 0.5101626596251458 ----> 0.5096563714037073
Epoch 2, Step 100 - valid_rmse:0.50794
>>>>>>>> Model Improved From 0.5096563714037073 ----> 0.507942680293665
Epoch 2, Step 110 - valid_rmse:0.57587
Epoch 2, Step 120 - valid_rmse:0.56444
Epoch 2, Step 130 - valid_rmse:0.50203
>>>>>>>> Model Improved From 0.507942680293665 ----> 0.502027249210936
Epoch 2, Step 140 - valid_rmse:0.50808
Epoch 2 - avg_train_loss: 0.46766  avg_val_loss: 0.48268  time: 124s
Epoch 2 - train_rmse:0.46683  valid_rmse:0.50808
Starting 3 epoch...
Epoch 3, Step 10 - valid_rmse:0.54648
Epoch 3, Step 20 - valid_rmse:0.52202
Epoch 3, Step 30 - valid_rmse:0.51973
Epoch 3, Step 40 - valid_rmse:0.50899
Epoch 3, Step 50 - valid_rmse:0.54127
Epoch 3, Step 60 - valid_rmse:0.50942
Epoch 3, Step 70 - valid_rmse:0.52672
Epoch 3, Step 80 - valid_rmse:0.50837
Epoch 3, Step 90 - valid_rmse:0.51445
Epoch 3, Step 100 - valid_rmse:0.54371
Epoch 3, Step 110 - valid_rmse:0.66441
Epoch 3, Step 120 - valid_rmse:0.54113
Epoch 3, Step 130 - valid_rmse:0.50596
Epoch 3, Step 140 - valid_rmse:0.50515
Epoch 3 - avg_train_loss: 0.40660  avg_val_loss: 0.47829  time: 112s
Epoch 3 - train_rmse:0.32984  valid_rmse:0.50515
Starting 4 epoch...
Epoch 4, Step 10 - valid_rmse:0.80858
Epoch 4, Step 20 - valid_rmse:0.63191
Epoch 4, Step 30 - valid_rmse:0.53858
Epoch 4, Step 40 - valid_rmse:0.51868
Epoch 4, Step 50 - valid_rmse:0.52376
Epoch 4, Step 60 - valid_rmse:0.52288
Epoch 4, Step 70 - valid_rmse:0.52802
Epoch 4, Step 80 - valid_rmse:0.51495
Epoch 4, Step 90 - valid_rmse:0.50837
Epoch 4, Step 100 - valid_rmse:0.50849
Epoch 4, Step 110 - valid_rmse:0.51898
Epoch 4, Step 120 - valid_rmse:0.50806
Epoch 4, Step 130 - valid_rmse:0.54656
Epoch 4, Step 140 - valid_rmse:0.51181
Epoch 4 - avg_train_loss: 0.38361  avg_val_loss: 0.47996  time: 112s
Epoch 4 - train_rmse:0.25886  valid_rmse:0.51181
Starting 5 epoch...
Epoch 5, Step 10 - valid_rmse:0.68976
Epoch 5, Step 20 - valid_rmse:0.55747
Epoch 5, Step 30 - valid_rmse:0.54036
Epoch 5, Step 40 - valid_rmse:0.51629
Epoch 5, Step 50 - valid_rmse:0.51658
Epoch 5, Step 60 - valid_rmse:0.51858
Epoch 5, Step 70 - valid_rmse:0.51729
Epoch 5, Step 80 - valid_rmse:0.52250
Epoch 5, Step 90 - valid_rmse:0.51439
Epoch 5, Step 100 - valid_rmse:0.51593
Epoch 5, Step 110 - valid_rmse:0.51547
Epoch 5, Step 120 - valid_rmse:0.51898
Epoch 5, Step 130 - valid_rmse:0.51550
Epoch 5, Step 140 - valid_rmse:0.51019
Epoch 5 - avg_train_loss: 0.37179  avg_val_loss: 0.47841  time: 112s
Epoch 5 - train_rmse:0.21401  valid_rmse:0.51019
0.5024599367062184
0.5072381534559971
0.5202598744702036
0.5135979156430541
0.502911171989917
cv score 0.5093409102024281
========================================================================================================================
Fold 0 Training
========================================================================================================================
Starting 1 epoch...
Epoch 1, Step 10 - valid_rmse:0.88139
>>>>>>>> Model Improved From inf ----> 0.8813858267026532
Epoch 1, Step 20 - valid_rmse:0.69740
>>>>>>>> Model Improved From 0.8813858267026532 ----> 0.6973998180062906
Epoch 1, Step 30 - valid_rmse:0.66499
>>>>>>>> Model Improved From 0.6973998180062906 ----> 0.6649942004966446
Epoch 1, Step 40 - valid_rmse:0.60050
>>>>>>>> Model Improved From 0.6649942004966446 ----> 0.6004953689448657
Epoch 1, Step 50 - valid_rmse:0.75635
Epoch 1, Step 60 - valid_rmse:0.55802
>>>>>>>> Model Improved From 0.6004953689448657 ----> 0.5580223451001197
Epoch 1, Step 70 - valid_rmse:0.60754
Epoch 1, Step 80 - valid_rmse:0.55276
>>>>>>>> Model Improved From 0.5580223451001197 ----> 0.5527591112473792
Epoch 1, Step 90 - valid_rmse:0.62453
Epoch 1, Step 100 - valid_rmse:0.68016
Epoch 1, Step 110 - valid_rmse:0.64529
Epoch 1, Step 120 - valid_rmse:0.52365
>>>>>>>> Model Improved From 0.5527591112473792 ----> 0.5236540757757634
Epoch 1, Step 130 - valid_rmse:0.57801
Epoch 1, Step 140 - valid_rmse:0.54003
Epoch 1 - avg_train_loss: 0.62951  avg_val_loss: 0.51388  time: 92s
Epoch 1 - train_rmse:0.67001  valid_rmse:0.54003
Starting 2 epoch...
Epoch 2, Step 10 - valid_rmse:0.60316
Epoch 2, Step 20 - valid_rmse:0.52180
>>>>>>>> Model Improved From 0.5236540757757634 ----> 0.5218018801084676
Epoch 2, Step 30 - valid_rmse:0.56106
Epoch 2, Step 40 - valid_rmse:0.53984
Epoch 2, Step 50 - valid_rmse:0.51874
>>>>>>>> Model Improved From 0.5218018801084676 ----> 0.5187413262214073
Epoch 2, Step 60 - valid_rmse:0.50568
>>>>>>>> Model Improved From 0.5187413262214073 ----> 0.5056795024739408
Epoch 2, Step 70 - valid_rmse:0.50711
Epoch 2, Step 80 - valid_rmse:0.51541
Epoch 2, Step 90 - valid_rmse:0.52008
Epoch 2, Step 100 - valid_rmse:0.50068
>>>>>>>> Model Improved From 0.5056795024739408 ----> 0.500682588551018
Epoch 2, Step 110 - valid_rmse:0.54964
Epoch 2, Step 120 - valid_rmse:0.49228
>>>>>>>> Model Improved From 0.500682588551018 ----> 0.4922809403477472
Epoch 2, Step 130 - valid_rmse:0.50354
Epoch 2, Step 140 - valid_rmse:0.51362
Epoch 2 - avg_train_loss: 0.45192  avg_val_loss: 0.48718  time: 91s
Epoch 2 - train_rmse:0.42775  valid_rmse:0.51362
Starting 3 epoch...
Epoch 3, Step 10 - valid_rmse:0.69520
Epoch 3, Step 20 - valid_rmse:0.57981
Epoch 3, Step 30 - valid_rmse:0.51615
Epoch 3, Step 40 - valid_rmse:0.50427
Epoch 3, Step 50 - valid_rmse:0.49397
Epoch 3, Step 60 - valid_rmse:0.51167
Epoch 3, Step 70 - valid_rmse:0.49673
Epoch 3, Step 80 - valid_rmse:0.50657
Epoch 3, Step 90 - valid_rmse:0.57716
Epoch 3, Step 100 - valid_rmse:0.51134
Epoch 3, Step 110 - valid_rmse:0.50559
Epoch 3, Step 120 - valid_rmse:0.53902
Epoch 3, Step 130 - valid_rmse:0.51818
Epoch 3, Step 140 - valid_rmse:0.49895
Epoch 3 - avg_train_loss: 0.40345  avg_val_loss: 0.47609  time: 81s
Epoch 3 - train_rmse:0.31586  valid_rmse:0.49895
Starting 4 epoch...
Epoch 4, Step 10 - valid_rmse:0.72059
Epoch 4, Step 20 - valid_rmse:0.59200
Epoch 4, Step 30 - valid_rmse:0.52797
Epoch 4, Step 40 - valid_rmse:0.50837
Epoch 4, Step 50 - valid_rmse:0.53149
Epoch 4, Step 60 - valid_rmse:0.51091
Epoch 4, Step 70 - valid_rmse:0.51461
Epoch 4, Step 80 - valid_rmse:0.50695
Epoch 4, Step 90 - valid_rmse:0.50225
Epoch 4, Step 100 - valid_rmse:0.49694
Epoch 4, Step 110 - valid_rmse:0.50527
Epoch 4, Step 120 - valid_rmse:0.49713
Epoch 4, Step 130 - valid_rmse:0.49411
Epoch 4, Step 140 - valid_rmse:0.49996
Epoch 4 - avg_train_loss: 0.38154  avg_val_loss: 0.47494  time: 83s
Epoch 4 - train_rmse:0.24699  valid_rmse:0.49996
Starting 5 epoch...
Epoch 5, Step 10 - valid_rmse:0.65757
Epoch 5, Step 20 - valid_rmse:0.55128
Epoch 5, Step 30 - valid_rmse:0.51479
Epoch 5, Step 40 - valid_rmse:0.51302
Epoch 5, Step 50 - valid_rmse:0.50615
Epoch 5, Step 60 - valid_rmse:0.49878
Epoch 5, Step 70 - valid_rmse:0.50183
Epoch 5, Step 80 - valid_rmse:0.49761
Epoch 5, Step 90 - valid_rmse:0.49942
Epoch 5, Step 100 - valid_rmse:0.51083
Epoch 5, Step 110 - valid_rmse:0.50728
Epoch 5, Step 120 - valid_rmse:0.52526
Epoch 5, Step 130 - valid_rmse:0.50200
Epoch 5, Step 140 - valid_rmse:0.50271
Epoch 5 - avg_train_loss: 0.36828  avg_val_loss: 0.47526  time: 83s
Epoch 5 - train_rmse:0.19338  valid_rmse:0.50271
========================================================================================================================
Fold 1 Training
========================================================================================================================
Starting 1 epoch...
Epoch 1, Step 10 - valid_rmse:0.92967
>>>>>>>> Model Improved From inf ----> 0.929666929546089
Epoch 1, Step 20 - valid_rmse:0.67410
>>>>>>>> Model Improved From 0.929666929546089 ----> 0.6740963643981445
Epoch 1, Step 30 - valid_rmse:0.60758
>>>>>>>> Model Improved From 0.6740963643981445 ----> 0.6075808012801901
Epoch 1, Step 40 - valid_rmse:0.68318
Epoch 1, Step 50 - valid_rmse:0.61753
Epoch 1, Step 60 - valid_rmse:0.57668
>>>>>>>> Model Improved From 0.6075808012801901 ----> 0.5766838685818818
Epoch 1, Step 70 - valid_rmse:0.52586
>>>>>>>> Model Improved From 0.5766838685818818 ----> 0.5258567044533893
Epoch 1, Step 80 - valid_rmse:0.60750
Epoch 1, Step 90 - valid_rmse:0.52007
>>>>>>>> Model Improved From 0.5258567044533893 ----> 0.5200717846235867
Epoch 1, Step 100 - valid_rmse:0.55247
Epoch 1, Step 110 - valid_rmse:0.66256
Epoch 1, Step 120 - valid_rmse:0.55422
Epoch 1, Step 130 - valid_rmse:0.50743
>>>>>>>> Model Improved From 0.5200717846235867 ----> 0.5074330988815556
Epoch 1, Step 140 - valid_rmse:0.50250
>>>>>>>> Model Improved From 0.5074330988815556 ----> 0.5024985425261279
Epoch 1 - avg_train_loss: 0.62924  avg_val_loss: 0.49316  time: 98s
Epoch 1 - train_rmse:0.67343  valid_rmse:0.50250
Starting 2 epoch...
Epoch 2, Step 10 - valid_rmse:0.57690
Epoch 2, Step 20 - valid_rmse:0.49949
>>>>>>>> Model Improved From 0.5024985425261279 ----> 0.49948711941894686
Epoch 2, Step 30 - valid_rmse:0.51962
Epoch 2, Step 40 - valid_rmse:0.53327
Epoch 2, Step 50 - valid_rmse:0.53228
Epoch 2, Step 60 - valid_rmse:0.51476
Epoch 2, Step 70 - valid_rmse:0.51966
Epoch 2, Step 80 - valid_rmse:0.48444
>>>>>>>> Model Improved From 0.49948711941894686 ----> 0.48444164983491755
Epoch 2, Step 90 - valid_rmse:0.49984
Epoch 2, Step 100 - valid_rmse:0.51761
Epoch 2, Step 110 - valid_rmse:0.50753
Epoch 2, Step 120 - valid_rmse:0.53123
Epoch 2, Step 130 - valid_rmse:0.49435
Epoch 2, Step 140 - valid_rmse:0.50026
Epoch 2 - avg_train_loss: 0.44629  avg_val_loss: 0.47963  time: 87s
Epoch 2 - train_rmse:0.41800  valid_rmse:0.50026
Starting 3 epoch...
Epoch 3, Step 10 - valid_rmse:0.63375
Epoch 3, Step 20 - valid_rmse:0.54129
Epoch 3, Step 30 - valid_rmse:0.50138
Epoch 3, Step 40 - valid_rmse:0.50364
Epoch 3, Step 50 - valid_rmse:0.54996
Epoch 3, Step 60 - valid_rmse:0.51271
Epoch 3, Step 70 - valid_rmse:0.51264
Epoch 3, Step 80 - valid_rmse:0.52605
Epoch 3, Step 90 - valid_rmse:0.53741
Epoch 3, Step 100 - valid_rmse:0.49419
Epoch 3, Step 110 - valid_rmse:0.49704
Epoch 3, Step 120 - valid_rmse:0.50563
Epoch 3, Step 130 - valid_rmse:0.52032
Epoch 3, Step 140 - valid_rmse:0.51365
Epoch 3 - avg_train_loss: 0.39954  avg_val_loss: 0.48300  time: 83s
Epoch 3 - train_rmse:0.30553  valid_rmse:0.51365
Starting 4 epoch...
Epoch 4, Step 10 - valid_rmse:0.58719
Epoch 4, Step 20 - valid_rmse:0.53116
Epoch 4, Step 30 - valid_rmse:0.50532
Epoch 4, Step 40 - valid_rmse:0.51139
Epoch 4, Step 50 - valid_rmse:0.49535
Epoch 4, Step 60 - valid_rmse:0.49382
Epoch 4, Step 70 - valid_rmse:0.49635
Epoch 4, Step 80 - valid_rmse:0.49382
Epoch 4, Step 90 - valid_rmse:0.49269
Epoch 4, Step 100 - valid_rmse:0.51894
Epoch 4, Step 110 - valid_rmse:0.50582
Epoch 4, Step 120 - valid_rmse:0.49501
Epoch 4, Step 130 - valid_rmse:0.48798
Epoch 4, Step 140 - valid_rmse:0.48808
Epoch 4 - avg_train_loss: 0.37569  avg_val_loss: 0.46850  time: 83s
Epoch 4 - train_rmse:0.22462  valid_rmse:0.48808
Starting 5 epoch...
Epoch 5, Step 10 - valid_rmse:0.67148
Epoch 5, Step 20 - valid_rmse:0.52072
Epoch 5, Step 30 - valid_rmse:0.51405
Epoch 5, Step 40 - valid_rmse:0.50280
Epoch 5, Step 50 - valid_rmse:0.50802
Epoch 5, Step 60 - valid_rmse:0.49655
Epoch 5, Step 70 - valid_rmse:0.49876
Epoch 5, Step 80 - valid_rmse:0.49421
Epoch 5, Step 90 - valid_rmse:0.51622
Epoch 5, Step 100 - valid_rmse:0.49915
Epoch 5, Step 110 - valid_rmse:0.50101
Epoch 5, Step 120 - valid_rmse:0.49857
Epoch 5, Step 130 - valid_rmse:0.53673
Epoch 5, Step 140 - valid_rmse:0.49955
Epoch 5 - avg_train_loss: 0.36875  avg_val_loss: 0.47347  time: 83s
Epoch 5 - train_rmse:0.19751  valid_rmse:0.49955
========================================================================================================================
Fold 2 Training
========================================================================================================================
Starting 1 epoch...
Epoch 1, Step 10 - valid_rmse:0.93318
>>>>>>>> Model Improved From inf ----> 0.9331817318015291
Epoch 1, Step 20 - valid_rmse:0.71083
>>>>>>>> Model Improved From 0.9331817318015291 ----> 0.7108303418349141
Epoch 1, Step 30 - valid_rmse:0.63741
>>>>>>>> Model Improved From 0.7108303418349141 ----> 0.6374089698158389
Epoch 1, Step 40 - valid_rmse:0.62489
>>>>>>>> Model Improved From 0.6374089698158389 ----> 0.6248867553560425
Epoch 1, Step 50 - valid_rmse:0.60849
>>>>>>>> Model Improved From 0.6248867553560425 ----> 0.6084890316965494
Epoch 1, Step 60 - valid_rmse:0.58709
>>>>>>>> Model Improved From 0.6084890316965494 ----> 0.5870874493087728
Epoch 1, Step 70 - valid_rmse:0.58725
Epoch 1, Step 80 - valid_rmse:0.56405
>>>>>>>> Model Improved From 0.5870874493087728 ----> 0.5640474332127897
Epoch 1, Step 90 - valid_rmse:0.56344
>>>>>>>> Model Improved From 0.5640474332127897 ----> 0.563440901060046
Epoch 1, Step 100 - valid_rmse:0.58733
Epoch 1, Step 110 - valid_rmse:0.60400
Epoch 1, Step 120 - valid_rmse:0.60271
Epoch 1, Step 130 - valid_rmse:0.54172
>>>>>>>> Model Improved From 0.563440901060046 ----> 0.5417180915580985
Epoch 1, Step 140 - valid_rmse:0.51940
>>>>>>>> Model Improved From 0.5417180915580985 ----> 0.5194012228780847
Epoch 1 - avg_train_loss: 0.61937  avg_val_loss: 0.50240  time: 102s
Epoch 1 - train_rmse:0.65580  valid_rmse:0.51940
Starting 2 epoch...
Epoch 2, Step 10 - valid_rmse:0.76261
Epoch 2, Step 20 - valid_rmse:0.56207
Epoch 2, Step 30 - valid_rmse:0.54788
Epoch 2, Step 40 - valid_rmse:0.53231
Epoch 2, Step 50 - valid_rmse:0.55114
Epoch 2, Step 60 - valid_rmse:0.56851
Epoch 2, Step 70 - valid_rmse:0.52200
Epoch 2, Step 80 - valid_rmse:0.54747
Epoch 2, Step 90 - valid_rmse:0.53934
Epoch 2, Step 100 - valid_rmse:0.53882
Epoch 2, Step 110 - valid_rmse:0.50447
>>>>>>>> Model Improved From 0.5194012228780847 ----> 0.5044744125222511
Epoch 2, Step 120 - valid_rmse:0.55030
Epoch 2, Step 130 - valid_rmse:0.56640
Epoch 2, Step 140 - valid_rmse:0.51195
Epoch 2 - avg_train_loss: 0.45899  avg_val_loss: 0.48648  time: 85s
Epoch 2 - train_rmse:0.44278  valid_rmse:0.51195
Starting 3 epoch...
Epoch 3, Step 10 - valid_rmse:0.65844
Epoch 3, Step 20 - valid_rmse:0.55629
Epoch 3, Step 30 - valid_rmse:0.50868
Epoch 3, Step 40 - valid_rmse:0.52590
Epoch 3, Step 50 - valid_rmse:0.51555
Epoch 3, Step 60 - valid_rmse:0.50763
Epoch 3, Step 70 - valid_rmse:0.51728
Epoch 3, Step 80 - valid_rmse:0.52534
Epoch 3, Step 90 - valid_rmse:0.51506
Epoch 3, Step 100 - valid_rmse:0.50820
Epoch 3, Step 110 - valid_rmse:0.50914
Epoch 3, Step 120 - valid_rmse:0.51523
Epoch 3, Step 130 - valid_rmse:0.51720
Epoch 3, Step 140 - valid_rmse:0.53836
Epoch 3 - avg_train_loss: 0.39709  avg_val_loss: 0.49654  time: 83s
Epoch 3 - train_rmse:0.29512  valid_rmse:0.53836
Starting 4 epoch...
Epoch 4, Step 10 - valid_rmse:0.59108
Epoch 4, Step 20 - valid_rmse:0.52964
Epoch 4, Step 30 - valid_rmse:0.51530
Epoch 4, Step 40 - valid_rmse:0.51157
Epoch 4, Step 50 - valid_rmse:0.51476
Epoch 4, Step 60 - valid_rmse:0.51585
Epoch 4, Step 70 - valid_rmse:0.51168
Epoch 4, Step 80 - valid_rmse:0.51367
Epoch 4, Step 90 - valid_rmse:0.51257
Epoch 4, Step 100 - valid_rmse:0.51314
Epoch 4, Step 110 - valid_rmse:0.51007
Epoch 4, Step 120 - valid_rmse:0.51172
Epoch 4, Step 130 - valid_rmse:0.51430
Epoch 4, Step 140 - valid_rmse:0.51263
Epoch 4 - avg_train_loss: 0.37298  avg_val_loss: 0.48118  time: 83s
Epoch 4 - train_rmse:0.21091  valid_rmse:0.51263
Starting 5 epoch...
Epoch 5, Step 10 - valid_rmse:0.73048
Epoch 5, Step 20 - valid_rmse:0.55788
Epoch 5, Step 30 - valid_rmse:0.52072
Epoch 5, Step 40 - valid_rmse:0.51875
Epoch 5, Step 50 - valid_rmse:0.51280
Epoch 5, Step 60 - valid_rmse:0.51739
Epoch 5, Step 70 - valid_rmse:0.52237
Epoch 5, Step 80 - valid_rmse:0.51579
Epoch 5, Step 90 - valid_rmse:0.51056
Epoch 5, Step 100 - valid_rmse:0.53284
Epoch 5, Step 110 - valid_rmse:0.51704
Epoch 5, Step 120 - valid_rmse:0.51824
Epoch 5, Step 130 - valid_rmse:0.51429
Epoch 5, Step 140 - valid_rmse:0.51860
Epoch 5 - avg_train_loss: 0.37097  avg_val_loss: 0.48346  time: 83s
Epoch 5 - train_rmse:0.20620  valid_rmse:0.51860
========================================================================================================================
Fold 3 Training
========================================================================================================================
Starting 1 epoch...
Epoch 1, Step 10 - valid_rmse:0.68652
>>>>>>>> Model Improved From inf ----> 0.686523474289637
Epoch 1, Step 20 - valid_rmse:0.62963
>>>>>>>> Model Improved From 0.686523474289637 ----> 0.6296336692709606
Epoch 1, Step 30 - valid_rmse:0.63519
Epoch 1, Step 40 - valid_rmse:0.64030
Epoch 1, Step 50 - valid_rmse:0.60287
>>>>>>>> Model Improved From 0.6296336692709606 ----> 0.6028739150094796
Epoch 1, Step 60 - valid_rmse:0.57200
>>>>>>>> Model Improved From 0.6028739150094796 ----> 0.5720034163980847
Epoch 1, Step 70 - valid_rmse:0.59587
Epoch 1, Step 80 - valid_rmse:0.54228
>>>>>>>> Model Improved From 0.5720034163980847 ----> 0.5422833911542024
Epoch 1, Step 90 - valid_rmse:0.57154
Epoch 1, Step 100 - valid_rmse:0.54977
Epoch 1, Step 110 - valid_rmse:0.58012
Epoch 1, Step 120 - valid_rmse:0.60303
Epoch 1, Step 130 - valid_rmse:0.60169
Epoch 1, Step 140 - valid_rmse:0.52609
>>>>>>>> Model Improved From 0.5422833911542024 ----> 0.5260887296059875
Epoch 1 - avg_train_loss: 0.62309  avg_val_loss: 0.51361  time: 93s
Epoch 1 - train_rmse:0.64260  valid_rmse:0.52609
Starting 2 epoch...
Epoch 2, Step 10 - valid_rmse:0.55423
Epoch 2, Step 20 - valid_rmse:0.51314
>>>>>>>> Model Improved From 0.5260887296059875 ----> 0.513143780737093
Epoch 2, Step 30 - valid_rmse:0.51772
Epoch 2, Step 40 - valid_rmse:0.52441
Epoch 2, Step 50 - valid_rmse:0.50157
>>>>>>>> Model Improved From 0.513143780737093 ----> 0.5015720581844487
Epoch 2, Step 60 - valid_rmse:0.52833
Epoch 2, Step 70 - valid_rmse:0.51634
Epoch 2, Step 80 - valid_rmse:0.60730
Epoch 2, Step 90 - valid_rmse:0.54554
Epoch 2, Step 100 - valid_rmse:0.53174
Epoch 2, Step 110 - valid_rmse:0.58605
Epoch 2, Step 120 - valid_rmse:0.55075
Epoch 2, Step 130 - valid_rmse:0.49464
>>>>>>>> Model Improved From 0.5015720581844487 ----> 0.49464314812399535
Epoch 2, Step 140 - valid_rmse:0.51269
Epoch 2 - avg_train_loss: 0.46750  avg_val_loss: 0.48788  time: 88s
Epoch 2 - train_rmse:0.45841  valid_rmse:0.51269
Starting 3 epoch...
Epoch 3, Step 10 - valid_rmse:0.52890
Epoch 3, Step 20 - valid_rmse:0.50823
Epoch 3, Step 30 - valid_rmse:0.49042
>>>>>>>> Model Improved From 0.49464314812399535 ----> 0.4904175763433411
Epoch 3, Step 40 - valid_rmse:0.50075
Epoch 3, Step 50 - valid_rmse:0.49280
Epoch 3, Step 60 - valid_rmse:0.50443
Epoch 3, Step 70 - valid_rmse:0.50791
Epoch 3, Step 80 - valid_rmse:0.53224
Epoch 3, Step 90 - valid_rmse:0.48844
>>>>>>>> Model Improved From 0.4904175763433411 ----> 0.4884377845950842
Epoch 3, Step 100 - valid_rmse:0.50133
Epoch 3, Step 110 - valid_rmse:0.50450
Epoch 3, Step 120 - valid_rmse:0.49363
Epoch 3, Step 130 - valid_rmse:0.49221
Epoch 3, Step 140 - valid_rmse:0.50813
Epoch 3 - avg_train_loss: 0.40934  avg_val_loss: 0.48074  time: 86s
Epoch 3 - train_rmse:0.33339  valid_rmse:0.50813
Starting 4 epoch...
Epoch 4, Step 10 - valid_rmse:0.53126
Epoch 4, Step 20 - valid_rmse:0.49219
Epoch 4, Step 30 - valid_rmse:0.48584
>>>>>>>> Model Improved From 0.4884377845950842 ----> 0.48584383385268864
Epoch 4, Step 40 - valid_rmse:0.49413
Epoch 4, Step 50 - valid_rmse:0.49650
Epoch 4, Step 60 - valid_rmse:0.51271
Epoch 4, Step 70 - valid_rmse:0.50035
Epoch 4, Step 80 - valid_rmse:0.49741
Epoch 4, Step 90 - valid_rmse:0.49453
Epoch 4, Step 100 - valid_rmse:0.49533
Epoch 4, Step 110 - valid_rmse:0.48942
Epoch 4, Step 120 - valid_rmse:0.49160
Epoch 4, Step 130 - valid_rmse:0.49294
Epoch 4, Step 140 - valid_rmse:0.50133
Epoch 4 - avg_train_loss: 0.37886  avg_val_loss: 0.47532  time: 84s
Epoch 4 - train_rmse:0.23640  valid_rmse:0.50133
Starting 5 epoch...
Epoch 5, Step 10 - valid_rmse:0.67778
Epoch 5, Step 20 - valid_rmse:0.57205
Epoch 5, Step 30 - valid_rmse:0.51522
Epoch 5, Step 40 - valid_rmse:0.49237
Epoch 5, Step 50 - valid_rmse:0.49044
Epoch 5, Step 60 - valid_rmse:0.49591
Epoch 5, Step 70 - valid_rmse:0.49377
Epoch 5, Step 80 - valid_rmse:0.49641
Epoch 5, Step 90 - valid_rmse:0.49297
Epoch 5, Step 100 - valid_rmse:0.50388
Epoch 5, Step 110 - valid_rmse:0.49385
Epoch 5, Step 120 - valid_rmse:0.50027
Epoch 5, Step 130 - valid_rmse:0.49088
Epoch 5, Step 140 - valid_rmse:0.49372
Epoch 5 - avg_train_loss: 0.36918  avg_val_loss: 0.47070  time: 83s
Epoch 5 - train_rmse:0.19843  valid_rmse:0.49372
========================================================================================================================
Fold 4 Training
========================================================================================================================
Starting 1 epoch...
Epoch 1, Step 10 - valid_rmse:0.81401
>>>>>>>> Model Improved From inf ----> 0.8140071886085449
Epoch 1, Step 20 - valid_rmse:0.70890
>>>>>>>> Model Improved From 0.8140071886085449 ----> 0.7089040550843538
Epoch 1, Step 30 - valid_rmse:0.80725
Epoch 1, Step 40 - valid_rmse:0.61934
>>>>>>>> Model Improved From 0.7089040550843538 ----> 0.6193445691657437
Epoch 1, Step 50 - valid_rmse:0.60789
>>>>>>>> Model Improved From 0.6193445691657437 ----> 0.6078927442972747
Epoch 1, Step 60 - valid_rmse:0.57941
>>>>>>>> Model Improved From 0.6078927442972747 ----> 0.5794119709576733
Epoch 1, Step 70 - valid_rmse:0.63529
Epoch 1, Step 80 - valid_rmse:0.65297
Epoch 1, Step 90 - valid_rmse:0.63223
Epoch 1, Step 100 - valid_rmse:0.53606
>>>>>>>> Model Improved From 0.5794119709576733 ----> 0.536062872890065
Epoch 1, Step 110 - valid_rmse:0.62027
Epoch 1, Step 120 - valid_rmse:0.59698
Epoch 1, Step 130 - valid_rmse:0.54427
Epoch 1, Step 140 - valid_rmse:0.53620
Epoch 1 - avg_train_loss: 0.61222  avg_val_loss: 0.51250  time: 94s
Epoch 1 - train_rmse:0.64401  valid_rmse:0.53620
Starting 2 epoch...
Epoch 2, Step 10 - valid_rmse:0.52584
>>>>>>>> Model Improved From 0.536062872890065 ----> 0.5258377695435763
Epoch 2, Step 20 - valid_rmse:0.54183
Epoch 2, Step 30 - valid_rmse:0.52580
>>>>>>>> Model Improved From 0.5258377695435763 ----> 0.5257971964339804
Epoch 2, Step 40 - valid_rmse:0.59686
Epoch 2, Step 50 - valid_rmse:0.55115
Epoch 2, Step 60 - valid_rmse:0.53640
Epoch 2, Step 70 - valid_rmse:0.49516
>>>>>>>> Model Improved From 0.5257971964339804 ----> 0.4951585040175345
Epoch 2, Step 80 - valid_rmse:0.54845
Epoch 2, Step 90 - valid_rmse:0.55000
Epoch 2, Step 100 - valid_rmse:0.52226
Epoch 2, Step 110 - valid_rmse:0.51032
Epoch 2, Step 120 - valid_rmse:0.50739
Epoch 2, Step 130 - valid_rmse:0.54247
Epoch 2, Step 140 - valid_rmse:0.52941
Epoch 2 - avg_train_loss: 0.45593  avg_val_loss: 0.49565  time: 89s
Epoch 2 - train_rmse:0.43427  valid_rmse:0.52941
Starting 3 epoch...
Epoch 3, Step 10 - valid_rmse:0.63491
Epoch 3, Step 20 - valid_rmse:0.57569
Epoch 3, Step 30 - valid_rmse:0.56891
Epoch 3, Step 40 - valid_rmse:0.53096
Epoch 3, Step 50 - valid_rmse:0.51074
Epoch 3, Step 60 - valid_rmse:0.52363
Epoch 3, Step 70 - valid_rmse:0.51479
Epoch 3, Step 80 - valid_rmse:0.50156
Epoch 3, Step 90 - valid_rmse:0.50147
Epoch 3, Step 100 - valid_rmse:0.50266
Epoch 3, Step 110 - valid_rmse:0.50604
Epoch 3, Step 120 - valid_rmse:0.49997
Epoch 3, Step 130 - valid_rmse:0.50216
Epoch 3, Step 140 - valid_rmse:0.50265
Epoch 3 - avg_train_loss: 0.39911  avg_val_loss: 0.47800  time: 83s
Epoch 3 - train_rmse:0.30137  valid_rmse:0.50265
Starting 4 epoch...
Epoch 4, Step 10 - valid_rmse:0.62637
Epoch 4, Step 20 - valid_rmse:0.52185
Epoch 4, Step 30 - valid_rmse:0.50386
Epoch 4, Step 40 - valid_rmse:0.53086
Epoch 4, Step 50 - valid_rmse:0.50423
Epoch 4, Step 60 - valid_rmse:0.51095
Epoch 4, Step 70 - valid_rmse:0.50887
Epoch 4, Step 80 - valid_rmse:0.52286
Epoch 4, Step 90 - valid_rmse:0.49688
Epoch 4, Step 100 - valid_rmse:0.51203
Epoch 4, Step 110 - valid_rmse:0.49948
Epoch 4, Step 120 - valid_rmse:0.50649
Epoch 4, Step 130 - valid_rmse:0.51629
Epoch 4, Step 140 - valid_rmse:0.51314
Epoch 4 - avg_train_loss: 0.37695  avg_val_loss: 0.48137  time: 83s
Epoch 4 - train_rmse:0.22864  valid_rmse:0.51314
Starting 5 epoch...
Epoch 5, Step 10 - valid_rmse:0.72368
Epoch 5, Step 20 - valid_rmse:0.58481
Epoch 5, Step 30 - valid_rmse:0.53499
Epoch 5, Step 40 - valid_rmse:0.53332
Epoch 5, Step 50 - valid_rmse:0.50241
Epoch 5, Step 60 - valid_rmse:0.50359
Epoch 5, Step 70 - valid_rmse:0.50452
Epoch 5, Step 80 - valid_rmse:0.49920
Epoch 5, Step 90 - valid_rmse:0.50512
Epoch 5, Step 100 - valid_rmse:0.50639
Epoch 5, Step 110 - valid_rmse:0.50387
Epoch 5, Step 120 - valid_rmse:0.50216
Epoch 5, Step 130 - valid_rmse:0.50279
Epoch 5, Step 140 - valid_rmse:0.50054
Epoch 5 - avg_train_loss: 0.37033  avg_val_loss: 0.47404  time: 83s
Epoch 5 - train_rmse:0.20434  valid_rmse:0.50054
0.4928689386461473
0.4851820887538418
0.5155273335881042
0.4876809136395333
0.49607630443966527
cv score 0.4955831701116387
